running egg_info
creating ../../build/temp/temp.egg-info
writing ../../build/temp/temp.egg-info/PKG-INFO
writing dependency_links to ../../build/temp/temp.egg-info/dependency_links.txt
writing entry points to ../../build/temp/temp.egg-info/entry_points.txt
writing requirements to ../../build/temp/temp.egg-info/requires.txt
writing top-level names to ../../build/temp/temp.egg-info/top_level.txt
writing manifest file '../../build/temp/temp.egg-info/SOURCES.txt'
reading manifest file '../../build/temp/temp.egg-info/SOURCES.txt'
writing manifest file '../../build/temp/temp.egg-info/SOURCES.txt'
running build
running build_py
creating /home/yony/Dev/ros2_ws/build/temp/build
creating /home/yony/Dev/ros2_ws/build/temp/build/lib
creating /home/yony/Dev/ros2_ws/build/temp/build/lib/temp
copying temp/__init__.py -> /home/yony/Dev/ros2_ws/build/temp/build/lib/temp
running install
running install_lib
creating /home/yony/Dev/ros2_ws/install/temp/lib/python3.10/site-packages/temp
copying /home/yony/Dev/ros2_ws/build/temp/build/lib/temp/__init__.py -> /home/yony/Dev/ros2_ws/install/temp/lib/python3.10/site-packages/temp
byte-compiling /home/yony/Dev/ros2_ws/install/temp/lib/python3.10/site-packages/temp/__init__.py to __init__.cpython-310.pyc
running install_data
creating /home/yony/Dev/ros2_ws/install/temp/share/ament_index
creating /home/yony/Dev/ros2_ws/install/temp/share/ament_index/resource_index
creating /home/yony/Dev/ros2_ws/install/temp/share/ament_index/resource_index/packages
copying resource/temp -> /home/yony/Dev/ros2_ws/install/temp/share/ament_index/resource_index/packages
copying package.xml -> /home/yony/Dev/ros2_ws/install/temp/share/temp
running install_egg_info
Copying ../../build/temp/temp.egg-info to /home/yony/Dev/ros2_ws/install/temp/lib/python3.10/site-packages/temp-0.0.0-py3.10.egg-info
running install_scripts
writing list of installed files to '/home/yony/Dev/ros2_ws/build/temp/install.log'
