[0.700s] Invoking command in '/home/yony/Dev/ros2_ws/src/sim': PYTHONPATH=/home/yony/Dev/ros2_ws/install/sim/lib/python3.10/site-packages:${PYTHONPATH} /usr/bin/python3 setup.py egg_info --egg-base ../../build/sim build --build-base /home/yony/Dev/ros2_ws/build/sim/build install --prefix /home/yony/Dev/ros2_ws/install/sim --record /home/yony/Dev/ros2_ws/build/sim/install.log --single-version-externally-managed
[0.965s] running egg_info
[0.966s] writing ../../build/sim/sim.egg-info/PKG-INFO
[0.966s] writing dependency_links to ../../build/sim/sim.egg-info/dependency_links.txt
[0.966s] writing entry points to ../../build/sim/sim.egg-info/entry_points.txt
[0.966s] writing requirements to ../../build/sim/sim.egg-info/requires.txt
[0.967s] writing top-level names to ../../build/sim/sim.egg-info/top_level.txt
[0.969s] reading manifest file '../../build/sim/sim.egg-info/SOURCES.txt'
[0.970s] writing manifest file '../../build/sim/sim.egg-info/SOURCES.txt'
[0.970s] running build
[0.970s] running build_py
[0.970s] copying sim/dummy_fa.py -> /home/yony/Dev/ros2_ws/build/sim/build/lib/sim
[0.971s] copying sim/dummy_nc.py -> /home/yony/Dev/ros2_ws/build/sim/build/lib/sim
[0.971s] copying sim/sim.py -> /home/yony/Dev/ros2_ws/build/sim/build/lib/sim
[0.971s] running install
[0.971s] running install_lib
[0.972s] copying /home/yony/Dev/ros2_ws/build/sim/build/lib/sim/dummy_fa.py -> /home/yony/Dev/ros2_ws/install/sim/lib/python3.10/site-packages/sim
[0.972s] copying /home/yony/Dev/ros2_ws/build/sim/build/lib/sim/dummy_nc.py -> /home/yony/Dev/ros2_ws/install/sim/lib/python3.10/site-packages/sim
[0.972s] copying /home/yony/Dev/ros2_ws/build/sim/build/lib/sim/sim.py -> /home/yony/Dev/ros2_ws/install/sim/lib/python3.10/site-packages/sim
[0.972s] byte-compiling /home/yony/Dev/ros2_ws/install/sim/lib/python3.10/site-packages/sim/dummy_fa.py to dummy_fa.cpython-310.pyc
[0.973s] byte-compiling /home/yony/Dev/ros2_ws/install/sim/lib/python3.10/site-packages/sim/dummy_nc.py to dummy_nc.cpython-310.pyc
[0.973s] byte-compiling /home/yony/Dev/ros2_ws/install/sim/lib/python3.10/site-packages/sim/sim.py to sim.cpython-310.pyc
[0.974s] running install_data
[0.974s] running install_egg_info
[0.976s] removing '/home/yony/Dev/ros2_ws/install/sim/lib/python3.10/site-packages/sim-0.0.1-py3.10.egg-info' (and everything under it)
[0.976s] Copying ../../build/sim/sim.egg-info to /home/yony/Dev/ros2_ws/install/sim/lib/python3.10/site-packages/sim-0.0.1-py3.10.egg-info
[0.977s] running install_scripts
[0.996s] Installing dummy_fa script to /home/yony/Dev/ros2_ws/install/sim/lib/sim
[0.996s] Installing dummy_grasp script to /home/yony/Dev/ros2_ws/install/sim/lib/sim
[0.996s] Installing dummy_hb script to /home/yony/Dev/ros2_ws/install/sim/lib/sim
[0.997s] Installing dummy_nc script to /home/yony/Dev/ros2_ws/install/sim/lib/sim
[0.997s] Installing dummy_nv script to /home/yony/Dev/ros2_ws/install/sim/lib/sim
[0.997s] Installing sim script to /home/yony/Dev/ros2_ws/install/sim/lib/sim
[0.997s] writing list of installed files to '/home/yony/Dev/ros2_ws/build/sim/install.log'
[1.018s] Invoked command in '/home/yony/Dev/ros2_ws/src/sim' returned '0': PYTHONPATH=/home/yony/Dev/ros2_ws/install/sim/lib/python3.10/site-packages:${PYTHONPATH} /usr/bin/python3 setup.py egg_info --egg-base ../../build/sim build --build-base /home/yony/Dev/ros2_ws/build/sim/build install --prefix /home/yony/Dev/ros2_ws/install/sim --record /home/yony/Dev/ros2_ws/build/sim/install.log --single-version-externally-managed
