[0.660s] Invoking command in '/home/yony/Dev/ros2_ws/src/temp': PYTHONPATH=/home/yony/Dev/ros2_ws/src/install/temp/lib/python3.10/site-packages:${PYTHONPATH} /usr/bin/python3 setup.py egg_info --egg-base ../build/temp build --build-base /home/yony/Dev/ros2_ws/src/build/temp/build install --prefix /home/yony/Dev/ros2_ws/src/install/temp --record /home/yony/Dev/ros2_ws/src/build/temp/install.log --single-version-externally-managed
[0.897s] running egg_info
[0.897s] creating ../build/temp/temp.egg-info
[0.898s] writing ../build/temp/temp.egg-info/PKG-INFO
[0.898s] writing dependency_links to ../build/temp/temp.egg-info/dependency_links.txt
[0.898s] writing entry points to ../build/temp/temp.egg-info/entry_points.txt
[0.899s] writing requirements to ../build/temp/temp.egg-info/requires.txt
[0.899s] writing top-level names to ../build/temp/temp.egg-info/top_level.txt
[0.899s] writing manifest file '../build/temp/temp.egg-info/SOURCES.txt'
[0.901s] reading manifest file '../build/temp/temp.egg-info/SOURCES.txt'
[0.901s] writing manifest file '../build/temp/temp.egg-info/SOURCES.txt'
[0.902s] running build
[0.902s] running build_py
[0.903s] creating /home/yony/Dev/ros2_ws/src/build/temp/build
[0.903s] creating /home/yony/Dev/ros2_ws/src/build/temp/build/lib
[0.903s] creating /home/yony/Dev/ros2_ws/src/build/temp/build/lib/temp
[0.904s] copying temp/__init__.py -> /home/yony/Dev/ros2_ws/src/build/temp/build/lib/temp
[0.904s] running install
[0.904s] /usr/lib/python3/dist-packages/setuptools/command/install.py:34: SetuptoolsDeprecationWarning: setup.py install is deprecated. Use build and pip and other standards-based tools.
[0.905s]   warnings.warn(
[0.905s] running install_lib
[0.905s] creating /home/yony/Dev/ros2_ws/src/install/temp/lib/python3.10/site-packages/temp
[0.906s] copying /home/yony/Dev/ros2_ws/src/build/temp/build/lib/temp/__init__.py -> /home/yony/Dev/ros2_ws/src/install/temp/lib/python3.10/site-packages/temp
[0.906s] byte-compiling /home/yony/Dev/ros2_ws/src/install/temp/lib/python3.10/site-packages/temp/__init__.py to __init__.cpython-310.pyc
[0.906s] running install_data
[0.907s] creating /home/yony/Dev/ros2_ws/src/install/temp/share/ament_index
[0.907s] creating /home/yony/Dev/ros2_ws/src/install/temp/share/ament_index/resource_index
[0.907s] creating /home/yony/Dev/ros2_ws/src/install/temp/share/ament_index/resource_index/packages
[0.908s] copying resource/temp -> /home/yony/Dev/ros2_ws/src/install/temp/share/ament_index/resource_index/packages
[0.908s] copying package.xml -> /home/yony/Dev/ros2_ws/src/install/temp/share/temp
[0.908s] running install_egg_info
[0.908s] Copying ../build/temp/temp.egg-info to /home/yony/Dev/ros2_ws/src/install/temp/lib/python3.10/site-packages/temp-0.0.0-py3.10.egg-info
[0.909s] running install_scripts
[0.926s] writing list of installed files to '/home/yony/Dev/ros2_ws/src/build/temp/install.log'
[0.947s] Invoked command in '/home/yony/Dev/ros2_ws/src/temp' returned '0': PYTHONPATH=/home/yony/Dev/ros2_ws/src/install/temp/lib/python3.10/site-packages:${PYTHONPATH} /usr/bin/python3 setup.py egg_info --egg-base ../build/temp build --build-base /home/yony/Dev/ros2_ws/src/build/temp/build install --prefix /home/yony/Dev/ros2_ws/src/install/temp --record /home/yony/Dev/ros2_ws/src/build/temp/install.log --single-version-externally-managed
