[0.015s] Invoking command in '/home/yony/Dev/ros2_ws/build/sim_sem_interfaces': CMAKE_PREFIX_PATH=/opt/ros/humble /usr/bin/cmake --build /home/yony/Dev/ros2_ws/build/sim_sem_interfaces -- -j12 -l12
[0.052s] -- Found ament_cmake: 1.3.2 (/opt/ros/humble/share/ament_cmake/cmake)
[0.195s] -- Found rosidl_default_generators: 1.2.0 (/opt/ros/humble/share/rosidl_default_generators/cmake)
[0.197s] -- Using all available rosidl_typesupport_c: rosidl_typesupport_fastrtps_c;rosidl_typesupport_introspection_c
[0.200s] -- Found rosidl_adapter: 3.1.3 (/opt/ros/humble/share/rosidl_adapter/cmake)
[0.235s] -- Using all available rosidl_typesupport_cpp: rosidl_typesupport_fastrtps_cpp;rosidl_typesupport_introspection_cpp
[0.266s] -- Found std_msgs: 4.2.2 (/opt/ros/humble/share/std_msgs/cmake)
[0.333s] -- Found ament_lint_auto: 0.12.4 (/opt/ros/humble/share/ament_lint_auto/cmake)
[0.747s] -- Found ament_cmake_ros: 0.10.0 (/opt/ros/humble/share/ament_cmake_ros/cmake)
[1.030s] -- Using all available rosidl_typesupport_c: rosidl_typesupport_fastrtps_c;rosidl_typesupport_introspection_c
[1.434s] -- Using all available rosidl_typesupport_cpp: rosidl_typesupport_fastrtps_cpp;rosidl_typesupport_introspection_cpp
[1.460s] -- Found python_cmake_module: 0.10.0 (/opt/ros/humble/share/python_cmake_module/cmake)
[1.485s] -- Using PYTHON_EXECUTABLE: /usr/bin/python3
[1.486s] -- Using PYTHON_INCLUDE_DIRS: /usr/include/python3.10
[1.486s] -- Using PYTHON_LIBRARIES: /usr/lib/x86_64-linux-gnu/libpython3.10.so
[1.542s] -- Added test 'lint_cmake' to check CMake code style
[1.544s] -- Added test 'xmllint' to check XML markup files
[1.549s] -- Configuring done
[1.625s] -- Generating done
[1.629s] -- Build files have been written to: /home/yony/Dev/ros2_ws/build/sim_sem_interfaces
[1.656s] [  0%] [34m[1mGenerating C code for ROS interfaces[0m
[1.665s] [  0%] [34m[1mGenerating C++ code for ROS interfaces[0m
[1.671s] [  0%] Built target ament_cmake_python_copy_sim_sem_interfaces
[1.934s] running egg_info
[1.935s] writing sim_sem_interfaces.egg-info/PKG-INFO
[1.935s] writing dependency_links to sim_sem_interfaces.egg-info/dependency_links.txt
[1.935s] writing top-level names to sim_sem_interfaces.egg-info/top_level.txt
[1.938s] reading manifest file 'sim_sem_interfaces.egg-info/SOURCES.txt'
[1.939s] writing manifest file 'sim_sem_interfaces.egg-info/SOURCES.txt'
[1.966s] [  0%] Built target ament_cmake_python_build_sim_sem_interfaces_egg
[2.941s] [  0%] Built target sim_sem_interfaces__cpp
[2.950s] [  2%] [34m[1mGenerating C++ introspection for ROS interfaces[0m
[2.950s] [  2%] [34m[1mGenerating C++ type support dispatch for ROS interfaces[0m
[2.950s] [  3%] [34m[1mGenerating C++ type support for eProsima Fast-RTPS[0m
[3.153s] [35m[1mConsolidate compiler generated dependencies of target sim_sem_interfaces__rosidl_generator_c[0m
[3.168s] [  4%] [32mBuilding C object CMakeFiles/sim_sem_interfaces__rosidl_generator_c.dir/rosidl_generator_c/sim_sem_interfaces/msg/detail/emergency__functions.c.o[0m
[3.171s] [  4%] [32mBuilding C object CMakeFiles/sim_sem_interfaces__rosidl_generator_c.dir/rosidl_generator_c/sim_sem_interfaces/msg/detail/emergency_request_status__functions.c.o[0m
[3.171s] [  5%] [32mBuilding C object CMakeFiles/sim_sem_interfaces__rosidl_generator_c.dir/rosidl_generator_c/sim_sem_interfaces/msg/detail/environment__functions.c.o[0m
[3.171s] [  5%] [32mBuilding C object CMakeFiles/sim_sem_interfaces__rosidl_generator_c.dir/rosidl_generator_c/sim_sem_interfaces/msg/detail/fatigue_analysis__functions.c.o[0m
[3.172s] [  6%] [32mBuilding C object CMakeFiles/sim_sem_interfaces__rosidl_generator_c.dir/rosidl_generator_c/sim_sem_interfaces/msg/detail/human_behaviour__functions.c.o[0m
[3.172s] [  7%] [32mBuilding C object CMakeFiles/sim_sem_interfaces__rosidl_generator_c.dir/rosidl_generator_c/sim_sem_interfaces/msg/detail/human_hand_gesture__functions.c.o[0m
[3.172s] [  6%] [32mBuilding C object CMakeFiles/sim_sem_interfaces__rosidl_generator_c.dir/rosidl_generator_c/sim_sem_interfaces/msg/detail/human_grasping_strategies__functions.c.o[0m
[3.172s] [  7%] [32mBuilding C object CMakeFiles/sim_sem_interfaces__rosidl_generator_c.dir/rosidl_generator_c/sim_sem_interfaces/msg/detail/human_parameter_intention__functions.c.o[0m
[3.179s] [  8%] [32mBuilding C object CMakeFiles/sim_sem_interfaces__rosidl_generator_c.dir/rosidl_generator_c/sim_sem_interfaces/msg/detail/human_motion__functions.c.o[0m
[3.193s] In file included from [01m[K/home/yony/Dev/ros2_ws/build/sim_sem_interfaces/rosidl_generator_c/sim_sem_interfaces/msg/detail/environment__functions.h:19[m[K,
[3.194s]                  from [01m[K/home/yony/Dev/ros2_ws/build/sim_sem_interfaces/rosidl_generator_c/sim_sem_interfaces/msg/detail/environment__functions.c:4[m[K:
[3.194s] [01m[K/home/yony/Dev/ros2_ws/build/sim_sem_interfaces/rosidl_generator_c/sim_sem_interfaces/msg/detail/environment__struct.h:24:10:[m[K [01;31m[Kfatal error: [m[Kstd_msgs/msg/detail/physical_object__struct.h: No such file or directory
[3.194s]    24 | #include [01;31m[K"std_msgs/msg/detail/physical_object__struct.h"[m[K
[3.194s]       |          [01;31m[K^~~~~~~~~~~~~~~~~~~~~~~~~~~~~~~~~~~~~~~~~~~~~~~[m[K
[3.195s] compilation terminated.
[3.195s] gmake[2]: *** [CMakeFiles/sim_sem_interfaces__rosidl_generator_c.dir/build.make:469: CMakeFiles/sim_sem_interfaces__rosidl_generator_c.dir/rosidl_generator_c/sim_sem_interfaces/msg/detail/environment__functions.c.o] Error 1
[3.195s] gmake[2]: *** Waiting for unfinished jobs....
[3.196s] In file included from [01m[K/home/yony/Dev/ros2_ws/build/sim_sem_interfaces/rosidl_generator_c/sim_sem_interfaces/msg/detail/human_parameter_intention__functions.h:19[m[K,
[3.196s]                  from [01m[K/home/yony/Dev/ros2_ws/build/sim_sem_interfaces/rosidl_generator_c/sim_sem_interfaces/msg/detail/human_parameter_intention__functions.c:4[m[K:
[3.196s] [01m[K/home/yony/Dev/ros2_ws/build/sim_sem_interfaces/rosidl_generator_c/sim_sem_interfaces/msg/detail/human_parameter_intention__struct.h:24:10:[m[K [01;31m[Kfatal error: [m[Kstd_msgs/msg/detail/human_motion__struct.h: No such file or directory
[3.196s]    24 | #include [01;31m[K"std_msgs/msg/detail/human_motion__struct.h"[m[K
[3.196s]       |          [01;31m[K^~~~~~~~~~~~~~~~~~~~~~~~~~~~~~~~~~~~~~~~~~~~[m[K
[3.197s] compilation terminated.
[3.197s] gmake[2]: *** [CMakeFiles/sim_sem_interfaces__rosidl_generator_c.dir/build.make:553: CMakeFiles/sim_sem_interfaces__rosidl_generator_c.dir/rosidl_generator_c/sim_sem_interfaces/msg/detail/human_parameter_intention__functions.c.o] Error 1
[3.209s] In file included from [01m[K/home/yony/Dev/ros2_ws/build/sim_sem_interfaces/rosidl_generator_c/sim_sem_interfaces/msg/detail/human_behaviour__functions.h:19[m[K,
[3.209s]                  from [01m[K/home/yony/Dev/ros2_ws/build/sim_sem_interfaces/rosidl_generator_c/sim_sem_interfaces/msg/detail/human_behaviour__functions.c:4[m[K:
[3.209s] [01m[K/home/yony/Dev/ros2_ws/build/sim_sem_interfaces/rosidl_generator_c/sim_sem_interfaces/msg/detail/human_behaviour__struct.h:24:10:[m[K [01;31m[Kfatal error: [m[Kstd_msgs/msg/detail/human_grasping_strategies__struct.h: No such file or directory
[3.209s]    24 | #include [01;31m[K"std_msgs/msg/detail/human_grasping_strategies__struct.h"[m[K
[3.209s]       |          [01;31m[K^~~~~~~~~~~~~~~~~~~~~~~~~~~~~~~~~~~~~~~~~~~~~~~~~~~~~~~~~[m[K
[3.210s] compilation terminated.
[3.210s] gmake[2]: *** [CMakeFiles/sim_sem_interfaces__rosidl_generator_c.dir/build.make:497: CMakeFiles/sim_sem_interfaces__rosidl_generator_c.dir/rosidl_generator_c/sim_sem_interfaces/msg/detail/human_behaviour__functions.c.o] Error 1
[3.234s] gmake[1]: *** [CMakeFiles/Makefile2:213: CMakeFiles/sim_sem_interfaces__rosidl_generator_c.dir/all] Error 2
[3.234s] gmake[1]: *** Waiting for unfinished jobs....
[3.811s] [35m[1mConsolidate compiler generated dependencies of target sim_sem_interfaces__rosidl_typesupport_cpp[0m
[3.836s] [  9%] [32mBuilding CXX object CMakeFiles/sim_sem_interfaces__rosidl_typesupport_cpp.dir/rosidl_typesupport_cpp/sim_sem_interfaces/msg/fatigue_analysis__type_support.cpp.o[0m
[3.837s] [ 10%] [32mBuilding CXX object CMakeFiles/sim_sem_interfaces__rosidl_typesupport_cpp.dir/rosidl_typesupport_cpp/sim_sem_interfaces/msg/emergency_request_status__type_support.cpp.o[0m
[3.837s] [ 10%] [32mBuilding CXX object CMakeFiles/sim_sem_interfaces__rosidl_typesupport_cpp.dir/rosidl_typesupport_cpp/sim_sem_interfaces/msg/environment__type_support.cpp.o[0m
[3.837s] [ 10%] [32mBuilding CXX object CMakeFiles/sim_sem_interfaces__rosidl_typesupport_cpp.dir/rosidl_typesupport_cpp/sim_sem_interfaces/msg/human_behaviour__type_support.cpp.o[0m
[3.838s] [ 10%] [32mBuilding CXX object CMakeFiles/sim_sem_interfaces__rosidl_typesupport_cpp.dir/rosidl_typesupport_cpp/sim_sem_interfaces/msg/emergency__type_support.cpp.o[0m
[3.838s] [ 11%] [32mBuilding CXX object CMakeFiles/sim_sem_interfaces__rosidl_typesupport_cpp.dir/rosidl_typesupport_cpp/sim_sem_interfaces/msg/human_grasping_strategies__type_support.cpp.o[0m
[3.838s] [ 11%] [32mBuilding CXX object CMakeFiles/sim_sem_interfaces__rosidl_typesupport_cpp.dir/rosidl_typesupport_cpp/sim_sem_interfaces/msg/human_motion__type_support.cpp.o[0m
[3.839s] [ 11%] [32mBuilding CXX object CMakeFiles/sim_sem_interfaces__rosidl_typesupport_cpp.dir/rosidl_typesupport_cpp/sim_sem_interfaces/msg/human_sight__type_support.cpp.o[0m
[3.841s] [ 12%] [32mBuilding CXX object CMakeFiles/sim_sem_interfaces__rosidl_typesupport_cpp.dir/rosidl_typesupport_cpp/sim_sem_interfaces/msg/human_hand_gesture__type_support.cpp.o[0m
[3.847s] [ 13%] [32mBuilding CXX object CMakeFiles/sim_sem_interfaces__rosidl_typesupport_cpp.dir/rosidl_typesupport_cpp/sim_sem_interfaces/msg/human_parameter_intention__type_support.cpp.o[0m
[3.932s] In file included from [01m[K/home/yony/Dev/ros2_ws/build/sim_sem_interfaces/rosidl_typesupport_cpp/sim_sem_interfaces/msg/human_behaviour__type_support.cpp:7[m[K:
[3.932s] [01m[K/home/yony/Dev/ros2_ws/build/sim_sem_interfaces/rosidl_generator_cpp/sim_sem_interfaces/msg/detail/human_behaviour__struct.hpp:20:10:[m[K [01;31m[Kfatal error: [m[Kstd_msgs/msg/detail/human_grasping_strategies__struct.hpp: No such file or directory
[3.932s]    20 | #include [01;31m[K"std_msgs/msg/detail/human_grasping_strategies__struct.hpp"[m[K
[3.932s]       |          [01;31m[K^~~~~~~~~~~~~~~~~~~~~~~~~~~~~~~~~~~~~~~~~~~~~~~~~~~~~~~~~~~[m[K
[3.932s] compilation terminated.
[3.933s] gmake[2]: *** [CMakeFiles/sim_sem_interfaces__rosidl_typesupport_cpp.dir/build.make:250: CMakeFiles/sim_sem_interfaces__rosidl_typesupport_cpp.dir/rosidl_typesupport_cpp/sim_sem_interfaces/msg/human_behaviour__type_support.cpp.o] Error 1
[3.934s] gmake[2]: *** Waiting for unfinished jobs....
[3.937s] In file included from [01m[K/home/yony/Dev/ros2_ws/build/sim_sem_interfaces/rosidl_typesupport_cpp/sim_sem_interfaces/msg/environment__type_support.cpp:7[m[K:
[3.937s] [01m[K/home/yony/Dev/ros2_ws/build/sim_sem_interfaces/rosidl_generator_cpp/sim_sem_interfaces/msg/detail/environment__struct.hpp:20:10:[m[K [01;31m[Kfatal error: [m[Kstd_msgs/msg/detail/physical_object__struct.hpp: No such file or directory
[3.938s]    20 | #include [01;31m[K"std_msgs/msg/detail/physical_object__struct.hpp"[m[K
[3.938s]       |          [01;31m[K^~~~~~~~~~~~~~~~~~~~~~~~~~~~~~~~~~~~~~~~~~~~~~~~~[m[K
[3.938s] compilation terminated.
[3.939s] gmake[2]: *** [CMakeFiles/sim_sem_interfaces__rosidl_typesupport_cpp.dir/build.make:222: CMakeFiles/sim_sem_interfaces__rosidl_typesupport_cpp.dir/rosidl_typesupport_cpp/sim_sem_interfaces/msg/environment__type_support.cpp.o] Error 1
[3.944s] In file included from [01m[K/home/yony/Dev/ros2_ws/build/sim_sem_interfaces/rosidl_typesupport_cpp/sim_sem_interfaces/msg/human_parameter_intention__type_support.cpp:7[m[K:
[3.944s] [01m[K/home/yony/Dev/ros2_ws/build/sim_sem_interfaces/rosidl_generator_cpp/sim_sem_interfaces/msg/detail/human_parameter_intention__struct.hpp:20:10:[m[K [01;31m[Kfatal error: [m[Kstd_msgs/msg/detail/human_motion__struct.hpp: No such file or directory
[3.945s]    20 | #include [01;31m[K"std_msgs/msg/detail/human_motion__struct.hpp"[m[K
[3.945s]       |          [01;31m[K^~~~~~~~~~~~~~~~~~~~~~~~~~~~~~~~~~~~~~~~~~~~~~[m[K
[3.945s] compilation terminated.
[3.946s] gmake[2]: *** [CMakeFiles/sim_sem_interfaces__rosidl_typesupport_cpp.dir/build.make:306: CMakeFiles/sim_sem_interfaces__rosidl_typesupport_cpp.dir/rosidl_typesupport_cpp/sim_sem_interfaces/msg/human_parameter_intention__type_support.cpp.o] Error 1
[4.195s] [35m[1mConsolidate compiler generated dependencies of target sim_sem_interfaces__rosidl_typesupport_introspection_cpp[0m
[4.221s] [ 15%] [32mBuilding CXX object CMakeFiles/sim_sem_interfaces__rosidl_typesupport_introspection_cpp.dir/rosidl_typesupport_introspection_cpp/sim_sem_interfaces/msg/detail/environment__type_support.cpp.o[0m
[4.221s] [ 15%] [32mBuilding CXX object CMakeFiles/sim_sem_interfaces__rosidl_typesupport_introspection_cpp.dir/rosidl_typesupport_introspection_cpp/sim_sem_interfaces/msg/detail/emergency_request_status__type_support.cpp.o[0m
[4.221s] [ 15%] [32mBuilding CXX object CMakeFiles/sim_sem_interfaces__rosidl_typesupport_introspection_cpp.dir/rosidl_typesupport_introspection_cpp/sim_sem_interfaces/msg/detail/emergency__type_support.cpp.o[0m
[4.222s] [ 15%] [32mBuilding CXX object CMakeFiles/sim_sem_interfaces__rosidl_typesupport_introspection_cpp.dir/rosidl_typesupport_introspection_cpp/sim_sem_interfaces/msg/detail/fatigue_analysis__type_support.cpp.o[0m
[4.222s] [ 15%] [32mBuilding CXX object CMakeFiles/sim_sem_interfaces__rosidl_typesupport_introspection_cpp.dir/rosidl_typesupport_introspection_cpp/sim_sem_interfaces/msg/detail/human_grasping_strategies__type_support.cpp.o[0m
[4.222s] [ 16%] [32mBuilding CXX object CMakeFiles/sim_sem_interfaces__rosidl_typesupport_introspection_cpp.dir/rosidl_typesupport_introspection_cpp/sim_sem_interfaces/msg/detail/human_behaviour__type_support.cpp.o[0m
[4.264s] [ 17%] [32mBuilding CXX object CMakeFiles/sim_sem_interfaces__rosidl_typesupport_introspection_cpp.dir/rosidl_typesupport_introspection_cpp/sim_sem_interfaces/msg/detail/human_hand_gesture__type_support.cpp.o[0m
[4.299s] gmake[1]: *** [CMakeFiles/Makefile2:395: CMakeFiles/sim_sem_interfaces__rosidl_typesupport_cpp.dir/all] Error 2
[4.299s] [ 17%] [32mBuilding CXX object CMakeFiles/sim_sem_interfaces__rosidl_typesupport_introspection_cpp.dir/rosidl_typesupport_introspection_cpp/sim_sem_interfaces/msg/detail/human_motion__type_support.cpp.o[0m
[4.303s] [ 18%] [32mBuilding CXX object CMakeFiles/sim_sem_interfaces__rosidl_typesupport_introspection_cpp.dir/rosidl_typesupport_introspection_cpp/sim_sem_interfaces/msg/detail/human_parameter_intention__type_support.cpp.o[0m
[4.309s] [ 18%] [32mBuilding CXX object CMakeFiles/sim_sem_interfaces__rosidl_typesupport_introspection_cpp.dir/rosidl_typesupport_introspection_cpp/sim_sem_interfaces/msg/detail/human_sight__type_support.cpp.o[0m
[4.330s] In file included from [01m[K/home/yony/Dev/ros2_ws/build/sim_sem_interfaces/rosidl_typesupport_introspection_cpp/sim_sem_interfaces/msg/detail/environment__type_support.cpp:12[m[K:
[4.330s] [01m[K/home/yony/Dev/ros2_ws/build/sim_sem_interfaces/rosidl_generator_cpp/sim_sem_interfaces/msg/detail/environment__struct.hpp:20:10:[m[K [01;31m[Kfatal error: [m[Kstd_msgs/msg/detail/physical_object__struct.hpp: No such file or directory
[4.330s]    20 | #include [01;31m[K"std_msgs/msg/detail/physical_object__struct.hpp"[m[K
[4.330s]       |          [01;31m[K^~~~~~~~~~~~~~~~~~~~~~~~~~~~~~~~~~~~~~~~~~~~~~~~~[m[K
[4.331s] compilation terminated.
[4.333s] gmake[2]: *** [CMakeFiles/sim_sem_interfaces__rosidl_typesupport_introspection_cpp.dir/build.make:284: CMakeFiles/sim_sem_interfaces__rosidl_typesupport_introspection_cpp.dir/rosidl_typesupport_introspection_cpp/sim_sem_interfaces/msg/detail/environment__type_support.cpp.o] Error 1
[4.333s] gmake[2]: *** Waiting for unfinished jobs....
[4.343s] In file included from [01m[K/home/yony/Dev/ros2_ws/build/sim_sem_interfaces/rosidl_typesupport_introspection_cpp/sim_sem_interfaces/msg/detail/human_behaviour__type_support.cpp:12[m[K:
[4.343s] [01m[K/home/yony/Dev/ros2_ws/build/sim_sem_interfaces/rosidl_generator_cpp/sim_sem_interfaces/msg/detail/human_behaviour__struct.hpp:20:10:[m[K [01;31m[Kfatal error: [m[Kstd_msgs/msg/detail/human_grasping_strategies__struct.hpp: No such file or directory
[4.344s]    20 | #include [01;31m[K"std_msgs/msg/detail/human_grasping_strategies__struct.hpp"[m[K
[4.344s]       |          [01;31m[K^~~~~~~~~~~~~~~~~~~~~~~~~~~~~~~~~~~~~~~~~~~~~~~~~~~~~~~~~~~[m[K
[4.345s] compilation terminated.
[4.345s] gmake[2]: *** [CMakeFiles/sim_sem_interfaces__rosidl_typesupport_introspection_cpp.dir/build.make:312: CMakeFiles/sim_sem_interfaces__rosidl_typesupport_introspection_cpp.dir/rosidl_typesupport_introspection_cpp/sim_sem_interfaces/msg/detail/human_behaviour__type_support.cpp.o] Error 1
[4.419s] In file included from [01m[K/home/yony/Dev/ros2_ws/build/sim_sem_interfaces/rosidl_typesupport_introspection_cpp/sim_sem_interfaces/msg/detail/human_parameter_intention__type_support.cpp:12[m[K:
[4.419s] [01m[K/home/yony/Dev/ros2_ws/build/sim_sem_interfaces/rosidl_generator_cpp/sim_sem_interfaces/msg/detail/human_parameter_intention__struct.hpp:20:10:[m[K [01;31m[Kfatal error: [m[Kstd_msgs/msg/detail/human_motion__struct.hpp: No such file or directory
[4.419s]    20 | #include [01;31m[K"std_msgs/msg/detail/human_motion__struct.hpp"[m[K
[4.419s]       |          [01;31m[K^~~~~~~~~~~~~~~~~~~~~~~~~~~~~~~~~~~~~~~~~~~~~~[m[K
[4.419s] compilation terminated.
[4.420s] [35m[1mConsolidate compiler generated dependencies of target sim_sem_interfaces__rosidl_typesupport_fastrtps_cpp[0m
[4.421s] gmake[2]: *** [CMakeFiles/sim_sem_interfaces__rosidl_typesupport_introspection_cpp.dir/build.make:368: CMakeFiles/sim_sem_interfaces__rosidl_typesupport_introspection_cpp.dir/rosidl_typesupport_introspection_cpp/sim_sem_interfaces/msg/detail/human_parameter_intention__type_support.cpp.o] Error 1
[4.444s] [ 19%] [32mBuilding CXX object CMakeFiles/sim_sem_interfaces__rosidl_typesupport_fastrtps_cpp.dir/rosidl_typesupport_fastrtps_cpp/sim_sem_interfaces/msg/detail/dds_fastrtps/fatigue_analysis__type_support.cpp.o[0m
[4.445s] [ 19%] [32mBuilding CXX object CMakeFiles/sim_sem_interfaces__rosidl_typesupport_fastrtps_cpp.dir/rosidl_typesupport_fastrtps_cpp/sim_sem_interfaces/msg/detail/dds_fastrtps/emergency_request_status__type_support.cpp.o[0m
[4.445s] [ 19%] [32mBuilding CXX object CMakeFiles/sim_sem_interfaces__rosidl_typesupport_fastrtps_cpp.dir/rosidl_typesupport_fastrtps_cpp/sim_sem_interfaces/msg/detail/dds_fastrtps/emergency__type_support.cpp.o[0m
[4.445s] [ 20%] [32mBuilding CXX object CMakeFiles/sim_sem_interfaces__rosidl_typesupport_fastrtps_cpp.dir/rosidl_typesupport_fastrtps_cpp/sim_sem_interfaces/msg/detail/dds_fastrtps/environment__type_support.cpp.o[0m
[4.455s] [ 21%] [32mBuilding CXX object CMakeFiles/sim_sem_interfaces__rosidl_typesupport_fastrtps_cpp.dir/rosidl_typesupport_fastrtps_cpp/sim_sem_interfaces/msg/detail/dds_fastrtps/human_behaviour__type_support.cpp.o[0m
[4.548s] In file included from [01m[K/home/yony/Dev/ros2_ws/build/sim_sem_interfaces/rosidl_typesupport_fastrtps_cpp/sim_sem_interfaces/msg/detail/environment__rosidl_typesupport_fastrtps_cpp.hpp:11[m[K,
[4.548s]                  from [01m[K/home/yony/Dev/ros2_ws/build/sim_sem_interfaces/rosidl_typesupport_fastrtps_cpp/sim_sem_interfaces/msg/detail/dds_fastrtps/environment__type_support.cpp:4[m[K:
[4.548s] [01m[K/home/yony/Dev/ros2_ws/build/sim_sem_interfaces/rosidl_generator_cpp/sim_sem_interfaces/msg/detail/environment__struct.hpp:20:10:[m[K [01;31m[Kfatal error: [m[Kstd_msgs/msg/detail/physical_object__struct.hpp: No such file or directory
[4.549s]    20 | #include [01;31m[K"std_msgs/msg/detail/physical_object__struct.hpp"[m[K
[4.549s]       |          [01;31m[K^~~~~~~~~~~~~~~~~~~~~~~~~~~~~~~~~~~~~~~~~~~~~~~~~[m[K
[4.549s] compilation terminated.
[4.550s] gmake[2]: *** [CMakeFiles/sim_sem_interfaces__rosidl_typesupport_fastrtps_cpp.dir/build.make:284: CMakeFiles/sim_sem_interfaces__rosidl_typesupport_fastrtps_cpp.dir/rosidl_typesupport_fastrtps_cpp/sim_sem_interfaces/msg/detail/dds_fastrtps/environment__type_support.cpp.o] Error 1
[4.550s] gmake[2]: *** Waiting for unfinished jobs....
[4.565s] In file included from [01m[K/home/yony/Dev/ros2_ws/build/sim_sem_interfaces/rosidl_typesupport_fastrtps_cpp/sim_sem_interfaces/msg/detail/human_behaviour__rosidl_typesupport_fastrtps_cpp.hpp:11[m[K,
[4.565s]                  from [01m[K/home/yony/Dev/ros2_ws/build/sim_sem_interfaces/rosidl_typesupport_fastrtps_cpp/sim_sem_interfaces/msg/detail/dds_fastrtps/human_behaviour__type_support.cpp:4[m[K:
[4.565s] [01m[K/home/yony/Dev/ros2_ws/build/sim_sem_interfaces/rosidl_generator_cpp/sim_sem_interfaces/msg/detail/human_behaviour__struct.hpp:20:10:[m[K [01;31m[Kfatal error: [m[Kstd_msgs/msg/detail/human_grasping_strategies__struct.hpp: No such file or directory
[4.566s]    20 | #include [01;31m[K"std_msgs/msg/detail/human_grasping_strategies__struct.hpp"[m[K
[4.566s]       |          [01;31m[K^~~~~~~~~~~~~~~~~~~~~~~~~~~~~~~~~~~~~~~~~~~~~~~~~~~~~~~~~~~[m[K
[4.566s] compilation terminated.
[4.566s] gmake[2]: *** [CMakeFiles/sim_sem_interfaces__rosidl_typesupport_fastrtps_cpp.dir/build.make:312: CMakeFiles/sim_sem_interfaces__rosidl_typesupport_fastrtps_cpp.dir/rosidl_typesupport_fastrtps_cpp/sim_sem_interfaces/msg/detail/dds_fastrtps/human_behaviour__type_support.cpp.o] Error 1
[4.935s] gmake[1]: *** [CMakeFiles/Makefile2:369: CMakeFiles/sim_sem_interfaces__rosidl_typesupport_introspection_cpp.dir/all] Error 2
[5.032s] gmake[1]: *** [CMakeFiles/Makefile2:343: CMakeFiles/sim_sem_interfaces__rosidl_typesupport_fastrtps_cpp.dir/all] Error 2
[5.032s] gmake: *** [Makefile:146: all] Error 2
[5.035s] Invoked command in '/home/yony/Dev/ros2_ws/build/sim_sem_interfaces' returned '2': CMAKE_PREFIX_PATH=/opt/ros/humble /usr/bin/cmake --build /home/yony/Dev/ros2_ws/build/sim_sem_interfaces -- -j12 -l12
