[0.025s] Invoking command in '/home/yony/Dev/ros2_ws/build/april_ros2': /usr/bin/cmake --build /home/yony/Dev/ros2_ws/build/april_ros2 -- -j12 -l12
[0.062s] -- Found ament_cmake: 0.9.9 (/home/yony/ros2_galactic/ros2-linux/share/ament_cmake/cmake)
[0.093s] -- Using PYTHON_EXECUTABLE: /usr/bin/python3
[0.306s] -- Found rclcpp: 2.4.1 (/home/yony/ros2_galactic/ros2-linux/share/rclcpp/cmake)
[0.336s] -- Using all available rosidl_typesupport_c: rosidl_typesupport_connext_c;rosidl_typesupport_fastrtps_c;rosidl_typesupport_introspection_c
[0.341s] -- Found rosidl_adapter: 1.2.1 (/home/yony/ros2_galactic/ros2-linux/share/rosidl_adapter/cmake)
[0.357s] -- Could not find RTI Connext - skipping rosidl_typesupport_connext_c
[0.368s] -- Could not find RTI Connext - skipping rosidl_typesupport_connext_cpp
[0.491s] -- Using all available rosidl_typesupport_cpp: rosidl_typesupport_connext_cpp;rosidl_typesupport_fastrtps_cpp;rosidl_typesupport_introspection_cpp
[0.548s] -- Found rmw_implementation_cmake: 1.0.3 (/home/yony/ros2_galactic/ros2-linux/share/rmw_implementation_cmake/cmake)
[0.550s] -- Using RMW implementation 'rmw_fastrtps_cpp' as default
[0.651s] -- Found rclpy: 1.0.8 (/home/yony/ros2_galactic/ros2-linux/share/rclpy/cmake)
[0.651s] -- Found std_msgs: 2.0.5 (/home/yony/ros2_galactic/ros2-linux/share/std_msgs/cmake)
[0.673s] -- Found ament_lint_auto: 0.9.6 (/home/yony/ros2_galactic/ros2-linux/share/ament_lint_auto/cmake)
[0.784s] -- Added test 'copyright' to check source files copyright and LICENSE
[0.793s] -- Added test 'cppcheck' to perform static code analysis on C / C++ code
[0.793s] -- Configured cppcheck include dirs: /home/yony/Dev/ros2_ws/src/april_ros2/include
[0.793s] -- Configured cppcheck exclude dirs and/or files: 
[0.802s] -- Added test 'cpplint' to check C / C++ code against the Google style
[0.802s] -- Configured cpplint exclude dirs and/or files: 
[0.803s] -- Added test 'flake8' to check Python code syntax and style conventions
[0.805s] -- Added test 'lint_cmake' to check CMake code style
[0.807s] -- Added test 'pep257' to check Python code against some of the style conventions in PEP 257
[0.814s] -- Added test 'uncrustify' to check C / C++ code style
[0.815s] -- Configured uncrustify additional arguments: 
[0.816s] -- Added test 'xmllint' to check XML markup files
[0.818s] -- Configuring done
[0.825s] -- Generating done
[0.826s] -- Build files have been written to: /home/yony/Dev/ros2_ws/build/april_ros2
[0.893s] [100%] Built target cpp_executable
[0.906s] Invoked command in '/home/yony/Dev/ros2_ws/build/april_ros2' returned '0': /usr/bin/cmake --build /home/yony/Dev/ros2_ws/build/april_ros2 -- -j12 -l12
[0.965s] Invoking command in '/home/yony/Dev/ros2_ws/build/april_ros2': /usr/bin/cmake --install /home/yony/Dev/ros2_ws/build/april_ros2
[0.976s] -- Install configuration: ""
[0.976s] -- Up-to-date: /home/yony/Dev/ros2_ws/install/april_ros2/lib/april_ros2/cpp_executable
[0.977s] -- Up-to-date: /home/yony/Dev/ros2_ws/install/april_ros2/share/april_ros2/environment/pythonpath.sh
[0.977s] -- Installing: /home/yony/Dev/ros2_ws/install/april_ros2/share/april_ros2/environment/pythonpath.dsv
[0.977s] -- Up-to-date: /home/yony/Dev/ros2_ws/install/april_ros2/lib/python3.8/site-packages/april_ros2
[0.977s] -- Up-to-date: /home/yony/Dev/ros2_ws/install/april_ros2/lib/python3.8/site-packages/april_ros2/msg
[0.977s] -- Up-to-date: /home/yony/Dev/ros2_ws/install/april_ros2/lib/python3.8/site-packages/april_ros2/msg/AddressBook.msg
[0.978s] -- Up-to-date: /home/yony/Dev/ros2_ws/install/april_ros2/lib/python3.8/site-packages/april_ros2/msg/Num.msg
[0.978s] -- Up-to-date: /home/yony/Dev/ros2_ws/install/april_ros2/lib/python3.8/site-packages/april_ros2/srv
[0.978s] -- Up-to-date: /home/yony/Dev/ros2_ws/install/april_ros2/lib/python3.8/site-packages/april_ros2/__init__.py
[1.016s] Listing '/home/yony/Dev/ros2_ws/install/april_ros2/lib/python3.8/site-packages/april_ros2'...
[1.016s] Listing '/home/yony/Dev/ros2_ws/install/april_ros2/lib/python3.8/site-packages/april_ros2/msg'...
[1.017s] Listing '/home/yony/Dev/ros2_ws/install/april_ros2/lib/python3.8/site-packages/april_ros2/srv'...
[1.021s] -- Up-to-date: /home/yony/Dev/ros2_ws/install/april_ros2/lib/april_ros2/sim.py
[1.021s] -- Up-to-date: /home/yony/Dev/ros2_ws/install/april_ros2/share/april_ros2//launch
[1.021s] -- Up-to-date: /home/yony/Dev/ros2_ws/install/april_ros2/share/april_ros2//launch/april.launchV1.py
[1.021s] -- Up-to-date: /home/yony/Dev/ros2_ws/install/april_ros2/share/april_ros2//launch/april.launch.py
[1.022s] -- Up-to-date: /home/yony/Dev/ros2_ws/install/april_ros2/share/ament_index/resource_index/package_run_dependencies/april_ros2
[1.022s] -- Up-to-date: /home/yony/Dev/ros2_ws/install/april_ros2/share/ament_index/resource_index/parent_prefix_path/april_ros2
[1.022s] -- Up-to-date: /home/yony/Dev/ros2_ws/install/april_ros2/share/april_ros2/environment/ament_prefix_path.sh
[1.022s] -- Installing: /home/yony/Dev/ros2_ws/install/april_ros2/share/april_ros2/environment/ament_prefix_path.dsv
[1.022s] -- Up-to-date: /home/yony/Dev/ros2_ws/install/april_ros2/share/april_ros2/environment/path.sh
[1.022s] -- Installing: /home/yony/Dev/ros2_ws/install/april_ros2/share/april_ros2/environment/path.dsv
[1.023s] -- Up-to-date: /home/yony/Dev/ros2_ws/install/april_ros2/share/april_ros2/local_setup.bash
[1.023s] -- Up-to-date: /home/yony/Dev/ros2_ws/install/april_ros2/share/april_ros2/local_setup.sh
[1.023s] -- Up-to-date: /home/yony/Dev/ros2_ws/install/april_ros2/share/april_ros2/local_setup.zsh
[1.023s] -- Installing: /home/yony/Dev/ros2_ws/install/april_ros2/share/april_ros2/local_setup.dsv
[1.024s] -- Installing: /home/yony/Dev/ros2_ws/install/april_ros2/share/april_ros2/package.dsv
[1.024s] -- Up-to-date: /home/yony/Dev/ros2_ws/install/april_ros2/share/ament_index/resource_index/packages/april_ros2
[1.024s] -- Up-to-date: /home/yony/Dev/ros2_ws/install/april_ros2/share/april_ros2/cmake/april_ros2Config.cmake
[1.024s] -- Up-to-date: /home/yony/Dev/ros2_ws/install/april_ros2/share/april_ros2/cmake/april_ros2Config-version.cmake
[1.024s] -- Up-to-date: /home/yony/Dev/ros2_ws/install/april_ros2/share/april_ros2/package.xml
[1.029s] Invoked command in '/home/yony/Dev/ros2_ws/build/april_ros2' returned '0': /usr/bin/cmake --install /home/yony/Dev/ros2_ws/build/april_ros2
