[0.015s] Invoking command in '/home/yony/Dev/ros2_ws/build/sim': CMAKE_PREFIX_PATH=/opt/ros/humble /usr/bin/cmake /home/yony/Dev/ros2_ws/src/sim -DCMAKE_INSTALL_PREFIX=/home/yony/Dev/ros2_ws/install/sim
[0.030s] -- Found ament_cmake: 1.3.2 (/opt/ros/humble/share/ament_cmake/cmake)
[0.183s] -- Found rclcpp: 16.0.1 (/opt/ros/humble/share/rclcpp/cmake)
[0.217s] -- Found rosidl_generator_c: 3.1.3 (/opt/ros/humble/share/rosidl_generator_c/cmake)
[0.220s] -- Found rosidl_adapter: 3.1.3 (/opt/ros/humble/share/rosidl_adapter/cmake)
[0.227s] -- Found rosidl_generator_cpp: 3.1.3 (/opt/ros/humble/share/rosidl_generator_cpp/cmake)
[0.239s] -- Using all available rosidl_typesupport_c: rosidl_typesupport_fastrtps_c;rosidl_typesupport_introspection_c
[0.257s] -- Using all available rosidl_typesupport_cpp: rosidl_typesupport_fastrtps_cpp;rosidl_typesupport_introspection_cpp
[0.321s] -- Found rmw_implementation_cmake: 6.1.0 (/opt/ros/humble/share/rmw_implementation_cmake/cmake)
[0.322s] -- Found rmw_fastrtps_cpp: 6.2.1 (/opt/ros/humble/share/rmw_fastrtps_cpp/cmake)
[0.438s] -- Using RMW implementation 'rmw_fastrtps_cpp' as default
[0.609s] -- Found rclpy: 3.3.4 (/opt/ros/humble/share/rclpy/cmake)
[0.686s] -- Found ament_lint_auto: 0.12.4 (/opt/ros/humble/share/ament_lint_auto/cmake)
[0.810s] -- Added test 'copyright' to check source files copyright and LICENSE
[0.812s] -- Added test 'cppcheck' to perform static code analysis on C / C++ code
[0.812s] -- Configured cppcheck include dirs: /home/yony/Dev/ros2_ws/src/sim/include
[0.813s] -- Configured cppcheck exclude dirs and/or files: 
[0.814s] -- Added test 'cpplint' to check C / C++ code against the Google style
[0.815s] -- Configured cpplint exclude dirs and/or files: 
[0.815s] -- Added test 'flake8' to check Python code syntax and style conventions
[0.816s] -- Added test 'lint_cmake' to check CMake code style
[0.816s] -- Added test 'pep257' to check Python code against some of the docstring style conventions in PEP 257
[0.818s] -- Added test 'uncrustify' to check C / C++ code style
[0.818s] -- Configured uncrustify additional arguments: 
[0.819s] -- Added test 'xmllint' to check XML markup files
[0.820s] -- Configuring done
[0.830s] -- Generating done
[0.831s] -- Build files have been written to: /home/yony/Dev/ros2_ws/build/sim
[0.839s] Invoked command in '/home/yony/Dev/ros2_ws/build/sim' returned '0': CMAKE_PREFIX_PATH=/opt/ros/humble /usr/bin/cmake /home/yony/Dev/ros2_ws/src/sim -DCMAKE_INSTALL_PREFIX=/home/yony/Dev/ros2_ws/install/sim
[0.843s] Invoking command in '/home/yony/Dev/ros2_ws/build/sim': CMAKE_PREFIX_PATH=/opt/ros/humble /usr/bin/cmake --build /home/yony/Dev/ros2_ws/build/sim -- -j12 -l12
[0.890s] [ 50%] [32mBuilding CXX object CMakeFiles/cpp_executable.dir/src/cpp_node.cpp.o[0m
[0.898s] [ 50%] Built target ament_cmake_python_copy_sim
[1.146s] running egg_info
[1.147s] creating sim.egg-info
[1.147s] writing sim.egg-info/PKG-INFO
[1.147s] writing dependency_links to sim.egg-info/dependency_links.txt
[1.148s] writing top-level names to sim.egg-info/top_level.txt
[1.149s] writing manifest file 'sim.egg-info/SOURCES.txt'
[1.151s] reading manifest file 'sim.egg-info/SOURCES.txt'
[1.151s] writing manifest file 'sim.egg-info/SOURCES.txt'
[1.175s] [ 50%] Built target ament_cmake_python_build_sim_egg
[3.705s] [100%] [32m[1mLinking CXX executable cpp_executable[0m
[3.815s] [100%] Built target cpp_executable
[3.830s] Invoked command in '/home/yony/Dev/ros2_ws/build/sim' returned '0': CMAKE_PREFIX_PATH=/opt/ros/humble /usr/bin/cmake --build /home/yony/Dev/ros2_ws/build/sim -- -j12 -l12
[3.863s] Invoking command in '/home/yony/Dev/ros2_ws/build/sim': CMAKE_PREFIX_PATH=/opt/ros/humble /usr/bin/cmake --install /home/yony/Dev/ros2_ws/build/sim
[3.871s] -- Install configuration: ""
[3.871s] -- Installing: /home/yony/Dev/ros2_ws/install/sim/lib/sim/cpp_executable
[3.872s] -- Set runtime path of "/home/yony/Dev/ros2_ws/install/sim/lib/sim/cpp_executable" to ""
[3.872s] -- Installing: /home/yony/Dev/ros2_ws/install/sim/share/sim/environment/pythonpath.sh
[3.872s] -- Installing: /home/yony/Dev/ros2_ws/install/sim/share/sim/environment/pythonpath.dsv
[3.872s] -- Installing: /home/yony/Dev/ros2_ws/install/sim/local/lib/python3.10/dist-packages/sim-0.0.1-py3.10.egg-info
[3.873s] -- Installing: /home/yony/Dev/ros2_ws/install/sim/local/lib/python3.10/dist-packages/sim-0.0.1-py3.10.egg-info/dependency_links.txt
[3.873s] -- Installing: /home/yony/Dev/ros2_ws/install/sim/local/lib/python3.10/dist-packages/sim-0.0.1-py3.10.egg-info/SOURCES.txt
[3.873s] -- Installing: /home/yony/Dev/ros2_ws/install/sim/local/lib/python3.10/dist-packages/sim-0.0.1-py3.10.egg-info/PKG-INFO
[3.873s] -- Installing: /home/yony/Dev/ros2_ws/install/sim/local/lib/python3.10/dist-packages/sim-0.0.1-py3.10.egg-info/top_level.txt
[3.873s] -- Installing: /home/yony/Dev/ros2_ws/install/sim/local/lib/python3.10/dist-packages/sim
[3.873s] -- Installing: /home/yony/Dev/ros2_ws/install/sim/local/lib/python3.10/dist-packages/sim/__init__.py
[3.874s] -- Installing: /home/yony/Dev/ros2_ws/install/sim/local/lib/python3.10/dist-packages/sim/README_msgs.txt
[3.906s] Listing '/home/yony/Dev/ros2_ws/install/sim/local/lib/python3.10/dist-packages/sim'...
[3.906s] Compiling '/home/yony/Dev/ros2_ws/install/sim/local/lib/python3.10/dist-packages/sim/__init__.py'...
[3.910s] -- Installing: /home/yony/Dev/ros2_ws/install/sim/lib/sim/sim.py
[3.911s] -- Installing: /home/yony/Dev/ros2_ws/install/sim/lib/sim/dummy_fa.py
[3.911s] -- Installing: /home/yony/Dev/ros2_ws/install/sim/lib/sim/dummy_grasp.py
[3.911s] -- Installing: /home/yony/Dev/ros2_ws/install/sim/lib/sim/dummy_hb.py
[3.912s] -- Installing: /home/yony/Dev/ros2_ws/install/sim/lib/sim/dummy_nc.py
[3.912s] -- Installing: /home/yony/Dev/ros2_ws/install/sim/lib/sim/dummy_nv.py
[3.912s] -- Installing: /home/yony/Dev/ros2_ws/install/sim/lib/sim/dummy.py
[3.912s] -- Installing: /home/yony/Dev/ros2_ws/install/sim/share/sim//launch
[3.912s] -- Installing: /home/yony/Dev/ros2_ws/install/sim/share/sim//launch/april.launchV1.py
[3.913s] -- Installing: /home/yony/Dev/ros2_ws/install/sim/share/sim//launch/april.launch.py
[3.913s] -- Installing: /home/yony/Dev/ros2_ws/install/sim/share/ament_index/resource_index/package_run_dependencies/sim
[3.913s] -- Installing: /home/yony/Dev/ros2_ws/install/sim/share/ament_index/resource_index/parent_prefix_path/sim
[3.913s] -- Installing: /home/yony/Dev/ros2_ws/install/sim/share/sim/environment/ament_prefix_path.sh
[3.914s] -- Installing: /home/yony/Dev/ros2_ws/install/sim/share/sim/environment/ament_prefix_path.dsv
[3.914s] -- Installing: /home/yony/Dev/ros2_ws/install/sim/share/sim/environment/path.sh
[3.914s] -- Installing: /home/yony/Dev/ros2_ws/install/sim/share/sim/environment/path.dsv
[3.914s] -- Installing: /home/yony/Dev/ros2_ws/install/sim/share/sim/local_setup.bash
[3.914s] -- Installing: /home/yony/Dev/ros2_ws/install/sim/share/sim/local_setup.sh
[3.914s] -- Installing: /home/yony/Dev/ros2_ws/install/sim/share/sim/local_setup.zsh
[3.914s] -- Installing: /home/yony/Dev/ros2_ws/install/sim/share/sim/local_setup.dsv
[3.915s] -- Installing: /home/yony/Dev/ros2_ws/install/sim/share/sim/package.dsv
[3.915s] -- Installing: /home/yony/Dev/ros2_ws/install/sim/share/ament_index/resource_index/packages/sim
[3.915s] -- Installing: /home/yony/Dev/ros2_ws/install/sim/share/sim/cmake/simConfig.cmake
[3.915s] -- Installing: /home/yony/Dev/ros2_ws/install/sim/share/sim/cmake/simConfig-version.cmake
[3.915s] -- Installing: /home/yony/Dev/ros2_ws/install/sim/share/sim/package.xml
[3.918s] Invoked command in '/home/yony/Dev/ros2_ws/build/sim' returned '0': CMAKE_PREFIX_PATH=/opt/ros/humble /usr/bin/cmake --install /home/yony/Dev/ros2_ws/build/sim
