[0.723s] Invoking command in '/home/yony/Dev/ros2_ws/src/sim': PYTHONPATH=/home/yony/Dev/ros2_ws/src/install/sim/lib/python3.10/site-packages:${PYTHONPATH} /usr/bin/python3 setup.py egg_info --egg-base ../build/sim build --build-base /home/yony/Dev/ros2_ws/src/build/sim/build install --prefix /home/yony/Dev/ros2_ws/src/install/sim --record /home/yony/Dev/ros2_ws/src/build/sim/install.log --single-version-externally-managed
[0.965s] running egg_info
[0.965s] creating ../build/sim/sim.egg-info
[0.966s] writing ../build/sim/sim.egg-info/PKG-INFO
[0.966s] writing dependency_links to ../build/sim/sim.egg-info/dependency_links.txt
[0.966s] writing entry points to ../build/sim/sim.egg-info/entry_points.txt
[0.966s] writing requirements to ../build/sim/sim.egg-info/requires.txt
[0.967s] writing top-level names to ../build/sim/sim.egg-info/top_level.txt
[0.967s] writing manifest file '../build/sim/sim.egg-info/SOURCES.txt'
[0.969s] reading manifest file '../build/sim/sim.egg-info/SOURCES.txt'
[0.969s] writing manifest file '../build/sim/sim.egg-info/SOURCES.txt'
[0.970s] running build
[0.970s] running build_py
[0.971s] creating /home/yony/Dev/ros2_ws/src/build/sim/build
[0.971s] creating /home/yony/Dev/ros2_ws/src/build/sim/build/lib
[0.971s] creating /home/yony/Dev/ros2_ws/src/build/sim/build/lib/sim
[0.971s] copying sim/dummy_fa.py -> /home/yony/Dev/ros2_ws/src/build/sim/build/lib/sim
[0.972s] copying sim/sem.py -> /home/yony/Dev/ros2_ws/src/build/sim/build/lib/sim
[0.972s] copying sim/dummy_grasp.py -> /home/yony/Dev/ros2_ws/src/build/sim/build/lib/sim
[0.972s] copying sim/dummy_hb.py -> /home/yony/Dev/ros2_ws/src/build/sim/build/lib/sim
[0.972s] copying sim/dummy_nc.py -> /home/yony/Dev/ros2_ws/src/build/sim/build/lib/sim
[0.973s] copying sim/dummy.py -> /home/yony/Dev/ros2_ws/src/build/sim/build/lib/sim
[0.973s] copying sim/dummy_nv.py -> /home/yony/Dev/ros2_ws/src/build/sim/build/lib/sim
[0.974s] copying sim/__init__.py -> /home/yony/Dev/ros2_ws/src/build/sim/build/lib/sim
[0.974s] copying sim/sim.py -> /home/yony/Dev/ros2_ws/src/build/sim/build/lib/sim
[0.974s] running install
[0.974s] /usr/lib/python3/dist-packages/setuptools/command/install.py:34: SetuptoolsDeprecationWarning: setup.py install is deprecated. Use build and pip and other standards-based tools.
[0.975s]   warnings.warn(
[0.975s] running install_lib
[0.975s] creating /home/yony/Dev/ros2_ws/src/install/sim/lib/python3.10/site-packages/sim
[0.975s] copying /home/yony/Dev/ros2_ws/src/build/sim/build/lib/sim/dummy_fa.py -> /home/yony/Dev/ros2_ws/src/install/sim/lib/python3.10/site-packages/sim
[0.976s] copying /home/yony/Dev/ros2_ws/src/build/sim/build/lib/sim/sem.py -> /home/yony/Dev/ros2_ws/src/install/sim/lib/python3.10/site-packages/sim
[0.976s] copying /home/yony/Dev/ros2_ws/src/build/sim/build/lib/sim/dummy_grasp.py -> /home/yony/Dev/ros2_ws/src/install/sim/lib/python3.10/site-packages/sim
[0.976s] copying /home/yony/Dev/ros2_ws/src/build/sim/build/lib/sim/dummy_hb.py -> /home/yony/Dev/ros2_ws/src/install/sim/lib/python3.10/site-packages/sim
[0.976s] copying /home/yony/Dev/ros2_ws/src/build/sim/build/lib/sim/dummy_nc.py -> /home/yony/Dev/ros2_ws/src/install/sim/lib/python3.10/site-packages/sim
[0.976s] copying /home/yony/Dev/ros2_ws/src/build/sim/build/lib/sim/dummy.py -> /home/yony/Dev/ros2_ws/src/install/sim/lib/python3.10/site-packages/sim
[0.977s] copying /home/yony/Dev/ros2_ws/src/build/sim/build/lib/sim/dummy_nv.py -> /home/yony/Dev/ros2_ws/src/install/sim/lib/python3.10/site-packages/sim
[0.977s] copying /home/yony/Dev/ros2_ws/src/build/sim/build/lib/sim/__init__.py -> /home/yony/Dev/ros2_ws/src/install/sim/lib/python3.10/site-packages/sim
[0.977s] copying /home/yony/Dev/ros2_ws/src/build/sim/build/lib/sim/sim.py -> /home/yony/Dev/ros2_ws/src/install/sim/lib/python3.10/site-packages/sim
[0.978s] byte-compiling /home/yony/Dev/ros2_ws/src/install/sim/lib/python3.10/site-packages/sim/dummy_fa.py to dummy_fa.cpython-310.pyc
[0.978s] byte-compiling /home/yony/Dev/ros2_ws/src/install/sim/lib/python3.10/site-packages/sim/sem.py to sem.cpython-310.pyc
[0.978s] byte-compiling /home/yony/Dev/ros2_ws/src/install/sim/lib/python3.10/site-packages/sim/dummy_grasp.py to dummy_grasp.cpython-310.pyc
[0.978s] byte-compiling /home/yony/Dev/ros2_ws/src/install/sim/lib/python3.10/site-packages/sim/dummy_hb.py to dummy_hb.cpython-310.pyc
[0.979s] byte-compiling /home/yony/Dev/ros2_ws/src/install/sim/lib/python3.10/site-packages/sim/dummy_nc.py to dummy_nc.cpython-310.pyc
[0.979s] byte-compiling /home/yony/Dev/ros2_ws/src/install/sim/lib/python3.10/site-packages/sim/dummy.py to dummy.cpython-310.pyc
[0.979s] byte-compiling /home/yony/Dev/ros2_ws/src/install/sim/lib/python3.10/site-packages/sim/dummy_nv.py to dummy_nv.cpython-310.pyc
[0.979s] byte-compiling /home/yony/Dev/ros2_ws/src/install/sim/lib/python3.10/site-packages/sim/__init__.py to __init__.cpython-310.pyc
[0.979s] byte-compiling /home/yony/Dev/ros2_ws/src/install/sim/lib/python3.10/site-packages/sim/sim.py to sim.cpython-310.pyc
[0.980s] running install_data
[0.980s] creating /home/yony/Dev/ros2_ws/src/install/sim/share/ament_index
[0.980s] creating /home/yony/Dev/ros2_ws/src/install/sim/share/ament_index/resource_index
[0.980s] creating /home/yony/Dev/ros2_ws/src/install/sim/share/ament_index/resource_index/packages
[0.980s] copying resource/sim -> /home/yony/Dev/ros2_ws/src/install/sim/share/ament_index/resource_index/packages
[0.981s] copying package.xml -> /home/yony/Dev/ros2_ws/src/install/sim/share/sim
[0.981s] copying launch/april.launch.py -> /home/yony/Dev/ros2_ws/src/install/sim/share/sim
[0.981s] running install_egg_info
[0.981s] Copying ../build/sim/sim.egg-info to /home/yony/Dev/ros2_ws/src/install/sim/lib/python3.10/site-packages/sim-0.0.1-py3.10.egg-info
[0.981s] running install_scripts
[1.001s] Installing dummy_fa script to /home/yony/Dev/ros2_ws/src/install/sim/lib/sim
[1.001s] Installing dummy_grasp script to /home/yony/Dev/ros2_ws/src/install/sim/lib/sim
[1.001s] Installing dummy_hb script to /home/yony/Dev/ros2_ws/src/install/sim/lib/sim
[1.002s] Installing dummy_nc script to /home/yony/Dev/ros2_ws/src/install/sim/lib/sim
[1.002s] Installing dummy_nv script to /home/yony/Dev/ros2_ws/src/install/sim/lib/sim
[1.002s] Installing sim script to /home/yony/Dev/ros2_ws/src/install/sim/lib/sim
[1.003s] writing list of installed files to '/home/yony/Dev/ros2_ws/src/build/sim/install.log'
[1.022s] Invoked command in '/home/yony/Dev/ros2_ws/src/sim' returned '0': PYTHONPATH=/home/yony/Dev/ros2_ws/src/install/sim/lib/python3.10/site-packages:${PYTHONPATH} /usr/bin/python3 setup.py egg_info --egg-base ../build/sim build --build-base /home/yony/Dev/ros2_ws/src/build/sim/build install --prefix /home/yony/Dev/ros2_ws/src/install/sim --record /home/yony/Dev/ros2_ws/src/build/sim/install.log --single-version-externally-managed
