[1.095s] Invoking command in '/home/yony/Dev/ros2_ws/src/sim': PYTHONPATH=/home/yony/Dev/ros2_ws/src/install/sim/lib/python3.10/site-packages:${PYTHONPATH} /usr/bin/python3 setup.py egg_info --egg-base ../build/sim build --build-base /home/yony/Dev/ros2_ws/src/build/sim/build install --prefix /home/yony/Dev/ros2_ws/src/install/sim --record /home/yony/Dev/ros2_ws/src/build/sim/install.log --single-version-externally-managed
[1.387s] running egg_info
[1.387s] writing ../build/sim/sim.egg-info/PKG-INFO
[1.388s] writing dependency_links to ../build/sim/sim.egg-info/dependency_links.txt
[1.388s] writing entry points to ../build/sim/sim.egg-info/entry_points.txt
[1.388s] writing requirements to ../build/sim/sim.egg-info/requires.txt
[1.389s] writing top-level names to ../build/sim/sim.egg-info/top_level.txt
[1.391s] reading manifest file '../build/sim/sim.egg-info/SOURCES.txt'
[1.391s] writing manifest file '../build/sim/sim.egg-info/SOURCES.txt'
[1.392s] running build
[1.392s] running build_py
[1.392s] running install
[1.392s] running install_lib
[1.394s] running install_data
[1.394s] running install_egg_info
[1.396s] removing '/home/yony/Dev/ros2_ws/src/install/sim/lib/python3.10/site-packages/sim-0.0.1-py3.10.egg-info' (and everything under it)
[1.396s] Copying ../build/sim/sim.egg-info to /home/yony/Dev/ros2_ws/src/install/sim/lib/python3.10/site-packages/sim-0.0.1-py3.10.egg-info
[1.397s] running install_scripts
[1.418s] Installing dummy_fa script to /home/yony/Dev/ros2_ws/src/install/sim/lib/sim
[1.418s] Installing dummy_grasp script to /home/yony/Dev/ros2_ws/src/install/sim/lib/sim
[1.418s] Installing dummy_hb script to /home/yony/Dev/ros2_ws/src/install/sim/lib/sim
[1.418s] Installing dummy_nc script to /home/yony/Dev/ros2_ws/src/install/sim/lib/sim
[1.418s] Installing dummy_nv script to /home/yony/Dev/ros2_ws/src/install/sim/lib/sim
[1.419s] Installing sim script to /home/yony/Dev/ros2_ws/src/install/sim/lib/sim
[1.419s] writing list of installed files to '/home/yony/Dev/ros2_ws/src/build/sim/install.log'
[1.461s] Invoked command in '/home/yony/Dev/ros2_ws/src/sim' returned '0': PYTHONPATH=/home/yony/Dev/ros2_ws/src/install/sim/lib/python3.10/site-packages:${PYTHONPATH} /usr/bin/python3 setup.py egg_info --egg-base ../build/sim build --build-base /home/yony/Dev/ros2_ws/src/build/sim/build install --prefix /home/yony/Dev/ros2_ws/src/install/sim --record /home/yony/Dev/ros2_ws/src/build/sim/install.log --single-version-externally-managed
