[0.015s] Invoking command in '/home/yony/Dev/ros2_ws/build/sim_sem_interfaces': CMAKE_PREFIX_PATH=/opt/ros/humble /usr/bin/cmake --build /home/yony/Dev/ros2_ws/build/sim_sem_interfaces -- -j12 -l12
[0.049s] -- Found ament_cmake: 1.3.2 (/opt/ros/humble/share/ament_cmake/cmake)
[0.213s] -- Found rosidl_default_generators: 1.2.0 (/opt/ros/humble/share/rosidl_default_generators/cmake)
[0.217s] -- Using all available rosidl_typesupport_c: rosidl_typesupport_fastrtps_c;rosidl_typesupport_introspection_c
[0.225s] -- Found rosidl_adapter: 3.1.3 (/opt/ros/humble/share/rosidl_adapter/cmake)
[0.281s] -- Using all available rosidl_typesupport_cpp: rosidl_typesupport_fastrtps_cpp;rosidl_typesupport_introspection_cpp
[0.313s] -- Found std_msgs: 4.2.2 (/opt/ros/humble/share/std_msgs/cmake)
[0.383s] -- Found ament_lint_auto: 0.12.4 (/opt/ros/humble/share/ament_lint_auto/cmake)
[0.684s] [31mCMake Error at /opt/ros/humble/share/rosidl_adapter/cmake/rosidl_adapt_interfaces.cmake:59 (message):
[0.684s]   execute_process(/usr/bin/python3.10 -m rosidl_adapter --package-name
[0.684s]   sim_sem_interfaces --arguments-file
[0.684s]   /home/yony/Dev/ros2_ws/build/sim_sem_interfaces/rosidl_adapter__arguments__sim_sem_interfaces.json
[0.684s]   --output-dir
[0.684s]   /home/yony/Dev/ros2_ws/build/sim_sem_interfaces/rosidl_adapter/sim_sem_interfaces
[0.685s]   --output-file
[0.685s]   /home/yony/Dev/ros2_ws/build/sim_sem_interfaces/rosidl_adapter/sim_sem_interfaces.idls)
[0.685s]   returned error code 1:
[0.685s] 
[0.685s]   Error processing 'float engagement_level' of
[0.685s]   'sim_sem_interfaces/HumanParameterIntention': ''float' is an invalid
[0.685s]   message name.  It should have the pattern '^[A-Z][A-Za-z0-9]*$''
[0.685s] 
[0.686s]   Traceback (most recent call last):
[0.686s] 
[0.686s]     File "/usr/lib/python3.10/runpy.py", line 196, in _run_module_as_main
[0.686s]       return _run_code(code, main_globals, None,
[0.686s]     File "/usr/lib/python3.10/runpy.py", line 86, in _run_code
[0.686s]       exec(code, run_globals)
[0.686s]     File "/opt/ros/humble/local/lib/python3.10/dist-packages/rosidl_adapter/__main__.py", line 19, in <module>
[0.686s]       sys.exit(main())
[0.687s]     File "/opt/ros/humble/local/lib/python3.10/dist-packages/rosidl_adapter/main.py", line 53, in main
[0.687s]       abs_idl_file = convert_to_idl(
[0.687s]     File "/opt/ros/humble/local/lib/python3.10/dist-packages/rosidl_adapter/__init__.py", line 19, in convert_to_idl
[0.687s]       return convert_msg_to_idl(
[0.687s]     File "/opt/ros/humble/local/lib/python3.10/dist-packages/rosidl_adapter/msg/__init__.py", line 28, in convert_msg_to_idl
[0.687s]       msg = parse_message_string(package_name, input_file.stem, content)
[0.687s]     File "/opt/ros/humble/local/lib/python3.10/dist-packages/rosidl_adapter/parser.py", line 520, in parse_message_string
[0.688s]       Type(type_string, context_package_name=pkg_name),
[0.688s]     File "/opt/ros/humble/local/lib/python3.10/dist-packages/rosidl_adapter/parser.py", line 277, in __init__
[0.688s]       super(Type, self).__init__(
[0.688s]     File "/opt/ros/humble/local/lib/python3.10/dist-packages/rosidl_adapter/parser.py", line 205, in __init__
[0.688s]       raise InvalidResourceName(
[0.688s] 
[0.688s]   rosidl_adapter.parser.InvalidResourceName: 'float' is an invalid message
[0.689s]   name.  It should have the pattern '^[A-Z][A-Za-z0-9]*$'
[0.689s] 
[0.689s] Call Stack (most recent call first):
[0.689s]   /opt/ros/humble/share/rosidl_cmake/cmake/rosidl_generate_interfaces.cmake:130 (rosidl_adapt_interfaces)
[0.689s]   CMakeLists.txt:29 (rosidl_generate_interfaces)
[0.689s] 
[0.689s] [0m
[0.690s] -- Configuring incomplete, errors occurred!
[0.690s] See also "/home/yony/Dev/ros2_ws/build/sim_sem_interfaces/CMakeFiles/CMakeOutput.log".
[0.691s] gmake: *** [Makefile:4635: cmake_check_build_system] Error 1
[0.693s] Invoked command in '/home/yony/Dev/ros2_ws/build/sim_sem_interfaces' returned '2': CMAKE_PREFIX_PATH=/opt/ros/humble /usr/bin/cmake --build /home/yony/Dev/ros2_ws/build/sim_sem_interfaces -- -j12 -l12
