[0.742s] Invoking command in '/home/yony/Dev/ros2_ws/src/sim': PYTHONPATH=/home/yony/Dev/ros2_ws/install/sim/lib/python3.10/site-packages:${PYTHONPATH} /usr/bin/python3 setup.py egg_info --egg-base ../../build/sim build --build-base /home/yony/Dev/ros2_ws/build/sim/build install --prefix /home/yony/Dev/ros2_ws/install/sim --record /home/yony/Dev/ros2_ws/build/sim/install.log --single-version-externally-managed
[1.007s] running egg_info
[1.008s] creating ../../build/sim/sim.egg-info
[1.008s] writing ../../build/sim/sim.egg-info/PKG-INFO
[1.008s] writing dependency_links to ../../build/sim/sim.egg-info/dependency_links.txt
[1.008s] writing entry points to ../../build/sim/sim.egg-info/entry_points.txt
[1.009s] writing requirements to ../../build/sim/sim.egg-info/requires.txt
[1.009s] writing top-level names to ../../build/sim/sim.egg-info/top_level.txt
[1.009s] writing manifest file '../../build/sim/sim.egg-info/SOURCES.txt'
[1.011s] reading manifest file '../../build/sim/sim.egg-info/SOURCES.txt'
[1.012s] writing manifest file '../../build/sim/sim.egg-info/SOURCES.txt'
[1.012s] running build
[1.012s] running build_py
[1.012s] creating /home/yony/Dev/ros2_ws/build/sim/build
[1.013s] creating /home/yony/Dev/ros2_ws/build/sim/build/lib
[1.013s] creating /home/yony/Dev/ros2_ws/build/sim/build/lib/sim
[1.013s] copying sim/dummy_fa.py -> /home/yony/Dev/ros2_ws/build/sim/build/lib/sim
[1.013s] copying sim/sem.py -> /home/yony/Dev/ros2_ws/build/sim/build/lib/sim
[1.014s] copying sim/dummy_grasp.py -> /home/yony/Dev/ros2_ws/build/sim/build/lib/sim
[1.014s] copying sim/dummy_hb.py -> /home/yony/Dev/ros2_ws/build/sim/build/lib/sim
[1.014s] copying sim/dummy_nc.py -> /home/yony/Dev/ros2_ws/build/sim/build/lib/sim
[1.014s] copying sim/dummy.py -> /home/yony/Dev/ros2_ws/build/sim/build/lib/sim
[1.014s] copying sim/dummy_nv.py -> /home/yony/Dev/ros2_ws/build/sim/build/lib/sim
[1.014s] copying sim/__init__.py -> /home/yony/Dev/ros2_ws/build/sim/build/lib/sim
[1.015s] copying sim/sim.py -> /home/yony/Dev/ros2_ws/build/sim/build/lib/sim
[1.015s] running install
[1.015s] running install_lib
[1.015s] running install_data
[1.015s] running install_egg_info
[1.016s] removing '/home/yony/Dev/ros2_ws/install/sim/lib/python3.10/site-packages/sim-0.0.1-py3.10.egg-info' (and everything under it)
[1.017s] Copying ../../build/sim/sim.egg-info to /home/yony/Dev/ros2_ws/install/sim/lib/python3.10/site-packages/sim-0.0.1-py3.10.egg-info
[1.018s] running install_scripts
[1.037s] Installing dummy_fa script to /home/yony/Dev/ros2_ws/install/sim/lib/sim
[1.037s] Installing dummy_grasp script to /home/yony/Dev/ros2_ws/install/sim/lib/sim
[1.037s] Installing dummy_hb script to /home/yony/Dev/ros2_ws/install/sim/lib/sim
[1.037s] Installing dummy_nc script to /home/yony/Dev/ros2_ws/install/sim/lib/sim
[1.037s] Installing dummy_nv script to /home/yony/Dev/ros2_ws/install/sim/lib/sim
[1.037s] Installing sim script to /home/yony/Dev/ros2_ws/install/sim/lib/sim
[1.037s] writing list of installed files to '/home/yony/Dev/ros2_ws/build/sim/install.log'
[1.061s] Invoked command in '/home/yony/Dev/ros2_ws/src/sim' returned '0': PYTHONPATH=/home/yony/Dev/ros2_ws/install/sim/lib/python3.10/site-packages:${PYTHONPATH} /usr/bin/python3 setup.py egg_info --egg-base ../../build/sim build --build-base /home/yony/Dev/ros2_ws/build/sim/build install --prefix /home/yony/Dev/ros2_ws/install/sim --record /home/yony/Dev/ros2_ws/build/sim/install.log --single-version-externally-managed
