[0.667s] Invoking command in '/home/yony/Dev/ros2_ws/src/april_ros2': PYTHONPATH=/home/yony/Dev/ros2_ws/install/april_ros2/lib/python3.8/site-packages:${PYTHONPATH} /usr/bin/python3 setup.py egg_info --egg-base ../../build/april_ros2 build --build-base /home/yony/Dev/ros2_ws/build/april_ros2/build install --prefix /home/yony/Dev/ros2_ws/install/april_ros2 --record /home/yony/Dev/ros2_ws/build/april_ros2/install.log --single-version-externally-managed
[0.897s] running egg_info
[0.897s] writing ../../build/april_ros2/april_ros2.egg-info/PKG-INFO
[0.897s] writing dependency_links to ../../build/april_ros2/april_ros2.egg-info/dependency_links.txt
[0.897s] writing entry points to ../../build/april_ros2/april_ros2.egg-info/entry_points.txt
[0.898s] writing requirements to ../../build/april_ros2/april_ros2.egg-info/requires.txt
[0.898s] writing top-level names to ../../build/april_ros2/april_ros2.egg-info/top_level.txt
[0.933s] reading manifest file '../../build/april_ros2/april_ros2.egg-info/SOURCES.txt'
[0.934s] writing manifest file '../../build/april_ros2/april_ros2.egg-info/SOURCES.txt'
[0.934s] running build
[0.935s] running build_py
[0.935s] copying april_ros2/dummy.py -> /home/yony/Dev/ros2_ws/build/april_ros2/build/lib/april_ros2
[0.935s] running install
[0.936s] running install_lib
[0.937s] copying /home/yony/Dev/ros2_ws/build/april_ros2/build/lib/april_ros2/dummy.py -> /home/yony/Dev/ros2_ws/install/april_ros2/lib/python3.8/site-packages/april_ros2
[0.937s] byte-compiling /home/yony/Dev/ros2_ws/install/april_ros2/lib/python3.8/site-packages/april_ros2/dummy.py to dummy.cpython-38.pyc
[0.939s] running install_data
[0.939s] running install_egg_info
[0.941s] removing '/home/yony/Dev/ros2_ws/install/april_ros2/lib/python3.8/site-packages/april_ros2-0.0.1-py3.8.egg-info' (and everything under it)
[0.941s] Copying ../../build/april_ros2/april_ros2.egg-info to /home/yony/Dev/ros2_ws/install/april_ros2/lib/python3.8/site-packages/april_ros2-0.0.1-py3.8.egg-info
[0.942s] running install_scripts
[0.960s] Installing dummy script to /home/yony/Dev/ros2_ws/install/april_ros2/lib/april_ros2
[0.960s] Installing sem script to /home/yony/Dev/ros2_ws/install/april_ros2/lib/april_ros2
[0.960s] Installing sim script to /home/yony/Dev/ros2_ws/install/april_ros2/lib/april_ros2
[0.960s] writing list of installed files to '/home/yony/Dev/ros2_ws/build/april_ros2/install.log'
[0.981s] Invoked command in '/home/yony/Dev/ros2_ws/src/april_ros2' returned '0': PYTHONPATH=/home/yony/Dev/ros2_ws/install/april_ros2/lib/python3.8/site-packages:${PYTHONPATH} /usr/bin/python3 setup.py egg_info --egg-base ../../build/april_ros2 build --build-base /home/yony/Dev/ros2_ws/build/april_ros2/build install --prefix /home/yony/Dev/ros2_ws/install/april_ros2 --record /home/yony/Dev/ros2_ws/build/april_ros2/install.log --single-version-externally-managed
