-- Found ament_cmake: 1.3.2 (/opt/ros/humble/share/ament_cmake/cmake)
-- Found rclcpp: 16.0.1 (/opt/ros/humble/share/rclcpp/cmake)
-- Found rosidl_generator_c: 3.1.3 (/opt/ros/humble/share/rosidl_generator_c/cmake)
-- Found rosidl_adapter: 3.1.3 (/opt/ros/humble/share/rosidl_adapter/cmake)
-- Found rosidl_generator_cpp: 3.1.3 (/opt/ros/humble/share/rosidl_generator_cpp/cmake)
-- Using all available rosidl_typesupport_c: rosidl_typesupport_fastrtps_c;rosidl_typesupport_introspection_c
-- Using all available rosidl_typesupport_cpp: rosidl_typesupport_fastrtps_cpp;rosidl_typesupport_introspection_cpp
-- Found rmw_implementation_cmake: 6.1.0 (/opt/ros/humble/share/rmw_implementation_cmake/cmake)
-- Found rmw_fastrtps_cpp: 6.2.1 (/opt/ros/humble/share/rmw_fastrtps_cpp/cmake)
-- Using RMW implementation 'rmw_fastrtps_cpp' as default
-- Found rclpy: 3.3.4 (/opt/ros/humble/share/rclpy/cmake)
-- Found ament_lint_auto: 0.12.4 (/opt/ros/humble/share/ament_lint_auto/cmake)
-- Added test 'copyright' to check source files copyright and LICENSE
-- Added test 'cppcheck' to perform static code analysis on C / C++ code
-- Configured cppcheck include dirs: /home/yony/Dev/ros2_ws/src/sim/include
-- Configured cppcheck exclude dirs and/or files: 
-- Added test 'cpplint' to check C / C++ code against the Google style
-- Configured cpplint exclude dirs and/or files: 
-- Added test 'flake8' to check Python code syntax and style conventions
-- Added test 'lint_cmake' to check CMake code style
-- Added test 'pep257' to check Python code against some of the docstring style conventions in PEP 257
-- Added test 'uncrustify' to check C / C++ code style
-- Configured uncrustify additional arguments: 
-- Added test 'xmllint' to check XML markup files
-- Configuring done
-- Generating done
-- Build files have been written to: /home/yony/Dev/ros2_ws/build/sim
[35m[1mConsolidate compiler generated dependencies of target cpp_executable[0m
[  0%] Built target ament_cmake_python_copy_sim
[100%] Built target cpp_executable
running egg_info
writing sim.egg-info/PKG-INFO
writing dependency_links to sim.egg-info/dependency_links.txt
writing top-level names to sim.egg-info/top_level.txt
reading manifest file 'sim.egg-info/SOURCES.txt'
writing manifest file 'sim.egg-info/SOURCES.txt'
[100%] Built target ament_cmake_python_build_sim_egg
-- Install configuration: ""
-- Up-to-date: /home/yony/Dev/ros2_ws/install/sim/lib/sim/cpp_executable
-- Up-to-date: /home/yony/Dev/ros2_ws/install/sim/share/sim/environment/pythonpath.sh
-- Installing: /home/yony/Dev/ros2_ws/install/sim/share/sim/environment/pythonpath.dsv
-- Up-to-date: /home/yony/Dev/ros2_ws/install/sim/local/lib/python3.10/dist-packages/sim-0.0.1-py3.10.egg-info
-- Installing: /home/yony/Dev/ros2_ws/install/sim/local/lib/python3.10/dist-packages/sim-0.0.1-py3.10.egg-info/dependency_links.txt
-- Installing: /home/yony/Dev/ros2_ws/install/sim/local/lib/python3.10/dist-packages/sim-0.0.1-py3.10.egg-info/SOURCES.txt
-- Installing: /home/yony/Dev/ros2_ws/install/sim/local/lib/python3.10/dist-packages/sim-0.0.1-py3.10.egg-info/PKG-INFO
-- Installing: /home/yony/Dev/ros2_ws/install/sim/local/lib/python3.10/dist-packages/sim-0.0.1-py3.10.egg-info/top_level.txt
-- Up-to-date: /home/yony/Dev/ros2_ws/install/sim/local/lib/python3.10/dist-packages/sim
-- Up-to-date: /home/yony/Dev/ros2_ws/install/sim/local/lib/python3.10/dist-packages/sim/__init__.py
-- Up-to-date: /home/yony/Dev/ros2_ws/install/sim/local/lib/python3.10/dist-packages/sim/README_msgs.txt
Listing '/home/yony/Dev/ros2_ws/install/sim/local/lib/python3.10/dist-packages/sim'...
-- Up-to-date: /home/yony/Dev/ros2_ws/install/sim/lib/sim/sim.py
-- Up-to-date: /home/yony/Dev/ros2_ws/install/sim/lib/sim/dummy_fa.py
-- Up-to-date: /home/yony/Dev/ros2_ws/install/sim/lib/sim/dummy_grasp.py
-- Up-to-date: /home/yony/Dev/ros2_ws/install/sim/lib/sim/dummy_hb.py
-- Up-to-date: /home/yony/Dev/ros2_ws/install/sim/lib/sim/dummy_nc.py
-- Up-to-date: /home/yony/Dev/ros2_ws/install/sim/lib/sim/dummy_nv.py
-- Up-to-date: /home/yony/Dev/ros2_ws/install/sim/lib/sim/dummy.py
-- Up-to-date: /home/yony/Dev/ros2_ws/install/sim/share/sim//launch
-- Up-to-date: /home/yony/Dev/ros2_ws/install/sim/share/sim//launch/april.launchV1.py
-- Up-to-date: /home/yony/Dev/ros2_ws/install/sim/share/sim//launch/april.launch.py
-- Up-to-date: /home/yony/Dev/ros2_ws/install/sim/share/ament_index/resource_index/package_run_dependencies/sim
-- Installing: /home/yony/Dev/ros2_ws/install/sim/share/ament_index/resource_index/parent_prefix_path/sim
-- Up-to-date: /home/yony/Dev/ros2_ws/install/sim/share/sim/environment/ament_prefix_path.sh
-- Installing: /home/yony/Dev/ros2_ws/install/sim/share/sim/environment/ament_prefix_path.dsv
-- Up-to-date: /home/yony/Dev/ros2_ws/install/sim/share/sim/environment/path.sh
-- Installing: /home/yony/Dev/ros2_ws/install/sim/share/sim/environment/path.dsv
-- Up-to-date: /home/yony/Dev/ros2_ws/install/sim/share/sim/local_setup.bash
-- Up-to-date: /home/yony/Dev/ros2_ws/install/sim/share/sim/local_setup.sh
-- Up-to-date: /home/yony/Dev/ros2_ws/install/sim/share/sim/local_setup.zsh
-- Installing: /home/yony/Dev/ros2_ws/install/sim/share/sim/local_setup.dsv
-- Installing: /home/yony/Dev/ros2_ws/install/sim/share/sim/package.dsv
-- Up-to-date: /home/yony/Dev/ros2_ws/install/sim/share/ament_index/resource_index/packages/sim
-- Up-to-date: /home/yony/Dev/ros2_ws/install/sim/share/sim/cmake/simConfig.cmake
-- Up-to-date: /home/yony/Dev/ros2_ws/install/sim/share/sim/cmake/simConfig-version.cmake
-- Installing: /home/yony/Dev/ros2_ws/install/sim/share/sim/package.xml
