[0.680s] Invoking command in '/home/yony/Dev/ros2_ws/src/sim': PYTHONPATH=/home/yony/Dev/ros2_ws/install/sim/lib/python3.10/site-packages:${PYTHONPATH} /usr/bin/python3 setup.py egg_info --egg-base ../../build/sim build --build-base /home/yony/Dev/ros2_ws/build/sim/build install --prefix /home/yony/Dev/ros2_ws/install/sim --record /home/yony/Dev/ros2_ws/build/sim/install.log --single-version-externally-managed
[0.950s] running egg_info
[0.950s] writing ../../build/sim/sim.egg-info/PKG-INFO
[0.951s] writing dependency_links to ../../build/sim/sim.egg-info/dependency_links.txt
[0.951s] writing entry points to ../../build/sim/sim.egg-info/entry_points.txt
[0.951s] writing requirements to ../../build/sim/sim.egg-info/requires.txt
[0.951s] writing top-level names to ../../build/sim/sim.egg-info/top_level.txt
[0.953s] reading manifest file '../../build/sim/sim.egg-info/SOURCES.txt'
[0.954s] writing manifest file '../../build/sim/sim.egg-info/SOURCES.txt'
[0.955s] running build
[0.955s] running build_py
[0.955s] copying sim/dummy_nc.py -> /home/yony/Dev/ros2_ws/build/sim/build/lib/sim
[0.955s] running install
[0.955s] running install_lib
[0.956s] copying /home/yony/Dev/ros2_ws/build/sim/build/lib/sim/dummy_nc.py -> /home/yony/Dev/ros2_ws/install/sim/lib/python3.10/site-packages/sim
[0.957s] byte-compiling /home/yony/Dev/ros2_ws/install/sim/lib/python3.10/site-packages/sim/dummy_nc.py to dummy_nc.cpython-310.pyc
[0.957s] running install_data
[0.958s] running install_egg_info
[0.959s] removing '/home/yony/Dev/ros2_ws/install/sim/lib/python3.10/site-packages/sim-0.0.1-py3.10.egg-info' (and everything under it)
[0.959s] Copying ../../build/sim/sim.egg-info to /home/yony/Dev/ros2_ws/install/sim/lib/python3.10/site-packages/sim-0.0.1-py3.10.egg-info
[0.960s] running install_scripts
[0.979s] Installing dummy_fa script to /home/yony/Dev/ros2_ws/install/sim/lib/sim
[0.979s] Installing dummy_grasp script to /home/yony/Dev/ros2_ws/install/sim/lib/sim
[0.980s] Installing dummy_hb script to /home/yony/Dev/ros2_ws/install/sim/lib/sim
[0.980s] Installing dummy_nc script to /home/yony/Dev/ros2_ws/install/sim/lib/sim
[0.980s] Installing dummy_nv script to /home/yony/Dev/ros2_ws/install/sim/lib/sim
[0.980s] Installing sim script to /home/yony/Dev/ros2_ws/install/sim/lib/sim
[0.980s] writing list of installed files to '/home/yony/Dev/ros2_ws/build/sim/install.log'
[1.002s] Invoked command in '/home/yony/Dev/ros2_ws/src/sim' returned '0': PYTHONPATH=/home/yony/Dev/ros2_ws/install/sim/lib/python3.10/site-packages:${PYTHONPATH} /usr/bin/python3 setup.py egg_info --egg-base ../../build/sim build --build-base /home/yony/Dev/ros2_ws/build/sim/build install --prefix /home/yony/Dev/ros2_ws/install/sim --record /home/yony/Dev/ros2_ws/build/sim/install.log --single-version-externally-managed
