[0.024s] Invoking command in '/home/yony/Dev/ros2_ws/build/sim_sem_interfaces': CMAKE_PREFIX_PATH=/opt/ros/humble /usr/bin/cmake /home/yony/Dev/ros2_ws/src/sim_sem_interfaces -DCMAKE_INSTALL_PREFIX=/home/yony/Dev/ros2_ws/install/sim_sem_interfaces
[0.131s] -- The C compiler identification is GNU 11.2.0
[0.230s] -- The CXX compiler identification is GNU 11.2.0
[0.245s] -- Detecting C compiler ABI info
[0.317s] -- Detecting C compiler ABI info - done
[0.325s] -- Check for working C compiler: /usr/bin/cc - skipped
[0.325s] -- Detecting C compile features
[0.326s] -- Detecting C compile features - done
[0.330s] -- Detecting CXX compiler ABI info
[0.403s] -- Detecting CXX compiler ABI info - done
[0.411s] -- Check for working CXX compiler: /usr/bin/c++ - skipped
[0.412s] -- Detecting CXX compile features
[0.412s] -- Detecting CXX compile features - done
[0.414s] -- Found ament_cmake: 1.3.2 (/opt/ros/humble/share/ament_cmake/cmake)
[0.595s] -- Found Python3: /usr/bin/python3.10 (found version "3.10.4") found components: Interpreter 
[0.679s] -- Found rosidl_default_generators: 1.2.0 (/opt/ros/humble/share/rosidl_default_generators/cmake)
[0.681s] -- Using all available rosidl_typesupport_c: rosidl_typesupport_fastrtps_c;rosidl_typesupport_introspection_c
[0.688s] -- Found rosidl_adapter: 3.1.3 (/opt/ros/humble/share/rosidl_adapter/cmake)
[0.727s] -- Using all available rosidl_typesupport_cpp: rosidl_typesupport_fastrtps_cpp;rosidl_typesupport_introspection_cpp
[0.761s] -- Found ament_lint_auto: 0.12.4 (/opt/ros/humble/share/ament_lint_auto/cmake)
[1.062s] [31mCMake Error at /opt/ros/humble/share/rosidl_adapter/cmake/rosidl_adapt_interfaces.cmake:59 (message):
[1.062s]   execute_process(/usr/bin/python3.10 -m rosidl_adapter --package-name
[1.062s]   sim_sem_interfaces --arguments-file
[1.063s]   /home/yony/Dev/ros2_ws/build/sim_sem_interfaces/rosidl_adapter__arguments__sim_sem_interfaces.json
[1.063s]   --output-dir
[1.063s]   /home/yony/Dev/ros2_ws/build/sim_sem_interfaces/rosidl_adapter/sim_sem_interfaces
[1.063s]   --output-file
[1.063s]   /home/yony/Dev/ros2_ws/build/sim_sem_interfaces/rosidl_adapter/sim_sem_interfaces.idls)
[1.063s]   returned error code 1:
[1.063s] 
[1.063s]   Error processing 'float engagement_level' of
[1.063s]   'sim_sem_interfaces/HumanParameterIntention': ''float' is an invalid
[1.063s]   message name.  It should have the pattern '^[A-Z][A-Za-z0-9]*$''
[1.063s] 
[1.063s]   Traceback (most recent call last):
[1.064s] 
[1.064s]     File "/usr/lib/python3.10/runpy.py", line 196, in _run_module_as_main
[1.064s]       return _run_code(code, main_globals, None,
[1.064s]     File "/usr/lib/python3.10/runpy.py", line 86, in _run_code
[1.064s]       exec(code, run_globals)
[1.064s]     File "/opt/ros/humble/local/lib/python3.10/dist-packages/rosidl_adapter/__main__.py", line 19, in <module>
[1.064s]       sys.exit(main())
[1.064s]     File "/opt/ros/humble/local/lib/python3.10/dist-packages/rosidl_adapter/main.py", line 53, in main
[1.064s]       abs_idl_file = convert_to_idl(
[1.064s]     File "/opt/ros/humble/local/lib/python3.10/dist-packages/rosidl_adapter/__init__.py", line 19, in convert_to_idl
[1.064s]       return convert_msg_to_idl(
[1.064s]     File "/opt/ros/humble/local/lib/python3.10/dist-packages/rosidl_adapter/msg/__init__.py", line 28, in convert_msg_to_idl
[1.065s]       msg = parse_message_string(package_name, input_file.stem, content)
[1.065s]     File "/opt/ros/humble/local/lib/python3.10/dist-packages/rosidl_adapter/parser.py", line 520, in parse_message_string
[1.065s]       Type(type_string, context_package_name=pkg_name),
[1.065s]     File "/opt/ros/humble/local/lib/python3.10/dist-packages/rosidl_adapter/parser.py", line 277, in __init__
[1.065s]       super(Type, self).__init__(
[1.065s]     File "/opt/ros/humble/local/lib/python3.10/dist-packages/rosidl_adapter/parser.py", line 205, in __init__
[1.065s]       raise InvalidResourceName(
[1.065s] 
[1.065s]   rosidl_adapter.parser.InvalidResourceName: 'float' is an invalid message
[1.065s]   name.  It should have the pattern '^[A-Z][A-Za-z0-9]*$'
[1.065s] 
[1.066s] Call Stack (most recent call first):
[1.066s]   /opt/ros/humble/share/rosidl_cmake/cmake/rosidl_generate_interfaces.cmake:130 (rosidl_adapt_interfaces)
[1.066s]   CMakeLists.txt:28 (rosidl_generate_interfaces)
[1.066s] 
[1.066s] [0m
[1.066s] -- Configuring incomplete, errors occurred!
[1.066s] See also "/home/yony/Dev/ros2_ws/build/sim_sem_interfaces/CMakeFiles/CMakeOutput.log".
[1.071s] Invoked command in '/home/yony/Dev/ros2_ws/build/sim_sem_interfaces' returned '1': CMAKE_PREFIX_PATH=/opt/ros/humble /usr/bin/cmake /home/yony/Dev/ros2_ws/src/sim_sem_interfaces -DCMAKE_INSTALL_PREFIX=/home/yony/Dev/ros2_ws/install/sim_sem_interfaces
