running egg_info
writing ../build/april_ros2/april_ros2.egg-info/PKG-INFO
writing dependency_links to ../build/april_ros2/april_ros2.egg-info/dependency_links.txt
writing entry points to ../build/april_ros2/april_ros2.egg-info/entry_points.txt
writing requirements to ../build/april_ros2/april_ros2.egg-info/requires.txt
writing top-level names to ../build/april_ros2/april_ros2.egg-info/top_level.txt
reading manifest file '../build/april_ros2/april_ros2.egg-info/SOURCES.txt'
writing manifest file '../build/april_ros2/april_ros2.egg-info/SOURCES.txt'
running build
running build_py
running install
running install_lib
running install_data
copying package.xml -> /home/yony/Dev/ros2_ws/src/install/april_ros2/share/april_ros2
running install_egg_info
removing '/home/yony/Dev/ros2_ws/src/install/april_ros2/lib/python3.8/site-packages/april_ros2-0.0.1-py3.8.egg-info' (and everything under it)
Copying ../build/april_ros2/april_ros2.egg-info to /home/yony/Dev/ros2_ws/src/install/april_ros2/lib/python3.8/site-packages/april_ros2-0.0.1-py3.8.egg-info
running install_scripts
Installing sem script to /home/yony/Dev/ros2_ws/src/install/april_ros2/lib/april_ros2
Traceback (most recent call last):
  File "setup.py", line 8, in <module>
    setup(
  File "/usr/lib/python3/dist-packages/setuptools/__init__.py", line 144, in setup
    return distutils.core.setup(**attrs)
  File "/usr/lib/python3.8/distutils/core.py", line 148, in setup
    dist.run_commands()
  File "/usr/lib/python3.8/distutils/dist.py", line 966, in run_commands
    self.run_command(cmd)
  File "/usr/lib/python3.8/distutils/dist.py", line 985, in run_command
    cmd_obj.run()
  File "/usr/lib/python3/dist-packages/setuptools/command/install.py", line 61, in run
    return orig.install.run(self)
  File "/usr/lib/python3.8/distutils/command/install.py", line 601, in run
    self.run_command(cmd_name)
  File "/usr/lib/python3.8/distutils/cmd.py", line 313, in run_command
    self.distribution.run_command(command)
  File "/usr/lib/python3.8/distutils/dist.py", line 985, in run_command
    cmd_obj.run()
  File "/usr/lib/python3/dist-packages/setuptools/command/install_scripts.py", line 51, in run
    for args in writer.get_args(dist, cmd.as_header()):
  File "/usr/lib/python3/dist-packages/setuptools/command/easy_install.py", line 2168, in get_args
    cls._ensure_safe_name(name)
  File "/usr/lib/python3/dist-packages/setuptools/command/easy_install.py", line 2181, in _ensure_safe_name
    raise ValueError("Path separators not allowed in script names")
ValueError: Path separators not allowed in script names
