[0.024s] Invoking command in '/home/yony/Dev/ros2_ws/build/april_ros2': /usr/bin/cmake --build /home/yony/Dev/ros2_ws/build/april_ros2 -- -j12 -l12
[0.120s] [100%] Built target cpp_executable
[0.138s] Invoked command in '/home/yony/Dev/ros2_ws/build/april_ros2' returned '0': /usr/bin/cmake --build /home/yony/Dev/ros2_ws/build/april_ros2 -- -j12 -l12
[0.196s] Invoking command in '/home/yony/Dev/ros2_ws/build/april_ros2': /usr/bin/cmake --install /home/yony/Dev/ros2_ws/build/april_ros2
[0.206s] -- Install configuration: ""
[0.206s] -- Up-to-date: /home/yony/Dev/ros2_ws/install/april_ros2/lib/april_ros2/cpp_executable
[0.207s] -- Up-to-date: /home/yony/Dev/ros2_ws/install/april_ros2/share/april_ros2/environment/pythonpath.sh
[0.207s] -- Up-to-date: /home/yony/Dev/ros2_ws/install/april_ros2/share/april_ros2/environment/pythonpath.dsv
[0.207s] -- Up-to-date: /home/yony/Dev/ros2_ws/install/april_ros2/lib/python3.8/site-packages/april_ros2
[0.207s] -- Up-to-date: /home/yony/Dev/ros2_ws/install/april_ros2/lib/python3.8/site-packages/april_ros2/msg
[0.207s] -- Up-to-date: /home/yony/Dev/ros2_ws/install/april_ros2/lib/python3.8/site-packages/april_ros2/msg/AddressBook.msg
[0.208s] -- Up-to-date: /home/yony/Dev/ros2_ws/install/april_ros2/lib/python3.8/site-packages/april_ros2/msg/Num.msg
[0.208s] -- Up-to-date: /home/yony/Dev/ros2_ws/install/april_ros2/lib/python3.8/site-packages/april_ros2/srv
[0.208s] -- Up-to-date: /home/yony/Dev/ros2_ws/install/april_ros2/lib/python3.8/site-packages/april_ros2/__init__.py
[0.244s] Listing '/home/yony/Dev/ros2_ws/install/april_ros2/lib/python3.8/site-packages/april_ros2'...
[0.245s] Listing '/home/yony/Dev/ros2_ws/install/april_ros2/lib/python3.8/site-packages/april_ros2/msg'...
[0.245s] Listing '/home/yony/Dev/ros2_ws/install/april_ros2/lib/python3.8/site-packages/april_ros2/srv'...
[0.249s] -- Up-to-date: /home/yony/Dev/ros2_ws/install/april_ros2/lib/april_ros2/sim.py
[0.249s] -- Up-to-date: /home/yony/Dev/ros2_ws/install/april_ros2/lib/april_ros2/dummy_fa.py
[0.249s] -- Up-to-date: /home/yony/Dev/ros2_ws/install/april_ros2/lib/april_ros2/dummy_grasp.py
[0.250s] -- Up-to-date: /home/yony/Dev/ros2_ws/install/april_ros2/share/april_ros2//launch
[0.250s] -- Up-to-date: /home/yony/Dev/ros2_ws/install/april_ros2/share/april_ros2//launch/april.launchV1.py
[0.251s] -- Installing: /home/yony/Dev/ros2_ws/install/april_ros2/share/april_ros2//launch/april.launch.py
[0.251s] -- Up-to-date: /home/yony/Dev/ros2_ws/install/april_ros2/share/ament_index/resource_index/package_run_dependencies/april_ros2
[0.251s] -- Up-to-date: /home/yony/Dev/ros2_ws/install/april_ros2/share/ament_index/resource_index/parent_prefix_path/april_ros2
[0.251s] -- Up-to-date: /home/yony/Dev/ros2_ws/install/april_ros2/share/april_ros2/environment/ament_prefix_path.sh
[0.252s] -- Up-to-date: /home/yony/Dev/ros2_ws/install/april_ros2/share/april_ros2/environment/ament_prefix_path.dsv
[0.252s] -- Up-to-date: /home/yony/Dev/ros2_ws/install/april_ros2/share/april_ros2/environment/path.sh
[0.252s] -- Up-to-date: /home/yony/Dev/ros2_ws/install/april_ros2/share/april_ros2/environment/path.dsv
[0.252s] -- Up-to-date: /home/yony/Dev/ros2_ws/install/april_ros2/share/april_ros2/local_setup.bash
[0.252s] -- Up-to-date: /home/yony/Dev/ros2_ws/install/april_ros2/share/april_ros2/local_setup.sh
[0.253s] -- Up-to-date: /home/yony/Dev/ros2_ws/install/april_ros2/share/april_ros2/local_setup.zsh
[0.253s] -- Up-to-date: /home/yony/Dev/ros2_ws/install/april_ros2/share/april_ros2/local_setup.dsv
[0.253s] -- Installing: /home/yony/Dev/ros2_ws/install/april_ros2/share/april_ros2/package.dsv
[0.253s] -- Up-to-date: /home/yony/Dev/ros2_ws/install/april_ros2/share/ament_index/resource_index/packages/april_ros2
[0.253s] -- Up-to-date: /home/yony/Dev/ros2_ws/install/april_ros2/share/april_ros2/cmake/april_ros2Config.cmake
[0.253s] -- Up-to-date: /home/yony/Dev/ros2_ws/install/april_ros2/share/april_ros2/cmake/april_ros2Config-version.cmake
[0.254s] -- Up-to-date: /home/yony/Dev/ros2_ws/install/april_ros2/share/april_ros2/package.xml
[0.255s] Invoked command in '/home/yony/Dev/ros2_ws/build/april_ros2' returned '0': /usr/bin/cmake --install /home/yony/Dev/ros2_ws/build/april_ros2
