[  0%] Built target sim_sem_interfaces__cpp
[  0%] [32mBuilding C object CMakeFiles/sim_sem_interfaces__rosidl_generator_c.dir/rosidl_generator_c/sim_sem_interfaces/msg/detail/human_behaviour__functions.c.o[0m
[  0%] [32mBuilding C object CMakeFiles/sim_sem_interfaces__rosidl_generator_c.dir/rosidl_generator_c/sim_sem_interfaces/msg/detail/robot_arm__functions.c.o[0m
[  1%] [32mBuilding C object CMakeFiles/sim_sem_interfaces__rosidl_generator_c.dir/rosidl_generator_c/sim_sem_interfaces/msg/detail/robot_hand__functions.c.o[0m
[  2%] [32mBuilding C object CMakeFiles/sim_sem_interfaces__rosidl_generator_c.dir/rosidl_generator_c/sim_sem_interfaces/msg/detail/environment__functions.c.o[0m
[  2%] Built target ament_cmake_python_copy_sim_sem_interfaces
[35m[1mConsolidate compiler generated dependencies of target sim_sem_interfaces__rosidl_typesupport_cpp[0m
[  4%] [32mBuilding CXX object CMakeFiles/sim_sem_interfaces__rosidl_typesupport_introspection_cpp.dir/rosidl_typesupport_introspection_cpp/sim_sem_interfaces/msg/detail/human_behaviour__type_support.cpp.o[0m
[  4%] [32mBuilding CXX object CMakeFiles/sim_sem_interfaces__rosidl_typesupport_introspection_cpp.dir/rosidl_typesupport_introspection_cpp/sim_sem_interfaces/msg/detail/environment__type_support.cpp.o[0m
[  5%] [32mBuilding CXX object CMakeFiles/sim_sem_interfaces__rosidl_typesupport_introspection_cpp.dir/rosidl_typesupport_introspection_cpp/sim_sem_interfaces/msg/detail/robot_arm__type_support.cpp.o[0m
[  6%] [32mBuilding CXX object CMakeFiles/sim_sem_interfaces__rosidl_typesupport_introspection_cpp.dir/rosidl_typesupport_introspection_cpp/sim_sem_interfaces/msg/detail/robot_high_latency_corrections__type_support.cpp.o[0m
[  6%] [32mBuilding CXX object CMakeFiles/sim_sem_interfaces__rosidl_typesupport_introspection_cpp.dir/rosidl_typesupport_introspection_cpp/sim_sem_interfaces/msg/detail/robot_hand_kinematic__type_support.cpp.o[0m
[  7%] [32mBuilding CXX object CMakeFiles/sim_sem_interfaces__rosidl_typesupport_introspection_cpp.dir/rosidl_typesupport_introspection_cpp/sim_sem_interfaces/msg/detail/robot_hand__type_support.cpp.o[0m
[  8%] [32mBuilding CXX object CMakeFiles/sim_sem_interfaces__rosidl_typesupport_fastrtps_cpp.dir/rosidl_typesupport_fastrtps_cpp/sim_sem_interfaces/msg/detail/dds_fastrtps/environment__type_support.cpp.o[0m
[  8%] [32mBuilding CXX object CMakeFiles/sim_sem_interfaces__rosidl_typesupport_introspection_cpp.dir/rosidl_typesupport_introspection_cpp/sim_sem_interfaces/msg/detail/robot_low_latency_corrections__type_support.cpp.o[0m
[  9%] [32mBuilding CXX object CMakeFiles/sim_sem_interfaces__rosidl_typesupport_fastrtps_cpp.dir/rosidl_typesupport_fastrtps_cpp/sim_sem_interfaces/msg/detail/dds_fastrtps/robot_arm__type_support.cpp.o[0m
[ 10%] [32mBuilding CXX object CMakeFiles/sim_sem_interfaces__rosidl_typesupport_fastrtps_cpp.dir/rosidl_typesupport_fastrtps_cpp/sim_sem_interfaces/msg/detail/dds_fastrtps/human_behaviour__type_support.cpp.o[0m
[ 11%] [32mBuilding CXX object CMakeFiles/sim_sem_interfaces__rosidl_typesupport_cpp.dir/rosidl_typesupport_cpp/sim_sem_interfaces/msg/environment__type_support.cpp.o[0m
[ 12%] [32mBuilding CXX object CMakeFiles/sim_sem_interfaces__rosidl_typesupport_introspection_cpp.dir/rosidl_typesupport_introspection_cpp/sim_sem_interfaces/msg/detail/tactile__type_support.cpp.o[0m
[ 12%] [32mBuilding CXX object CMakeFiles/sim_sem_interfaces__rosidl_typesupport_cpp.dir/rosidl_typesupport_cpp/sim_sem_interfaces/msg/robot_hand__type_support.cpp.o[0m
[ 13%] [32mBuilding CXX object CMakeFiles/sim_sem_interfaces__rosidl_typesupport_cpp.dir/rosidl_typesupport_cpp/sim_sem_interfaces/msg/robot_arm__type_support.cpp.o[0m
[ 14%] [32mBuilding CXX object CMakeFiles/sim_sem_interfaces__rosidl_typesupport_cpp.dir/rosidl_typesupport_cpp/sim_sem_interfaces/msg/human_behaviour__type_support.cpp.o[0m
running egg_info
writing sim_sem_interfaces.egg-info/PKG-INFO
writing dependency_links to sim_sem_interfaces.egg-info/dependency_links.txt
writing top-level names to sim_sem_interfaces.egg-info/top_level.txt
reading manifest file 'sim_sem_interfaces.egg-info/SOURCES.txt'
writing manifest file 'sim_sem_interfaces.egg-info/SOURCES.txt'
[ 14%] Built target ament_cmake_python_build_sim_sem_interfaces_egg
