running egg_info
creating ../../build/sim/sim.egg-info
writing ../../build/sim/sim.egg-info/PKG-INFO
writing dependency_links to ../../build/sim/sim.egg-info/dependency_links.txt
writing entry points to ../../build/sim/sim.egg-info/entry_points.txt
writing requirements to ../../build/sim/sim.egg-info/requires.txt
writing top-level names to ../../build/sim/sim.egg-info/top_level.txt
writing manifest file '../../build/sim/sim.egg-info/SOURCES.txt'
reading manifest file '../../build/sim/sim.egg-info/SOURCES.txt'
writing manifest file '../../build/sim/sim.egg-info/SOURCES.txt'
running build
running build_py
creating /home/yony/Dev/ros2_ws/build/sim/build
creating /home/yony/Dev/ros2_ws/build/sim/build/lib
creating /home/yony/Dev/ros2_ws/build/sim/build/lib/sim
copying sim/dummy_fa.py -> /home/yony/Dev/ros2_ws/build/sim/build/lib/sim
copying sim/sem.py -> /home/yony/Dev/ros2_ws/build/sim/build/lib/sim
copying sim/dummy_grasp.py -> /home/yony/Dev/ros2_ws/build/sim/build/lib/sim
copying sim/dummy_hb.py -> /home/yony/Dev/ros2_ws/build/sim/build/lib/sim
copying sim/dummy_nc.py -> /home/yony/Dev/ros2_ws/build/sim/build/lib/sim
copying sim/dummy.py -> /home/yony/Dev/ros2_ws/build/sim/build/lib/sim
copying sim/dummy_nv.py -> /home/yony/Dev/ros2_ws/build/sim/build/lib/sim
copying sim/__init__.py -> /home/yony/Dev/ros2_ws/build/sim/build/lib/sim
copying sim/sim.py -> /home/yony/Dev/ros2_ws/build/sim/build/lib/sim
running install
running install_lib
copying /home/yony/Dev/ros2_ws/build/sim/build/lib/sim/dummy_nc.py -> /home/yony/Dev/ros2_ws/install/sim/lib/python3.10/site-packages/sim
byte-compiling /home/yony/Dev/ros2_ws/install/sim/lib/python3.10/site-packages/sim/dummy_nc.py to dummy_nc.cpython-310.pyc
running install_data
running install_egg_info
removing '/home/yony/Dev/ros2_ws/install/sim/lib/python3.10/site-packages/sim-0.0.1-py3.10.egg-info' (and everything under it)
Copying ../../build/sim/sim.egg-info to /home/yony/Dev/ros2_ws/install/sim/lib/python3.10/site-packages/sim-0.0.1-py3.10.egg-info
running install_scripts
Installing dummy_fa script to /home/yony/Dev/ros2_ws/install/sim/lib/sim
Installing dummy_grasp script to /home/yony/Dev/ros2_ws/install/sim/lib/sim
Installing dummy_hb script to /home/yony/Dev/ros2_ws/install/sim/lib/sim
Installing dummy_nc script to /home/yony/Dev/ros2_ws/install/sim/lib/sim
Installing dummy_nv script to /home/yony/Dev/ros2_ws/install/sim/lib/sim
Installing sim script to /home/yony/Dev/ros2_ws/install/sim/lib/sim
writing list of installed files to '/home/yony/Dev/ros2_ws/build/sim/install.log'
