[0.731s] Invoking command in '/home/yony/Dev/ros2_ws/src/sim': PYTHONPATH=/home/yony/Dev/ros2_ws/install/sim/lib/python3.10/site-packages:${PYTHONPATH} /usr/bin/python3 setup.py egg_info --egg-base ../../build/sim build --build-base /home/yony/Dev/ros2_ws/build/sim/build install --prefix /home/yony/Dev/ros2_ws/install/sim --record /home/yony/Dev/ros2_ws/build/sim/install.log --single-version-externally-managed
[1.027s] running egg_info
[1.027s] creating ../../build/sim/sim.egg-info
[1.027s] writing ../../build/sim/sim.egg-info/PKG-INFO
[1.028s] writing dependency_links to ../../build/sim/sim.egg-info/dependency_links.txt
[1.028s] writing entry points to ../../build/sim/sim.egg-info/entry_points.txt
[1.028s] writing requirements to ../../build/sim/sim.egg-info/requires.txt
[1.028s] writing top-level names to ../../build/sim/sim.egg-info/top_level.txt
[1.029s] writing manifest file '../../build/sim/sim.egg-info/SOURCES.txt'
[1.031s] reading manifest file '../../build/sim/sim.egg-info/SOURCES.txt'
[1.032s] writing manifest file '../../build/sim/sim.egg-info/SOURCES.txt'
[1.032s] running build
[1.032s] running build_py
[1.032s] creating /home/yony/Dev/ros2_ws/build/sim/build
[1.032s] creating /home/yony/Dev/ros2_ws/build/sim/build/lib
[1.032s] creating /home/yony/Dev/ros2_ws/build/sim/build/lib/sim
[1.043s] copying sim/dummy_fa.py -> /home/yony/Dev/ros2_ws/build/sim/build/lib/sim
[1.043s] copying sim/sem.py -> /home/yony/Dev/ros2_ws/build/sim/build/lib/sim
[1.043s] copying sim/dummy_grasp.py -> /home/yony/Dev/ros2_ws/build/sim/build/lib/sim
[1.043s] copying sim/dummy_hb.py -> /home/yony/Dev/ros2_ws/build/sim/build/lib/sim
[1.043s] copying sim/dummy_nc.py -> /home/yony/Dev/ros2_ws/build/sim/build/lib/sim
[1.043s] copying sim/dummy.py -> /home/yony/Dev/ros2_ws/build/sim/build/lib/sim
[1.044s] copying sim/dummy_nv.py -> /home/yony/Dev/ros2_ws/build/sim/build/lib/sim
[1.044s] copying sim/__init__.py -> /home/yony/Dev/ros2_ws/build/sim/build/lib/sim
[1.044s] copying sim/sim.py -> /home/yony/Dev/ros2_ws/build/sim/build/lib/sim
[1.044s] running install
[1.044s] running install_lib
[1.045s] copying /home/yony/Dev/ros2_ws/build/sim/build/lib/sim/dummy_nc.py -> /home/yony/Dev/ros2_ws/install/sim/lib/python3.10/site-packages/sim
[1.046s] byte-compiling /home/yony/Dev/ros2_ws/install/sim/lib/python3.10/site-packages/sim/dummy_nc.py to dummy_nc.cpython-310.pyc
[1.046s] running install_data
[1.047s] running install_egg_info
[1.048s] removing '/home/yony/Dev/ros2_ws/install/sim/lib/python3.10/site-packages/sim-0.0.1-py3.10.egg-info' (and everything under it)
[1.048s] Copying ../../build/sim/sim.egg-info to /home/yony/Dev/ros2_ws/install/sim/lib/python3.10/site-packages/sim-0.0.1-py3.10.egg-info
[1.050s] running install_scripts
[1.071s] Installing dummy_fa script to /home/yony/Dev/ros2_ws/install/sim/lib/sim
[1.071s] Installing dummy_grasp script to /home/yony/Dev/ros2_ws/install/sim/lib/sim
[1.071s] Installing dummy_hb script to /home/yony/Dev/ros2_ws/install/sim/lib/sim
[1.072s] Installing dummy_nc script to /home/yony/Dev/ros2_ws/install/sim/lib/sim
[1.072s] Installing dummy_nv script to /home/yony/Dev/ros2_ws/install/sim/lib/sim
[1.072s] Installing sim script to /home/yony/Dev/ros2_ws/install/sim/lib/sim
[1.072s] writing list of installed files to '/home/yony/Dev/ros2_ws/build/sim/install.log'
[1.098s] Invoked command in '/home/yony/Dev/ros2_ws/src/sim' returned '0': PYTHONPATH=/home/yony/Dev/ros2_ws/install/sim/lib/python3.10/site-packages:${PYTHONPATH} /usr/bin/python3 setup.py egg_info --egg-base ../../build/sim build --build-base /home/yony/Dev/ros2_ws/build/sim/build install --prefix /home/yony/Dev/ros2_ws/install/sim --record /home/yony/Dev/ros2_ws/build/sim/install.log --single-version-externally-managed
