[0.023s] Invoking command in '/home/yony/Dev/ros2_ws/build/april_ros2': /usr/bin/cmake --build /home/yony/Dev/ros2_ws/build/april_ros2 -- -j12 -l12
[0.060s] -- Found ament_cmake: 0.9.9 (/home/yony/ros2_galactic/ros2-linux/share/ament_cmake/cmake)
[0.093s] -- Using PYTHON_EXECUTABLE: /usr/bin/python3
[0.311s] -- Found rclcpp: 2.4.1 (/home/yony/ros2_galactic/ros2-linux/share/rclcpp/cmake)
[0.343s] -- Using all available rosidl_typesupport_c: rosidl_typesupport_connext_c;rosidl_typesupport_fastrtps_c;rosidl_typesupport_introspection_c
[0.347s] -- Found rosidl_adapter: 1.2.1 (/home/yony/ros2_galactic/ros2-linux/share/rosidl_adapter/cmake)
[0.364s] -- Could not find RTI Connext - skipping rosidl_typesupport_connext_c
[0.374s] -- Could not find RTI Connext - skipping rosidl_typesupport_connext_cpp
[0.502s] -- Using all available rosidl_typesupport_cpp: rosidl_typesupport_connext_cpp;rosidl_typesupport_fastrtps_cpp;rosidl_typesupport_introspection_cpp
[0.559s] -- Found rmw_implementation_cmake: 1.0.3 (/home/yony/ros2_galactic/ros2-linux/share/rmw_implementation_cmake/cmake)
[0.561s] -- Using RMW implementation 'rmw_fastrtps_cpp' as default
[0.661s] -- Found rclpy: 1.0.8 (/home/yony/ros2_galactic/ros2-linux/share/rclpy/cmake)
[0.661s] -- Found std_msgs: 2.0.5 (/home/yony/ros2_galactic/ros2-linux/share/std_msgs/cmake)
[0.682s] -- Found ament_lint_auto: 0.9.6 (/home/yony/ros2_galactic/ros2-linux/share/ament_lint_auto/cmake)
[0.792s] -- Added test 'copyright' to check source files copyright and LICENSE
[0.801s] -- Added test 'cppcheck' to perform static code analysis on C / C++ code
[0.801s] -- Configured cppcheck include dirs: /home/yony/Dev/ros2_ws/src/april_ros2/include
[0.801s] -- Configured cppcheck exclude dirs and/or files: 
[0.809s] -- Added test 'cpplint' to check C / C++ code against the Google style
[0.809s] -- Configured cpplint exclude dirs and/or files: 
[0.810s] -- Added test 'flake8' to check Python code syntax and style conventions
[0.812s] -- Added test 'lint_cmake' to check CMake code style
[0.814s] -- Added test 'pep257' to check Python code against some of the style conventions in PEP 257
[0.822s] -- Added test 'uncrustify' to check C / C++ code style
[0.822s] -- Configured uncrustify additional arguments: 
[0.824s] -- Added test 'xmllint' to check XML markup files
[0.827s] -- Configuring done
[0.833s] -- Generating done
[0.835s] -- Build files have been written to: /home/yony/Dev/ros2_ws/build/april_ros2
[0.897s] [100%] Built target cpp_executable
[0.915s] Invoked command in '/home/yony/Dev/ros2_ws/build/april_ros2' returned '0': /usr/bin/cmake --build /home/yony/Dev/ros2_ws/build/april_ros2 -- -j12 -l12
[0.974s] Invoking command in '/home/yony/Dev/ros2_ws/build/april_ros2': /usr/bin/cmake --install /home/yony/Dev/ros2_ws/build/april_ros2
[0.988s] -- Install configuration: ""
[0.988s] -- Up-to-date: /home/yony/Dev/ros2_ws/install/april_ros2/lib/april_ros2/cpp_executable
[0.988s] -- Up-to-date: /home/yony/Dev/ros2_ws/install/april_ros2/share/april_ros2/environment/pythonpath.sh
[0.989s] -- Installing: /home/yony/Dev/ros2_ws/install/april_ros2/share/april_ros2/environment/pythonpath.dsv
[0.989s] -- Up-to-date: /home/yony/Dev/ros2_ws/install/april_ros2/lib/python3.8/site-packages/april_ros2
[0.989s] -- Up-to-date: /home/yony/Dev/ros2_ws/install/april_ros2/lib/python3.8/site-packages/april_ros2/msg
[0.989s] -- Up-to-date: /home/yony/Dev/ros2_ws/install/april_ros2/lib/python3.8/site-packages/april_ros2/msg/AddressBook.msg
[0.990s] -- Up-to-date: /home/yony/Dev/ros2_ws/install/april_ros2/lib/python3.8/site-packages/april_ros2/msg/Num.msg
[0.990s] -- Up-to-date: /home/yony/Dev/ros2_ws/install/april_ros2/lib/python3.8/site-packages/april_ros2/srv
[0.990s] -- Up-to-date: /home/yony/Dev/ros2_ws/install/april_ros2/lib/python3.8/site-packages/april_ros2/__init__.py
[1.029s] Listing '/home/yony/Dev/ros2_ws/install/april_ros2/lib/python3.8/site-packages/april_ros2'...
[1.030s] Listing '/home/yony/Dev/ros2_ws/install/april_ros2/lib/python3.8/site-packages/april_ros2/msg'...
[1.030s] Listing '/home/yony/Dev/ros2_ws/install/april_ros2/lib/python3.8/site-packages/april_ros2/srv'...
[1.034s] -- Up-to-date: /home/yony/Dev/ros2_ws/install/april_ros2/lib/april_ros2/sim.py
[1.035s] -- Up-to-date: /home/yony/Dev/ros2_ws/install/april_ros2/lib/april_ros2/dummy_fa.py
[1.035s] -- Installing: /home/yony/Dev/ros2_ws/install/april_ros2/lib/april_ros2/dummy_grasp.py
[1.035s] -- Up-to-date: /home/yony/Dev/ros2_ws/install/april_ros2/share/april_ros2//launch
[1.035s] -- Up-to-date: /home/yony/Dev/ros2_ws/install/april_ros2/share/april_ros2//launch/april.launchV1.py
[1.035s] -- Installing: /home/yony/Dev/ros2_ws/install/april_ros2/share/april_ros2//launch/april.launch.py
[1.036s] -- Up-to-date: /home/yony/Dev/ros2_ws/install/april_ros2/share/ament_index/resource_index/package_run_dependencies/april_ros2
[1.036s] -- Up-to-date: /home/yony/Dev/ros2_ws/install/april_ros2/share/ament_index/resource_index/parent_prefix_path/april_ros2
[1.036s] -- Up-to-date: /home/yony/Dev/ros2_ws/install/april_ros2/share/april_ros2/environment/ament_prefix_path.sh
[1.037s] -- Installing: /home/yony/Dev/ros2_ws/install/april_ros2/share/april_ros2/environment/ament_prefix_path.dsv
[1.037s] -- Up-to-date: /home/yony/Dev/ros2_ws/install/april_ros2/share/april_ros2/environment/path.sh
[1.037s] -- Installing: /home/yony/Dev/ros2_ws/install/april_ros2/share/april_ros2/environment/path.dsv
[1.037s] -- Up-to-date: /home/yony/Dev/ros2_ws/install/april_ros2/share/april_ros2/local_setup.bash
[1.037s] -- Up-to-date: /home/yony/Dev/ros2_ws/install/april_ros2/share/april_ros2/local_setup.sh
[1.038s] -- Up-to-date: /home/yony/Dev/ros2_ws/install/april_ros2/share/april_ros2/local_setup.zsh
[1.038s] -- Installing: /home/yony/Dev/ros2_ws/install/april_ros2/share/april_ros2/local_setup.dsv
[1.038s] -- Installing: /home/yony/Dev/ros2_ws/install/april_ros2/share/april_ros2/package.dsv
[1.038s] -- Up-to-date: /home/yony/Dev/ros2_ws/install/april_ros2/share/ament_index/resource_index/packages/april_ros2
[1.038s] -- Up-to-date: /home/yony/Dev/ros2_ws/install/april_ros2/share/april_ros2/cmake/april_ros2Config.cmake
[1.038s] -- Up-to-date: /home/yony/Dev/ros2_ws/install/april_ros2/share/april_ros2/cmake/april_ros2Config-version.cmake
[1.038s] -- Up-to-date: /home/yony/Dev/ros2_ws/install/april_ros2/share/april_ros2/package.xml
[1.042s] Invoked command in '/home/yony/Dev/ros2_ws/build/april_ros2' returned '0': /usr/bin/cmake --install /home/yony/Dev/ros2_ws/build/april_ros2
