[0.679s] Invoking command in '/home/yony/Dev/ros2_ws/src/april_ros2': PYTHONPATH=/home/yony/Dev/ros2_ws/src/install/april_ros2/lib/python3.8/site-packages:${PYTHONPATH} /usr/bin/python3 setup.py egg_info --egg-base ../build/april_ros2 build --build-base /home/yony/Dev/ros2_ws/src/build/april_ros2/build install --prefix /home/yony/Dev/ros2_ws/src/install/april_ros2 --record /home/yony/Dev/ros2_ws/src/build/april_ros2/install.log --single-version-externally-managed
[0.897s] running egg_info
[0.897s] writing ../build/april_ros2/april_ros2.egg-info/PKG-INFO
[0.898s] writing dependency_links to ../build/april_ros2/april_ros2.egg-info/dependency_links.txt
[0.898s] writing entry points to ../build/april_ros2/april_ros2.egg-info/entry_points.txt
[0.898s] writing requirements to ../build/april_ros2/april_ros2.egg-info/requires.txt
[0.898s] writing top-level names to ../build/april_ros2/april_ros2.egg-info/top_level.txt
[0.931s] reading manifest file '../build/april_ros2/april_ros2.egg-info/SOURCES.txt'
[0.932s] writing manifest file '../build/april_ros2/april_ros2.egg-info/SOURCES.txt'
[0.932s] running build
[0.932s] running build_py
[0.932s] copying april_ros2/dummy_fa.py -> /home/yony/Dev/ros2_ws/src/build/april_ros2/build/lib/april_ros2
[0.932s] copying april_ros2/dummy_grasp.py -> /home/yony/Dev/ros2_ws/src/build/april_ros2/build/lib/april_ros2
[0.933s] copying april_ros2/dummy_hb.py -> /home/yony/Dev/ros2_ws/src/build/april_ros2/build/lib/april_ros2
[0.933s] copying april_ros2/dummy_nc.py -> /home/yony/Dev/ros2_ws/src/build/april_ros2/build/lib/april_ros2
[0.933s] copying april_ros2/dummy_nv.py -> /home/yony/Dev/ros2_ws/src/build/april_ros2/build/lib/april_ros2
[0.933s] copying april_ros2/sim.py -> /home/yony/Dev/ros2_ws/src/build/april_ros2/build/lib/april_ros2
[0.933s] running install
[0.933s] running install_lib
[0.934s] copying /home/yony/Dev/ros2_ws/src/build/april_ros2/build/lib/april_ros2/dummy_fa.py -> /home/yony/Dev/ros2_ws/src/install/april_ros2/lib/python3.8/site-packages/april_ros2
[0.935s] copying /home/yony/Dev/ros2_ws/src/build/april_ros2/build/lib/april_ros2/dummy_grasp.py -> /home/yony/Dev/ros2_ws/src/install/april_ros2/lib/python3.8/site-packages/april_ros2
[0.935s] copying /home/yony/Dev/ros2_ws/src/build/april_ros2/build/lib/april_ros2/dummy_hb.py -> /home/yony/Dev/ros2_ws/src/install/april_ros2/lib/python3.8/site-packages/april_ros2
[0.935s] copying /home/yony/Dev/ros2_ws/src/build/april_ros2/build/lib/april_ros2/dummy_nc.py -> /home/yony/Dev/ros2_ws/src/install/april_ros2/lib/python3.8/site-packages/april_ros2
[0.935s] copying /home/yony/Dev/ros2_ws/src/build/april_ros2/build/lib/april_ros2/dummy_nv.py -> /home/yony/Dev/ros2_ws/src/install/april_ros2/lib/python3.8/site-packages/april_ros2
[0.935s] copying /home/yony/Dev/ros2_ws/src/build/april_ros2/build/lib/april_ros2/sim.py -> /home/yony/Dev/ros2_ws/src/install/april_ros2/lib/python3.8/site-packages/april_ros2
[0.935s] byte-compiling /home/yony/Dev/ros2_ws/src/install/april_ros2/lib/python3.8/site-packages/april_ros2/dummy_fa.py to dummy_fa.cpython-38.pyc
[0.937s] byte-compiling /home/yony/Dev/ros2_ws/src/install/april_ros2/lib/python3.8/site-packages/april_ros2/dummy_grasp.py to dummy_grasp.cpython-38.pyc
[0.937s] byte-compiling /home/yony/Dev/ros2_ws/src/install/april_ros2/lib/python3.8/site-packages/april_ros2/dummy_hb.py to dummy_hb.cpython-38.pyc
[0.938s] byte-compiling /home/yony/Dev/ros2_ws/src/install/april_ros2/lib/python3.8/site-packages/april_ros2/dummy_nc.py to dummy_nc.cpython-38.pyc
[0.938s] byte-compiling /home/yony/Dev/ros2_ws/src/install/april_ros2/lib/python3.8/site-packages/april_ros2/dummy_nv.py to dummy_nv.cpython-38.pyc
[0.939s] byte-compiling /home/yony/Dev/ros2_ws/src/install/april_ros2/lib/python3.8/site-packages/april_ros2/sim.py to sim.cpython-38.pyc
[0.939s] running install_data
[0.939s] running install_egg_info
[0.941s] removing '/home/yony/Dev/ros2_ws/src/install/april_ros2/lib/python3.8/site-packages/april_ros2-0.0.1-py3.8.egg-info' (and everything under it)
[0.941s] Copying ../build/april_ros2/april_ros2.egg-info to /home/yony/Dev/ros2_ws/src/install/april_ros2/lib/python3.8/site-packages/april_ros2-0.0.1-py3.8.egg-info
[0.942s] running install_scripts
[0.958s] Installing dummy_fa script to /home/yony/Dev/ros2_ws/src/install/april_ros2/lib/april_ros2
[0.958s] Installing dummy_grasp script to /home/yony/Dev/ros2_ws/src/install/april_ros2/lib/april_ros2
[0.958s] Installing dummy_hb script to /home/yony/Dev/ros2_ws/src/install/april_ros2/lib/april_ros2
[0.959s] Installing dummy_nc script to /home/yony/Dev/ros2_ws/src/install/april_ros2/lib/april_ros2
[0.959s] Installing dummy_nv script to /home/yony/Dev/ros2_ws/src/install/april_ros2/lib/april_ros2
[0.959s] Installing sem script to /home/yony/Dev/ros2_ws/src/install/april_ros2/lib/april_ros2
[0.959s] Installing sim script to /home/yony/Dev/ros2_ws/src/install/april_ros2/lib/april_ros2
[0.959s] writing list of installed files to '/home/yony/Dev/ros2_ws/src/build/april_ros2/install.log'
[0.979s] Invoked command in '/home/yony/Dev/ros2_ws/src/april_ros2' returned '0': PYTHONPATH=/home/yony/Dev/ros2_ws/src/install/april_ros2/lib/python3.8/site-packages:${PYTHONPATH} /usr/bin/python3 setup.py egg_info --egg-base ../build/april_ros2 build --build-base /home/yony/Dev/ros2_ws/src/build/april_ros2/build install --prefix /home/yony/Dev/ros2_ws/src/install/april_ros2 --record /home/yony/Dev/ros2_ws/src/build/april_ros2/install.log --single-version-externally-managed
