[0.669s] Invoking command in '/home/yony/Dev/ros2_ws/src/april_ros2': PYTHONPATH=/home/yony/Dev/ros2_ws/install/april_ros2/lib/python3.8/site-packages:${PYTHONPATH} /usr/bin/python3 setup.py egg_info --egg-base ../../build/april_ros2 build --build-base /home/yony/Dev/ros2_ws/build/april_ros2/build install --prefix /home/yony/Dev/ros2_ws/install/april_ros2 --record /home/yony/Dev/ros2_ws/build/april_ros2/install.log --single-version-externally-managed
[0.902s] running egg_info
[0.902s] writing ../../build/april_ros2/april_ros2.egg-info/PKG-INFO
[0.902s] writing dependency_links to ../../build/april_ros2/april_ros2.egg-info/dependency_links.txt
[0.902s] writing entry points to ../../build/april_ros2/april_ros2.egg-info/entry_points.txt
[0.903s] writing requirements to ../../build/april_ros2/april_ros2.egg-info/requires.txt
[0.903s] writing top-level names to ../../build/april_ros2/april_ros2.egg-info/top_level.txt
[0.938s] reading manifest file '../../build/april_ros2/april_ros2.egg-info/SOURCES.txt'
[0.939s] writing manifest file '../../build/april_ros2/april_ros2.egg-info/SOURCES.txt'
[0.940s] running build
[0.940s] running build_py
[0.940s] running install
[0.941s] running install_lib
[0.942s] running install_data
[0.943s] running install_egg_info
[0.944s] removing '/home/yony/Dev/ros2_ws/install/april_ros2/lib/python3.8/site-packages/april_ros2-0.0.1-py3.8.egg-info' (and everything under it)
[0.944s] Copying ../../build/april_ros2/april_ros2.egg-info to /home/yony/Dev/ros2_ws/install/april_ros2/lib/python3.8/site-packages/april_ros2-0.0.1-py3.8.egg-info
[0.946s] running install_scripts
[0.963s] Installing dummy script to /home/yony/Dev/ros2_ws/install/april_ros2/lib/april_ros2
[0.963s] Installing sem script to /home/yony/Dev/ros2_ws/install/april_ros2/lib/april_ros2
[0.963s] Installing sim script to /home/yony/Dev/ros2_ws/install/april_ros2/lib/april_ros2
[0.964s] writing list of installed files to '/home/yony/Dev/ros2_ws/build/april_ros2/install.log'
[0.986s] Invoked command in '/home/yony/Dev/ros2_ws/src/april_ros2' returned '0': PYTHONPATH=/home/yony/Dev/ros2_ws/install/april_ros2/lib/python3.8/site-packages:${PYTHONPATH} /usr/bin/python3 setup.py egg_info --egg-base ../../build/april_ros2 build --build-base /home/yony/Dev/ros2_ws/build/april_ros2/build install --prefix /home/yony/Dev/ros2_ws/install/april_ros2 --record /home/yony/Dev/ros2_ws/build/april_ros2/install.log --single-version-externally-managed
