[0.702s] Invoking command in '/home/yony/Dev/ros2_ws/src/sim': PYTHONPATH=/home/yony/Dev/ros2_ws/install/sim/lib/python3.10/site-packages:${PYTHONPATH} /usr/bin/python3 setup.py egg_info --egg-base ../../build/sim build --build-base /home/yony/Dev/ros2_ws/build/sim/build install --prefix /home/yony/Dev/ros2_ws/install/sim --record /home/yony/Dev/ros2_ws/build/sim/install.log --single-version-externally-managed
[0.976s] running egg_info
[0.976s] writing ../../build/sim/sim.egg-info/PKG-INFO
[0.976s] writing dependency_links to ../../build/sim/sim.egg-info/dependency_links.txt
[0.977s] writing entry points to ../../build/sim/sim.egg-info/entry_points.txt
[0.977s] writing requirements to ../../build/sim/sim.egg-info/requires.txt
[0.977s] writing top-level names to ../../build/sim/sim.egg-info/top_level.txt
[0.980s] reading manifest file '../../build/sim/sim.egg-info/SOURCES.txt'
[0.981s] writing manifest file '../../build/sim/sim.egg-info/SOURCES.txt'
[0.981s] running build
[0.981s] running build_py
[0.981s] copying sim/sim.py -> /home/yony/Dev/ros2_ws/build/sim/build/lib/sim
[0.981s] running install
[0.982s] running install_lib
[0.982s] copying /home/yony/Dev/ros2_ws/build/sim/build/lib/sim/sim.py -> /home/yony/Dev/ros2_ws/install/sim/lib/python3.10/site-packages/sim
[0.983s] byte-compiling /home/yony/Dev/ros2_ws/install/sim/lib/python3.10/site-packages/sim/sim.py to sim.cpython-310.pyc
[0.984s] running install_data
[0.984s] running install_egg_info
[0.986s] removing '/home/yony/Dev/ros2_ws/install/sim/lib/python3.10/site-packages/sim-0.0.1-py3.10.egg-info' (and everything under it)
[0.986s] Copying ../../build/sim/sim.egg-info to /home/yony/Dev/ros2_ws/install/sim/lib/python3.10/site-packages/sim-0.0.1-py3.10.egg-info
[0.987s] running install_scripts
[1.007s] Installing dummy_fa script to /home/yony/Dev/ros2_ws/install/sim/lib/sim
[1.007s] Installing dummy_grasp script to /home/yony/Dev/ros2_ws/install/sim/lib/sim
[1.008s] Installing dummy_hb script to /home/yony/Dev/ros2_ws/install/sim/lib/sim
[1.008s] Installing dummy_nc script to /home/yony/Dev/ros2_ws/install/sim/lib/sim
[1.008s] Installing dummy_nv script to /home/yony/Dev/ros2_ws/install/sim/lib/sim
[1.008s] Installing sim script to /home/yony/Dev/ros2_ws/install/sim/lib/sim
[1.008s] writing list of installed files to '/home/yony/Dev/ros2_ws/build/sim/install.log'
[1.030s] Invoked command in '/home/yony/Dev/ros2_ws/src/sim' returned '0': PYTHONPATH=/home/yony/Dev/ros2_ws/install/sim/lib/python3.10/site-packages:${PYTHONPATH} /usr/bin/python3 setup.py egg_info --egg-base ../../build/sim build --build-base /home/yony/Dev/ros2_ws/build/sim/build install --prefix /home/yony/Dev/ros2_ws/install/sim --record /home/yony/Dev/ros2_ws/build/sim/install.log --single-version-externally-managed
