[0.693s] Invoking command in '/home/yony/Dev/ros2_ws/src/sim': PYTHONPATH=/home/yony/Dev/ros2_ws/src/install/sim/lib/python3.10/site-packages:${PYTHONPATH} /usr/bin/python3 setup.py egg_info --egg-base ../build/sim build --build-base /home/yony/Dev/ros2_ws/src/build/sim/build install --prefix /home/yony/Dev/ros2_ws/src/install/sim --record /home/yony/Dev/ros2_ws/src/build/sim/install.log --single-version-externally-managed
[0.940s] running egg_info
[0.941s] writing ../build/sim/sim.egg-info/PKG-INFO
[0.941s] writing dependency_links to ../build/sim/sim.egg-info/dependency_links.txt
[0.941s] writing entry points to ../build/sim/sim.egg-info/entry_points.txt
[0.942s] writing requirements to ../build/sim/sim.egg-info/requires.txt
[0.942s] writing top-level names to ../build/sim/sim.egg-info/top_level.txt
[0.944s] reading manifest file '../build/sim/sim.egg-info/SOURCES.txt'
[0.945s] writing manifest file '../build/sim/sim.egg-info/SOURCES.txt'
[0.945s] running build
[0.946s] running build_py
[0.946s] running install
[0.946s] /usr/lib/python3/dist-packages/setuptools/command/install.py:34: SetuptoolsDeprecationWarning: setup.py install is deprecated. Use build and pip and other standards-based tools.
[0.946s]   warnings.warn(
[0.947s] running install_lib
[0.947s] running install_data
[0.948s] copying launch/sim.launch.py -> /home/yony/Dev/ros2_ws/src/install/sim/share/sim
[0.948s] running install_egg_info
[0.950s] removing '/home/yony/Dev/ros2_ws/src/install/sim/lib/python3.10/site-packages/sim-0.0.1-py3.10.egg-info' (and everything under it)
[0.950s] Copying ../build/sim/sim.egg-info to /home/yony/Dev/ros2_ws/src/install/sim/lib/python3.10/site-packages/sim-0.0.1-py3.10.egg-info
[0.951s] running install_scripts
[0.970s] Installing dummy_fa script to /home/yony/Dev/ros2_ws/src/install/sim/lib/sim
[0.970s] Installing dummy_grasp script to /home/yony/Dev/ros2_ws/src/install/sim/lib/sim
[0.971s] Installing dummy_hb script to /home/yony/Dev/ros2_ws/src/install/sim/lib/sim
[0.971s] Installing dummy_nc script to /home/yony/Dev/ros2_ws/src/install/sim/lib/sim
[0.971s] Installing dummy_nv script to /home/yony/Dev/ros2_ws/src/install/sim/lib/sim
[0.971s] Installing sim script to /home/yony/Dev/ros2_ws/src/install/sim/lib/sim
[0.971s] writing list of installed files to '/home/yony/Dev/ros2_ws/src/build/sim/install.log'
[0.991s] Invoked command in '/home/yony/Dev/ros2_ws/src/sim' returned '0': PYTHONPATH=/home/yony/Dev/ros2_ws/src/install/sim/lib/python3.10/site-packages:${PYTHONPATH} /usr/bin/python3 setup.py egg_info --egg-base ../build/sim build --build-base /home/yony/Dev/ros2_ws/src/build/sim/build install --prefix /home/yony/Dev/ros2_ws/src/install/sim --record /home/yony/Dev/ros2_ws/src/build/sim/install.log --single-version-externally-managed
