running egg_info
writing ../build/april_ros2/april_ros2.egg-info/PKG-INFO
writing dependency_links to ../build/april_ros2/april_ros2.egg-info/dependency_links.txt
writing entry points to ../build/april_ros2/april_ros2.egg-info/entry_points.txt
writing requirements to ../build/april_ros2/april_ros2.egg-info/requires.txt
writing top-level names to ../build/april_ros2/april_ros2.egg-info/top_level.txt
reading manifest file '../build/april_ros2/april_ros2.egg-info/SOURCES.txt'
writing manifest file '../build/april_ros2/april_ros2.egg-info/SOURCES.txt'
running build
running build_py
copying april_ros2/dummy.py -> /home/yony/Dev/ros2_ws/src/build/april_ros2/build/lib/april_ros2
running install
running install_lib
copying /home/yony/Dev/ros2_ws/src/build/april_ros2/build/lib/april_ros2/dummy.py -> /home/yony/Dev/ros2_ws/src/install/april_ros2/lib/python3.8/site-packages/april_ros2
byte-compiling /home/yony/Dev/ros2_ws/src/install/april_ros2/lib/python3.8/site-packages/april_ros2/dummy.py to dummy.cpython-38.pyc
running install_data
running install_egg_info
removing '/home/yony/Dev/ros2_ws/src/install/april_ros2/lib/python3.8/site-packages/april_ros2-0.0.1-py3.8.egg-info' (and everything under it)
Copying ../build/april_ros2/april_ros2.egg-info to /home/yony/Dev/ros2_ws/src/install/april_ros2/lib/python3.8/site-packages/april_ros2-0.0.1-py3.8.egg-info
running install_scripts
Installing dummy script to /home/yony/Dev/ros2_ws/src/install/april_ros2/lib/april_ros2
Installing sem script to /home/yony/Dev/ros2_ws/src/install/april_ros2/lib/april_ros2
Installing sim script to /home/yony/Dev/ros2_ws/src/install/april_ros2/lib/april_ros2
writing list of installed files to '/home/yony/Dev/ros2_ws/src/build/april_ros2/install.log'
