[0.743s] Invoking command in '/home/yony/Dev/ros2_ws/src/sim': PYTHONPATH=/home/yony/Dev/ros2_ws/install/sim/lib/python3.10/site-packages:${PYTHONPATH} /usr/bin/python3 setup.py egg_info --egg-base ../../build/sim build --build-base /home/yony/Dev/ros2_ws/build/sim/build install --prefix /home/yony/Dev/ros2_ws/install/sim --record /home/yony/Dev/ros2_ws/build/sim/install.log --single-version-externally-managed
[1.043s] running egg_info
[1.044s] writing ../../build/sim/sim.egg-info/PKG-INFO
[1.044s] writing dependency_links to ../../build/sim/sim.egg-info/dependency_links.txt
[1.044s] writing entry points to ../../build/sim/sim.egg-info/entry_points.txt
[1.045s] writing requirements to ../../build/sim/sim.egg-info/requires.txt
[1.045s] writing top-level names to ../../build/sim/sim.egg-info/top_level.txt
[1.047s] reading manifest file '../../build/sim/sim.egg-info/SOURCES.txt'
[1.048s] writing manifest file '../../build/sim/sim.egg-info/SOURCES.txt'
[1.048s] running build
[1.049s] running build_py
[1.049s] copying sim/dummy_nc.py -> /home/yony/Dev/ros2_ws/build/sim/build/lib/sim
[1.049s] running install
[1.049s] running install_lib
[1.050s] copying /home/yony/Dev/ros2_ws/build/sim/build/lib/sim/dummy_nc.py -> /home/yony/Dev/ros2_ws/install/sim/lib/python3.10/site-packages/sim
[1.051s] byte-compiling /home/yony/Dev/ros2_ws/install/sim/lib/python3.10/site-packages/sim/dummy_nc.py to dummy_nc.cpython-310.pyc
[1.051s] running install_data
[1.052s] running install_egg_info
[1.054s] removing '/home/yony/Dev/ros2_ws/install/sim/lib/python3.10/site-packages/sim-0.0.1-py3.10.egg-info' (and everything under it)
[1.054s] Copying ../../build/sim/sim.egg-info to /home/yony/Dev/ros2_ws/install/sim/lib/python3.10/site-packages/sim-0.0.1-py3.10.egg-info
[1.055s] running install_scripts
[1.075s] Installing dummy_fa script to /home/yony/Dev/ros2_ws/install/sim/lib/sim
[1.076s] Installing dummy_grasp script to /home/yony/Dev/ros2_ws/install/sim/lib/sim
[1.076s] Installing dummy_hb script to /home/yony/Dev/ros2_ws/install/sim/lib/sim
[1.076s] Installing dummy_nc script to /home/yony/Dev/ros2_ws/install/sim/lib/sim
[1.076s] Installing dummy_nv script to /home/yony/Dev/ros2_ws/install/sim/lib/sim
[1.077s] Installing sim script to /home/yony/Dev/ros2_ws/install/sim/lib/sim
[1.077s] writing list of installed files to '/home/yony/Dev/ros2_ws/build/sim/install.log'
[1.101s] Invoked command in '/home/yony/Dev/ros2_ws/src/sim' returned '0': PYTHONPATH=/home/yony/Dev/ros2_ws/install/sim/lib/python3.10/site-packages:${PYTHONPATH} /usr/bin/python3 setup.py egg_info --egg-base ../../build/sim build --build-base /home/yony/Dev/ros2_ws/build/sim/build install --prefix /home/yony/Dev/ros2_ws/install/sim --record /home/yony/Dev/ros2_ws/build/sim/install.log --single-version-externally-managed
