[0.948s] Invoking command in '/home/yony/Dev/ros2_ws/src/april_ros2': PYTHONPATH=/home/yony/Dev/ros2_ws/install/april_ros2/lib/python3.8/site-packages:${PYTHONPATH} /usr/bin/python3 setup.py egg_info --egg-base ../../build/april_ros2 build --build-base /home/yony/Dev/ros2_ws/build/april_ros2/build install --prefix /home/yony/Dev/ros2_ws/install/april_ros2 --record /home/yony/Dev/ros2_ws/build/april_ros2/install.log --single-version-externally-managed
[1.253s] running egg_info
[1.254s] writing ../../build/april_ros2/april_ros2.egg-info/PKG-INFO
[1.254s] writing dependency_links to ../../build/april_ros2/april_ros2.egg-info/dependency_links.txt
[1.255s] writing entry points to ../../build/april_ros2/april_ros2.egg-info/entry_points.txt
[1.255s] writing requirements to ../../build/april_ros2/april_ros2.egg-info/requires.txt
[1.255s] writing top-level names to ../../build/april_ros2/april_ros2.egg-info/top_level.txt
[1.317s] reading manifest file '../../build/april_ros2/april_ros2.egg-info/SOURCES.txt'
[1.319s] writing manifest file '../../build/april_ros2/april_ros2.egg-info/SOURCES.txt'
[1.319s] running build
[1.319s] running build_py
[1.319s] running install
[1.320s] running install_lib
[1.322s] running install_data
[1.323s] running install_egg_info
[1.326s] removing '/home/yony/Dev/ros2_ws/install/april_ros2/lib/python3.8/site-packages/april_ros2-0.0.1-py3.8.egg-info' (and everything under it)
[1.326s] Copying ../../build/april_ros2/april_ros2.egg-info to /home/yony/Dev/ros2_ws/install/april_ros2/lib/python3.8/site-packages/april_ros2-0.0.1-py3.8.egg-info
[1.327s] running install_scripts
[1.355s] Installing dummy script to /home/yony/Dev/ros2_ws/install/april_ros2/lib/april_ros2
[1.355s] Installing sem script to /home/yony/Dev/ros2_ws/install/april_ros2/lib/april_ros2
[1.355s] Installing sim script to /home/yony/Dev/ros2_ws/install/april_ros2/lib/april_ros2
[1.356s] writing list of installed files to '/home/yony/Dev/ros2_ws/build/april_ros2/install.log'
[1.391s] Invoked command in '/home/yony/Dev/ros2_ws/src/april_ros2' returned '0': PYTHONPATH=/home/yony/Dev/ros2_ws/install/april_ros2/lib/python3.8/site-packages:${PYTHONPATH} /usr/bin/python3 setup.py egg_info --egg-base ../../build/april_ros2 build --build-base /home/yony/Dev/ros2_ws/build/april_ros2/build install --prefix /home/yony/Dev/ros2_ws/install/april_ros2 --record /home/yony/Dev/ros2_ws/build/april_ros2/install.log --single-version-externally-managed
