[0.714s] Invoking command in '/home/yony/Dev/ros2_ws/src/sim': PYTHONPATH=/home/yony/Dev/ros2_ws/install/sim/lib/python3.10/site-packages:${PYTHONPATH} /usr/bin/python3 setup.py egg_info --egg-base ../../build/sim build --build-base /home/yony/Dev/ros2_ws/build/sim/build install --prefix /home/yony/Dev/ros2_ws/install/sim --record /home/yony/Dev/ros2_ws/build/sim/install.log --single-version-externally-managed
[0.986s] running egg_info
[0.987s] writing ../../build/sim/sim.egg-info/PKG-INFO
[0.987s] writing dependency_links to ../../build/sim/sim.egg-info/dependency_links.txt
[0.987s] writing entry points to ../../build/sim/sim.egg-info/entry_points.txt
[0.987s] writing requirements to ../../build/sim/sim.egg-info/requires.txt
[0.987s] writing top-level names to ../../build/sim/sim.egg-info/top_level.txt
[0.990s] reading manifest file '../../build/sim/sim.egg-info/SOURCES.txt'
[0.991s] writing manifest file '../../build/sim/sim.egg-info/SOURCES.txt'
[0.991s] running build
[0.991s] running build_py
[0.991s] copying sim/dummy_nc.py -> /home/yony/Dev/ros2_ws/build/sim/build/lib/sim
[0.992s] running install
[0.992s] running install_lib
[0.993s] copying /home/yony/Dev/ros2_ws/build/sim/build/lib/sim/dummy_nc.py -> /home/yony/Dev/ros2_ws/install/sim/lib/python3.10/site-packages/sim
[0.993s] byte-compiling /home/yony/Dev/ros2_ws/install/sim/lib/python3.10/site-packages/sim/dummy_nc.py to dummy_nc.cpython-310.pyc
[0.994s] running install_data
[0.994s] running install_egg_info
[0.996s] removing '/home/yony/Dev/ros2_ws/install/sim/lib/python3.10/site-packages/sim-0.0.1-py3.10.egg-info' (and everything under it)
[0.996s] Copying ../../build/sim/sim.egg-info to /home/yony/Dev/ros2_ws/install/sim/lib/python3.10/site-packages/sim-0.0.1-py3.10.egg-info
[0.997s] running install_scripts
[1.016s] Installing dummy_fa script to /home/yony/Dev/ros2_ws/install/sim/lib/sim
[1.016s] Installing dummy_grasp script to /home/yony/Dev/ros2_ws/install/sim/lib/sim
[1.016s] Installing dummy_hb script to /home/yony/Dev/ros2_ws/install/sim/lib/sim
[1.017s] Installing dummy_nc script to /home/yony/Dev/ros2_ws/install/sim/lib/sim
[1.017s] Installing dummy_nv script to /home/yony/Dev/ros2_ws/install/sim/lib/sim
[1.017s] Installing sim script to /home/yony/Dev/ros2_ws/install/sim/lib/sim
[1.017s] writing list of installed files to '/home/yony/Dev/ros2_ws/build/sim/install.log'
[1.041s] Invoked command in '/home/yony/Dev/ros2_ws/src/sim' returned '0': PYTHONPATH=/home/yony/Dev/ros2_ws/install/sim/lib/python3.10/site-packages:${PYTHONPATH} /usr/bin/python3 setup.py egg_info --egg-base ../../build/sim build --build-base /home/yony/Dev/ros2_ws/build/sim/build install --prefix /home/yony/Dev/ros2_ws/install/sim --record /home/yony/Dev/ros2_ws/build/sim/install.log --single-version-externally-managed
