[0.763s] Invoking command in '/home/yony/Dev/ros2_ws/src/sim': PYTHONPATH=/home/yony/Dev/ros2_ws/install/sim/lib/python3.10/site-packages:${PYTHONPATH} /usr/bin/python3 setup.py egg_info --egg-base ../../build/sim build --build-base /home/yony/Dev/ros2_ws/build/sim/build install --prefix /home/yony/Dev/ros2_ws/install/sim --record /home/yony/Dev/ros2_ws/build/sim/install.log --single-version-externally-managed
[1.056s] running egg_info
[1.056s] creating ../../build/sim/sim.egg-info
[1.057s] writing ../../build/sim/sim.egg-info/PKG-INFO
[1.057s] writing dependency_links to ../../build/sim/sim.egg-info/dependency_links.txt
[1.057s] writing entry points to ../../build/sim/sim.egg-info/entry_points.txt
[1.057s] writing requirements to ../../build/sim/sim.egg-info/requires.txt
[1.058s] writing top-level names to ../../build/sim/sim.egg-info/top_level.txt
[1.059s] writing manifest file '../../build/sim/sim.egg-info/SOURCES.txt'
[1.060s] reading manifest file '../../build/sim/sim.egg-info/SOURCES.txt'
[1.061s] writing manifest file '../../build/sim/sim.egg-info/SOURCES.txt'
[1.061s] running build
[1.062s] running build_py
[1.062s] creating /home/yony/Dev/ros2_ws/build/sim/build
[1.063s] creating /home/yony/Dev/ros2_ws/build/sim/build/lib
[1.063s] creating /home/yony/Dev/ros2_ws/build/sim/build/lib/sim
[1.063s] copying sim/dummy_fa.py -> /home/yony/Dev/ros2_ws/build/sim/build/lib/sim
[1.063s] copying sim/sem.py -> /home/yony/Dev/ros2_ws/build/sim/build/lib/sim
[1.064s] copying sim/dummy_grasp.py -> /home/yony/Dev/ros2_ws/build/sim/build/lib/sim
[1.064s] copying sim/dummy_hb.py -> /home/yony/Dev/ros2_ws/build/sim/build/lib/sim
[1.065s] copying sim/dummy_nc.py -> /home/yony/Dev/ros2_ws/build/sim/build/lib/sim
[1.065s] copying sim/dummy.py -> /home/yony/Dev/ros2_ws/build/sim/build/lib/sim
[1.065s] copying sim/dummy_nv.py -> /home/yony/Dev/ros2_ws/build/sim/build/lib/sim
[1.065s] copying sim/__init__.py -> /home/yony/Dev/ros2_ws/build/sim/build/lib/sim
[1.066s] copying sim/sim.py -> /home/yony/Dev/ros2_ws/build/sim/build/lib/sim
[1.066s] running install
[1.066s] running install_lib
[1.066s] creating /home/yony/Dev/ros2_ws/install/sim/lib/python3.10/site-packages/sim
[1.067s] copying /home/yony/Dev/ros2_ws/build/sim/build/lib/sim/dummy_fa.py -> /home/yony/Dev/ros2_ws/install/sim/lib/python3.10/site-packages/sim
[1.067s] copying /home/yony/Dev/ros2_ws/build/sim/build/lib/sim/sem.py -> /home/yony/Dev/ros2_ws/install/sim/lib/python3.10/site-packages/sim
[1.067s] copying /home/yony/Dev/ros2_ws/build/sim/build/lib/sim/dummy_grasp.py -> /home/yony/Dev/ros2_ws/install/sim/lib/python3.10/site-packages/sim
[1.067s] copying /home/yony/Dev/ros2_ws/build/sim/build/lib/sim/dummy_hb.py -> /home/yony/Dev/ros2_ws/install/sim/lib/python3.10/site-packages/sim
[1.068s] copying /home/yony/Dev/ros2_ws/build/sim/build/lib/sim/dummy_nc.py -> /home/yony/Dev/ros2_ws/install/sim/lib/python3.10/site-packages/sim
[1.068s] copying /home/yony/Dev/ros2_ws/build/sim/build/lib/sim/dummy.py -> /home/yony/Dev/ros2_ws/install/sim/lib/python3.10/site-packages/sim
[1.068s] copying /home/yony/Dev/ros2_ws/build/sim/build/lib/sim/dummy_nv.py -> /home/yony/Dev/ros2_ws/install/sim/lib/python3.10/site-packages/sim
[1.068s] copying /home/yony/Dev/ros2_ws/build/sim/build/lib/sim/__init__.py -> /home/yony/Dev/ros2_ws/install/sim/lib/python3.10/site-packages/sim
[1.069s] copying /home/yony/Dev/ros2_ws/build/sim/build/lib/sim/sim.py -> /home/yony/Dev/ros2_ws/install/sim/lib/python3.10/site-packages/sim
[1.069s] byte-compiling /home/yony/Dev/ros2_ws/install/sim/lib/python3.10/site-packages/sim/dummy_fa.py to dummy_fa.cpython-310.pyc
[1.070s] byte-compiling /home/yony/Dev/ros2_ws/install/sim/lib/python3.10/site-packages/sim/sem.py to sem.cpython-310.pyc
[1.070s] byte-compiling /home/yony/Dev/ros2_ws/install/sim/lib/python3.10/site-packages/sim/dummy_grasp.py to dummy_grasp.cpython-310.pyc
[1.070s] byte-compiling /home/yony/Dev/ros2_ws/install/sim/lib/python3.10/site-packages/sim/dummy_hb.py to dummy_hb.cpython-310.pyc
[1.070s] byte-compiling /home/yony/Dev/ros2_ws/install/sim/lib/python3.10/site-packages/sim/dummy_nc.py to dummy_nc.cpython-310.pyc
[1.071s] byte-compiling /home/yony/Dev/ros2_ws/install/sim/lib/python3.10/site-packages/sim/dummy.py to dummy.cpython-310.pyc
[1.071s] byte-compiling /home/yony/Dev/ros2_ws/install/sim/lib/python3.10/site-packages/sim/dummy_nv.py to dummy_nv.cpython-310.pyc
[1.071s] byte-compiling /home/yony/Dev/ros2_ws/install/sim/lib/python3.10/site-packages/sim/__init__.py to __init__.cpython-310.pyc
[1.071s] byte-compiling /home/yony/Dev/ros2_ws/install/sim/lib/python3.10/site-packages/sim/sim.py to sim.cpython-310.pyc
[1.071s] running install_data
[1.072s] copying package.xml -> /home/yony/Dev/ros2_ws/install/sim/share/sim
[1.072s] copying launch/sim.launch.py -> /home/yony/Dev/ros2_ws/install/sim/share/sim
[1.072s] running install_egg_info
[1.072s] Copying ../../build/sim/sim.egg-info to /home/yony/Dev/ros2_ws/install/sim/lib/python3.10/site-packages/sim-0.0.1-py3.10.egg-info
[1.072s] running install_scripts
[1.093s] Installing dummy_fa script to /home/yony/Dev/ros2_ws/install/sim/lib/sim
[1.093s] Installing dummy_grasp script to /home/yony/Dev/ros2_ws/install/sim/lib/sim
[1.094s] Installing dummy_hb script to /home/yony/Dev/ros2_ws/install/sim/lib/sim
[1.094s] Installing dummy_nc script to /home/yony/Dev/ros2_ws/install/sim/lib/sim
[1.094s] Installing dummy_nv script to /home/yony/Dev/ros2_ws/install/sim/lib/sim
[1.094s] Installing sim script to /home/yony/Dev/ros2_ws/install/sim/lib/sim
[1.094s] writing list of installed files to '/home/yony/Dev/ros2_ws/build/sim/install.log'
[1.119s] Invoked command in '/home/yony/Dev/ros2_ws/src/sim' returned '0': PYTHONPATH=/home/yony/Dev/ros2_ws/install/sim/lib/python3.10/site-packages:${PYTHONPATH} /usr/bin/python3 setup.py egg_info --egg-base ../../build/sim build --build-base /home/yony/Dev/ros2_ws/build/sim/build install --prefix /home/yony/Dev/ros2_ws/install/sim --record /home/yony/Dev/ros2_ws/build/sim/install.log --single-version-externally-managed
