[0.685s] Invoking command in '/home/yony/Dev/ros2_ws/src/sim': PYTHONPATH=/home/yony/Dev/ros2_ws/src/install/sim/lib/python3.10/site-packages:${PYTHONPATH} /usr/bin/python3 setup.py egg_info --egg-base ../build/sim build --build-base /home/yony/Dev/ros2_ws/src/build/sim/build install --prefix /home/yony/Dev/ros2_ws/src/install/sim --record /home/yony/Dev/ros2_ws/src/build/sim/install.log --single-version-externally-managed
[0.929s] running egg_info
[0.929s] writing ../build/sim/sim.egg-info/PKG-INFO
[0.930s] writing dependency_links to ../build/sim/sim.egg-info/dependency_links.txt
[0.930s] writing entry points to ../build/sim/sim.egg-info/entry_points.txt
[0.930s] writing requirements to ../build/sim/sim.egg-info/requires.txt
[0.931s] writing top-level names to ../build/sim/sim.egg-info/top_level.txt
[0.933s] reading manifest file '../build/sim/sim.egg-info/SOURCES.txt'
[0.934s] writing manifest file '../build/sim/sim.egg-info/SOURCES.txt'
[0.934s] running build
[0.934s] running build_py
[0.935s] running install
[0.935s] /usr/lib/python3/dist-packages/setuptools/command/install.py:34: SetuptoolsDeprecationWarning: setup.py install is deprecated. Use build and pip and other standards-based tools.
[0.935s]   warnings.warn(
[0.935s] running install_lib
[0.936s] running install_data
[0.937s] running install_egg_info
[0.938s] removing '/home/yony/Dev/ros2_ws/src/install/sim/lib/python3.10/site-packages/sim-0.0.1-py3.10.egg-info' (and everything under it)
[0.938s] Copying ../build/sim/sim.egg-info to /home/yony/Dev/ros2_ws/src/install/sim/lib/python3.10/site-packages/sim-0.0.1-py3.10.egg-info
[0.939s] running install_scripts
[0.959s] Installing dummy_fa script to /home/yony/Dev/ros2_ws/src/install/sim/lib/sim
[0.959s] Installing dummy_grasp script to /home/yony/Dev/ros2_ws/src/install/sim/lib/sim
[0.960s] Installing dummy_hb script to /home/yony/Dev/ros2_ws/src/install/sim/lib/sim
[0.960s] Installing dummy_nc script to /home/yony/Dev/ros2_ws/src/install/sim/lib/sim
[0.960s] Installing dummy_nv script to /home/yony/Dev/ros2_ws/src/install/sim/lib/sim
[0.961s] Installing sim script to /home/yony/Dev/ros2_ws/src/install/sim/lib/sim
[0.961s] writing list of installed files to '/home/yony/Dev/ros2_ws/src/build/sim/install.log'
[0.981s] Invoked command in '/home/yony/Dev/ros2_ws/src/sim' returned '0': PYTHONPATH=/home/yony/Dev/ros2_ws/src/install/sim/lib/python3.10/site-packages:${PYTHONPATH} /usr/bin/python3 setup.py egg_info --egg-base ../build/sim build --build-base /home/yony/Dev/ros2_ws/src/build/sim/build install --prefix /home/yony/Dev/ros2_ws/src/install/sim --record /home/yony/Dev/ros2_ws/src/build/sim/install.log --single-version-externally-managed
