[  0%] Built target sim_sem_interfaces__cpp
[ 12%] Built target sim_sem_interfaces__rosidl_generator_c
[ 12%] Built target ament_cmake_python_copy_sim_sem_interfaces
[ 24%] Built target sim_sem_interfaces__rosidl_typesupport_c
[ 37%] Built target sim_sem_interfaces__rosidl_typesupport_introspection_cpp
[ 49%] Built target sim_sem_interfaces__rosidl_typesupport_fastrtps_cpp
[ 61%] Built target sim_sem_interfaces__rosidl_typesupport_introspection_c
[ 73%] Built target sim_sem_interfaces__rosidl_typesupport_cpp
[ 85%] Built target sim_sem_interfaces__rosidl_typesupport_fastrtps_c
[ 85%] Built target sim_sem_interfaces
[ 86%] Built target sim_sem_interfaces__py
[ 97%] Built target sim_sem_interfaces__rosidl_generator_py
[100%] Built target sim_sem_interfaces__rosidl_typesupport_c__pyext
[100%] Built target sim_sem_interfaces__rosidl_typesupport_introspection_c__pyext
[100%] Built target sim_sem_interfaces__rosidl_typesupport_fastrtps_c__pyext
running egg_info
writing sim_sem_interfaces.egg-info/PKG-INFO
writing dependency_links to sim_sem_interfaces.egg-info/dependency_links.txt
writing top-level names to sim_sem_interfaces.egg-info/top_level.txt
reading manifest file 'sim_sem_interfaces.egg-info/SOURCES.txt'
writing manifest file 'sim_sem_interfaces.egg-info/SOURCES.txt'
[100%] Built target ament_cmake_python_build_sim_sem_interfaces_egg
-- Install configuration: ""
-- Up-to-date: /home/yony/Dev/ros2_ws/install/sim_sem_interfaces/share/ament_index/resource_index/rosidl_interfaces/sim_sem_interfaces
-- Up-to-date: /home/yony/Dev/ros2_ws/install/sim_sem_interfaces/include/sim_sem_interfaces/sim_sem_interfaces
-- Up-to-date: /home/yony/Dev/ros2_ws/install/sim_sem_interfaces/include/sim_sem_interfaces/sim_sem_interfaces/msg
-- Up-to-date: /home/yony/Dev/ros2_ws/install/sim_sem_interfaces/include/sim_sem_interfaces/sim_sem_interfaces/msg/detail
-- Up-to-date: /home/yony/Dev/ros2_ws/install/sim_sem_interfaces/include/sim_sem_interfaces/sim_sem_interfaces/msg/detail/emergency_request_status__type_support.h
-- Up-to-date: /home/yony/Dev/ros2_ws/install/sim_sem_interfaces/include/sim_sem_interfaces/sim_sem_interfaces/msg/detail/human_motion__struct.h
-- Up-to-date: /home/yony/Dev/ros2_ws/install/sim_sem_interfaces/include/sim_sem_interfaces/sim_sem_interfaces/msg/detail/robot_hand__functions.h
-- Up-to-date: /home/yony/Dev/ros2_ws/install/sim_sem_interfaces/include/sim_sem_interfaces/sim_sem_interfaces/msg/detail/robot_grasping_strategies__functions.c
-- Up-to-date: /home/yony/Dev/ros2_ws/install/sim_sem_interfaces/include/sim_sem_interfaces/sim_sem_interfaces/msg/detail/robot_high_latency_corrections__functions.c
-- Up-to-date: /home/yony/Dev/ros2_ws/install/sim_sem_interfaces/include/sim_sem_interfaces/sim_sem_interfaces/msg/detail/human_behaviour__functions.h
-- Up-to-date: /home/yony/Dev/ros2_ws/install/sim_sem_interfaces/include/sim_sem_interfaces/sim_sem_interfaces/msg/detail/human_hand_gesture__type_support.h
-- Up-to-date: /home/yony/Dev/ros2_ws/install/sim_sem_interfaces/include/sim_sem_interfaces/sim_sem_interfaces/msg/detail/emergency__type_support.h
-- Up-to-date: /home/yony/Dev/ros2_ws/install/sim_sem_interfaces/include/sim_sem_interfaces/sim_sem_interfaces/msg/detail/robot_hand__type_support.h
-- Up-to-date: /home/yony/Dev/ros2_ws/install/sim_sem_interfaces/include/sim_sem_interfaces/sim_sem_interfaces/msg/detail/tactile__functions.h
-- Up-to-date: /home/yony/Dev/ros2_ws/install/sim_sem_interfaces/include/sim_sem_interfaces/sim_sem_interfaces/msg/detail/human_sight__functions.h
-- Up-to-date: /home/yony/Dev/ros2_ws/install/sim_sem_interfaces/include/sim_sem_interfaces/sim_sem_interfaces/msg/detail/human_grasping_strategies__functions.h
-- Up-to-date: /home/yony/Dev/ros2_ws/install/sim_sem_interfaces/include/sim_sem_interfaces/sim_sem_interfaces/msg/detail/environment__functions.c
-- Up-to-date: /home/yony/Dev/ros2_ws/install/sim_sem_interfaces/include/sim_sem_interfaces/sim_sem_interfaces/msg/detail/emergency_request_status__struct.h
-- Up-to-date: /home/yony/Dev/ros2_ws/install/sim_sem_interfaces/include/sim_sem_interfaces/sim_sem_interfaces/msg/detail/robot_arm_kinematic__functions.h
-- Up-to-date: /home/yony/Dev/ros2_ws/install/sim_sem_interfaces/include/sim_sem_interfaces/sim_sem_interfaces/msg/detail/human_hand_gesture__functions.c
-- Up-to-date: /home/yony/Dev/ros2_ws/install/sim_sem_interfaces/include/sim_sem_interfaces/sim_sem_interfaces/msg/detail/neuromorphic_sensing__struct.h
-- Up-to-date: /home/yony/Dev/ros2_ws/install/sim_sem_interfaces/include/sim_sem_interfaces/sim_sem_interfaces/msg/detail/robot_hand_kinematic__functions.c
-- Up-to-date: /home/yony/Dev/ros2_ws/install/sim_sem_interfaces/include/sim_sem_interfaces/sim_sem_interfaces/msg/detail/fatigue_analysis__struct.h
-- Up-to-date: /home/yony/Dev/ros2_ws/install/sim_sem_interfaces/include/sim_sem_interfaces/sim_sem_interfaces/msg/detail/robot_arm_kinematic__type_support.h
-- Up-to-date: /home/yony/Dev/ros2_ws/install/sim_sem_interfaces/include/sim_sem_interfaces/sim_sem_interfaces/msg/detail/neuromorphic_sensing__functions.h
-- Up-to-date: /home/yony/Dev/ros2_ws/install/sim_sem_interfaces/include/sim_sem_interfaces/sim_sem_interfaces/msg/detail/human_grasping_strategies__type_support.h
-- Up-to-date: /home/yony/Dev/ros2_ws/install/sim_sem_interfaces/include/sim_sem_interfaces/sim_sem_interfaces/msg/detail/fatigue_analysis__functions.c
-- Up-to-date: /home/yony/Dev/ros2_ws/install/sim_sem_interfaces/include/sim_sem_interfaces/sim_sem_interfaces/msg/detail/neuromorphic_sensing__functions.c
-- Up-to-date: /home/yony/Dev/ros2_ws/install/sim_sem_interfaces/include/sim_sem_interfaces/sim_sem_interfaces/msg/detail/robot_grasping_strategies__struct.h
-- Up-to-date: /home/yony/Dev/ros2_ws/install/sim_sem_interfaces/include/sim_sem_interfaces/sim_sem_interfaces/msg/detail/robot_arm__functions.h
-- Up-to-date: /home/yony/Dev/ros2_ws/install/sim_sem_interfaces/include/sim_sem_interfaces/sim_sem_interfaces/msg/detail/human_behaviour__struct.h
-- Up-to-date: /home/yony/Dev/ros2_ws/install/sim_sem_interfaces/include/sim_sem_interfaces/sim_sem_interfaces/msg/detail/human_sight__type_support.h
-- Up-to-date: /home/yony/Dev/ros2_ws/install/sim_sem_interfaces/include/sim_sem_interfaces/sim_sem_interfaces/msg/detail/emergency_request_status__functions.h
-- Up-to-date: /home/yony/Dev/ros2_ws/install/sim_sem_interfaces/include/sim_sem_interfaces/sim_sem_interfaces/msg/detail/robot_arm__functions.c
-- Up-to-date: /home/yony/Dev/ros2_ws/install/sim_sem_interfaces/include/sim_sem_interfaces/sim_sem_interfaces/msg/detail/human_parameter_intention__type_support.h
-- Up-to-date: /home/yony/Dev/ros2_ws/install/sim_sem_interfaces/include/sim_sem_interfaces/sim_sem_interfaces/msg/detail/human_parameter_intention__functions.h
-- Up-to-date: /home/yony/Dev/ros2_ws/install/sim_sem_interfaces/include/sim_sem_interfaces/sim_sem_interfaces/msg/detail/tactile__functions.c
-- Up-to-date: /home/yony/Dev/ros2_ws/install/sim_sem_interfaces/include/sim_sem_interfaces/sim_sem_interfaces/msg/detail/robot_hand_kinematic__struct.h
-- Up-to-date: /home/yony/Dev/ros2_ws/install/sim_sem_interfaces/include/sim_sem_interfaces/sim_sem_interfaces/msg/detail/human_sight__functions.c
-- Up-to-date: /home/yony/Dev/ros2_ws/install/sim_sem_interfaces/include/sim_sem_interfaces/sim_sem_interfaces/msg/detail/robot_low_latency_corrections__functions.c
-- Up-to-date: /home/yony/Dev/ros2_ws/install/sim_sem_interfaces/include/sim_sem_interfaces/sim_sem_interfaces/msg/detail/robot_hand__struct.h
-- Up-to-date: /home/yony/Dev/ros2_ws/install/sim_sem_interfaces/include/sim_sem_interfaces/sim_sem_interfaces/msg/detail/robot_hand_kinematic__type_support.h
-- Up-to-date: /home/yony/Dev/ros2_ws/install/sim_sem_interfaces/include/sim_sem_interfaces/sim_sem_interfaces/msg/detail/robot_high_latency_corrections__type_support.h
-- Up-to-date: /home/yony/Dev/ros2_ws/install/sim_sem_interfaces/include/sim_sem_interfaces/sim_sem_interfaces/msg/detail/robot_low_latency_corrections__struct.h
-- Up-to-date: /home/yony/Dev/ros2_ws/install/sim_sem_interfaces/include/sim_sem_interfaces/sim_sem_interfaces/msg/detail/physical_object__struct.h
-- Up-to-date: /home/yony/Dev/ros2_ws/install/sim_sem_interfaces/include/sim_sem_interfaces/sim_sem_interfaces/msg/detail/emergency__functions.c
-- Up-to-date: /home/yony/Dev/ros2_ws/install/sim_sem_interfaces/include/sim_sem_interfaces/sim_sem_interfaces/msg/detail/robot_arm_kinematic__functions.c
-- Up-to-date: /home/yony/Dev/ros2_ws/install/sim_sem_interfaces/include/sim_sem_interfaces/sim_sem_interfaces/msg/detail/robot_arm__type_support.h
-- Up-to-date: /home/yony/Dev/ros2_ws/install/sim_sem_interfaces/include/sim_sem_interfaces/sim_sem_interfaces/msg/detail/human_motion__functions.c
-- Up-to-date: /home/yony/Dev/ros2_ws/install/sim_sem_interfaces/include/sim_sem_interfaces/sim_sem_interfaces/msg/detail/human_hand_gesture__functions.h
-- Up-to-date: /home/yony/Dev/ros2_ws/install/sim_sem_interfaces/include/sim_sem_interfaces/sim_sem_interfaces/msg/detail/human_grasping_strategies__functions.c
-- Up-to-date: /home/yony/Dev/ros2_ws/install/sim_sem_interfaces/include/sim_sem_interfaces/sim_sem_interfaces/msg/detail/robot_arm_kinematic__struct.h
-- Up-to-date: /home/yony/Dev/ros2_ws/install/sim_sem_interfaces/include/sim_sem_interfaces/sim_sem_interfaces/msg/detail/robot_arm__struct.h
-- Up-to-date: /home/yony/Dev/ros2_ws/install/sim_sem_interfaces/include/sim_sem_interfaces/sim_sem_interfaces/msg/detail/human_motion__type_support.h
-- Up-to-date: /home/yony/Dev/ros2_ws/install/sim_sem_interfaces/include/sim_sem_interfaces/sim_sem_interfaces/msg/detail/fatigue_analysis__functions.h
-- Up-to-date: /home/yony/Dev/ros2_ws/install/sim_sem_interfaces/include/sim_sem_interfaces/sim_sem_interfaces/msg/detail/human_hand_gesture__struct.h
-- Up-to-date: /home/yony/Dev/ros2_ws/install/sim_sem_interfaces/include/sim_sem_interfaces/sim_sem_interfaces/msg/detail/environment__type_support.h
-- Up-to-date: /home/yony/Dev/ros2_ws/install/sim_sem_interfaces/include/sim_sem_interfaces/sim_sem_interfaces/msg/detail/human_motion__functions.h
-- Up-to-date: /home/yony/Dev/ros2_ws/install/sim_sem_interfaces/include/sim_sem_interfaces/sim_sem_interfaces/msg/detail/tactile__struct.h
-- Up-to-date: /home/yony/Dev/ros2_ws/install/sim_sem_interfaces/include/sim_sem_interfaces/sim_sem_interfaces/msg/detail/robot_high_latency_corrections__functions.h
-- Up-to-date: /home/yony/Dev/ros2_ws/install/sim_sem_interfaces/include/sim_sem_interfaces/sim_sem_interfaces/msg/detail/human_behaviour__type_support.h
-- Up-to-date: /home/yony/Dev/ros2_ws/install/sim_sem_interfaces/include/sim_sem_interfaces/sim_sem_interfaces/msg/detail/emergency__functions.h
-- Up-to-date: /home/yony/Dev/ros2_ws/install/sim_sem_interfaces/include/sim_sem_interfaces/sim_sem_interfaces/msg/detail/tactile__type_support.h
-- Up-to-date: /home/yony/Dev/ros2_ws/install/sim_sem_interfaces/include/sim_sem_interfaces/sim_sem_interfaces/msg/detail/physical_object__functions.h
-- Up-to-date: /home/yony/Dev/ros2_ws/install/sim_sem_interfaces/include/sim_sem_interfaces/sim_sem_interfaces/msg/detail/human_parameter_intention__functions.c
-- Up-to-date: /home/yony/Dev/ros2_ws/install/sim_sem_interfaces/include/sim_sem_interfaces/sim_sem_interfaces/msg/detail/neuromorphic_sensing__type_support.h
-- Up-to-date: /home/yony/Dev/ros2_ws/install/sim_sem_interfaces/include/sim_sem_interfaces/sim_sem_interfaces/msg/detail/human_grasping_strategies__struct.h
-- Up-to-date: /home/yony/Dev/ros2_ws/install/sim_sem_interfaces/include/sim_sem_interfaces/sim_sem_interfaces/msg/detail/emergency_request_status__functions.c
-- Up-to-date: /home/yony/Dev/ros2_ws/install/sim_sem_interfaces/include/sim_sem_interfaces/sim_sem_interfaces/msg/detail/environment__struct.h
-- Up-to-date: /home/yony/Dev/ros2_ws/install/sim_sem_interfaces/include/sim_sem_interfaces/sim_sem_interfaces/msg/detail/physical_object__functions.c
-- Up-to-date: /home/yony/Dev/ros2_ws/install/sim_sem_interfaces/include/sim_sem_interfaces/sim_sem_interfaces/msg/detail/human_behaviour__functions.c
-- Up-to-date: /home/yony/Dev/ros2_ws/install/sim_sem_interfaces/include/sim_sem_interfaces/sim_sem_interfaces/msg/detail/robot_high_latency_corrections__struct.h
-- Up-to-date: /home/yony/Dev/ros2_ws/install/sim_sem_interfaces/include/sim_sem_interfaces/sim_sem_interfaces/msg/detail/environment__functions.h
-- Up-to-date: /home/yony/Dev/ros2_ws/install/sim_sem_interfaces/include/sim_sem_interfaces/sim_sem_interfaces/msg/detail/robot_hand_kinematic__functions.h
-- Up-to-date: /home/yony/Dev/ros2_ws/install/sim_sem_interfaces/include/sim_sem_interfaces/sim_sem_interfaces/msg/detail/robot_grasping_strategies__functions.h
-- Up-to-date: /home/yony/Dev/ros2_ws/install/sim_sem_interfaces/include/sim_sem_interfaces/sim_sem_interfaces/msg/detail/human_sight__struct.h
-- Up-to-date: /home/yony/Dev/ros2_ws/install/sim_sem_interfaces/include/sim_sem_interfaces/sim_sem_interfaces/msg/detail/emergency__struct.h
-- Up-to-date: /home/yony/Dev/ros2_ws/install/sim_sem_interfaces/include/sim_sem_interfaces/sim_sem_interfaces/msg/detail/robot_hand__functions.c
-- Up-to-date: /home/yony/Dev/ros2_ws/install/sim_sem_interfaces/include/sim_sem_interfaces/sim_sem_interfaces/msg/detail/human_parameter_intention__struct.h
-- Up-to-date: /home/yony/Dev/ros2_ws/install/sim_sem_interfaces/include/sim_sem_interfaces/sim_sem_interfaces/msg/detail/robot_low_latency_corrections__functions.h
-- Up-to-date: /home/yony/Dev/ros2_ws/install/sim_sem_interfaces/include/sim_sem_interfaces/sim_sem_interfaces/msg/detail/physical_object__type_support.h
-- Up-to-date: /home/yony/Dev/ros2_ws/install/sim_sem_interfaces/include/sim_sem_interfaces/sim_sem_interfaces/msg/detail/fatigue_analysis__type_support.h
-- Up-to-date: /home/yony/Dev/ros2_ws/install/sim_sem_interfaces/include/sim_sem_interfaces/sim_sem_interfaces/msg/detail/robot_grasping_strategies__type_support.h
-- Up-to-date: /home/yony/Dev/ros2_ws/install/sim_sem_interfaces/include/sim_sem_interfaces/sim_sem_interfaces/msg/detail/robot_low_latency_corrections__type_support.h
-- Up-to-date: /home/yony/Dev/ros2_ws/install/sim_sem_interfaces/include/sim_sem_interfaces/sim_sem_interfaces/msg/human_sight.h
-- Up-to-date: /home/yony/Dev/ros2_ws/install/sim_sem_interfaces/include/sim_sem_interfaces/sim_sem_interfaces/msg/human_grasping_strategies.h
-- Up-to-date: /home/yony/Dev/ros2_ws/install/sim_sem_interfaces/include/sim_sem_interfaces/sim_sem_interfaces/msg/neuromorphic_sensing.h
-- Up-to-date: /home/yony/Dev/ros2_ws/install/sim_sem_interfaces/include/sim_sem_interfaces/sim_sem_interfaces/msg/human_hand_gesture.h
-- Up-to-date: /home/yony/Dev/ros2_ws/install/sim_sem_interfaces/include/sim_sem_interfaces/sim_sem_interfaces/msg/robot_high_latency_corrections.h
-- Up-to-date: /home/yony/Dev/ros2_ws/install/sim_sem_interfaces/include/sim_sem_interfaces/sim_sem_interfaces/msg/emergency_request_status.h
-- Up-to-date: /home/yony/Dev/ros2_ws/install/sim_sem_interfaces/include/sim_sem_interfaces/sim_sem_interfaces/msg/robot_arm.h
-- Up-to-date: /home/yony/Dev/ros2_ws/install/sim_sem_interfaces/include/sim_sem_interfaces/sim_sem_interfaces/msg/physical_object.h
-- Up-to-date: /home/yony/Dev/ros2_ws/install/sim_sem_interfaces/include/sim_sem_interfaces/sim_sem_interfaces/msg/robot_arm_kinematic.h
-- Up-to-date: /home/yony/Dev/ros2_ws/install/sim_sem_interfaces/include/sim_sem_interfaces/sim_sem_interfaces/msg/rosidl_generator_c__visibility_control.h
-- Up-to-date: /home/yony/Dev/ros2_ws/install/sim_sem_interfaces/include/sim_sem_interfaces/sim_sem_interfaces/msg/fatigue_analysis.h
-- Up-to-date: /home/yony/Dev/ros2_ws/install/sim_sem_interfaces/include/sim_sem_interfaces/sim_sem_interfaces/msg/emergency.h
-- Up-to-date: /home/yony/Dev/ros2_ws/install/sim_sem_interfaces/include/sim_sem_interfaces/sim_sem_interfaces/msg/human_parameter_intention.h
-- Up-to-date: /home/yony/Dev/ros2_ws/install/sim_sem_interfaces/include/sim_sem_interfaces/sim_sem_interfaces/msg/human_motion.h
-- Up-to-date: /home/yony/Dev/ros2_ws/install/sim_sem_interfaces/include/sim_sem_interfaces/sim_sem_interfaces/msg/robot_low_latency_corrections.h
-- Up-to-date: /home/yony/Dev/ros2_ws/install/sim_sem_interfaces/include/sim_sem_interfaces/sim_sem_interfaces/msg/robot_grasping_strategies.h
-- Up-to-date: /home/yony/Dev/ros2_ws/install/sim_sem_interfaces/include/sim_sem_interfaces/sim_sem_interfaces/msg/robot_hand_kinematic.h
-- Up-to-date: /home/yony/Dev/ros2_ws/install/sim_sem_interfaces/include/sim_sem_interfaces/sim_sem_interfaces/msg/environment.h
-- Up-to-date: /home/yony/Dev/ros2_ws/install/sim_sem_interfaces/include/sim_sem_interfaces/sim_sem_interfaces/msg/robot_hand.h
-- Up-to-date: /home/yony/Dev/ros2_ws/install/sim_sem_interfaces/include/sim_sem_interfaces/sim_sem_interfaces/msg/tactile.h
-- Up-to-date: /home/yony/Dev/ros2_ws/install/sim_sem_interfaces/include/sim_sem_interfaces/sim_sem_interfaces/msg/human_behaviour.h
-- Up-to-date: /home/yony/Dev/ros2_ws/install/sim_sem_interfaces/share/sim_sem_interfaces/environment/library_path.sh
-- Up-to-date: /home/yony/Dev/ros2_ws/install/sim_sem_interfaces/share/sim_sem_interfaces/environment/library_path.dsv
-- Up-to-date: /home/yony/Dev/ros2_ws/install/sim_sem_interfaces/lib/libsim_sem_interfaces__rosidl_generator_c.so
-- Up-to-date: /home/yony/Dev/ros2_ws/install/sim_sem_interfaces/include/sim_sem_interfaces/sim_sem_interfaces
-- Up-to-date: /home/yony/Dev/ros2_ws/install/sim_sem_interfaces/include/sim_sem_interfaces/sim_sem_interfaces/msg
-- Up-to-date: /home/yony/Dev/ros2_ws/install/sim_sem_interfaces/include/sim_sem_interfaces/sim_sem_interfaces/msg/detail
-- Up-to-date: /home/yony/Dev/ros2_ws/install/sim_sem_interfaces/include/sim_sem_interfaces/sim_sem_interfaces/msg/detail/robot_hand_kinematic__rosidl_typesupport_fastrtps_c.h
-- Up-to-date: /home/yony/Dev/ros2_ws/install/sim_sem_interfaces/include/sim_sem_interfaces/sim_sem_interfaces/msg/detail/fatigue_analysis__rosidl_typesupport_fastrtps_c.h
-- Up-to-date: /home/yony/Dev/ros2_ws/install/sim_sem_interfaces/include/sim_sem_interfaces/sim_sem_interfaces/msg/detail/robot_hand__rosidl_typesupport_fastrtps_c.h
-- Up-to-date: /home/yony/Dev/ros2_ws/install/sim_sem_interfaces/include/sim_sem_interfaces/sim_sem_interfaces/msg/detail/robot_arm_kinematic__rosidl_typesupport_fastrtps_c.h
-- Up-to-date: /home/yony/Dev/ros2_ws/install/sim_sem_interfaces/include/sim_sem_interfaces/sim_sem_interfaces/msg/detail/physical_object__rosidl_typesupport_fastrtps_c.h
-- Up-to-date: /home/yony/Dev/ros2_ws/install/sim_sem_interfaces/include/sim_sem_interfaces/sim_sem_interfaces/msg/detail/human_motion__rosidl_typesupport_fastrtps_c.h
-- Up-to-date: /home/yony/Dev/ros2_ws/install/sim_sem_interfaces/include/sim_sem_interfaces/sim_sem_interfaces/msg/detail/neuromorphic_sensing__rosidl_typesupport_fastrtps_c.h
-- Up-to-date: /home/yony/Dev/ros2_ws/install/sim_sem_interfaces/include/sim_sem_interfaces/sim_sem_interfaces/msg/detail/robot_low_latency_corrections__rosidl_typesupport_fastrtps_c.h
-- Up-to-date: /home/yony/Dev/ros2_ws/install/sim_sem_interfaces/include/sim_sem_interfaces/sim_sem_interfaces/msg/detail/human_grasping_strategies__rosidl_typesupport_fastrtps_c.h
-- Up-to-date: /home/yony/Dev/ros2_ws/install/sim_sem_interfaces/include/sim_sem_interfaces/sim_sem_interfaces/msg/detail/robot_grasping_strategies__rosidl_typesupport_fastrtps_c.h
-- Up-to-date: /home/yony/Dev/ros2_ws/install/sim_sem_interfaces/include/sim_sem_interfaces/sim_sem_interfaces/msg/detail/environment__rosidl_typesupport_fastrtps_c.h
-- Up-to-date: /home/yony/Dev/ros2_ws/install/sim_sem_interfaces/include/sim_sem_interfaces/sim_sem_interfaces/msg/detail/emergency__rosidl_typesupport_fastrtps_c.h
-- Up-to-date: /home/yony/Dev/ros2_ws/install/sim_sem_interfaces/include/sim_sem_interfaces/sim_sem_interfaces/msg/detail/robot_arm__rosidl_typesupport_fastrtps_c.h
-- Up-to-date: /home/yony/Dev/ros2_ws/install/sim_sem_interfaces/include/sim_sem_interfaces/sim_sem_interfaces/msg/detail/robot_high_latency_corrections__rosidl_typesupport_fastrtps_c.h
-- Up-to-date: /home/yony/Dev/ros2_ws/install/sim_sem_interfaces/include/sim_sem_interfaces/sim_sem_interfaces/msg/detail/tactile__rosidl_typesupport_fastrtps_c.h
-- Up-to-date: /home/yony/Dev/ros2_ws/install/sim_sem_interfaces/include/sim_sem_interfaces/sim_sem_interfaces/msg/detail/human_behaviour__rosidl_typesupport_fastrtps_c.h
-- Up-to-date: /home/yony/Dev/ros2_ws/install/sim_sem_interfaces/include/sim_sem_interfaces/sim_sem_interfaces/msg/detail/human_sight__rosidl_typesupport_fastrtps_c.h
-- Up-to-date: /home/yony/Dev/ros2_ws/install/sim_sem_interfaces/include/sim_sem_interfaces/sim_sem_interfaces/msg/detail/human_hand_gesture__rosidl_typesupport_fastrtps_c.h
-- Up-to-date: /home/yony/Dev/ros2_ws/install/sim_sem_interfaces/include/sim_sem_interfaces/sim_sem_interfaces/msg/detail/human_parameter_intention__rosidl_typesupport_fastrtps_c.h
-- Up-to-date: /home/yony/Dev/ros2_ws/install/sim_sem_interfaces/include/sim_sem_interfaces/sim_sem_interfaces/msg/detail/emergency_request_status__rosidl_typesupport_fastrtps_c.h
-- Up-to-date: /home/yony/Dev/ros2_ws/install/sim_sem_interfaces/include/sim_sem_interfaces/sim_sem_interfaces/msg/rosidl_typesupport_fastrtps_c__visibility_control.h
-- Up-to-date: /home/yony/Dev/ros2_ws/install/sim_sem_interfaces/lib/libsim_sem_interfaces__rosidl_typesupport_fastrtps_c.so
-- Up-to-date: /home/yony/Dev/ros2_ws/install/sim_sem_interfaces/include/sim_sem_interfaces/sim_sem_interfaces
-- Up-to-date: /home/yony/Dev/ros2_ws/install/sim_sem_interfaces/include/sim_sem_interfaces/sim_sem_interfaces/msg
-- Up-to-date: /home/yony/Dev/ros2_ws/install/sim_sem_interfaces/include/sim_sem_interfaces/sim_sem_interfaces/msg/detail
-- Up-to-date: /home/yony/Dev/ros2_ws/install/sim_sem_interfaces/include/sim_sem_interfaces/sim_sem_interfaces/msg/detail/neuromorphic_sensing__rosidl_typesupport_introspection_c.h
-- Up-to-date: /home/yony/Dev/ros2_ws/install/sim_sem_interfaces/include/sim_sem_interfaces/sim_sem_interfaces/msg/detail/human_hand_gesture__rosidl_typesupport_introspection_c.h
-- Up-to-date: /home/yony/Dev/ros2_ws/install/sim_sem_interfaces/include/sim_sem_interfaces/sim_sem_interfaces/msg/detail/human_hand_gesture__type_support.c
-- Up-to-date: /home/yony/Dev/ros2_ws/install/sim_sem_interfaces/include/sim_sem_interfaces/sim_sem_interfaces/msg/detail/robot_grasping_strategies__rosidl_typesupport_introspection_c.h
-- Up-to-date: /home/yony/Dev/ros2_ws/install/sim_sem_interfaces/include/sim_sem_interfaces/sim_sem_interfaces/msg/detail/physical_object__type_support.c
-- Up-to-date: /home/yony/Dev/ros2_ws/install/sim_sem_interfaces/include/sim_sem_interfaces/sim_sem_interfaces/msg/detail/robot_grasping_strategies__type_support.c
-- Up-to-date: /home/yony/Dev/ros2_ws/install/sim_sem_interfaces/include/sim_sem_interfaces/sim_sem_interfaces/msg/detail/environment__rosidl_typesupport_introspection_c.h
-- Up-to-date: /home/yony/Dev/ros2_ws/install/sim_sem_interfaces/include/sim_sem_interfaces/sim_sem_interfaces/msg/detail/robot_high_latency_corrections__type_support.c
-- Up-to-date: /home/yony/Dev/ros2_ws/install/sim_sem_interfaces/include/sim_sem_interfaces/sim_sem_interfaces/msg/detail/robot_low_latency_corrections__type_support.c
-- Up-to-date: /home/yony/Dev/ros2_ws/install/sim_sem_interfaces/include/sim_sem_interfaces/sim_sem_interfaces/msg/detail/human_behaviour__rosidl_typesupport_introspection_c.h
-- Up-to-date: /home/yony/Dev/ros2_ws/install/sim_sem_interfaces/include/sim_sem_interfaces/sim_sem_interfaces/msg/detail/fatigue_analysis__rosidl_typesupport_introspection_c.h
-- Up-to-date: /home/yony/Dev/ros2_ws/install/sim_sem_interfaces/include/sim_sem_interfaces/sim_sem_interfaces/msg/detail/human_grasping_strategies__type_support.c
-- Up-to-date: /home/yony/Dev/ros2_ws/install/sim_sem_interfaces/include/sim_sem_interfaces/sim_sem_interfaces/msg/detail/neuromorphic_sensing__type_support.c
-- Up-to-date: /home/yony/Dev/ros2_ws/install/sim_sem_interfaces/include/sim_sem_interfaces/sim_sem_interfaces/msg/detail/robot_hand__type_support.c
-- Up-to-date: /home/yony/Dev/ros2_ws/install/sim_sem_interfaces/include/sim_sem_interfaces/sim_sem_interfaces/msg/detail/physical_object__rosidl_typesupport_introspection_c.h
-- Up-to-date: /home/yony/Dev/ros2_ws/install/sim_sem_interfaces/include/sim_sem_interfaces/sim_sem_interfaces/msg/detail/robot_low_latency_corrections__rosidl_typesupport_introspection_c.h
-- Up-to-date: /home/yony/Dev/ros2_ws/install/sim_sem_interfaces/include/sim_sem_interfaces/sim_sem_interfaces/msg/detail/robot_hand_kinematic__type_support.c
-- Up-to-date: /home/yony/Dev/ros2_ws/install/sim_sem_interfaces/include/sim_sem_interfaces/sim_sem_interfaces/msg/detail/human_motion__type_support.c
-- Up-to-date: /home/yony/Dev/ros2_ws/install/sim_sem_interfaces/include/sim_sem_interfaces/sim_sem_interfaces/msg/detail/fatigue_analysis__type_support.c
-- Up-to-date: /home/yony/Dev/ros2_ws/install/sim_sem_interfaces/include/sim_sem_interfaces/sim_sem_interfaces/msg/detail/robot_arm_kinematic__rosidl_typesupport_introspection_c.h
-- Up-to-date: /home/yony/Dev/ros2_ws/install/sim_sem_interfaces/include/sim_sem_interfaces/sim_sem_interfaces/msg/detail/emergency__type_support.c
-- Up-to-date: /home/yony/Dev/ros2_ws/install/sim_sem_interfaces/include/sim_sem_interfaces/sim_sem_interfaces/msg/detail/emergency__rosidl_typesupport_introspection_c.h
-- Up-to-date: /home/yony/Dev/ros2_ws/install/sim_sem_interfaces/include/sim_sem_interfaces/sim_sem_interfaces/msg/detail/human_motion__rosidl_typesupport_introspection_c.h
-- Up-to-date: /home/yony/Dev/ros2_ws/install/sim_sem_interfaces/include/sim_sem_interfaces/sim_sem_interfaces/msg/detail/robot_hand_kinematic__rosidl_typesupport_introspection_c.h
-- Up-to-date: /home/yony/Dev/ros2_ws/install/sim_sem_interfaces/include/sim_sem_interfaces/sim_sem_interfaces/msg/detail/human_parameter_intention__type_support.c
-- Up-to-date: /home/yony/Dev/ros2_ws/install/sim_sem_interfaces/include/sim_sem_interfaces/sim_sem_interfaces/msg/detail/robot_arm__type_support.c
-- Up-to-date: /home/yony/Dev/ros2_ws/install/sim_sem_interfaces/include/sim_sem_interfaces/sim_sem_interfaces/msg/detail/human_parameter_intention__rosidl_typesupport_introspection_c.h
-- Up-to-date: /home/yony/Dev/ros2_ws/install/sim_sem_interfaces/include/sim_sem_interfaces/sim_sem_interfaces/msg/detail/human_grasping_strategies__rosidl_typesupport_introspection_c.h
-- Up-to-date: /home/yony/Dev/ros2_ws/install/sim_sem_interfaces/include/sim_sem_interfaces/sim_sem_interfaces/msg/detail/human_sight__type_support.c
-- Up-to-date: /home/yony/Dev/ros2_ws/install/sim_sem_interfaces/include/sim_sem_interfaces/sim_sem_interfaces/msg/detail/robot_arm__rosidl_typesupport_introspection_c.h
-- Up-to-date: /home/yony/Dev/ros2_ws/install/sim_sem_interfaces/include/sim_sem_interfaces/sim_sem_interfaces/msg/detail/robot_high_latency_corrections__rosidl_typesupport_introspection_c.h
-- Up-to-date: /home/yony/Dev/ros2_ws/install/sim_sem_interfaces/include/sim_sem_interfaces/sim_sem_interfaces/msg/detail/emergency_request_status__type_support.c
-- Up-to-date: /home/yony/Dev/ros2_ws/install/sim_sem_interfaces/include/sim_sem_interfaces/sim_sem_interfaces/msg/detail/emergency_request_status__rosidl_typesupport_introspection_c.h
-- Up-to-date: /home/yony/Dev/ros2_ws/install/sim_sem_interfaces/include/sim_sem_interfaces/sim_sem_interfaces/msg/detail/human_behaviour__type_support.c
-- Up-to-date: /home/yony/Dev/ros2_ws/install/sim_sem_interfaces/include/sim_sem_interfaces/sim_sem_interfaces/msg/detail/robot_hand__rosidl_typesupport_introspection_c.h
-- Up-to-date: /home/yony/Dev/ros2_ws/install/sim_sem_interfaces/include/sim_sem_interfaces/sim_sem_interfaces/msg/detail/environment__type_support.c
-- Up-to-date: /home/yony/Dev/ros2_ws/install/sim_sem_interfaces/include/sim_sem_interfaces/sim_sem_interfaces/msg/detail/tactile__type_support.c
-- Up-to-date: /home/yony/Dev/ros2_ws/install/sim_sem_interfaces/include/sim_sem_interfaces/sim_sem_interfaces/msg/detail/human_sight__rosidl_typesupport_introspection_c.h
-- Up-to-date: /home/yony/Dev/ros2_ws/install/sim_sem_interfaces/include/sim_sem_interfaces/sim_sem_interfaces/msg/detail/tactile__rosidl_typesupport_introspection_c.h
-- Up-to-date: /home/yony/Dev/ros2_ws/install/sim_sem_interfaces/include/sim_sem_interfaces/sim_sem_interfaces/msg/detail/robot_arm_kinematic__type_support.c
-- Up-to-date: /home/yony/Dev/ros2_ws/install/sim_sem_interfaces/include/sim_sem_interfaces/sim_sem_interfaces/msg/rosidl_typesupport_introspection_c__visibility_control.h
-- Up-to-date: /home/yony/Dev/ros2_ws/install/sim_sem_interfaces/lib/libsim_sem_interfaces__rosidl_typesupport_introspection_c.so
-- Up-to-date: /home/yony/Dev/ros2_ws/install/sim_sem_interfaces/lib/libsim_sem_interfaces__rosidl_typesupport_c.so
-- Up-to-date: /home/yony/Dev/ros2_ws/install/sim_sem_interfaces/include/sim_sem_interfaces/sim_sem_interfaces
-- Up-to-date: /home/yony/Dev/ros2_ws/install/sim_sem_interfaces/include/sim_sem_interfaces/sim_sem_interfaces/msg
-- Up-to-date: /home/yony/Dev/ros2_ws/install/sim_sem_interfaces/include/sim_sem_interfaces/sim_sem_interfaces/msg/detail
-- Up-to-date: /home/yony/Dev/ros2_ws/install/sim_sem_interfaces/include/sim_sem_interfaces/sim_sem_interfaces/msg/detail/emergency_request_status__traits.hpp
-- Up-to-date: /home/yony/Dev/ros2_ws/install/sim_sem_interfaces/include/sim_sem_interfaces/sim_sem_interfaces/msg/detail/neuromorphic_sensing__traits.hpp
-- Up-to-date: /home/yony/Dev/ros2_ws/install/sim_sem_interfaces/include/sim_sem_interfaces/sim_sem_interfaces/msg/detail/robot_low_latency_corrections__struct.hpp
-- Up-to-date: /home/yony/Dev/ros2_ws/install/sim_sem_interfaces/include/sim_sem_interfaces/sim_sem_interfaces/msg/detail/robot_arm__traits.hpp
-- Up-to-date: /home/yony/Dev/ros2_ws/install/sim_sem_interfaces/include/sim_sem_interfaces/sim_sem_interfaces/msg/detail/human_parameter_intention__struct.hpp
-- Up-to-date: /home/yony/Dev/ros2_ws/install/sim_sem_interfaces/include/sim_sem_interfaces/sim_sem_interfaces/msg/detail/emergency__builder.hpp
-- Up-to-date: /home/yony/Dev/ros2_ws/install/sim_sem_interfaces/include/sim_sem_interfaces/sim_sem_interfaces/msg/detail/robot_high_latency_corrections__builder.hpp
-- Up-to-date: /home/yony/Dev/ros2_ws/install/sim_sem_interfaces/include/sim_sem_interfaces/sim_sem_interfaces/msg/detail/human_hand_gesture__traits.hpp
-- Up-to-date: /home/yony/Dev/ros2_ws/install/sim_sem_interfaces/include/sim_sem_interfaces/sim_sem_interfaces/msg/detail/human_behaviour__struct.hpp
-- Up-to-date: /home/yony/Dev/ros2_ws/install/sim_sem_interfaces/include/sim_sem_interfaces/sim_sem_interfaces/msg/detail/emergency__traits.hpp
-- Up-to-date: /home/yony/Dev/ros2_ws/install/sim_sem_interfaces/include/sim_sem_interfaces/sim_sem_interfaces/msg/detail/robot_hand_kinematic__struct.hpp
-- Up-to-date: /home/yony/Dev/ros2_ws/install/sim_sem_interfaces/include/sim_sem_interfaces/sim_sem_interfaces/msg/detail/human_hand_gesture__builder.hpp
-- Up-to-date: /home/yony/Dev/ros2_ws/install/sim_sem_interfaces/include/sim_sem_interfaces/sim_sem_interfaces/msg/detail/emergency_request_status__builder.hpp
-- Up-to-date: /home/yony/Dev/ros2_ws/install/sim_sem_interfaces/include/sim_sem_interfaces/sim_sem_interfaces/msg/detail/robot_grasping_strategies__builder.hpp
-- Up-to-date: /home/yony/Dev/ros2_ws/install/sim_sem_interfaces/include/sim_sem_interfaces/sim_sem_interfaces/msg/detail/fatigue_analysis__struct.hpp
-- Up-to-date: /home/yony/Dev/ros2_ws/install/sim_sem_interfaces/include/sim_sem_interfaces/sim_sem_interfaces/msg/detail/neuromorphic_sensing__struct.hpp
-- Up-to-date: /home/yony/Dev/ros2_ws/install/sim_sem_interfaces/include/sim_sem_interfaces/sim_sem_interfaces/msg/detail/physical_object__struct.hpp
-- Up-to-date: /home/yony/Dev/ros2_ws/install/sim_sem_interfaces/include/sim_sem_interfaces/sim_sem_interfaces/msg/detail/human_grasping_strategies__struct.hpp
-- Up-to-date: /home/yony/Dev/ros2_ws/install/sim_sem_interfaces/include/sim_sem_interfaces/sim_sem_interfaces/msg/detail/robot_high_latency_corrections__traits.hpp
-- Up-to-date: /home/yony/Dev/ros2_ws/install/sim_sem_interfaces/include/sim_sem_interfaces/sim_sem_interfaces/msg/detail/robot_arm__struct.hpp
-- Up-to-date: /home/yony/Dev/ros2_ws/install/sim_sem_interfaces/include/sim_sem_interfaces/sim_sem_interfaces/msg/detail/neuromorphic_sensing__builder.hpp
-- Up-to-date: /home/yony/Dev/ros2_ws/install/sim_sem_interfaces/include/sim_sem_interfaces/sim_sem_interfaces/msg/detail/human_parameter_intention__traits.hpp
-- Up-to-date: /home/yony/Dev/ros2_ws/install/sim_sem_interfaces/include/sim_sem_interfaces/sim_sem_interfaces/msg/detail/physical_object__traits.hpp
-- Up-to-date: /home/yony/Dev/ros2_ws/install/sim_sem_interfaces/include/sim_sem_interfaces/sim_sem_interfaces/msg/detail/robot_hand_kinematic__builder.hpp
-- Up-to-date: /home/yony/Dev/ros2_ws/install/sim_sem_interfaces/include/sim_sem_interfaces/sim_sem_interfaces/msg/detail/human_behaviour__traits.hpp
-- Up-to-date: /home/yony/Dev/ros2_ws/install/sim_sem_interfaces/include/sim_sem_interfaces/sim_sem_interfaces/msg/detail/robot_hand_kinematic__traits.hpp
-- Up-to-date: /home/yony/Dev/ros2_ws/install/sim_sem_interfaces/include/sim_sem_interfaces/sim_sem_interfaces/msg/detail/tactile__builder.hpp
-- Up-to-date: /home/yony/Dev/ros2_ws/install/sim_sem_interfaces/include/sim_sem_interfaces/sim_sem_interfaces/msg/detail/human_motion__builder.hpp
-- Up-to-date: /home/yony/Dev/ros2_ws/install/sim_sem_interfaces/include/sim_sem_interfaces/sim_sem_interfaces/msg/detail/human_sight__builder.hpp
-- Up-to-date: /home/yony/Dev/ros2_ws/install/sim_sem_interfaces/include/sim_sem_interfaces/sim_sem_interfaces/msg/detail/robot_low_latency_corrections__traits.hpp
-- Up-to-date: /home/yony/Dev/ros2_ws/install/sim_sem_interfaces/include/sim_sem_interfaces/sim_sem_interfaces/msg/detail/tactile__traits.hpp
-- Up-to-date: /home/yony/Dev/ros2_ws/install/sim_sem_interfaces/include/sim_sem_interfaces/sim_sem_interfaces/msg/detail/environment__builder.hpp
-- Up-to-date: /home/yony/Dev/ros2_ws/install/sim_sem_interfaces/include/sim_sem_interfaces/sim_sem_interfaces/msg/detail/human_grasping_strategies__builder.hpp
-- Up-to-date: /home/yony/Dev/ros2_ws/install/sim_sem_interfaces/include/sim_sem_interfaces/sim_sem_interfaces/msg/detail/robot_arm_kinematic__traits.hpp
-- Up-to-date: /home/yony/Dev/ros2_ws/install/sim_sem_interfaces/include/sim_sem_interfaces/sim_sem_interfaces/msg/detail/robot_arm_kinematic__builder.hpp
-- Up-to-date: /home/yony/Dev/ros2_ws/install/sim_sem_interfaces/include/sim_sem_interfaces/sim_sem_interfaces/msg/detail/human_motion__struct.hpp
-- Up-to-date: /home/yony/Dev/ros2_ws/install/sim_sem_interfaces/include/sim_sem_interfaces/sim_sem_interfaces/msg/detail/robot_grasping_strategies__struct.hpp
-- Up-to-date: /home/yony/Dev/ros2_ws/install/sim_sem_interfaces/include/sim_sem_interfaces/sim_sem_interfaces/msg/detail/environment__traits.hpp
-- Up-to-date: /home/yony/Dev/ros2_ws/install/sim_sem_interfaces/include/sim_sem_interfaces/sim_sem_interfaces/msg/detail/robot_hand__traits.hpp
-- Up-to-date: /home/yony/Dev/ros2_ws/install/sim_sem_interfaces/include/sim_sem_interfaces/sim_sem_interfaces/msg/detail/human_parameter_intention__builder.hpp
-- Up-to-date: /home/yony/Dev/ros2_ws/install/sim_sem_interfaces/include/sim_sem_interfaces/sim_sem_interfaces/msg/detail/fatigue_analysis__builder.hpp
-- Up-to-date: /home/yony/Dev/ros2_ws/install/sim_sem_interfaces/include/sim_sem_interfaces/sim_sem_interfaces/msg/detail/human_grasping_strategies__traits.hpp
-- Up-to-date: /home/yony/Dev/ros2_ws/install/sim_sem_interfaces/include/sim_sem_interfaces/sim_sem_interfaces/msg/detail/human_behaviour__builder.hpp
-- Up-to-date: /home/yony/Dev/ros2_ws/install/sim_sem_interfaces/include/sim_sem_interfaces/sim_sem_interfaces/msg/detail/human_sight__struct.hpp
-- Up-to-date: /home/yony/Dev/ros2_ws/install/sim_sem_interfaces/include/sim_sem_interfaces/sim_sem_interfaces/msg/detail/human_motion__traits.hpp
-- Up-to-date: /home/yony/Dev/ros2_ws/install/sim_sem_interfaces/include/sim_sem_interfaces/sim_sem_interfaces/msg/detail/tactile__struct.hpp
-- Up-to-date: /home/yony/Dev/ros2_ws/install/sim_sem_interfaces/include/sim_sem_interfaces/sim_sem_interfaces/msg/detail/robot_grasping_strategies__traits.hpp
-- Up-to-date: /home/yony/Dev/ros2_ws/install/sim_sem_interfaces/include/sim_sem_interfaces/sim_sem_interfaces/msg/detail/physical_object__builder.hpp
-- Up-to-date: /home/yony/Dev/ros2_ws/install/sim_sem_interfaces/include/sim_sem_interfaces/sim_sem_interfaces/msg/detail/fatigue_analysis__traits.hpp
-- Up-to-date: /home/yony/Dev/ros2_ws/install/sim_sem_interfaces/include/sim_sem_interfaces/sim_sem_interfaces/msg/detail/human_hand_gesture__struct.hpp
-- Up-to-date: /home/yony/Dev/ros2_ws/install/sim_sem_interfaces/include/sim_sem_interfaces/sim_sem_interfaces/msg/detail/robot_low_latency_corrections__builder.hpp
-- Up-to-date: /home/yony/Dev/ros2_ws/install/sim_sem_interfaces/include/sim_sem_interfaces/sim_sem_interfaces/msg/detail/emergency_request_status__struct.hpp
-- Up-to-date: /home/yony/Dev/ros2_ws/install/sim_sem_interfaces/include/sim_sem_interfaces/sim_sem_interfaces/msg/detail/emergency__struct.hpp
-- Up-to-date: /home/yony/Dev/ros2_ws/install/sim_sem_interfaces/include/sim_sem_interfaces/sim_sem_interfaces/msg/detail/robot_hand__struct.hpp
-- Up-to-date: /home/yony/Dev/ros2_ws/install/sim_sem_interfaces/include/sim_sem_interfaces/sim_sem_interfaces/msg/detail/robot_high_latency_corrections__struct.hpp
-- Up-to-date: /home/yony/Dev/ros2_ws/install/sim_sem_interfaces/include/sim_sem_interfaces/sim_sem_interfaces/msg/detail/environment__struct.hpp
-- Up-to-date: /home/yony/Dev/ros2_ws/install/sim_sem_interfaces/include/sim_sem_interfaces/sim_sem_interfaces/msg/detail/robot_arm__builder.hpp
-- Up-to-date: /home/yony/Dev/ros2_ws/install/sim_sem_interfaces/include/sim_sem_interfaces/sim_sem_interfaces/msg/detail/robot_arm_kinematic__struct.hpp
-- Up-to-date: /home/yony/Dev/ros2_ws/install/sim_sem_interfaces/include/sim_sem_interfaces/sim_sem_interfaces/msg/detail/human_sight__traits.hpp
-- Up-to-date: /home/yony/Dev/ros2_ws/install/sim_sem_interfaces/include/sim_sem_interfaces/sim_sem_interfaces/msg/detail/robot_hand__builder.hpp
-- Up-to-date: /home/yony/Dev/ros2_ws/install/sim_sem_interfaces/include/sim_sem_interfaces/sim_sem_interfaces/msg/fatigue_analysis.hpp
-- Up-to-date: /home/yony/Dev/ros2_ws/install/sim_sem_interfaces/include/sim_sem_interfaces/sim_sem_interfaces/msg/human_parameter_intention.hpp
-- Up-to-date: /home/yony/Dev/ros2_ws/install/sim_sem_interfaces/include/sim_sem_interfaces/sim_sem_interfaces/msg/emergency.hpp
-- Up-to-date: /home/yony/Dev/ros2_ws/install/sim_sem_interfaces/include/sim_sem_interfaces/sim_sem_interfaces/msg/human_grasping_strategies.hpp
-- Up-to-date: /home/yony/Dev/ros2_ws/install/sim_sem_interfaces/include/sim_sem_interfaces/sim_sem_interfaces/msg/physical_object.hpp
-- Up-to-date: /home/yony/Dev/ros2_ws/install/sim_sem_interfaces/include/sim_sem_interfaces/sim_sem_interfaces/msg/emergency_request_status.hpp
-- Up-to-date: /home/yony/Dev/ros2_ws/install/sim_sem_interfaces/include/sim_sem_interfaces/sim_sem_interfaces/msg/human_motion.hpp
-- Up-to-date: /home/yony/Dev/ros2_ws/install/sim_sem_interfaces/include/sim_sem_interfaces/sim_sem_interfaces/msg/robot_high_latency_corrections.hpp
-- Up-to-date: /home/yony/Dev/ros2_ws/install/sim_sem_interfaces/include/sim_sem_interfaces/sim_sem_interfaces/msg/human_hand_gesture.hpp
-- Up-to-date: /home/yony/Dev/ros2_ws/install/sim_sem_interfaces/include/sim_sem_interfaces/sim_sem_interfaces/msg/tactile.hpp
-- Up-to-date: /home/yony/Dev/ros2_ws/install/sim_sem_interfaces/include/sim_sem_interfaces/sim_sem_interfaces/msg/robot_grasping_strategies.hpp
-- Up-to-date: /home/yony/Dev/ros2_ws/install/sim_sem_interfaces/include/sim_sem_interfaces/sim_sem_interfaces/msg/human_behaviour.hpp
-- Up-to-date: /home/yony/Dev/ros2_ws/install/sim_sem_interfaces/include/sim_sem_interfaces/sim_sem_interfaces/msg/neuromorphic_sensing.hpp
-- Up-to-date: /home/yony/Dev/ros2_ws/install/sim_sem_interfaces/include/sim_sem_interfaces/sim_sem_interfaces/msg/robot_hand.hpp
-- Up-to-date: /home/yony/Dev/ros2_ws/install/sim_sem_interfaces/include/sim_sem_interfaces/sim_sem_interfaces/msg/robot_arm.hpp
-- Up-to-date: /home/yony/Dev/ros2_ws/install/sim_sem_interfaces/include/sim_sem_interfaces/sim_sem_interfaces/msg/robot_hand_kinematic.hpp
-- Up-to-date: /home/yony/Dev/ros2_ws/install/sim_sem_interfaces/include/sim_sem_interfaces/sim_sem_interfaces/msg/robot_arm_kinematic.hpp
-- Up-to-date: /home/yony/Dev/ros2_ws/install/sim_sem_interfaces/include/sim_sem_interfaces/sim_sem_interfaces/msg/environment.hpp
-- Up-to-date: /home/yony/Dev/ros2_ws/install/sim_sem_interfaces/include/sim_sem_interfaces/sim_sem_interfaces/msg/robot_low_latency_corrections.hpp
-- Up-to-date: /home/yony/Dev/ros2_ws/install/sim_sem_interfaces/include/sim_sem_interfaces/sim_sem_interfaces/msg/human_sight.hpp
-- Up-to-date: /home/yony/Dev/ros2_ws/install/sim_sem_interfaces/include/sim_sem_interfaces/sim_sem_interfaces
-- Up-to-date: /home/yony/Dev/ros2_ws/install/sim_sem_interfaces/include/sim_sem_interfaces/sim_sem_interfaces/msg
-- Up-to-date: /home/yony/Dev/ros2_ws/install/sim_sem_interfaces/include/sim_sem_interfaces/sim_sem_interfaces/msg/detail
-- Up-to-date: /home/yony/Dev/ros2_ws/install/sim_sem_interfaces/include/sim_sem_interfaces/sim_sem_interfaces/msg/detail/robot_hand__rosidl_typesupport_fastrtps_cpp.hpp
-- Up-to-date: /home/yony/Dev/ros2_ws/install/sim_sem_interfaces/include/sim_sem_interfaces/sim_sem_interfaces/msg/detail/robot_hand_kinematic__rosidl_typesupport_fastrtps_cpp.hpp
-- Up-to-date: /home/yony/Dev/ros2_ws/install/sim_sem_interfaces/include/sim_sem_interfaces/sim_sem_interfaces/msg/detail/human_sight__rosidl_typesupport_fastrtps_cpp.hpp
-- Up-to-date: /home/yony/Dev/ros2_ws/install/sim_sem_interfaces/include/sim_sem_interfaces/sim_sem_interfaces/msg/detail/robot_arm_kinematic__rosidl_typesupport_fastrtps_cpp.hpp
-- Up-to-date: /home/yony/Dev/ros2_ws/install/sim_sem_interfaces/include/sim_sem_interfaces/sim_sem_interfaces/msg/detail/human_hand_gesture__rosidl_typesupport_fastrtps_cpp.hpp
-- Up-to-date: /home/yony/Dev/ros2_ws/install/sim_sem_interfaces/include/sim_sem_interfaces/sim_sem_interfaces/msg/detail/tactile__rosidl_typesupport_fastrtps_cpp.hpp
-- Up-to-date: /home/yony/Dev/ros2_ws/install/sim_sem_interfaces/include/sim_sem_interfaces/sim_sem_interfaces/msg/detail/physical_object__rosidl_typesupport_fastrtps_cpp.hpp
-- Up-to-date: /home/yony/Dev/ros2_ws/install/sim_sem_interfaces/include/sim_sem_interfaces/sim_sem_interfaces/msg/detail/neuromorphic_sensing__rosidl_typesupport_fastrtps_cpp.hpp
-- Up-to-date: /home/yony/Dev/ros2_ws/install/sim_sem_interfaces/include/sim_sem_interfaces/sim_sem_interfaces/msg/detail/human_motion__rosidl_typesupport_fastrtps_cpp.hpp
-- Up-to-date: /home/yony/Dev/ros2_ws/install/sim_sem_interfaces/include/sim_sem_interfaces/sim_sem_interfaces/msg/detail/robot_low_latency_corrections__rosidl_typesupport_fastrtps_cpp.hpp
-- Up-to-date: /home/yony/Dev/ros2_ws/install/sim_sem_interfaces/include/sim_sem_interfaces/sim_sem_interfaces/msg/detail/robot_high_latency_corrections__rosidl_typesupport_fastrtps_cpp.hpp
-- Up-to-date: /home/yony/Dev/ros2_ws/install/sim_sem_interfaces/include/sim_sem_interfaces/sim_sem_interfaces/msg/detail/dds_fastrtps
-- Up-to-date: /home/yony/Dev/ros2_ws/install/sim_sem_interfaces/include/sim_sem_interfaces/sim_sem_interfaces/msg/detail/robot_grasping_strategies__rosidl_typesupport_fastrtps_cpp.hpp
-- Up-to-date: /home/yony/Dev/ros2_ws/install/sim_sem_interfaces/include/sim_sem_interfaces/sim_sem_interfaces/msg/detail/emergency__rosidl_typesupport_fastrtps_cpp.hpp
-- Up-to-date: /home/yony/Dev/ros2_ws/install/sim_sem_interfaces/include/sim_sem_interfaces/sim_sem_interfaces/msg/detail/human_parameter_intention__rosidl_typesupport_fastrtps_cpp.hpp
-- Up-to-date: /home/yony/Dev/ros2_ws/install/sim_sem_interfaces/include/sim_sem_interfaces/sim_sem_interfaces/msg/detail/robot_arm__rosidl_typesupport_fastrtps_cpp.hpp
-- Up-to-date: /home/yony/Dev/ros2_ws/install/sim_sem_interfaces/include/sim_sem_interfaces/sim_sem_interfaces/msg/detail/emergency_request_status__rosidl_typesupport_fastrtps_cpp.hpp
-- Up-to-date: /home/yony/Dev/ros2_ws/install/sim_sem_interfaces/include/sim_sem_interfaces/sim_sem_interfaces/msg/detail/human_grasping_strategies__rosidl_typesupport_fastrtps_cpp.hpp
-- Up-to-date: /home/yony/Dev/ros2_ws/install/sim_sem_interfaces/include/sim_sem_interfaces/sim_sem_interfaces/msg/detail/human_behaviour__rosidl_typesupport_fastrtps_cpp.hpp
-- Up-to-date: /home/yony/Dev/ros2_ws/install/sim_sem_interfaces/include/sim_sem_interfaces/sim_sem_interfaces/msg/detail/environment__rosidl_typesupport_fastrtps_cpp.hpp
-- Up-to-date: /home/yony/Dev/ros2_ws/install/sim_sem_interfaces/include/sim_sem_interfaces/sim_sem_interfaces/msg/detail/fatigue_analysis__rosidl_typesupport_fastrtps_cpp.hpp
-- Up-to-date: /home/yony/Dev/ros2_ws/install/sim_sem_interfaces/include/sim_sem_interfaces/sim_sem_interfaces/msg/rosidl_typesupport_fastrtps_cpp__visibility_control.h
-- Up-to-date: /home/yony/Dev/ros2_ws/install/sim_sem_interfaces/lib/libsim_sem_interfaces__rosidl_typesupport_fastrtps_cpp.so
-- Up-to-date: /home/yony/Dev/ros2_ws/install/sim_sem_interfaces/include/sim_sem_interfaces/sim_sem_interfaces
-- Up-to-date: /home/yony/Dev/ros2_ws/install/sim_sem_interfaces/include/sim_sem_interfaces/sim_sem_interfaces/msg
-- Up-to-date: /home/yony/Dev/ros2_ws/install/sim_sem_interfaces/include/sim_sem_interfaces/sim_sem_interfaces/msg/detail
-- Up-to-date: /home/yony/Dev/ros2_ws/install/sim_sem_interfaces/include/sim_sem_interfaces/sim_sem_interfaces/msg/detail/robot_hand_kinematic__type_support.cpp
-- Up-to-date: /home/yony/Dev/ros2_ws/install/sim_sem_interfaces/include/sim_sem_interfaces/sim_sem_interfaces/msg/detail/human_sight__type_support.cpp
-- Up-to-date: /home/yony/Dev/ros2_ws/install/sim_sem_interfaces/include/sim_sem_interfaces/sim_sem_interfaces/msg/detail/emergency_request_status__type_support.cpp
-- Up-to-date: /home/yony/Dev/ros2_ws/install/sim_sem_interfaces/include/sim_sem_interfaces/sim_sem_interfaces/msg/detail/neuromorphic_sensing__rosidl_typesupport_introspection_cpp.hpp
-- Up-to-date: /home/yony/Dev/ros2_ws/install/sim_sem_interfaces/include/sim_sem_interfaces/sim_sem_interfaces/msg/detail/human_grasping_strategies__rosidl_typesupport_introspection_cpp.hpp
-- Up-to-date: /home/yony/Dev/ros2_ws/install/sim_sem_interfaces/include/sim_sem_interfaces/sim_sem_interfaces/msg/detail/robot_hand__type_support.cpp
-- Up-to-date: /home/yony/Dev/ros2_ws/install/sim_sem_interfaces/include/sim_sem_interfaces/sim_sem_interfaces/msg/detail/tactile__type_support.cpp
-- Up-to-date: /home/yony/Dev/ros2_ws/install/sim_sem_interfaces/include/sim_sem_interfaces/sim_sem_interfaces/msg/detail/tactile__rosidl_typesupport_introspection_cpp.hpp
-- Up-to-date: /home/yony/Dev/ros2_ws/install/sim_sem_interfaces/include/sim_sem_interfaces/sim_sem_interfaces/msg/detail/human_sight__rosidl_typesupport_introspection_cpp.hpp
-- Up-to-date: /home/yony/Dev/ros2_ws/install/sim_sem_interfaces/include/sim_sem_interfaces/sim_sem_interfaces/msg/detail/neuromorphic_sensing__type_support.cpp
-- Up-to-date: /home/yony/Dev/ros2_ws/install/sim_sem_interfaces/include/sim_sem_interfaces/sim_sem_interfaces/msg/detail/human_behaviour__type_support.cpp
-- Up-to-date: /home/yony/Dev/ros2_ws/install/sim_sem_interfaces/include/sim_sem_interfaces/sim_sem_interfaces/msg/detail/human_motion__type_support.cpp
-- Up-to-date: /home/yony/Dev/ros2_ws/install/sim_sem_interfaces/include/sim_sem_interfaces/sim_sem_interfaces/msg/detail/human_motion__rosidl_typesupport_introspection_cpp.hpp
-- Up-to-date: /home/yony/Dev/ros2_ws/install/sim_sem_interfaces/include/sim_sem_interfaces/sim_sem_interfaces/msg/detail/human_grasping_strategies__type_support.cpp
-- Up-to-date: /home/yony/Dev/ros2_ws/install/sim_sem_interfaces/include/sim_sem_interfaces/sim_sem_interfaces/msg/detail/emergency__type_support.cpp
-- Up-to-date: /home/yony/Dev/ros2_ws/install/sim_sem_interfaces/include/sim_sem_interfaces/sim_sem_interfaces/msg/detail/robot_arm__type_support.cpp
-- Up-to-date: /home/yony/Dev/ros2_ws/install/sim_sem_interfaces/include/sim_sem_interfaces/sim_sem_interfaces/msg/detail/robot_high_latency_corrections__rosidl_typesupport_introspection_cpp.hpp
-- Up-to-date: /home/yony/Dev/ros2_ws/install/sim_sem_interfaces/include/sim_sem_interfaces/sim_sem_interfaces/msg/detail/robot_low_latency_corrections__rosidl_typesupport_introspection_cpp.hpp
-- Up-to-date: /home/yony/Dev/ros2_ws/install/sim_sem_interfaces/include/sim_sem_interfaces/sim_sem_interfaces/msg/detail/fatigue_analysis__type_support.cpp
-- Up-to-date: /home/yony/Dev/ros2_ws/install/sim_sem_interfaces/include/sim_sem_interfaces/sim_sem_interfaces/msg/detail/robot_high_latency_corrections__type_support.cpp
-- Up-to-date: /home/yony/Dev/ros2_ws/install/sim_sem_interfaces/include/sim_sem_interfaces/sim_sem_interfaces/msg/detail/robot_hand_kinematic__rosidl_typesupport_introspection_cpp.hpp
-- Up-to-date: /home/yony/Dev/ros2_ws/install/sim_sem_interfaces/include/sim_sem_interfaces/sim_sem_interfaces/msg/detail/fatigue_analysis__rosidl_typesupport_introspection_cpp.hpp
-- Up-to-date: /home/yony/Dev/ros2_ws/install/sim_sem_interfaces/include/sim_sem_interfaces/sim_sem_interfaces/msg/detail/physical_object__type_support.cpp
-- Up-to-date: /home/yony/Dev/ros2_ws/install/sim_sem_interfaces/include/sim_sem_interfaces/sim_sem_interfaces/msg/detail/emergency_request_status__rosidl_typesupport_introspection_cpp.hpp
-- Up-to-date: /home/yony/Dev/ros2_ws/install/sim_sem_interfaces/include/sim_sem_interfaces/sim_sem_interfaces/msg/detail/robot_arm_kinematic__rosidl_typesupport_introspection_cpp.hpp
-- Up-to-date: /home/yony/Dev/ros2_ws/install/sim_sem_interfaces/include/sim_sem_interfaces/sim_sem_interfaces/msg/detail/human_behaviour__rosidl_typesupport_introspection_cpp.hpp
-- Up-to-date: /home/yony/Dev/ros2_ws/install/sim_sem_interfaces/include/sim_sem_interfaces/sim_sem_interfaces/msg/detail/human_hand_gesture__rosidl_typesupport_introspection_cpp.hpp
-- Up-to-date: /home/yony/Dev/ros2_ws/install/sim_sem_interfaces/include/sim_sem_interfaces/sim_sem_interfaces/msg/detail/robot_arm__rosidl_typesupport_introspection_cpp.hpp
-- Up-to-date: /home/yony/Dev/ros2_ws/install/sim_sem_interfaces/include/sim_sem_interfaces/sim_sem_interfaces/msg/detail/robot_grasping_strategies__type_support.cpp
-- Up-to-date: /home/yony/Dev/ros2_ws/install/sim_sem_interfaces/include/sim_sem_interfaces/sim_sem_interfaces/msg/detail/robot_arm_kinematic__type_support.cpp
-- Up-to-date: /home/yony/Dev/ros2_ws/install/sim_sem_interfaces/include/sim_sem_interfaces/sim_sem_interfaces/msg/detail/human_hand_gesture__type_support.cpp
-- Up-to-date: /home/yony/Dev/ros2_ws/install/sim_sem_interfaces/include/sim_sem_interfaces/sim_sem_interfaces/msg/detail/robot_grasping_strategies__rosidl_typesupport_introspection_cpp.hpp
-- Up-to-date: /home/yony/Dev/ros2_ws/install/sim_sem_interfaces/include/sim_sem_interfaces/sim_sem_interfaces/msg/detail/robot_low_latency_corrections__type_support.cpp
-- Up-to-date: /home/yony/Dev/ros2_ws/install/sim_sem_interfaces/include/sim_sem_interfaces/sim_sem_interfaces/msg/detail/human_parameter_intention__type_support.cpp
-- Up-to-date: /home/yony/Dev/ros2_ws/install/sim_sem_interfaces/include/sim_sem_interfaces/sim_sem_interfaces/msg/detail/environment__rosidl_typesupport_introspection_cpp.hpp
-- Up-to-date: /home/yony/Dev/ros2_ws/install/sim_sem_interfaces/include/sim_sem_interfaces/sim_sem_interfaces/msg/detail/physical_object__rosidl_typesupport_introspection_cpp.hpp
-- Up-to-date: /home/yony/Dev/ros2_ws/install/sim_sem_interfaces/include/sim_sem_interfaces/sim_sem_interfaces/msg/detail/emergency__rosidl_typesupport_introspection_cpp.hpp
-- Up-to-date: /home/yony/Dev/ros2_ws/install/sim_sem_interfaces/include/sim_sem_interfaces/sim_sem_interfaces/msg/detail/robot_hand__rosidl_typesupport_introspection_cpp.hpp
-- Up-to-date: /home/yony/Dev/ros2_ws/install/sim_sem_interfaces/include/sim_sem_interfaces/sim_sem_interfaces/msg/detail/environment__type_support.cpp
-- Up-to-date: /home/yony/Dev/ros2_ws/install/sim_sem_interfaces/include/sim_sem_interfaces/sim_sem_interfaces/msg/detail/human_parameter_intention__rosidl_typesupport_introspection_cpp.hpp
-- Up-to-date: /home/yony/Dev/ros2_ws/install/sim_sem_interfaces/lib/libsim_sem_interfaces__rosidl_typesupport_introspection_cpp.so
-- Up-to-date: /home/yony/Dev/ros2_ws/install/sim_sem_interfaces/lib/libsim_sem_interfaces__rosidl_typesupport_cpp.so
-- Up-to-date: /home/yony/Dev/ros2_ws/install/sim_sem_interfaces/share/sim_sem_interfaces/environment/pythonpath.sh
-- Up-to-date: /home/yony/Dev/ros2_ws/install/sim_sem_interfaces/share/sim_sem_interfaces/environment/pythonpath.dsv
-- Up-to-date: /home/yony/Dev/ros2_ws/install/sim_sem_interfaces/local/lib/python3.10/dist-packages/sim_sem_interfaces-0.0.1-py3.10.egg-info
-- Installing: /home/yony/Dev/ros2_ws/install/sim_sem_interfaces/local/lib/python3.10/dist-packages/sim_sem_interfaces-0.0.1-py3.10.egg-info/dependency_links.txt
-- Installing: /home/yony/Dev/ros2_ws/install/sim_sem_interfaces/local/lib/python3.10/dist-packages/sim_sem_interfaces-0.0.1-py3.10.egg-info/SOURCES.txt
-- Installing: /home/yony/Dev/ros2_ws/install/sim_sem_interfaces/local/lib/python3.10/dist-packages/sim_sem_interfaces-0.0.1-py3.10.egg-info/PKG-INFO
-- Installing: /home/yony/Dev/ros2_ws/install/sim_sem_interfaces/local/lib/python3.10/dist-packages/sim_sem_interfaces-0.0.1-py3.10.egg-info/top_level.txt
-- Up-to-date: /home/yony/Dev/ros2_ws/install/sim_sem_interfaces/local/lib/python3.10/dist-packages/sim_sem_interfaces
-- Up-to-date: /home/yony/Dev/ros2_ws/install/sim_sem_interfaces/local/lib/python3.10/dist-packages/sim_sem_interfaces/_sim_sem_interfaces_s.ep.rosidl_typesupport_c.c
-- Up-to-date: /home/yony/Dev/ros2_ws/install/sim_sem_interfaces/local/lib/python3.10/dist-packages/sim_sem_interfaces/msg
-- Up-to-date: /home/yony/Dev/ros2_ws/install/sim_sem_interfaces/local/lib/python3.10/dist-packages/sim_sem_interfaces/msg/_fatigue_analysis.py
-- Up-to-date: /home/yony/Dev/ros2_ws/install/sim_sem_interfaces/local/lib/python3.10/dist-packages/sim_sem_interfaces/msg/_robot_arm_kinematic_s.c
-- Up-to-date: /home/yony/Dev/ros2_ws/install/sim_sem_interfaces/local/lib/python3.10/dist-packages/sim_sem_interfaces/msg/_environment_s.c
-- Up-to-date: /home/yony/Dev/ros2_ws/install/sim_sem_interfaces/local/lib/python3.10/dist-packages/sim_sem_interfaces/msg/_robot_hand_kinematic.py
-- Up-to-date: /home/yony/Dev/ros2_ws/install/sim_sem_interfaces/local/lib/python3.10/dist-packages/sim_sem_interfaces/msg/_human_behaviour.py
-- Up-to-date: /home/yony/Dev/ros2_ws/install/sim_sem_interfaces/local/lib/python3.10/dist-packages/sim_sem_interfaces/msg/_human_grasping_strategies.py
-- Up-to-date: /home/yony/Dev/ros2_ws/install/sim_sem_interfaces/local/lib/python3.10/dist-packages/sim_sem_interfaces/msg/_robot_grasping_strategies_s.c
-- Up-to-date: /home/yony/Dev/ros2_ws/install/sim_sem_interfaces/local/lib/python3.10/dist-packages/sim_sem_interfaces/msg/_tactile.py
-- Up-to-date: /home/yony/Dev/ros2_ws/install/sim_sem_interfaces/local/lib/python3.10/dist-packages/sim_sem_interfaces/msg/_neuromorphic_sensing.py
-- Up-to-date: /home/yony/Dev/ros2_ws/install/sim_sem_interfaces/local/lib/python3.10/dist-packages/sim_sem_interfaces/msg/_environment.py
-- Up-to-date: /home/yony/Dev/ros2_ws/install/sim_sem_interfaces/local/lib/python3.10/dist-packages/sim_sem_interfaces/msg/_tactile_s.c
-- Up-to-date: /home/yony/Dev/ros2_ws/install/sim_sem_interfaces/local/lib/python3.10/dist-packages/sim_sem_interfaces/msg/_robot_arm_kinematic.py
-- Up-to-date: /home/yony/Dev/ros2_ws/install/sim_sem_interfaces/local/lib/python3.10/dist-packages/sim_sem_interfaces/msg/_physical_object_s.c
-- Up-to-date: /home/yony/Dev/ros2_ws/install/sim_sem_interfaces/local/lib/python3.10/dist-packages/sim_sem_interfaces/msg/_human_motion_s.c
-- Up-to-date: /home/yony/Dev/ros2_ws/install/sim_sem_interfaces/local/lib/python3.10/dist-packages/sim_sem_interfaces/msg/_human_motion.py
-- Up-to-date: /home/yony/Dev/ros2_ws/install/sim_sem_interfaces/local/lib/python3.10/dist-packages/sim_sem_interfaces/msg/_fatigue_analysis_s.c
-- Up-to-date: /home/yony/Dev/ros2_ws/install/sim_sem_interfaces/local/lib/python3.10/dist-packages/sim_sem_interfaces/msg/_emergency.py
-- Up-to-date: /home/yony/Dev/ros2_ws/install/sim_sem_interfaces/local/lib/python3.10/dist-packages/sim_sem_interfaces/msg/_neuromorphic_sensing_s.c
-- Up-to-date: /home/yony/Dev/ros2_ws/install/sim_sem_interfaces/local/lib/python3.10/dist-packages/sim_sem_interfaces/msg/_robot_grasping_strategies.py
-- Up-to-date: /home/yony/Dev/ros2_ws/install/sim_sem_interfaces/local/lib/python3.10/dist-packages/sim_sem_interfaces/msg/_emergency_request_status.py
-- Up-to-date: /home/yony/Dev/ros2_ws/install/sim_sem_interfaces/local/lib/python3.10/dist-packages/sim_sem_interfaces/msg/_robot_hand_s.c
-- Up-to-date: /home/yony/Dev/ros2_ws/install/sim_sem_interfaces/local/lib/python3.10/dist-packages/sim_sem_interfaces/msg/_robot_high_latency_corrections_s.c
-- Up-to-date: /home/yony/Dev/ros2_ws/install/sim_sem_interfaces/local/lib/python3.10/dist-packages/sim_sem_interfaces/msg/_human_grasping_strategies_s.c
-- Up-to-date: /home/yony/Dev/ros2_ws/install/sim_sem_interfaces/local/lib/python3.10/dist-packages/sim_sem_interfaces/msg/_emergency_s.c
-- Up-to-date: /home/yony/Dev/ros2_ws/install/sim_sem_interfaces/local/lib/python3.10/dist-packages/sim_sem_interfaces/msg/_robot_high_latency_corrections.py
-- Up-to-date: /home/yony/Dev/ros2_ws/install/sim_sem_interfaces/local/lib/python3.10/dist-packages/sim_sem_interfaces/msg/_human_behaviour_s.c
-- Up-to-date: /home/yony/Dev/ros2_ws/install/sim_sem_interfaces/local/lib/python3.10/dist-packages/sim_sem_interfaces/msg/_human_sight_s.c
-- Up-to-date: /home/yony/Dev/ros2_ws/install/sim_sem_interfaces/local/lib/python3.10/dist-packages/sim_sem_interfaces/msg/_robot_arm_s.c
-- Up-to-date: /home/yony/Dev/ros2_ws/install/sim_sem_interfaces/local/lib/python3.10/dist-packages/sim_sem_interfaces/msg/__init__.py
-- Up-to-date: /home/yony/Dev/ros2_ws/install/sim_sem_interfaces/local/lib/python3.10/dist-packages/sim_sem_interfaces/msg/_robot_low_latency_corrections.py
-- Up-to-date: /home/yony/Dev/ros2_ws/install/sim_sem_interfaces/local/lib/python3.10/dist-packages/sim_sem_interfaces/msg/_human_sight.py
-- Up-to-date: /home/yony/Dev/ros2_ws/install/sim_sem_interfaces/local/lib/python3.10/dist-packages/sim_sem_interfaces/msg/_human_hand_gesture.py
-- Up-to-date: /home/yony/Dev/ros2_ws/install/sim_sem_interfaces/local/lib/python3.10/dist-packages/sim_sem_interfaces/msg/_human_parameter_intention_s.c
-- Up-to-date: /home/yony/Dev/ros2_ws/install/sim_sem_interfaces/local/lib/python3.10/dist-packages/sim_sem_interfaces/msg/_human_hand_gesture_s.c
-- Up-to-date: /home/yony/Dev/ros2_ws/install/sim_sem_interfaces/local/lib/python3.10/dist-packages/sim_sem_interfaces/msg/_human_parameter_intention.py
-- Up-to-date: /home/yony/Dev/ros2_ws/install/sim_sem_interfaces/local/lib/python3.10/dist-packages/sim_sem_interfaces/msg/_robot_low_latency_corrections_s.c
-- Up-to-date: /home/yony/Dev/ros2_ws/install/sim_sem_interfaces/local/lib/python3.10/dist-packages/sim_sem_interfaces/msg/_physical_object.py
-- Up-to-date: /home/yony/Dev/ros2_ws/install/sim_sem_interfaces/local/lib/python3.10/dist-packages/sim_sem_interfaces/msg/_robot_arm.py
-- Up-to-date: /home/yony/Dev/ros2_ws/install/sim_sem_interfaces/local/lib/python3.10/dist-packages/sim_sem_interfaces/msg/_robot_hand_kinematic_s.c
-- Up-to-date: /home/yony/Dev/ros2_ws/install/sim_sem_interfaces/local/lib/python3.10/dist-packages/sim_sem_interfaces/msg/_emergency_request_status_s.c
-- Up-to-date: /home/yony/Dev/ros2_ws/install/sim_sem_interfaces/local/lib/python3.10/dist-packages/sim_sem_interfaces/msg/_robot_hand.py
-- Up-to-date: /home/yony/Dev/ros2_ws/install/sim_sem_interfaces/local/lib/python3.10/dist-packages/sim_sem_interfaces/_sim_sem_interfaces_s.ep.rosidl_typesupport_introspection_c.c
-- Up-to-date: /home/yony/Dev/ros2_ws/install/sim_sem_interfaces/local/lib/python3.10/dist-packages/sim_sem_interfaces/libsim_sem_interfaces__rosidl_generator_py.so
-- Up-to-date: /home/yony/Dev/ros2_ws/install/sim_sem_interfaces/local/lib/python3.10/dist-packages/sim_sem_interfaces/sim_sem_interfaces_s__rosidl_typesupport_c.cpython-310-x86_64-linux-gnu.so
-- Up-to-date: /home/yony/Dev/ros2_ws/install/sim_sem_interfaces/local/lib/python3.10/dist-packages/sim_sem_interfaces/sim_sem_interfaces_s__rosidl_typesupport_introspection_c.cpython-310-x86_64-linux-gnu.so
-- Up-to-date: /home/yony/Dev/ros2_ws/install/sim_sem_interfaces/local/lib/python3.10/dist-packages/sim_sem_interfaces/__init__.py
-- Up-to-date: /home/yony/Dev/ros2_ws/install/sim_sem_interfaces/local/lib/python3.10/dist-packages/sim_sem_interfaces/_sim_sem_interfaces_s.ep.rosidl_typesupport_fastrtps_c.c
-- Up-to-date: /home/yony/Dev/ros2_ws/install/sim_sem_interfaces/local/lib/python3.10/dist-packages/sim_sem_interfaces/sim_sem_interfaces_s__rosidl_typesupport_fastrtps_c.cpython-310-x86_64-linux-gnu.so
Listing '/home/yony/Dev/ros2_ws/install/sim_sem_interfaces/local/lib/python3.10/dist-packages/sim_sem_interfaces'...
Listing '/home/yony/Dev/ros2_ws/install/sim_sem_interfaces/local/lib/python3.10/dist-packages/sim_sem_interfaces/msg'...
-- Up-to-date: /home/yony/Dev/ros2_ws/install/sim_sem_interfaces/local/lib/python3.10/dist-packages/sim_sem_interfaces/sim_sem_interfaces_s__rosidl_typesupport_fastrtps_c.cpython-310-x86_64-linux-gnu.so
-- Up-to-date: /home/yony/Dev/ros2_ws/install/sim_sem_interfaces/local/lib/python3.10/dist-packages/sim_sem_interfaces/sim_sem_interfaces_s__rosidl_typesupport_introspection_c.cpython-310-x86_64-linux-gnu.so
-- Up-to-date: /home/yony/Dev/ros2_ws/install/sim_sem_interfaces/local/lib/python3.10/dist-packages/sim_sem_interfaces/sim_sem_interfaces_s__rosidl_typesupport_c.cpython-310-x86_64-linux-gnu.so
-- Up-to-date: /home/yony/Dev/ros2_ws/install/sim_sem_interfaces/lib/libsim_sem_interfaces__rosidl_generator_py.so
-- Up-to-date: /home/yony/Dev/ros2_ws/install/sim_sem_interfaces/share/sim_sem_interfaces/msg/Emergency.idl
-- Up-to-date: /home/yony/Dev/ros2_ws/install/sim_sem_interfaces/share/sim_sem_interfaces/msg/EmergencyRequestStatus.idl
-- Up-to-date: /home/yony/Dev/ros2_ws/install/sim_sem_interfaces/share/sim_sem_interfaces/msg/Environment.idl
-- Up-to-date: /home/yony/Dev/ros2_ws/install/sim_sem_interfaces/share/sim_sem_interfaces/msg/FatigueAnalysis.idl
-- Up-to-date: /home/yony/Dev/ros2_ws/install/sim_sem_interfaces/share/sim_sem_interfaces/msg/HumanBehaviour.idl
-- Up-to-date: /home/yony/Dev/ros2_ws/install/sim_sem_interfaces/share/sim_sem_interfaces/msg/HumanGraspingStrategies.idl
-- Up-to-date: /home/yony/Dev/ros2_ws/install/sim_sem_interfaces/share/sim_sem_interfaces/msg/HumanHandGesture.idl
-- Up-to-date: /home/yony/Dev/ros2_ws/install/sim_sem_interfaces/share/sim_sem_interfaces/msg/HumanMotion.idl
-- Up-to-date: /home/yony/Dev/ros2_ws/install/sim_sem_interfaces/share/sim_sem_interfaces/msg/HumanParameterIntention.idl
-- Up-to-date: /home/yony/Dev/ros2_ws/install/sim_sem_interfaces/share/sim_sem_interfaces/msg/HumanSight.idl
-- Up-to-date: /home/yony/Dev/ros2_ws/install/sim_sem_interfaces/share/sim_sem_interfaces/msg/NeuromorphicSensing.idl
-- Up-to-date: /home/yony/Dev/ros2_ws/install/sim_sem_interfaces/share/sim_sem_interfaces/msg/PhysicalObject.idl
-- Up-to-date: /home/yony/Dev/ros2_ws/install/sim_sem_interfaces/share/sim_sem_interfaces/msg/RobotArm.idl
-- Up-to-date: /home/yony/Dev/ros2_ws/install/sim_sem_interfaces/share/sim_sem_interfaces/msg/RobotArmKinematic.idl
-- Up-to-date: /home/yony/Dev/ros2_ws/install/sim_sem_interfaces/share/sim_sem_interfaces/msg/RobotGraspingStrategies.idl
-- Up-to-date: /home/yony/Dev/ros2_ws/install/sim_sem_interfaces/share/sim_sem_interfaces/msg/RobotHand.idl
-- Up-to-date: /home/yony/Dev/ros2_ws/install/sim_sem_interfaces/share/sim_sem_interfaces/msg/RobotHandKinematic.idl
-- Up-to-date: /home/yony/Dev/ros2_ws/install/sim_sem_interfaces/share/sim_sem_interfaces/msg/RobotHighLatencyCorrections.idl
-- Up-to-date: /home/yony/Dev/ros2_ws/install/sim_sem_interfaces/share/sim_sem_interfaces/msg/RobotLowLatencyCorrections.idl
-- Up-to-date: /home/yony/Dev/ros2_ws/install/sim_sem_interfaces/share/sim_sem_interfaces/msg/Tactile.idl
-- Up-to-date: /home/yony/Dev/ros2_ws/install/sim_sem_interfaces/share/sim_sem_interfaces/msg/Emergency.msg
-- Up-to-date: /home/yony/Dev/ros2_ws/install/sim_sem_interfaces/share/sim_sem_interfaces/msg/EmergencyRequestStatus.msg
-- Up-to-date: /home/yony/Dev/ros2_ws/install/sim_sem_interfaces/share/sim_sem_interfaces/msg/Environment.msg
-- Up-to-date: /home/yony/Dev/ros2_ws/install/sim_sem_interfaces/share/sim_sem_interfaces/msg/FatigueAnalysis.msg
-- Up-to-date: /home/yony/Dev/ros2_ws/install/sim_sem_interfaces/share/sim_sem_interfaces/msg/HumanBehaviour.msg
-- Up-to-date: /home/yony/Dev/ros2_ws/install/sim_sem_interfaces/share/sim_sem_interfaces/msg/HumanGraspingStrategies.msg
-- Up-to-date: /home/yony/Dev/ros2_ws/install/sim_sem_interfaces/share/sim_sem_interfaces/msg/HumanHandGesture.msg
-- Up-to-date: /home/yony/Dev/ros2_ws/install/sim_sem_interfaces/share/sim_sem_interfaces/msg/HumanMotion.msg
-- Up-to-date: /home/yony/Dev/ros2_ws/install/sim_sem_interfaces/share/sim_sem_interfaces/msg/HumanParameterIntention.msg
-- Up-to-date: /home/yony/Dev/ros2_ws/install/sim_sem_interfaces/share/sim_sem_interfaces/msg/HumanSight.msg
-- Up-to-date: /home/yony/Dev/ros2_ws/install/sim_sem_interfaces/share/sim_sem_interfaces/msg/NeuromorphicSensing.msg
-- Up-to-date: /home/yony/Dev/ros2_ws/install/sim_sem_interfaces/share/sim_sem_interfaces/msg/PhysicalObject.msg
-- Up-to-date: /home/yony/Dev/ros2_ws/install/sim_sem_interfaces/share/sim_sem_interfaces/msg/RobotArm.msg
-- Up-to-date: /home/yony/Dev/ros2_ws/install/sim_sem_interfaces/share/sim_sem_interfaces/msg/RobotArmKinematic.msg
-- Up-to-date: /home/yony/Dev/ros2_ws/install/sim_sem_interfaces/share/sim_sem_interfaces/msg/RobotGraspingStrategies.msg
-- Up-to-date: /home/yony/Dev/ros2_ws/install/sim_sem_interfaces/share/sim_sem_interfaces/msg/RobotHand.msg
-- Up-to-date: /home/yony/Dev/ros2_ws/install/sim_sem_interfaces/share/sim_sem_interfaces/msg/RobotHandKinematic.msg
-- Up-to-date: /home/yony/Dev/ros2_ws/install/sim_sem_interfaces/share/sim_sem_interfaces/msg/RobotHighLatencyCorrections.msg
-- Up-to-date: /home/yony/Dev/ros2_ws/install/sim_sem_interfaces/share/sim_sem_interfaces/msg/RobotLowLatencyCorrections.msg
-- Up-to-date: /home/yony/Dev/ros2_ws/install/sim_sem_interfaces/share/sim_sem_interfaces/msg/Tactile.msg
-- Up-to-date: /home/yony/Dev/ros2_ws/install/sim_sem_interfaces/share/ament_index/resource_index/package_run_dependencies/sim_sem_interfaces
-- Up-to-date: /home/yony/Dev/ros2_ws/install/sim_sem_interfaces/share/ament_index/resource_index/parent_prefix_path/sim_sem_interfaces
-- Up-to-date: /home/yony/Dev/ros2_ws/install/sim_sem_interfaces/share/sim_sem_interfaces/environment/ament_prefix_path.sh
-- Up-to-date: /home/yony/Dev/ros2_ws/install/sim_sem_interfaces/share/sim_sem_interfaces/environment/ament_prefix_path.dsv
-- Up-to-date: /home/yony/Dev/ros2_ws/install/sim_sem_interfaces/share/sim_sem_interfaces/environment/path.sh
-- Up-to-date: /home/yony/Dev/ros2_ws/install/sim_sem_interfaces/share/sim_sem_interfaces/environment/path.dsv
-- Up-to-date: /home/yony/Dev/ros2_ws/install/sim_sem_interfaces/share/sim_sem_interfaces/local_setup.bash
-- Up-to-date: /home/yony/Dev/ros2_ws/install/sim_sem_interfaces/share/sim_sem_interfaces/local_setup.sh
-- Up-to-date: /home/yony/Dev/ros2_ws/install/sim_sem_interfaces/share/sim_sem_interfaces/local_setup.zsh
-- Up-to-date: /home/yony/Dev/ros2_ws/install/sim_sem_interfaces/share/sim_sem_interfaces/local_setup.dsv
-- Installing: /home/yony/Dev/ros2_ws/install/sim_sem_interfaces/share/sim_sem_interfaces/package.dsv
-- Up-to-date: /home/yony/Dev/ros2_ws/install/sim_sem_interfaces/share/ament_index/resource_index/packages/sim_sem_interfaces
-- Up-to-date: /home/yony/Dev/ros2_ws/install/sim_sem_interfaces/share/sim_sem_interfaces/cmake/export_sim_sem_interfaces__rosidl_generator_cExport.cmake
-- Up-to-date: /home/yony/Dev/ros2_ws/install/sim_sem_interfaces/share/sim_sem_interfaces/cmake/export_sim_sem_interfaces__rosidl_generator_cExport-noconfig.cmake
-- Up-to-date: /home/yony/Dev/ros2_ws/install/sim_sem_interfaces/share/sim_sem_interfaces/cmake/export_sim_sem_interfaces__rosidl_typesupport_fastrtps_cExport.cmake
-- Up-to-date: /home/yony/Dev/ros2_ws/install/sim_sem_interfaces/share/sim_sem_interfaces/cmake/export_sim_sem_interfaces__rosidl_typesupport_fastrtps_cExport-noconfig.cmake
-- Up-to-date: /home/yony/Dev/ros2_ws/install/sim_sem_interfaces/share/sim_sem_interfaces/cmake/sim_sem_interfaces__rosidl_typesupport_introspection_cExport.cmake
-- Up-to-date: /home/yony/Dev/ros2_ws/install/sim_sem_interfaces/share/sim_sem_interfaces/cmake/sim_sem_interfaces__rosidl_typesupport_introspection_cExport-noconfig.cmake
-- Up-to-date: /home/yony/Dev/ros2_ws/install/sim_sem_interfaces/share/sim_sem_interfaces/cmake/sim_sem_interfaces__rosidl_typesupport_cExport.cmake
-- Up-to-date: /home/yony/Dev/ros2_ws/install/sim_sem_interfaces/share/sim_sem_interfaces/cmake/sim_sem_interfaces__rosidl_typesupport_cExport-noconfig.cmake
-- Up-to-date: /home/yony/Dev/ros2_ws/install/sim_sem_interfaces/share/sim_sem_interfaces/cmake/export_sim_sem_interfaces__rosidl_generator_cppExport.cmake
-- Up-to-date: /home/yony/Dev/ros2_ws/install/sim_sem_interfaces/share/sim_sem_interfaces/cmake/export_sim_sem_interfaces__rosidl_typesupport_fastrtps_cppExport.cmake
-- Up-to-date: /home/yony/Dev/ros2_ws/install/sim_sem_interfaces/share/sim_sem_interfaces/cmake/export_sim_sem_interfaces__rosidl_typesupport_fastrtps_cppExport-noconfig.cmake
-- Up-to-date: /home/yony/Dev/ros2_ws/install/sim_sem_interfaces/share/sim_sem_interfaces/cmake/sim_sem_interfaces__rosidl_typesupport_introspection_cppExport.cmake
-- Up-to-date: /home/yony/Dev/ros2_ws/install/sim_sem_interfaces/share/sim_sem_interfaces/cmake/sim_sem_interfaces__rosidl_typesupport_introspection_cppExport-noconfig.cmake
-- Up-to-date: /home/yony/Dev/ros2_ws/install/sim_sem_interfaces/share/sim_sem_interfaces/cmake/sim_sem_interfaces__rosidl_typesupport_cppExport.cmake
-- Up-to-date: /home/yony/Dev/ros2_ws/install/sim_sem_interfaces/share/sim_sem_interfaces/cmake/sim_sem_interfaces__rosidl_typesupport_cppExport-noconfig.cmake
-- Up-to-date: /home/yony/Dev/ros2_ws/install/sim_sem_interfaces/share/sim_sem_interfaces/cmake/export_sim_sem_interfaces__rosidl_generator_pyExport.cmake
-- Up-to-date: /home/yony/Dev/ros2_ws/install/sim_sem_interfaces/share/sim_sem_interfaces/cmake/export_sim_sem_interfaces__rosidl_generator_pyExport-noconfig.cmake
-- Up-to-date: /home/yony/Dev/ros2_ws/install/sim_sem_interfaces/share/sim_sem_interfaces/cmake/rosidl_cmake-extras.cmake
-- Up-to-date: /home/yony/Dev/ros2_ws/install/sim_sem_interfaces/share/sim_sem_interfaces/cmake/ament_cmake_export_dependencies-extras.cmake
-- Up-to-date: /home/yony/Dev/ros2_ws/install/sim_sem_interfaces/share/sim_sem_interfaces/cmake/ament_cmake_export_include_directories-extras.cmake
-- Up-to-date: /home/yony/Dev/ros2_ws/install/sim_sem_interfaces/share/sim_sem_interfaces/cmake/ament_cmake_export_libraries-extras.cmake
-- Up-to-date: /home/yony/Dev/ros2_ws/install/sim_sem_interfaces/share/sim_sem_interfaces/cmake/ament_cmake_export_targets-extras.cmake
-- Up-to-date: /home/yony/Dev/ros2_ws/install/sim_sem_interfaces/share/sim_sem_interfaces/cmake/rosidl_cmake_export_typesupport_targets-extras.cmake
-- Up-to-date: /home/yony/Dev/ros2_ws/install/sim_sem_interfaces/share/sim_sem_interfaces/cmake/rosidl_cmake_export_typesupport_libraries-extras.cmake
-- Up-to-date: /home/yony/Dev/ros2_ws/install/sim_sem_interfaces/share/sim_sem_interfaces/cmake/sim_sem_interfacesConfig.cmake
-- Up-to-date: /home/yony/Dev/ros2_ws/install/sim_sem_interfaces/share/sim_sem_interfaces/cmake/sim_sem_interfacesConfig-version.cmake
-- Up-to-date: /home/yony/Dev/ros2_ws/install/sim_sem_interfaces/share/sim_sem_interfaces/package.xml
