[0.331s] Invoking command in '/home/yony/Dev/ros2_ws/build/sim_sem_interfaces': CMAKE_PREFIX_PATH=${CMAKE_PREFIX_PATH}:/home/yony/Dev/ros2_ws/src/install/temp:/home/yony/Dev/ros2_ws/src/install/sim:/home/yony/Dev/ros2_ws/src/install/april_ros2:/opt/ros/humble /usr/bin/cmake --build /home/yony/Dev/ros2_ws/build/sim_sem_interfaces -- -j12 -l12
[0.385s] [  0%] Built target sim_sem_interfaces__cpp
[0.388s] [ 12%] Built target sim_sem_interfaces__rosidl_generator_c
[0.394s] [ 12%] Built target ament_cmake_python_copy_sim_sem_interfaces
[0.410s] [ 24%] Built target sim_sem_interfaces__rosidl_typesupport_c
[0.414s] [ 37%] Built target sim_sem_interfaces__rosidl_typesupport_introspection_cpp
[0.418s] [ 49%] Built target sim_sem_interfaces__rosidl_typesupport_fastrtps_cpp
[0.419s] [ 61%] Built target sim_sem_interfaces__rosidl_typesupport_introspection_c
[0.419s] [ 73%] Built target sim_sem_interfaces__rosidl_typesupport_cpp
[0.426s] [ 85%] Built target sim_sem_interfaces__rosidl_typesupport_fastrtps_c
[0.442s] [ 85%] Built target sim_sem_interfaces
[0.460s] [ 86%] Built target sim_sem_interfaces__py
[0.486s] [ 97%] Built target sim_sem_interfaces__rosidl_generator_py
[0.506s] [100%] Built target sim_sem_interfaces__rosidl_typesupport_c__pyext
[0.506s] [100%] Built target sim_sem_interfaces__rosidl_typesupport_introspection_c__pyext
[0.506s] [100%] Built target sim_sem_interfaces__rosidl_typesupport_fastrtps_c__pyext
[0.685s] running egg_info
[0.685s] writing sim_sem_interfaces.egg-info/PKG-INFO
[0.686s] writing dependency_links to sim_sem_interfaces.egg-info/dependency_links.txt
[0.686s] writing top-level names to sim_sem_interfaces.egg-info/top_level.txt
[0.689s] reading manifest file 'sim_sem_interfaces.egg-info/SOURCES.txt'
[0.690s] writing manifest file 'sim_sem_interfaces.egg-info/SOURCES.txt'
[0.714s] [100%] Built target ament_cmake_python_build_sim_sem_interfaces_egg
[0.725s] Invoked command in '/home/yony/Dev/ros2_ws/build/sim_sem_interfaces' returned '0': CMAKE_PREFIX_PATH=${CMAKE_PREFIX_PATH}:/home/yony/Dev/ros2_ws/src/install/temp:/home/yony/Dev/ros2_ws/src/install/sim:/home/yony/Dev/ros2_ws/src/install/april_ros2:/opt/ros/humble /usr/bin/cmake --build /home/yony/Dev/ros2_ws/build/sim_sem_interfaces -- -j12 -l12
[1.056s] Invoking command in '/home/yony/Dev/ros2_ws/build/sim_sem_interfaces': CMAKE_PREFIX_PATH=${CMAKE_PREFIX_PATH}:/home/yony/Dev/ros2_ws/src/install/temp:/home/yony/Dev/ros2_ws/src/install/sim:/home/yony/Dev/ros2_ws/src/install/april_ros2:/opt/ros/humble /usr/bin/cmake --install /home/yony/Dev/ros2_ws/build/sim_sem_interfaces
[1.063s] -- Install configuration: ""
[1.063s] -- Up-to-date: /home/yony/Dev/ros2_ws/install/sim_sem_interfaces/share/ament_index/resource_index/rosidl_interfaces/sim_sem_interfaces
[1.063s] -- Up-to-date: /home/yony/Dev/ros2_ws/install/sim_sem_interfaces/include/sim_sem_interfaces/sim_sem_interfaces
[1.064s] -- Up-to-date: /home/yony/Dev/ros2_ws/install/sim_sem_interfaces/include/sim_sem_interfaces/sim_sem_interfaces/msg
[1.064s] -- Up-to-date: /home/yony/Dev/ros2_ws/install/sim_sem_interfaces/include/sim_sem_interfaces/sim_sem_interfaces/msg/detail
[1.064s] -- Up-to-date: /home/yony/Dev/ros2_ws/install/sim_sem_interfaces/include/sim_sem_interfaces/sim_sem_interfaces/msg/detail/emergency_request_status__type_support.h
[1.064s] -- Up-to-date: /home/yony/Dev/ros2_ws/install/sim_sem_interfaces/include/sim_sem_interfaces/sim_sem_interfaces/msg/detail/human_motion__struct.h
[1.065s] -- Up-to-date: /home/yony/Dev/ros2_ws/install/sim_sem_interfaces/include/sim_sem_interfaces/sim_sem_interfaces/msg/detail/robot_hand__functions.h
[1.065s] -- Up-to-date: /home/yony/Dev/ros2_ws/install/sim_sem_interfaces/include/sim_sem_interfaces/sim_sem_interfaces/msg/detail/robot_grasping_strategies__functions.c
[1.065s] -- Up-to-date: /home/yony/Dev/ros2_ws/install/sim_sem_interfaces/include/sim_sem_interfaces/sim_sem_interfaces/msg/detail/robot_high_latency_corrections__functions.c
[1.065s] -- Up-to-date: /home/yony/Dev/ros2_ws/install/sim_sem_interfaces/include/sim_sem_interfaces/sim_sem_interfaces/msg/detail/human_behaviour__functions.h
[1.065s] -- Up-to-date: /home/yony/Dev/ros2_ws/install/sim_sem_interfaces/include/sim_sem_interfaces/sim_sem_interfaces/msg/detail/human_hand_gesture__type_support.h
[1.065s] -- Up-to-date: /home/yony/Dev/ros2_ws/install/sim_sem_interfaces/include/sim_sem_interfaces/sim_sem_interfaces/msg/detail/emergency__type_support.h
[1.065s] -- Up-to-date: /home/yony/Dev/ros2_ws/install/sim_sem_interfaces/include/sim_sem_interfaces/sim_sem_interfaces/msg/detail/robot_hand__type_support.h
[1.066s] -- Up-to-date: /home/yony/Dev/ros2_ws/install/sim_sem_interfaces/include/sim_sem_interfaces/sim_sem_interfaces/msg/detail/tactile__functions.h
[1.066s] -- Up-to-date: /home/yony/Dev/ros2_ws/install/sim_sem_interfaces/include/sim_sem_interfaces/sim_sem_interfaces/msg/detail/human_sight__functions.h
[1.066s] -- Up-to-date: /home/yony/Dev/ros2_ws/install/sim_sem_interfaces/include/sim_sem_interfaces/sim_sem_interfaces/msg/detail/human_grasping_strategies__functions.h
[1.066s] -- Up-to-date: /home/yony/Dev/ros2_ws/install/sim_sem_interfaces/include/sim_sem_interfaces/sim_sem_interfaces/msg/detail/environment__functions.c
[1.066s] -- Up-to-date: /home/yony/Dev/ros2_ws/install/sim_sem_interfaces/include/sim_sem_interfaces/sim_sem_interfaces/msg/detail/emergency_request_status__struct.h
[1.066s] -- Up-to-date: /home/yony/Dev/ros2_ws/install/sim_sem_interfaces/include/sim_sem_interfaces/sim_sem_interfaces/msg/detail/robot_arm_kinematic__functions.h
[1.067s] -- Up-to-date: /home/yony/Dev/ros2_ws/install/sim_sem_interfaces/include/sim_sem_interfaces/sim_sem_interfaces/msg/detail/human_hand_gesture__functions.c
[1.067s] -- Up-to-date: /home/yony/Dev/ros2_ws/install/sim_sem_interfaces/include/sim_sem_interfaces/sim_sem_interfaces/msg/detail/neuromorphic_sensing__struct.h
[1.067s] -- Up-to-date: /home/yony/Dev/ros2_ws/install/sim_sem_interfaces/include/sim_sem_interfaces/sim_sem_interfaces/msg/detail/robot_hand_kinematic__functions.c
[1.067s] -- Up-to-date: /home/yony/Dev/ros2_ws/install/sim_sem_interfaces/include/sim_sem_interfaces/sim_sem_interfaces/msg/detail/fatigue_analysis__struct.h
[1.067s] -- Up-to-date: /home/yony/Dev/ros2_ws/install/sim_sem_interfaces/include/sim_sem_interfaces/sim_sem_interfaces/msg/detail/robot_arm_kinematic__type_support.h
[1.067s] -- Up-to-date: /home/yony/Dev/ros2_ws/install/sim_sem_interfaces/include/sim_sem_interfaces/sim_sem_interfaces/msg/detail/neuromorphic_sensing__functions.h
[1.068s] -- Up-to-date: /home/yony/Dev/ros2_ws/install/sim_sem_interfaces/include/sim_sem_interfaces/sim_sem_interfaces/msg/detail/human_grasping_strategies__type_support.h
[1.068s] -- Up-to-date: /home/yony/Dev/ros2_ws/install/sim_sem_interfaces/include/sim_sem_interfaces/sim_sem_interfaces/msg/detail/fatigue_analysis__functions.c
[1.068s] -- Up-to-date: /home/yony/Dev/ros2_ws/install/sim_sem_interfaces/include/sim_sem_interfaces/sim_sem_interfaces/msg/detail/neuromorphic_sensing__functions.c
[1.068s] -- Up-to-date: /home/yony/Dev/ros2_ws/install/sim_sem_interfaces/include/sim_sem_interfaces/sim_sem_interfaces/msg/detail/robot_grasping_strategies__struct.h
[1.068s] -- Up-to-date: /home/yony/Dev/ros2_ws/install/sim_sem_interfaces/include/sim_sem_interfaces/sim_sem_interfaces/msg/detail/robot_arm__functions.h
[1.068s] -- Up-to-date: /home/yony/Dev/ros2_ws/install/sim_sem_interfaces/include/sim_sem_interfaces/sim_sem_interfaces/msg/detail/human_behaviour__struct.h
[1.068s] -- Up-to-date: /home/yony/Dev/ros2_ws/install/sim_sem_interfaces/include/sim_sem_interfaces/sim_sem_interfaces/msg/detail/human_sight__type_support.h
[1.068s] -- Up-to-date: /home/yony/Dev/ros2_ws/install/sim_sem_interfaces/include/sim_sem_interfaces/sim_sem_interfaces/msg/detail/emergency_request_status__functions.h
[1.069s] -- Up-to-date: /home/yony/Dev/ros2_ws/install/sim_sem_interfaces/include/sim_sem_interfaces/sim_sem_interfaces/msg/detail/robot_arm__functions.c
[1.069s] -- Up-to-date: /home/yony/Dev/ros2_ws/install/sim_sem_interfaces/include/sim_sem_interfaces/sim_sem_interfaces/msg/detail/human_parameter_intention__type_support.h
[1.069s] -- Up-to-date: /home/yony/Dev/ros2_ws/install/sim_sem_interfaces/include/sim_sem_interfaces/sim_sem_interfaces/msg/detail/human_parameter_intention__functions.h
[1.069s] -- Up-to-date: /home/yony/Dev/ros2_ws/install/sim_sem_interfaces/include/sim_sem_interfaces/sim_sem_interfaces/msg/detail/tactile__functions.c
[1.070s] -- Up-to-date: /home/yony/Dev/ros2_ws/install/sim_sem_interfaces/include/sim_sem_interfaces/sim_sem_interfaces/msg/detail/robot_hand_kinematic__struct.h
[1.070s] -- Up-to-date: /home/yony/Dev/ros2_ws/install/sim_sem_interfaces/include/sim_sem_interfaces/sim_sem_interfaces/msg/detail/human_sight__functions.c
[1.070s] -- Up-to-date: /home/yony/Dev/ros2_ws/install/sim_sem_interfaces/include/sim_sem_interfaces/sim_sem_interfaces/msg/detail/robot_low_latency_corrections__functions.c
[1.070s] -- Up-to-date: /home/yony/Dev/ros2_ws/install/sim_sem_interfaces/include/sim_sem_interfaces/sim_sem_interfaces/msg/detail/robot_hand__struct.h
[1.070s] -- Up-to-date: /home/yony/Dev/ros2_ws/install/sim_sem_interfaces/include/sim_sem_interfaces/sim_sem_interfaces/msg/detail/robot_hand_kinematic__type_support.h
[1.070s] -- Up-to-date: /home/yony/Dev/ros2_ws/install/sim_sem_interfaces/include/sim_sem_interfaces/sim_sem_interfaces/msg/detail/robot_high_latency_corrections__type_support.h
[1.071s] -- Up-to-date: /home/yony/Dev/ros2_ws/install/sim_sem_interfaces/include/sim_sem_interfaces/sim_sem_interfaces/msg/detail/robot_low_latency_corrections__struct.h
[1.071s] -- Up-to-date: /home/yony/Dev/ros2_ws/install/sim_sem_interfaces/include/sim_sem_interfaces/sim_sem_interfaces/msg/detail/physical_object__struct.h
[1.071s] -- Up-to-date: /home/yony/Dev/ros2_ws/install/sim_sem_interfaces/include/sim_sem_interfaces/sim_sem_interfaces/msg/detail/emergency__functions.c
[1.071s] -- Up-to-date: /home/yony/Dev/ros2_ws/install/sim_sem_interfaces/include/sim_sem_interfaces/sim_sem_interfaces/msg/detail/robot_arm_kinematic__functions.c
[1.071s] -- Up-to-date: /home/yony/Dev/ros2_ws/install/sim_sem_interfaces/include/sim_sem_interfaces/sim_sem_interfaces/msg/detail/robot_arm__type_support.h
[1.071s] -- Up-to-date: /home/yony/Dev/ros2_ws/install/sim_sem_interfaces/include/sim_sem_interfaces/sim_sem_interfaces/msg/detail/human_motion__functions.c
[1.072s] -- Up-to-date: /home/yony/Dev/ros2_ws/install/sim_sem_interfaces/include/sim_sem_interfaces/sim_sem_interfaces/msg/detail/human_hand_gesture__functions.h
[1.072s] -- Up-to-date: /home/yony/Dev/ros2_ws/install/sim_sem_interfaces/include/sim_sem_interfaces/sim_sem_interfaces/msg/detail/human_grasping_strategies__functions.c
[1.072s] -- Up-to-date: /home/yony/Dev/ros2_ws/install/sim_sem_interfaces/include/sim_sem_interfaces/sim_sem_interfaces/msg/detail/robot_arm_kinematic__struct.h
[1.072s] -- Up-to-date: /home/yony/Dev/ros2_ws/install/sim_sem_interfaces/include/sim_sem_interfaces/sim_sem_interfaces/msg/detail/robot_arm__struct.h
[1.072s] -- Up-to-date: /home/yony/Dev/ros2_ws/install/sim_sem_interfaces/include/sim_sem_interfaces/sim_sem_interfaces/msg/detail/human_motion__type_support.h
[1.072s] -- Up-to-date: /home/yony/Dev/ros2_ws/install/sim_sem_interfaces/include/sim_sem_interfaces/sim_sem_interfaces/msg/detail/fatigue_analysis__functions.h
[1.072s] -- Up-to-date: /home/yony/Dev/ros2_ws/install/sim_sem_interfaces/include/sim_sem_interfaces/sim_sem_interfaces/msg/detail/human_hand_gesture__struct.h
[1.072s] -- Up-to-date: /home/yony/Dev/ros2_ws/install/sim_sem_interfaces/include/sim_sem_interfaces/sim_sem_interfaces/msg/detail/environment__type_support.h
[1.073s] -- Up-to-date: /home/yony/Dev/ros2_ws/install/sim_sem_interfaces/include/sim_sem_interfaces/sim_sem_interfaces/msg/detail/human_motion__functions.h
[1.073s] -- Up-to-date: /home/yony/Dev/ros2_ws/install/sim_sem_interfaces/include/sim_sem_interfaces/sim_sem_interfaces/msg/detail/tactile__struct.h
[1.073s] -- Up-to-date: /home/yony/Dev/ros2_ws/install/sim_sem_interfaces/include/sim_sem_interfaces/sim_sem_interfaces/msg/detail/robot_high_latency_corrections__functions.h
[1.073s] -- Up-to-date: /home/yony/Dev/ros2_ws/install/sim_sem_interfaces/include/sim_sem_interfaces/sim_sem_interfaces/msg/detail/human_behaviour__type_support.h
[1.073s] -- Up-to-date: /home/yony/Dev/ros2_ws/install/sim_sem_interfaces/include/sim_sem_interfaces/sim_sem_interfaces/msg/detail/emergency__functions.h
[1.073s] -- Up-to-date: /home/yony/Dev/ros2_ws/install/sim_sem_interfaces/include/sim_sem_interfaces/sim_sem_interfaces/msg/detail/tactile__type_support.h
[1.073s] -- Up-to-date: /home/yony/Dev/ros2_ws/install/sim_sem_interfaces/include/sim_sem_interfaces/sim_sem_interfaces/msg/detail/physical_object__functions.h
[1.074s] -- Up-to-date: /home/yony/Dev/ros2_ws/install/sim_sem_interfaces/include/sim_sem_interfaces/sim_sem_interfaces/msg/detail/human_parameter_intention__functions.c
[1.074s] -- Up-to-date: /home/yony/Dev/ros2_ws/install/sim_sem_interfaces/include/sim_sem_interfaces/sim_sem_interfaces/msg/detail/neuromorphic_sensing__type_support.h
[1.074s] -- Up-to-date: /home/yony/Dev/ros2_ws/install/sim_sem_interfaces/include/sim_sem_interfaces/sim_sem_interfaces/msg/detail/human_grasping_strategies__struct.h
[1.074s] -- Up-to-date: /home/yony/Dev/ros2_ws/install/sim_sem_interfaces/include/sim_sem_interfaces/sim_sem_interfaces/msg/detail/emergency_request_status__functions.c
[1.074s] -- Up-to-date: /home/yony/Dev/ros2_ws/install/sim_sem_interfaces/include/sim_sem_interfaces/sim_sem_interfaces/msg/detail/environment__struct.h
[1.075s] -- Up-to-date: /home/yony/Dev/ros2_ws/install/sim_sem_interfaces/include/sim_sem_interfaces/sim_sem_interfaces/msg/detail/physical_object__functions.c
[1.075s] -- Up-to-date: /home/yony/Dev/ros2_ws/install/sim_sem_interfaces/include/sim_sem_interfaces/sim_sem_interfaces/msg/detail/human_behaviour__functions.c
[1.075s] -- Up-to-date: /home/yony/Dev/ros2_ws/install/sim_sem_interfaces/include/sim_sem_interfaces/sim_sem_interfaces/msg/detail/robot_high_latency_corrections__struct.h
[1.075s] -- Up-to-date: /home/yony/Dev/ros2_ws/install/sim_sem_interfaces/include/sim_sem_interfaces/sim_sem_interfaces/msg/detail/environment__functions.h
[1.075s] -- Up-to-date: /home/yony/Dev/ros2_ws/install/sim_sem_interfaces/include/sim_sem_interfaces/sim_sem_interfaces/msg/detail/robot_hand_kinematic__functions.h
[1.075s] -- Up-to-date: /home/yony/Dev/ros2_ws/install/sim_sem_interfaces/include/sim_sem_interfaces/sim_sem_interfaces/msg/detail/robot_grasping_strategies__functions.h
[1.075s] -- Up-to-date: /home/yony/Dev/ros2_ws/install/sim_sem_interfaces/include/sim_sem_interfaces/sim_sem_interfaces/msg/detail/human_sight__struct.h
[1.075s] -- Up-to-date: /home/yony/Dev/ros2_ws/install/sim_sem_interfaces/include/sim_sem_interfaces/sim_sem_interfaces/msg/detail/emergency__struct.h
[1.075s] -- Up-to-date: /home/yony/Dev/ros2_ws/install/sim_sem_interfaces/include/sim_sem_interfaces/sim_sem_interfaces/msg/detail/robot_hand__functions.c
[1.075s] -- Up-to-date: /home/yony/Dev/ros2_ws/install/sim_sem_interfaces/include/sim_sem_interfaces/sim_sem_interfaces/msg/detail/human_parameter_intention__struct.h
[1.075s] -- Up-to-date: /home/yony/Dev/ros2_ws/install/sim_sem_interfaces/include/sim_sem_interfaces/sim_sem_interfaces/msg/detail/robot_low_latency_corrections__functions.h
[1.076s] -- Up-to-date: /home/yony/Dev/ros2_ws/install/sim_sem_interfaces/include/sim_sem_interfaces/sim_sem_interfaces/msg/detail/physical_object__type_support.h
[1.076s] -- Up-to-date: /home/yony/Dev/ros2_ws/install/sim_sem_interfaces/include/sim_sem_interfaces/sim_sem_interfaces/msg/detail/fatigue_analysis__type_support.h
[1.076s] -- Up-to-date: /home/yony/Dev/ros2_ws/install/sim_sem_interfaces/include/sim_sem_interfaces/sim_sem_interfaces/msg/detail/robot_grasping_strategies__type_support.h
[1.076s] -- Up-to-date: /home/yony/Dev/ros2_ws/install/sim_sem_interfaces/include/sim_sem_interfaces/sim_sem_interfaces/msg/detail/robot_low_latency_corrections__type_support.h
[1.076s] -- Up-to-date: /home/yony/Dev/ros2_ws/install/sim_sem_interfaces/include/sim_sem_interfaces/sim_sem_interfaces/msg/human_sight.h
[1.076s] -- Up-to-date: /home/yony/Dev/ros2_ws/install/sim_sem_interfaces/include/sim_sem_interfaces/sim_sem_interfaces/msg/human_grasping_strategies.h
[1.076s] -- Up-to-date: /home/yony/Dev/ros2_ws/install/sim_sem_interfaces/include/sim_sem_interfaces/sim_sem_interfaces/msg/neuromorphic_sensing.h
[1.076s] -- Up-to-date: /home/yony/Dev/ros2_ws/install/sim_sem_interfaces/include/sim_sem_interfaces/sim_sem_interfaces/msg/human_hand_gesture.h
[1.076s] -- Up-to-date: /home/yony/Dev/ros2_ws/install/sim_sem_interfaces/include/sim_sem_interfaces/sim_sem_interfaces/msg/robot_high_latency_corrections.h
[1.076s] -- Up-to-date: /home/yony/Dev/ros2_ws/install/sim_sem_interfaces/include/sim_sem_interfaces/sim_sem_interfaces/msg/emergency_request_status.h
[1.076s] -- Up-to-date: /home/yony/Dev/ros2_ws/install/sim_sem_interfaces/include/sim_sem_interfaces/sim_sem_interfaces/msg/robot_arm.h
[1.076s] -- Up-to-date: /home/yony/Dev/ros2_ws/install/sim_sem_interfaces/include/sim_sem_interfaces/sim_sem_interfaces/msg/physical_object.h
[1.077s] -- Up-to-date: /home/yony/Dev/ros2_ws/install/sim_sem_interfaces/include/sim_sem_interfaces/sim_sem_interfaces/msg/robot_arm_kinematic.h
[1.077s] -- Up-to-date: /home/yony/Dev/ros2_ws/install/sim_sem_interfaces/include/sim_sem_interfaces/sim_sem_interfaces/msg/rosidl_generator_c__visibility_control.h
[1.077s] -- Up-to-date: /home/yony/Dev/ros2_ws/install/sim_sem_interfaces/include/sim_sem_interfaces/sim_sem_interfaces/msg/fatigue_analysis.h
[1.077s] -- Up-to-date: /home/yony/Dev/ros2_ws/install/sim_sem_interfaces/include/sim_sem_interfaces/sim_sem_interfaces/msg/emergency.h
[1.077s] -- Up-to-date: /home/yony/Dev/ros2_ws/install/sim_sem_interfaces/include/sim_sem_interfaces/sim_sem_interfaces/msg/human_parameter_intention.h
[1.077s] -- Up-to-date: /home/yony/Dev/ros2_ws/install/sim_sem_interfaces/include/sim_sem_interfaces/sim_sem_interfaces/msg/human_motion.h
[1.077s] -- Up-to-date: /home/yony/Dev/ros2_ws/install/sim_sem_interfaces/include/sim_sem_interfaces/sim_sem_interfaces/msg/robot_low_latency_corrections.h
[1.077s] -- Up-to-date: /home/yony/Dev/ros2_ws/install/sim_sem_interfaces/include/sim_sem_interfaces/sim_sem_interfaces/msg/robot_grasping_strategies.h
[1.077s] -- Up-to-date: /home/yony/Dev/ros2_ws/install/sim_sem_interfaces/include/sim_sem_interfaces/sim_sem_interfaces/msg/robot_hand_kinematic.h
[1.077s] -- Up-to-date: /home/yony/Dev/ros2_ws/install/sim_sem_interfaces/include/sim_sem_interfaces/sim_sem_interfaces/msg/environment.h
[1.077s] -- Up-to-date: /home/yony/Dev/ros2_ws/install/sim_sem_interfaces/include/sim_sem_interfaces/sim_sem_interfaces/msg/robot_hand.h
[1.077s] -- Up-to-date: /home/yony/Dev/ros2_ws/install/sim_sem_interfaces/include/sim_sem_interfaces/sim_sem_interfaces/msg/tactile.h
[1.077s] -- Up-to-date: /home/yony/Dev/ros2_ws/install/sim_sem_interfaces/include/sim_sem_interfaces/sim_sem_interfaces/msg/human_behaviour.h
[1.078s] -- Up-to-date: /home/yony/Dev/ros2_ws/install/sim_sem_interfaces/share/sim_sem_interfaces/environment/library_path.sh
[1.078s] -- Up-to-date: /home/yony/Dev/ros2_ws/install/sim_sem_interfaces/share/sim_sem_interfaces/environment/library_path.dsv
[1.078s] -- Up-to-date: /home/yony/Dev/ros2_ws/install/sim_sem_interfaces/lib/libsim_sem_interfaces__rosidl_generator_c.so
[1.078s] -- Up-to-date: /home/yony/Dev/ros2_ws/install/sim_sem_interfaces/include/sim_sem_interfaces/sim_sem_interfaces
[1.078s] -- Up-to-date: /home/yony/Dev/ros2_ws/install/sim_sem_interfaces/include/sim_sem_interfaces/sim_sem_interfaces/msg
[1.078s] -- Up-to-date: /home/yony/Dev/ros2_ws/install/sim_sem_interfaces/include/sim_sem_interfaces/sim_sem_interfaces/msg/detail
[1.078s] -- Up-to-date: /home/yony/Dev/ros2_ws/install/sim_sem_interfaces/include/sim_sem_interfaces/sim_sem_interfaces/msg/detail/robot_hand_kinematic__rosidl_typesupport_fastrtps_c.h
[1.078s] -- Up-to-date: /home/yony/Dev/ros2_ws/install/sim_sem_interfaces/include/sim_sem_interfaces/sim_sem_interfaces/msg/detail/fatigue_analysis__rosidl_typesupport_fastrtps_c.h
[1.078s] -- Up-to-date: /home/yony/Dev/ros2_ws/install/sim_sem_interfaces/include/sim_sem_interfaces/sim_sem_interfaces/msg/detail/robot_hand__rosidl_typesupport_fastrtps_c.h
[1.078s] -- Up-to-date: /home/yony/Dev/ros2_ws/install/sim_sem_interfaces/include/sim_sem_interfaces/sim_sem_interfaces/msg/detail/robot_arm_kinematic__rosidl_typesupport_fastrtps_c.h
[1.078s] -- Up-to-date: /home/yony/Dev/ros2_ws/install/sim_sem_interfaces/include/sim_sem_interfaces/sim_sem_interfaces/msg/detail/physical_object__rosidl_typesupport_fastrtps_c.h
[1.078s] -- Up-to-date: /home/yony/Dev/ros2_ws/install/sim_sem_interfaces/include/sim_sem_interfaces/sim_sem_interfaces/msg/detail/human_motion__rosidl_typesupport_fastrtps_c.h
[1.078s] -- Up-to-date: /home/yony/Dev/ros2_ws/install/sim_sem_interfaces/include/sim_sem_interfaces/sim_sem_interfaces/msg/detail/neuromorphic_sensing__rosidl_typesupport_fastrtps_c.h
[1.079s] -- Up-to-date: /home/yony/Dev/ros2_ws/install/sim_sem_interfaces/include/sim_sem_interfaces/sim_sem_interfaces/msg/detail/robot_low_latency_corrections__rosidl_typesupport_fastrtps_c.h
[1.079s] -- Up-to-date: /home/yony/Dev/ros2_ws/install/sim_sem_interfaces/include/sim_sem_interfaces/sim_sem_interfaces/msg/detail/human_grasping_strategies__rosidl_typesupport_fastrtps_c.h
[1.079s] -- Up-to-date: /home/yony/Dev/ros2_ws/install/sim_sem_interfaces/include/sim_sem_interfaces/sim_sem_interfaces/msg/detail/robot_grasping_strategies__rosidl_typesupport_fastrtps_c.h
[1.079s] -- Up-to-date: /home/yony/Dev/ros2_ws/install/sim_sem_interfaces/include/sim_sem_interfaces/sim_sem_interfaces/msg/detail/environment__rosidl_typesupport_fastrtps_c.h
[1.079s] -- Up-to-date: /home/yony/Dev/ros2_ws/install/sim_sem_interfaces/include/sim_sem_interfaces/sim_sem_interfaces/msg/detail/emergency__rosidl_typesupport_fastrtps_c.h
[1.079s] -- Up-to-date: /home/yony/Dev/ros2_ws/install/sim_sem_interfaces/include/sim_sem_interfaces/sim_sem_interfaces/msg/detail/robot_arm__rosidl_typesupport_fastrtps_c.h
[1.079s] -- Up-to-date: /home/yony/Dev/ros2_ws/install/sim_sem_interfaces/include/sim_sem_interfaces/sim_sem_interfaces/msg/detail/robot_high_latency_corrections__rosidl_typesupport_fastrtps_c.h
[1.079s] -- Up-to-date: /home/yony/Dev/ros2_ws/install/sim_sem_interfaces/include/sim_sem_interfaces/sim_sem_interfaces/msg/detail/tactile__rosidl_typesupport_fastrtps_c.h
[1.079s] -- Up-to-date: /home/yony/Dev/ros2_ws/install/sim_sem_interfaces/include/sim_sem_interfaces/sim_sem_interfaces/msg/detail/human_behaviour__rosidl_typesupport_fastrtps_c.h
[1.079s] -- Up-to-date: /home/yony/Dev/ros2_ws/install/sim_sem_interfaces/include/sim_sem_interfaces/sim_sem_interfaces/msg/detail/human_sight__rosidl_typesupport_fastrtps_c.h
[1.079s] -- Up-to-date: /home/yony/Dev/ros2_ws/install/sim_sem_interfaces/include/sim_sem_interfaces/sim_sem_interfaces/msg/detail/human_hand_gesture__rosidl_typesupport_fastrtps_c.h
[1.079s] -- Up-to-date: /home/yony/Dev/ros2_ws/install/sim_sem_interfaces/include/sim_sem_interfaces/sim_sem_interfaces/msg/detail/human_parameter_intention__rosidl_typesupport_fastrtps_c.h
[1.080s] -- Up-to-date: /home/yony/Dev/ros2_ws/install/sim_sem_interfaces/include/sim_sem_interfaces/sim_sem_interfaces/msg/detail/emergency_request_status__rosidl_typesupport_fastrtps_c.h
[1.080s] -- Up-to-date: /home/yony/Dev/ros2_ws/install/sim_sem_interfaces/include/sim_sem_interfaces/sim_sem_interfaces/msg/rosidl_typesupport_fastrtps_c__visibility_control.h
[1.080s] -- Up-to-date: /home/yony/Dev/ros2_ws/install/sim_sem_interfaces/lib/libsim_sem_interfaces__rosidl_typesupport_fastrtps_c.so
[1.080s] -- Up-to-date: /home/yony/Dev/ros2_ws/install/sim_sem_interfaces/include/sim_sem_interfaces/sim_sem_interfaces
[1.080s] -- Up-to-date: /home/yony/Dev/ros2_ws/install/sim_sem_interfaces/include/sim_sem_interfaces/sim_sem_interfaces/msg
[1.080s] -- Up-to-date: /home/yony/Dev/ros2_ws/install/sim_sem_interfaces/include/sim_sem_interfaces/sim_sem_interfaces/msg/detail
[1.080s] -- Up-to-date: /home/yony/Dev/ros2_ws/install/sim_sem_interfaces/include/sim_sem_interfaces/sim_sem_interfaces/msg/detail/neuromorphic_sensing__rosidl_typesupport_introspection_c.h
[1.080s] -- Up-to-date: /home/yony/Dev/ros2_ws/install/sim_sem_interfaces/include/sim_sem_interfaces/sim_sem_interfaces/msg/detail/human_hand_gesture__rosidl_typesupport_introspection_c.h
[1.080s] -- Up-to-date: /home/yony/Dev/ros2_ws/install/sim_sem_interfaces/include/sim_sem_interfaces/sim_sem_interfaces/msg/detail/human_hand_gesture__type_support.c
[1.080s] -- Up-to-date: /home/yony/Dev/ros2_ws/install/sim_sem_interfaces/include/sim_sem_interfaces/sim_sem_interfaces/msg/detail/robot_grasping_strategies__rosidl_typesupport_introspection_c.h
[1.080s] -- Up-to-date: /home/yony/Dev/ros2_ws/install/sim_sem_interfaces/include/sim_sem_interfaces/sim_sem_interfaces/msg/detail/physical_object__type_support.c
[1.080s] -- Up-to-date: /home/yony/Dev/ros2_ws/install/sim_sem_interfaces/include/sim_sem_interfaces/sim_sem_interfaces/msg/detail/robot_grasping_strategies__type_support.c
[1.081s] -- Up-to-date: /home/yony/Dev/ros2_ws/install/sim_sem_interfaces/include/sim_sem_interfaces/sim_sem_interfaces/msg/detail/environment__rosidl_typesupport_introspection_c.h
[1.081s] -- Up-to-date: /home/yony/Dev/ros2_ws/install/sim_sem_interfaces/include/sim_sem_interfaces/sim_sem_interfaces/msg/detail/robot_high_latency_corrections__type_support.c
[1.081s] -- Up-to-date: /home/yony/Dev/ros2_ws/install/sim_sem_interfaces/include/sim_sem_interfaces/sim_sem_interfaces/msg/detail/robot_low_latency_corrections__type_support.c
[1.081s] -- Up-to-date: /home/yony/Dev/ros2_ws/install/sim_sem_interfaces/include/sim_sem_interfaces/sim_sem_interfaces/msg/detail/human_behaviour__rosidl_typesupport_introspection_c.h
[1.081s] -- Up-to-date: /home/yony/Dev/ros2_ws/install/sim_sem_interfaces/include/sim_sem_interfaces/sim_sem_interfaces/msg/detail/fatigue_analysis__rosidl_typesupport_introspection_c.h
[1.081s] -- Up-to-date: /home/yony/Dev/ros2_ws/install/sim_sem_interfaces/include/sim_sem_interfaces/sim_sem_interfaces/msg/detail/human_grasping_strategies__type_support.c
[1.081s] -- Up-to-date: /home/yony/Dev/ros2_ws/install/sim_sem_interfaces/include/sim_sem_interfaces/sim_sem_interfaces/msg/detail/neuromorphic_sensing__type_support.c
[1.081s] -- Up-to-date: /home/yony/Dev/ros2_ws/install/sim_sem_interfaces/include/sim_sem_interfaces/sim_sem_interfaces/msg/detail/robot_hand__type_support.c
[1.081s] -- Up-to-date: /home/yony/Dev/ros2_ws/install/sim_sem_interfaces/include/sim_sem_interfaces/sim_sem_interfaces/msg/detail/physical_object__rosidl_typesupport_introspection_c.h
[1.081s] -- Up-to-date: /home/yony/Dev/ros2_ws/install/sim_sem_interfaces/include/sim_sem_interfaces/sim_sem_interfaces/msg/detail/robot_low_latency_corrections__rosidl_typesupport_introspection_c.h
[1.081s] -- Up-to-date: /home/yony/Dev/ros2_ws/install/sim_sem_interfaces/include/sim_sem_interfaces/sim_sem_interfaces/msg/detail/robot_hand_kinematic__type_support.c
[1.081s] -- Up-to-date: /home/yony/Dev/ros2_ws/install/sim_sem_interfaces/include/sim_sem_interfaces/sim_sem_interfaces/msg/detail/human_motion__type_support.c
[1.082s] -- Up-to-date: /home/yony/Dev/ros2_ws/install/sim_sem_interfaces/include/sim_sem_interfaces/sim_sem_interfaces/msg/detail/fatigue_analysis__type_support.c
[1.082s] -- Up-to-date: /home/yony/Dev/ros2_ws/install/sim_sem_interfaces/include/sim_sem_interfaces/sim_sem_interfaces/msg/detail/robot_arm_kinematic__rosidl_typesupport_introspection_c.h
[1.082s] -- Up-to-date: /home/yony/Dev/ros2_ws/install/sim_sem_interfaces/include/sim_sem_interfaces/sim_sem_interfaces/msg/detail/emergency__type_support.c
[1.082s] -- Up-to-date: /home/yony/Dev/ros2_ws/install/sim_sem_interfaces/include/sim_sem_interfaces/sim_sem_interfaces/msg/detail/emergency__rosidl_typesupport_introspection_c.h
[1.082s] -- Up-to-date: /home/yony/Dev/ros2_ws/install/sim_sem_interfaces/include/sim_sem_interfaces/sim_sem_interfaces/msg/detail/human_motion__rosidl_typesupport_introspection_c.h
[1.082s] -- Up-to-date: /home/yony/Dev/ros2_ws/install/sim_sem_interfaces/include/sim_sem_interfaces/sim_sem_interfaces/msg/detail/robot_hand_kinematic__rosidl_typesupport_introspection_c.h
[1.082s] -- Up-to-date: /home/yony/Dev/ros2_ws/install/sim_sem_interfaces/include/sim_sem_interfaces/sim_sem_interfaces/msg/detail/human_parameter_intention__type_support.c
[1.082s] -- Up-to-date: /home/yony/Dev/ros2_ws/install/sim_sem_interfaces/include/sim_sem_interfaces/sim_sem_interfaces/msg/detail/robot_arm__type_support.c
[1.082s] -- Up-to-date: /home/yony/Dev/ros2_ws/install/sim_sem_interfaces/include/sim_sem_interfaces/sim_sem_interfaces/msg/detail/human_parameter_intention__rosidl_typesupport_introspection_c.h
[1.082s] -- Up-to-date: /home/yony/Dev/ros2_ws/install/sim_sem_interfaces/include/sim_sem_interfaces/sim_sem_interfaces/msg/detail/human_grasping_strategies__rosidl_typesupport_introspection_c.h
[1.082s] -- Up-to-date: /home/yony/Dev/ros2_ws/install/sim_sem_interfaces/include/sim_sem_interfaces/sim_sem_interfaces/msg/detail/human_sight__type_support.c
[1.082s] -- Up-to-date: /home/yony/Dev/ros2_ws/install/sim_sem_interfaces/include/sim_sem_interfaces/sim_sem_interfaces/msg/detail/robot_arm__rosidl_typesupport_introspection_c.h
[1.082s] -- Up-to-date: /home/yony/Dev/ros2_ws/install/sim_sem_interfaces/include/sim_sem_interfaces/sim_sem_interfaces/msg/detail/robot_high_latency_corrections__rosidl_typesupport_introspection_c.h
[1.083s] -- Up-to-date: /home/yony/Dev/ros2_ws/install/sim_sem_interfaces/include/sim_sem_interfaces/sim_sem_interfaces/msg/detail/emergency_request_status__type_support.c
[1.083s] -- Up-to-date: /home/yony/Dev/ros2_ws/install/sim_sem_interfaces/include/sim_sem_interfaces/sim_sem_interfaces/msg/detail/emergency_request_status__rosidl_typesupport_introspection_c.h
[1.083s] -- Up-to-date: /home/yony/Dev/ros2_ws/install/sim_sem_interfaces/include/sim_sem_interfaces/sim_sem_interfaces/msg/detail/human_behaviour__type_support.c
[1.083s] -- Up-to-date: /home/yony/Dev/ros2_ws/install/sim_sem_interfaces/include/sim_sem_interfaces/sim_sem_interfaces/msg/detail/robot_hand__rosidl_typesupport_introspection_c.h
[1.083s] -- Up-to-date: /home/yony/Dev/ros2_ws/install/sim_sem_interfaces/include/sim_sem_interfaces/sim_sem_interfaces/msg/detail/environment__type_support.c
[1.083s] -- Up-to-date: /home/yony/Dev/ros2_ws/install/sim_sem_interfaces/include/sim_sem_interfaces/sim_sem_interfaces/msg/detail/tactile__type_support.c
[1.083s] -- Up-to-date: /home/yony/Dev/ros2_ws/install/sim_sem_interfaces/include/sim_sem_interfaces/sim_sem_interfaces/msg/detail/human_sight__rosidl_typesupport_introspection_c.h
[1.083s] -- Up-to-date: /home/yony/Dev/ros2_ws/install/sim_sem_interfaces/include/sim_sem_interfaces/sim_sem_interfaces/msg/detail/tactile__rosidl_typesupport_introspection_c.h
[1.083s] -- Up-to-date: /home/yony/Dev/ros2_ws/install/sim_sem_interfaces/include/sim_sem_interfaces/sim_sem_interfaces/msg/detail/robot_arm_kinematic__type_support.c
[1.083s] -- Up-to-date: /home/yony/Dev/ros2_ws/install/sim_sem_interfaces/include/sim_sem_interfaces/sim_sem_interfaces/msg/rosidl_typesupport_introspection_c__visibility_control.h
[1.083s] -- Up-to-date: /home/yony/Dev/ros2_ws/install/sim_sem_interfaces/lib/libsim_sem_interfaces__rosidl_typesupport_introspection_c.so
[1.083s] -- Up-to-date: /home/yony/Dev/ros2_ws/install/sim_sem_interfaces/lib/libsim_sem_interfaces__rosidl_typesupport_c.so
[1.083s] -- Up-to-date: /home/yony/Dev/ros2_ws/install/sim_sem_interfaces/include/sim_sem_interfaces/sim_sem_interfaces
[1.084s] -- Up-to-date: /home/yony/Dev/ros2_ws/install/sim_sem_interfaces/include/sim_sem_interfaces/sim_sem_interfaces/msg
[1.084s] -- Up-to-date: /home/yony/Dev/ros2_ws/install/sim_sem_interfaces/include/sim_sem_interfaces/sim_sem_interfaces/msg/detail
[1.084s] -- Up-to-date: /home/yony/Dev/ros2_ws/install/sim_sem_interfaces/include/sim_sem_interfaces/sim_sem_interfaces/msg/detail/emergency_request_status__traits.hpp
[1.084s] -- Up-to-date: /home/yony/Dev/ros2_ws/install/sim_sem_interfaces/include/sim_sem_interfaces/sim_sem_interfaces/msg/detail/neuromorphic_sensing__traits.hpp
[1.084s] -- Up-to-date: /home/yony/Dev/ros2_ws/install/sim_sem_interfaces/include/sim_sem_interfaces/sim_sem_interfaces/msg/detail/robot_low_latency_corrections__struct.hpp
[1.084s] -- Up-to-date: /home/yony/Dev/ros2_ws/install/sim_sem_interfaces/include/sim_sem_interfaces/sim_sem_interfaces/msg/detail/robot_arm__traits.hpp
[1.084s] -- Up-to-date: /home/yony/Dev/ros2_ws/install/sim_sem_interfaces/include/sim_sem_interfaces/sim_sem_interfaces/msg/detail/human_parameter_intention__struct.hpp
[1.084s] -- Up-to-date: /home/yony/Dev/ros2_ws/install/sim_sem_interfaces/include/sim_sem_interfaces/sim_sem_interfaces/msg/detail/emergency__builder.hpp
[1.084s] -- Up-to-date: /home/yony/Dev/ros2_ws/install/sim_sem_interfaces/include/sim_sem_interfaces/sim_sem_interfaces/msg/detail/robot_high_latency_corrections__builder.hpp
[1.084s] -- Up-to-date: /home/yony/Dev/ros2_ws/install/sim_sem_interfaces/include/sim_sem_interfaces/sim_sem_interfaces/msg/detail/human_hand_gesture__traits.hpp
[1.084s] -- Up-to-date: /home/yony/Dev/ros2_ws/install/sim_sem_interfaces/include/sim_sem_interfaces/sim_sem_interfaces/msg/detail/human_behaviour__struct.hpp
[1.084s] -- Up-to-date: /home/yony/Dev/ros2_ws/install/sim_sem_interfaces/include/sim_sem_interfaces/sim_sem_interfaces/msg/detail/emergency__traits.hpp
[1.085s] -- Up-to-date: /home/yony/Dev/ros2_ws/install/sim_sem_interfaces/include/sim_sem_interfaces/sim_sem_interfaces/msg/detail/robot_hand_kinematic__struct.hpp
[1.085s] -- Up-to-date: /home/yony/Dev/ros2_ws/install/sim_sem_interfaces/include/sim_sem_interfaces/sim_sem_interfaces/msg/detail/human_hand_gesture__builder.hpp
[1.085s] -- Up-to-date: /home/yony/Dev/ros2_ws/install/sim_sem_interfaces/include/sim_sem_interfaces/sim_sem_interfaces/msg/detail/emergency_request_status__builder.hpp
[1.085s] -- Up-to-date: /home/yony/Dev/ros2_ws/install/sim_sem_interfaces/include/sim_sem_interfaces/sim_sem_interfaces/msg/detail/robot_grasping_strategies__builder.hpp
[1.085s] -- Up-to-date: /home/yony/Dev/ros2_ws/install/sim_sem_interfaces/include/sim_sem_interfaces/sim_sem_interfaces/msg/detail/fatigue_analysis__struct.hpp
[1.085s] -- Up-to-date: /home/yony/Dev/ros2_ws/install/sim_sem_interfaces/include/sim_sem_interfaces/sim_sem_interfaces/msg/detail/neuromorphic_sensing__struct.hpp
[1.085s] -- Up-to-date: /home/yony/Dev/ros2_ws/install/sim_sem_interfaces/include/sim_sem_interfaces/sim_sem_interfaces/msg/detail/physical_object__struct.hpp
[1.085s] -- Up-to-date: /home/yony/Dev/ros2_ws/install/sim_sem_interfaces/include/sim_sem_interfaces/sim_sem_interfaces/msg/detail/human_grasping_strategies__struct.hpp
[1.085s] -- Up-to-date: /home/yony/Dev/ros2_ws/install/sim_sem_interfaces/include/sim_sem_interfaces/sim_sem_interfaces/msg/detail/robot_high_latency_corrections__traits.hpp
[1.085s] -- Up-to-date: /home/yony/Dev/ros2_ws/install/sim_sem_interfaces/include/sim_sem_interfaces/sim_sem_interfaces/msg/detail/robot_arm__struct.hpp
[1.085s] -- Up-to-date: /home/yony/Dev/ros2_ws/install/sim_sem_interfaces/include/sim_sem_interfaces/sim_sem_interfaces/msg/detail/neuromorphic_sensing__builder.hpp
[1.085s] -- Up-to-date: /home/yony/Dev/ros2_ws/install/sim_sem_interfaces/include/sim_sem_interfaces/sim_sem_interfaces/msg/detail/human_parameter_intention__traits.hpp
[1.085s] -- Up-to-date: /home/yony/Dev/ros2_ws/install/sim_sem_interfaces/include/sim_sem_interfaces/sim_sem_interfaces/msg/detail/physical_object__traits.hpp
[1.086s] -- Up-to-date: /home/yony/Dev/ros2_ws/install/sim_sem_interfaces/include/sim_sem_interfaces/sim_sem_interfaces/msg/detail/robot_hand_kinematic__builder.hpp
[1.086s] -- Up-to-date: /home/yony/Dev/ros2_ws/install/sim_sem_interfaces/include/sim_sem_interfaces/sim_sem_interfaces/msg/detail/human_behaviour__traits.hpp
[1.086s] -- Up-to-date: /home/yony/Dev/ros2_ws/install/sim_sem_interfaces/include/sim_sem_interfaces/sim_sem_interfaces/msg/detail/robot_hand_kinematic__traits.hpp
[1.086s] -- Up-to-date: /home/yony/Dev/ros2_ws/install/sim_sem_interfaces/include/sim_sem_interfaces/sim_sem_interfaces/msg/detail/tactile__builder.hpp
[1.086s] -- Up-to-date: /home/yony/Dev/ros2_ws/install/sim_sem_interfaces/include/sim_sem_interfaces/sim_sem_interfaces/msg/detail/human_motion__builder.hpp
[1.086s] -- Up-to-date: /home/yony/Dev/ros2_ws/install/sim_sem_interfaces/include/sim_sem_interfaces/sim_sem_interfaces/msg/detail/human_sight__builder.hpp
[1.086s] -- Up-to-date: /home/yony/Dev/ros2_ws/install/sim_sem_interfaces/include/sim_sem_interfaces/sim_sem_interfaces/msg/detail/robot_low_latency_corrections__traits.hpp
[1.086s] -- Up-to-date: /home/yony/Dev/ros2_ws/install/sim_sem_interfaces/include/sim_sem_interfaces/sim_sem_interfaces/msg/detail/tactile__traits.hpp
[1.086s] -- Up-to-date: /home/yony/Dev/ros2_ws/install/sim_sem_interfaces/include/sim_sem_interfaces/sim_sem_interfaces/msg/detail/environment__builder.hpp
[1.086s] -- Up-to-date: /home/yony/Dev/ros2_ws/install/sim_sem_interfaces/include/sim_sem_interfaces/sim_sem_interfaces/msg/detail/human_grasping_strategies__builder.hpp
[1.086s] -- Up-to-date: /home/yony/Dev/ros2_ws/install/sim_sem_interfaces/include/sim_sem_interfaces/sim_sem_interfaces/msg/detail/robot_arm_kinematic__traits.hpp
[1.086s] -- Up-to-date: /home/yony/Dev/ros2_ws/install/sim_sem_interfaces/include/sim_sem_interfaces/sim_sem_interfaces/msg/detail/robot_arm_kinematic__builder.hpp
[1.086s] -- Up-to-date: /home/yony/Dev/ros2_ws/install/sim_sem_interfaces/include/sim_sem_interfaces/sim_sem_interfaces/msg/detail/human_motion__struct.hpp
[1.087s] -- Up-to-date: /home/yony/Dev/ros2_ws/install/sim_sem_interfaces/include/sim_sem_interfaces/sim_sem_interfaces/msg/detail/robot_grasping_strategies__struct.hpp
[1.087s] -- Up-to-date: /home/yony/Dev/ros2_ws/install/sim_sem_interfaces/include/sim_sem_interfaces/sim_sem_interfaces/msg/detail/environment__traits.hpp
[1.087s] -- Up-to-date: /home/yony/Dev/ros2_ws/install/sim_sem_interfaces/include/sim_sem_interfaces/sim_sem_interfaces/msg/detail/robot_hand__traits.hpp
[1.087s] -- Up-to-date: /home/yony/Dev/ros2_ws/install/sim_sem_interfaces/include/sim_sem_interfaces/sim_sem_interfaces/msg/detail/human_parameter_intention__builder.hpp
[1.087s] -- Up-to-date: /home/yony/Dev/ros2_ws/install/sim_sem_interfaces/include/sim_sem_interfaces/sim_sem_interfaces/msg/detail/fatigue_analysis__builder.hpp
[1.087s] -- Up-to-date: /home/yony/Dev/ros2_ws/install/sim_sem_interfaces/include/sim_sem_interfaces/sim_sem_interfaces/msg/detail/human_grasping_strategies__traits.hpp
[1.087s] -- Up-to-date: /home/yony/Dev/ros2_ws/install/sim_sem_interfaces/include/sim_sem_interfaces/sim_sem_interfaces/msg/detail/human_behaviour__builder.hpp
[1.087s] -- Up-to-date: /home/yony/Dev/ros2_ws/install/sim_sem_interfaces/include/sim_sem_interfaces/sim_sem_interfaces/msg/detail/human_sight__struct.hpp
[1.087s] -- Up-to-date: /home/yony/Dev/ros2_ws/install/sim_sem_interfaces/include/sim_sem_interfaces/sim_sem_interfaces/msg/detail/human_motion__traits.hpp
[1.087s] -- Up-to-date: /home/yony/Dev/ros2_ws/install/sim_sem_interfaces/include/sim_sem_interfaces/sim_sem_interfaces/msg/detail/tactile__struct.hpp
[1.087s] -- Up-to-date: /home/yony/Dev/ros2_ws/install/sim_sem_interfaces/include/sim_sem_interfaces/sim_sem_interfaces/msg/detail/robot_grasping_strategies__traits.hpp
[1.087s] -- Up-to-date: /home/yony/Dev/ros2_ws/install/sim_sem_interfaces/include/sim_sem_interfaces/sim_sem_interfaces/msg/detail/physical_object__builder.hpp
[1.088s] -- Up-to-date: /home/yony/Dev/ros2_ws/install/sim_sem_interfaces/include/sim_sem_interfaces/sim_sem_interfaces/msg/detail/fatigue_analysis__traits.hpp
[1.088s] -- Up-to-date: /home/yony/Dev/ros2_ws/install/sim_sem_interfaces/include/sim_sem_interfaces/sim_sem_interfaces/msg/detail/human_hand_gesture__struct.hpp
[1.088s] -- Up-to-date: /home/yony/Dev/ros2_ws/install/sim_sem_interfaces/include/sim_sem_interfaces/sim_sem_interfaces/msg/detail/robot_low_latency_corrections__builder.hpp
[1.088s] -- Up-to-date: /home/yony/Dev/ros2_ws/install/sim_sem_interfaces/include/sim_sem_interfaces/sim_sem_interfaces/msg/detail/emergency_request_status__struct.hpp
[1.088s] -- Up-to-date: /home/yony/Dev/ros2_ws/install/sim_sem_interfaces/include/sim_sem_interfaces/sim_sem_interfaces/msg/detail/emergency__struct.hpp
[1.088s] -- Up-to-date: /home/yony/Dev/ros2_ws/install/sim_sem_interfaces/include/sim_sem_interfaces/sim_sem_interfaces/msg/detail/robot_hand__struct.hpp
[1.088s] -- Up-to-date: /home/yony/Dev/ros2_ws/install/sim_sem_interfaces/include/sim_sem_interfaces/sim_sem_interfaces/msg/detail/robot_high_latency_corrections__struct.hpp
[1.088s] -- Up-to-date: /home/yony/Dev/ros2_ws/install/sim_sem_interfaces/include/sim_sem_interfaces/sim_sem_interfaces/msg/detail/environment__struct.hpp
[1.088s] -- Up-to-date: /home/yony/Dev/ros2_ws/install/sim_sem_interfaces/include/sim_sem_interfaces/sim_sem_interfaces/msg/detail/robot_arm__builder.hpp
[1.088s] -- Up-to-date: /home/yony/Dev/ros2_ws/install/sim_sem_interfaces/include/sim_sem_interfaces/sim_sem_interfaces/msg/detail/robot_arm_kinematic__struct.hpp
[1.088s] -- Up-to-date: /home/yony/Dev/ros2_ws/install/sim_sem_interfaces/include/sim_sem_interfaces/sim_sem_interfaces/msg/detail/human_sight__traits.hpp
[1.089s] -- Up-to-date: /home/yony/Dev/ros2_ws/install/sim_sem_interfaces/include/sim_sem_interfaces/sim_sem_interfaces/msg/detail/robot_hand__builder.hpp
[1.089s] -- Up-to-date: /home/yony/Dev/ros2_ws/install/sim_sem_interfaces/include/sim_sem_interfaces/sim_sem_interfaces/msg/fatigue_analysis.hpp
[1.089s] -- Up-to-date: /home/yony/Dev/ros2_ws/install/sim_sem_interfaces/include/sim_sem_interfaces/sim_sem_interfaces/msg/human_parameter_intention.hpp
[1.089s] -- Up-to-date: /home/yony/Dev/ros2_ws/install/sim_sem_interfaces/include/sim_sem_interfaces/sim_sem_interfaces/msg/emergency.hpp
[1.089s] -- Up-to-date: /home/yony/Dev/ros2_ws/install/sim_sem_interfaces/include/sim_sem_interfaces/sim_sem_interfaces/msg/human_grasping_strategies.hpp
[1.089s] -- Up-to-date: /home/yony/Dev/ros2_ws/install/sim_sem_interfaces/include/sim_sem_interfaces/sim_sem_interfaces/msg/physical_object.hpp
[1.089s] -- Up-to-date: /home/yony/Dev/ros2_ws/install/sim_sem_interfaces/include/sim_sem_interfaces/sim_sem_interfaces/msg/emergency_request_status.hpp
[1.089s] -- Up-to-date: /home/yony/Dev/ros2_ws/install/sim_sem_interfaces/include/sim_sem_interfaces/sim_sem_interfaces/msg/human_motion.hpp
[1.089s] -- Up-to-date: /home/yony/Dev/ros2_ws/install/sim_sem_interfaces/include/sim_sem_interfaces/sim_sem_interfaces/msg/robot_high_latency_corrections.hpp
[1.089s] -- Up-to-date: /home/yony/Dev/ros2_ws/install/sim_sem_interfaces/include/sim_sem_interfaces/sim_sem_interfaces/msg/human_hand_gesture.hpp
[1.089s] -- Up-to-date: /home/yony/Dev/ros2_ws/install/sim_sem_interfaces/include/sim_sem_interfaces/sim_sem_interfaces/msg/tactile.hpp
[1.089s] -- Up-to-date: /home/yony/Dev/ros2_ws/install/sim_sem_interfaces/include/sim_sem_interfaces/sim_sem_interfaces/msg/robot_grasping_strategies.hpp
[1.089s] -- Up-to-date: /home/yony/Dev/ros2_ws/install/sim_sem_interfaces/include/sim_sem_interfaces/sim_sem_interfaces/msg/human_behaviour.hpp
[1.090s] -- Up-to-date: /home/yony/Dev/ros2_ws/install/sim_sem_interfaces/include/sim_sem_interfaces/sim_sem_interfaces/msg/neuromorphic_sensing.hpp
[1.090s] -- Up-to-date: /home/yony/Dev/ros2_ws/install/sim_sem_interfaces/include/sim_sem_interfaces/sim_sem_interfaces/msg/robot_hand.hpp
[1.090s] -- Up-to-date: /home/yony/Dev/ros2_ws/install/sim_sem_interfaces/include/sim_sem_interfaces/sim_sem_interfaces/msg/robot_arm.hpp
[1.090s] -- Up-to-date: /home/yony/Dev/ros2_ws/install/sim_sem_interfaces/include/sim_sem_interfaces/sim_sem_interfaces/msg/robot_hand_kinematic.hpp
[1.090s] -- Up-to-date: /home/yony/Dev/ros2_ws/install/sim_sem_interfaces/include/sim_sem_interfaces/sim_sem_interfaces/msg/robot_arm_kinematic.hpp
[1.090s] -- Up-to-date: /home/yony/Dev/ros2_ws/install/sim_sem_interfaces/include/sim_sem_interfaces/sim_sem_interfaces/msg/environment.hpp
[1.090s] -- Up-to-date: /home/yony/Dev/ros2_ws/install/sim_sem_interfaces/include/sim_sem_interfaces/sim_sem_interfaces/msg/robot_low_latency_corrections.hpp
[1.090s] -- Up-to-date: /home/yony/Dev/ros2_ws/install/sim_sem_interfaces/include/sim_sem_interfaces/sim_sem_interfaces/msg/human_sight.hpp
[1.090s] -- Up-to-date: /home/yony/Dev/ros2_ws/install/sim_sem_interfaces/include/sim_sem_interfaces/sim_sem_interfaces
[1.090s] -- Up-to-date: /home/yony/Dev/ros2_ws/install/sim_sem_interfaces/include/sim_sem_interfaces/sim_sem_interfaces/msg
[1.090s] -- Up-to-date: /home/yony/Dev/ros2_ws/install/sim_sem_interfaces/include/sim_sem_interfaces/sim_sem_interfaces/msg/detail
[1.090s] -- Up-to-date: /home/yony/Dev/ros2_ws/install/sim_sem_interfaces/include/sim_sem_interfaces/sim_sem_interfaces/msg/detail/robot_hand__rosidl_typesupport_fastrtps_cpp.hpp
[1.091s] -- Up-to-date: /home/yony/Dev/ros2_ws/install/sim_sem_interfaces/include/sim_sem_interfaces/sim_sem_interfaces/msg/detail/robot_hand_kinematic__rosidl_typesupport_fastrtps_cpp.hpp
[1.091s] -- Up-to-date: /home/yony/Dev/ros2_ws/install/sim_sem_interfaces/include/sim_sem_interfaces/sim_sem_interfaces/msg/detail/human_sight__rosidl_typesupport_fastrtps_cpp.hpp
[1.091s] -- Up-to-date: /home/yony/Dev/ros2_ws/install/sim_sem_interfaces/include/sim_sem_interfaces/sim_sem_interfaces/msg/detail/robot_arm_kinematic__rosidl_typesupport_fastrtps_cpp.hpp
[1.091s] -- Up-to-date: /home/yony/Dev/ros2_ws/install/sim_sem_interfaces/include/sim_sem_interfaces/sim_sem_interfaces/msg/detail/human_hand_gesture__rosidl_typesupport_fastrtps_cpp.hpp
[1.091s] -- Up-to-date: /home/yony/Dev/ros2_ws/install/sim_sem_interfaces/include/sim_sem_interfaces/sim_sem_interfaces/msg/detail/tactile__rosidl_typesupport_fastrtps_cpp.hpp
[1.091s] -- Up-to-date: /home/yony/Dev/ros2_ws/install/sim_sem_interfaces/include/sim_sem_interfaces/sim_sem_interfaces/msg/detail/physical_object__rosidl_typesupport_fastrtps_cpp.hpp
[1.091s] -- Up-to-date: /home/yony/Dev/ros2_ws/install/sim_sem_interfaces/include/sim_sem_interfaces/sim_sem_interfaces/msg/detail/neuromorphic_sensing__rosidl_typesupport_fastrtps_cpp.hpp
[1.091s] -- Up-to-date: /home/yony/Dev/ros2_ws/install/sim_sem_interfaces/include/sim_sem_interfaces/sim_sem_interfaces/msg/detail/human_motion__rosidl_typesupport_fastrtps_cpp.hpp
[1.091s] -- Up-to-date: /home/yony/Dev/ros2_ws/install/sim_sem_interfaces/include/sim_sem_interfaces/sim_sem_interfaces/msg/detail/robot_low_latency_corrections__rosidl_typesupport_fastrtps_cpp.hpp
[1.091s] -- Up-to-date: /home/yony/Dev/ros2_ws/install/sim_sem_interfaces/include/sim_sem_interfaces/sim_sem_interfaces/msg/detail/robot_high_latency_corrections__rosidl_typesupport_fastrtps_cpp.hpp
[1.091s] -- Up-to-date: /home/yony/Dev/ros2_ws/install/sim_sem_interfaces/include/sim_sem_interfaces/sim_sem_interfaces/msg/detail/dds_fastrtps
[1.091s] -- Up-to-date: /home/yony/Dev/ros2_ws/install/sim_sem_interfaces/include/sim_sem_interfaces/sim_sem_interfaces/msg/detail/robot_grasping_strategies__rosidl_typesupport_fastrtps_cpp.hpp
[1.091s] -- Up-to-date: /home/yony/Dev/ros2_ws/install/sim_sem_interfaces/include/sim_sem_interfaces/sim_sem_interfaces/msg/detail/emergency__rosidl_typesupport_fastrtps_cpp.hpp
[1.092s] -- Up-to-date: /home/yony/Dev/ros2_ws/install/sim_sem_interfaces/include/sim_sem_interfaces/sim_sem_interfaces/msg/detail/human_parameter_intention__rosidl_typesupport_fastrtps_cpp.hpp
[1.092s] -- Up-to-date: /home/yony/Dev/ros2_ws/install/sim_sem_interfaces/include/sim_sem_interfaces/sim_sem_interfaces/msg/detail/robot_arm__rosidl_typesupport_fastrtps_cpp.hpp
[1.092s] -- Up-to-date: /home/yony/Dev/ros2_ws/install/sim_sem_interfaces/include/sim_sem_interfaces/sim_sem_interfaces/msg/detail/emergency_request_status__rosidl_typesupport_fastrtps_cpp.hpp
[1.092s] -- Up-to-date: /home/yony/Dev/ros2_ws/install/sim_sem_interfaces/include/sim_sem_interfaces/sim_sem_interfaces/msg/detail/human_grasping_strategies__rosidl_typesupport_fastrtps_cpp.hpp
[1.092s] -- Up-to-date: /home/yony/Dev/ros2_ws/install/sim_sem_interfaces/include/sim_sem_interfaces/sim_sem_interfaces/msg/detail/human_behaviour__rosidl_typesupport_fastrtps_cpp.hpp
[1.092s] -- Up-to-date: /home/yony/Dev/ros2_ws/install/sim_sem_interfaces/include/sim_sem_interfaces/sim_sem_interfaces/msg/detail/environment__rosidl_typesupport_fastrtps_cpp.hpp
[1.092s] -- Up-to-date: /home/yony/Dev/ros2_ws/install/sim_sem_interfaces/include/sim_sem_interfaces/sim_sem_interfaces/msg/detail/fatigue_analysis__rosidl_typesupport_fastrtps_cpp.hpp
[1.092s] -- Up-to-date: /home/yony/Dev/ros2_ws/install/sim_sem_interfaces/include/sim_sem_interfaces/sim_sem_interfaces/msg/rosidl_typesupport_fastrtps_cpp__visibility_control.h
[1.092s] -- Up-to-date: /home/yony/Dev/ros2_ws/install/sim_sem_interfaces/lib/libsim_sem_interfaces__rosidl_typesupport_fastrtps_cpp.so
[1.092s] -- Up-to-date: /home/yony/Dev/ros2_ws/install/sim_sem_interfaces/include/sim_sem_interfaces/sim_sem_interfaces
[1.092s] -- Up-to-date: /home/yony/Dev/ros2_ws/install/sim_sem_interfaces/include/sim_sem_interfaces/sim_sem_interfaces/msg
[1.092s] -- Up-to-date: /home/yony/Dev/ros2_ws/install/sim_sem_interfaces/include/sim_sem_interfaces/sim_sem_interfaces/msg/detail
[1.093s] -- Up-to-date: /home/yony/Dev/ros2_ws/install/sim_sem_interfaces/include/sim_sem_interfaces/sim_sem_interfaces/msg/detail/robot_hand_kinematic__type_support.cpp
[1.093s] -- Up-to-date: /home/yony/Dev/ros2_ws/install/sim_sem_interfaces/include/sim_sem_interfaces/sim_sem_interfaces/msg/detail/human_sight__type_support.cpp
[1.093s] -- Up-to-date: /home/yony/Dev/ros2_ws/install/sim_sem_interfaces/include/sim_sem_interfaces/sim_sem_interfaces/msg/detail/emergency_request_status__type_support.cpp
[1.093s] -- Up-to-date: /home/yony/Dev/ros2_ws/install/sim_sem_interfaces/include/sim_sem_interfaces/sim_sem_interfaces/msg/detail/neuromorphic_sensing__rosidl_typesupport_introspection_cpp.hpp
[1.093s] -- Up-to-date: /home/yony/Dev/ros2_ws/install/sim_sem_interfaces/include/sim_sem_interfaces/sim_sem_interfaces/msg/detail/human_grasping_strategies__rosidl_typesupport_introspection_cpp.hpp
[1.093s] -- Up-to-date: /home/yony/Dev/ros2_ws/install/sim_sem_interfaces/include/sim_sem_interfaces/sim_sem_interfaces/msg/detail/robot_hand__type_support.cpp
[1.093s] -- Up-to-date: /home/yony/Dev/ros2_ws/install/sim_sem_interfaces/include/sim_sem_interfaces/sim_sem_interfaces/msg/detail/tactile__type_support.cpp
[1.093s] -- Up-to-date: /home/yony/Dev/ros2_ws/install/sim_sem_interfaces/include/sim_sem_interfaces/sim_sem_interfaces/msg/detail/tactile__rosidl_typesupport_introspection_cpp.hpp
[1.093s] -- Up-to-date: /home/yony/Dev/ros2_ws/install/sim_sem_interfaces/include/sim_sem_interfaces/sim_sem_interfaces/msg/detail/human_sight__rosidl_typesupport_introspection_cpp.hpp
[1.093s] -- Up-to-date: /home/yony/Dev/ros2_ws/install/sim_sem_interfaces/include/sim_sem_interfaces/sim_sem_interfaces/msg/detail/neuromorphic_sensing__type_support.cpp
[1.093s] -- Up-to-date: /home/yony/Dev/ros2_ws/install/sim_sem_interfaces/include/sim_sem_interfaces/sim_sem_interfaces/msg/detail/human_behaviour__type_support.cpp
[1.093s] -- Up-to-date: /home/yony/Dev/ros2_ws/install/sim_sem_interfaces/include/sim_sem_interfaces/sim_sem_interfaces/msg/detail/human_motion__type_support.cpp
[1.094s] -- Up-to-date: /home/yony/Dev/ros2_ws/install/sim_sem_interfaces/include/sim_sem_interfaces/sim_sem_interfaces/msg/detail/human_motion__rosidl_typesupport_introspection_cpp.hpp
[1.094s] -- Up-to-date: /home/yony/Dev/ros2_ws/install/sim_sem_interfaces/include/sim_sem_interfaces/sim_sem_interfaces/msg/detail/human_grasping_strategies__type_support.cpp
[1.094s] -- Up-to-date: /home/yony/Dev/ros2_ws/install/sim_sem_interfaces/include/sim_sem_interfaces/sim_sem_interfaces/msg/detail/emergency__type_support.cpp
[1.094s] -- Up-to-date: /home/yony/Dev/ros2_ws/install/sim_sem_interfaces/include/sim_sem_interfaces/sim_sem_interfaces/msg/detail/robot_arm__type_support.cpp
[1.094s] -- Up-to-date: /home/yony/Dev/ros2_ws/install/sim_sem_interfaces/include/sim_sem_interfaces/sim_sem_interfaces/msg/detail/robot_high_latency_corrections__rosidl_typesupport_introspection_cpp.hpp
[1.094s] -- Up-to-date: /home/yony/Dev/ros2_ws/install/sim_sem_interfaces/include/sim_sem_interfaces/sim_sem_interfaces/msg/detail/robot_low_latency_corrections__rosidl_typesupport_introspection_cpp.hpp
[1.094s] -- Up-to-date: /home/yony/Dev/ros2_ws/install/sim_sem_interfaces/include/sim_sem_interfaces/sim_sem_interfaces/msg/detail/fatigue_analysis__type_support.cpp
[1.094s] -- Up-to-date: /home/yony/Dev/ros2_ws/install/sim_sem_interfaces/include/sim_sem_interfaces/sim_sem_interfaces/msg/detail/robot_high_latency_corrections__type_support.cpp
[1.094s] -- Up-to-date: /home/yony/Dev/ros2_ws/install/sim_sem_interfaces/include/sim_sem_interfaces/sim_sem_interfaces/msg/detail/robot_hand_kinematic__rosidl_typesupport_introspection_cpp.hpp
[1.094s] -- Up-to-date: /home/yony/Dev/ros2_ws/install/sim_sem_interfaces/include/sim_sem_interfaces/sim_sem_interfaces/msg/detail/fatigue_analysis__rosidl_typesupport_introspection_cpp.hpp
[1.094s] -- Up-to-date: /home/yony/Dev/ros2_ws/install/sim_sem_interfaces/include/sim_sem_interfaces/sim_sem_interfaces/msg/detail/physical_object__type_support.cpp
[1.094s] -- Up-to-date: /home/yony/Dev/ros2_ws/install/sim_sem_interfaces/include/sim_sem_interfaces/sim_sem_interfaces/msg/detail/emergency_request_status__rosidl_typesupport_introspection_cpp.hpp
[1.094s] -- Up-to-date: /home/yony/Dev/ros2_ws/install/sim_sem_interfaces/include/sim_sem_interfaces/sim_sem_interfaces/msg/detail/robot_arm_kinematic__rosidl_typesupport_introspection_cpp.hpp
[1.095s] -- Up-to-date: /home/yony/Dev/ros2_ws/install/sim_sem_interfaces/include/sim_sem_interfaces/sim_sem_interfaces/msg/detail/human_behaviour__rosidl_typesupport_introspection_cpp.hpp
[1.095s] -- Up-to-date: /home/yony/Dev/ros2_ws/install/sim_sem_interfaces/include/sim_sem_interfaces/sim_sem_interfaces/msg/detail/human_hand_gesture__rosidl_typesupport_introspection_cpp.hpp
[1.095s] -- Up-to-date: /home/yony/Dev/ros2_ws/install/sim_sem_interfaces/include/sim_sem_interfaces/sim_sem_interfaces/msg/detail/robot_arm__rosidl_typesupport_introspection_cpp.hpp
[1.095s] -- Up-to-date: /home/yony/Dev/ros2_ws/install/sim_sem_interfaces/include/sim_sem_interfaces/sim_sem_interfaces/msg/detail/robot_grasping_strategies__type_support.cpp
[1.095s] -- Up-to-date: /home/yony/Dev/ros2_ws/install/sim_sem_interfaces/include/sim_sem_interfaces/sim_sem_interfaces/msg/detail/robot_arm_kinematic__type_support.cpp
[1.095s] -- Up-to-date: /home/yony/Dev/ros2_ws/install/sim_sem_interfaces/include/sim_sem_interfaces/sim_sem_interfaces/msg/detail/human_hand_gesture__type_support.cpp
[1.095s] -- Up-to-date: /home/yony/Dev/ros2_ws/install/sim_sem_interfaces/include/sim_sem_interfaces/sim_sem_interfaces/msg/detail/robot_grasping_strategies__rosidl_typesupport_introspection_cpp.hpp
[1.095s] -- Up-to-date: /home/yony/Dev/ros2_ws/install/sim_sem_interfaces/include/sim_sem_interfaces/sim_sem_interfaces/msg/detail/robot_low_latency_corrections__type_support.cpp
[1.095s] -- Up-to-date: /home/yony/Dev/ros2_ws/install/sim_sem_interfaces/include/sim_sem_interfaces/sim_sem_interfaces/msg/detail/human_parameter_intention__type_support.cpp
[1.096s] -- Up-to-date: /home/yony/Dev/ros2_ws/install/sim_sem_interfaces/include/sim_sem_interfaces/sim_sem_interfaces/msg/detail/environment__rosidl_typesupport_introspection_cpp.hpp
[1.096s] -- Up-to-date: /home/yony/Dev/ros2_ws/install/sim_sem_interfaces/include/sim_sem_interfaces/sim_sem_interfaces/msg/detail/physical_object__rosidl_typesupport_introspection_cpp.hpp
[1.096s] -- Up-to-date: /home/yony/Dev/ros2_ws/install/sim_sem_interfaces/include/sim_sem_interfaces/sim_sem_interfaces/msg/detail/emergency__rosidl_typesupport_introspection_cpp.hpp
[1.097s] -- Up-to-date: /home/yony/Dev/ros2_ws/install/sim_sem_interfaces/include/sim_sem_interfaces/sim_sem_interfaces/msg/detail/robot_hand__rosidl_typesupport_introspection_cpp.hpp
[1.097s] -- Up-to-date: /home/yony/Dev/ros2_ws/install/sim_sem_interfaces/include/sim_sem_interfaces/sim_sem_interfaces/msg/detail/environment__type_support.cpp
[1.098s] -- Up-to-date: /home/yony/Dev/ros2_ws/install/sim_sem_interfaces/include/sim_sem_interfaces/sim_sem_interfaces/msg/detail/human_parameter_intention__rosidl_typesupport_introspection_cpp.hpp
[1.098s] -- Up-to-date: /home/yony/Dev/ros2_ws/install/sim_sem_interfaces/lib/libsim_sem_interfaces__rosidl_typesupport_introspection_cpp.so
[1.098s] -- Up-to-date: /home/yony/Dev/ros2_ws/install/sim_sem_interfaces/lib/libsim_sem_interfaces__rosidl_typesupport_cpp.so
[1.099s] -- Up-to-date: /home/yony/Dev/ros2_ws/install/sim_sem_interfaces/share/sim_sem_interfaces/environment/pythonpath.sh
[1.099s] -- Up-to-date: /home/yony/Dev/ros2_ws/install/sim_sem_interfaces/share/sim_sem_interfaces/environment/pythonpath.dsv
[1.099s] -- Up-to-date: /home/yony/Dev/ros2_ws/install/sim_sem_interfaces/local/lib/python3.10/dist-packages/sim_sem_interfaces-0.0.1-py3.10.egg-info
[1.100s] -- Installing: /home/yony/Dev/ros2_ws/install/sim_sem_interfaces/local/lib/python3.10/dist-packages/sim_sem_interfaces-0.0.1-py3.10.egg-info/dependency_links.txt
[1.100s] -- Installing: /home/yony/Dev/ros2_ws/install/sim_sem_interfaces/local/lib/python3.10/dist-packages/sim_sem_interfaces-0.0.1-py3.10.egg-info/SOURCES.txt
[1.101s] -- Installing: /home/yony/Dev/ros2_ws/install/sim_sem_interfaces/local/lib/python3.10/dist-packages/sim_sem_interfaces-0.0.1-py3.10.egg-info/PKG-INFO
[1.101s] -- Installing: /home/yony/Dev/ros2_ws/install/sim_sem_interfaces/local/lib/python3.10/dist-packages/sim_sem_interfaces-0.0.1-py3.10.egg-info/top_level.txt
[1.102s] -- Up-to-date: /home/yony/Dev/ros2_ws/install/sim_sem_interfaces/local/lib/python3.10/dist-packages/sim_sem_interfaces
[1.102s] -- Up-to-date: /home/yony/Dev/ros2_ws/install/sim_sem_interfaces/local/lib/python3.10/dist-packages/sim_sem_interfaces/_sim_sem_interfaces_s.ep.rosidl_typesupport_c.c
[1.102s] -- Up-to-date: /home/yony/Dev/ros2_ws/install/sim_sem_interfaces/local/lib/python3.10/dist-packages/sim_sem_interfaces/msg
[1.102s] -- Up-to-date: /home/yony/Dev/ros2_ws/install/sim_sem_interfaces/local/lib/python3.10/dist-packages/sim_sem_interfaces/msg/_fatigue_analysis.py
[1.102s] -- Up-to-date: /home/yony/Dev/ros2_ws/install/sim_sem_interfaces/local/lib/python3.10/dist-packages/sim_sem_interfaces/msg/_robot_arm_kinematic_s.c
[1.102s] -- Up-to-date: /home/yony/Dev/ros2_ws/install/sim_sem_interfaces/local/lib/python3.10/dist-packages/sim_sem_interfaces/msg/_environment_s.c
[1.102s] -- Up-to-date: /home/yony/Dev/ros2_ws/install/sim_sem_interfaces/local/lib/python3.10/dist-packages/sim_sem_interfaces/msg/_robot_hand_kinematic.py
[1.102s] -- Up-to-date: /home/yony/Dev/ros2_ws/install/sim_sem_interfaces/local/lib/python3.10/dist-packages/sim_sem_interfaces/msg/_human_behaviour.py
[1.102s] -- Up-to-date: /home/yony/Dev/ros2_ws/install/sim_sem_interfaces/local/lib/python3.10/dist-packages/sim_sem_interfaces/msg/_human_grasping_strategies.py
[1.102s] -- Up-to-date: /home/yony/Dev/ros2_ws/install/sim_sem_interfaces/local/lib/python3.10/dist-packages/sim_sem_interfaces/msg/_robot_grasping_strategies_s.c
[1.102s] -- Up-to-date: /home/yony/Dev/ros2_ws/install/sim_sem_interfaces/local/lib/python3.10/dist-packages/sim_sem_interfaces/msg/_tactile.py
[1.103s] -- Up-to-date: /home/yony/Dev/ros2_ws/install/sim_sem_interfaces/local/lib/python3.10/dist-packages/sim_sem_interfaces/msg/_neuromorphic_sensing.py
[1.103s] -- Up-to-date: /home/yony/Dev/ros2_ws/install/sim_sem_interfaces/local/lib/python3.10/dist-packages/sim_sem_interfaces/msg/_environment.py
[1.103s] -- Up-to-date: /home/yony/Dev/ros2_ws/install/sim_sem_interfaces/local/lib/python3.10/dist-packages/sim_sem_interfaces/msg/_tactile_s.c
[1.103s] -- Up-to-date: /home/yony/Dev/ros2_ws/install/sim_sem_interfaces/local/lib/python3.10/dist-packages/sim_sem_interfaces/msg/_robot_arm_kinematic.py
[1.103s] -- Up-to-date: /home/yony/Dev/ros2_ws/install/sim_sem_interfaces/local/lib/python3.10/dist-packages/sim_sem_interfaces/msg/_physical_object_s.c
[1.103s] -- Up-to-date: /home/yony/Dev/ros2_ws/install/sim_sem_interfaces/local/lib/python3.10/dist-packages/sim_sem_interfaces/msg/_human_motion_s.c
[1.103s] -- Up-to-date: /home/yony/Dev/ros2_ws/install/sim_sem_interfaces/local/lib/python3.10/dist-packages/sim_sem_interfaces/msg/_human_motion.py
[1.103s] -- Up-to-date: /home/yony/Dev/ros2_ws/install/sim_sem_interfaces/local/lib/python3.10/dist-packages/sim_sem_interfaces/msg/_fatigue_analysis_s.c
[1.103s] -- Up-to-date: /home/yony/Dev/ros2_ws/install/sim_sem_interfaces/local/lib/python3.10/dist-packages/sim_sem_interfaces/msg/_emergency.py
[1.103s] -- Up-to-date: /home/yony/Dev/ros2_ws/install/sim_sem_interfaces/local/lib/python3.10/dist-packages/sim_sem_interfaces/msg/_neuromorphic_sensing_s.c
[1.103s] -- Up-to-date: /home/yony/Dev/ros2_ws/install/sim_sem_interfaces/local/lib/python3.10/dist-packages/sim_sem_interfaces/msg/_robot_grasping_strategies.py
[1.103s] -- Up-to-date: /home/yony/Dev/ros2_ws/install/sim_sem_interfaces/local/lib/python3.10/dist-packages/sim_sem_interfaces/msg/_emergency_request_status.py
[1.103s] -- Up-to-date: /home/yony/Dev/ros2_ws/install/sim_sem_interfaces/local/lib/python3.10/dist-packages/sim_sem_interfaces/msg/_robot_hand_s.c
[1.104s] -- Up-to-date: /home/yony/Dev/ros2_ws/install/sim_sem_interfaces/local/lib/python3.10/dist-packages/sim_sem_interfaces/msg/_robot_high_latency_corrections_s.c
[1.104s] -- Up-to-date: /home/yony/Dev/ros2_ws/install/sim_sem_interfaces/local/lib/python3.10/dist-packages/sim_sem_interfaces/msg/_human_grasping_strategies_s.c
[1.104s] -- Up-to-date: /home/yony/Dev/ros2_ws/install/sim_sem_interfaces/local/lib/python3.10/dist-packages/sim_sem_interfaces/msg/_emergency_s.c
[1.104s] -- Up-to-date: /home/yony/Dev/ros2_ws/install/sim_sem_interfaces/local/lib/python3.10/dist-packages/sim_sem_interfaces/msg/_robot_high_latency_corrections.py
[1.104s] -- Up-to-date: /home/yony/Dev/ros2_ws/install/sim_sem_interfaces/local/lib/python3.10/dist-packages/sim_sem_interfaces/msg/_human_behaviour_s.c
[1.104s] -- Up-to-date: /home/yony/Dev/ros2_ws/install/sim_sem_interfaces/local/lib/python3.10/dist-packages/sim_sem_interfaces/msg/_human_sight_s.c
[1.104s] -- Up-to-date: /home/yony/Dev/ros2_ws/install/sim_sem_interfaces/local/lib/python3.10/dist-packages/sim_sem_interfaces/msg/_robot_arm_s.c
[1.104s] -- Up-to-date: /home/yony/Dev/ros2_ws/install/sim_sem_interfaces/local/lib/python3.10/dist-packages/sim_sem_interfaces/msg/__init__.py
[1.104s] -- Up-to-date: /home/yony/Dev/ros2_ws/install/sim_sem_interfaces/local/lib/python3.10/dist-packages/sim_sem_interfaces/msg/_robot_low_latency_corrections.py
[1.104s] -- Up-to-date: /home/yony/Dev/ros2_ws/install/sim_sem_interfaces/local/lib/python3.10/dist-packages/sim_sem_interfaces/msg/_human_sight.py
[1.104s] -- Up-to-date: /home/yony/Dev/ros2_ws/install/sim_sem_interfaces/local/lib/python3.10/dist-packages/sim_sem_interfaces/msg/_human_hand_gesture.py
[1.104s] -- Up-to-date: /home/yony/Dev/ros2_ws/install/sim_sem_interfaces/local/lib/python3.10/dist-packages/sim_sem_interfaces/msg/_human_parameter_intention_s.c
[1.104s] -- Up-to-date: /home/yony/Dev/ros2_ws/install/sim_sem_interfaces/local/lib/python3.10/dist-packages/sim_sem_interfaces/msg/_human_hand_gesture_s.c
[1.105s] -- Up-to-date: /home/yony/Dev/ros2_ws/install/sim_sem_interfaces/local/lib/python3.10/dist-packages/sim_sem_interfaces/msg/_human_parameter_intention.py
[1.105s] -- Up-to-date: /home/yony/Dev/ros2_ws/install/sim_sem_interfaces/local/lib/python3.10/dist-packages/sim_sem_interfaces/msg/_robot_low_latency_corrections_s.c
[1.105s] -- Up-to-date: /home/yony/Dev/ros2_ws/install/sim_sem_interfaces/local/lib/python3.10/dist-packages/sim_sem_interfaces/msg/_physical_object.py
[1.105s] -- Up-to-date: /home/yony/Dev/ros2_ws/install/sim_sem_interfaces/local/lib/python3.10/dist-packages/sim_sem_interfaces/msg/_robot_arm.py
[1.105s] -- Up-to-date: /home/yony/Dev/ros2_ws/install/sim_sem_interfaces/local/lib/python3.10/dist-packages/sim_sem_interfaces/msg/_robot_hand_kinematic_s.c
[1.105s] -- Up-to-date: /home/yony/Dev/ros2_ws/install/sim_sem_interfaces/local/lib/python3.10/dist-packages/sim_sem_interfaces/msg/_emergency_request_status_s.c
[1.105s] -- Up-to-date: /home/yony/Dev/ros2_ws/install/sim_sem_interfaces/local/lib/python3.10/dist-packages/sim_sem_interfaces/msg/_robot_hand.py
[1.105s] -- Up-to-date: /home/yony/Dev/ros2_ws/install/sim_sem_interfaces/local/lib/python3.10/dist-packages/sim_sem_interfaces/_sim_sem_interfaces_s.ep.rosidl_typesupport_introspection_c.c
[1.105s] -- Up-to-date: /home/yony/Dev/ros2_ws/install/sim_sem_interfaces/local/lib/python3.10/dist-packages/sim_sem_interfaces/libsim_sem_interfaces__rosidl_generator_py.so
[1.105s] -- Up-to-date: /home/yony/Dev/ros2_ws/install/sim_sem_interfaces/local/lib/python3.10/dist-packages/sim_sem_interfaces/sim_sem_interfaces_s__rosidl_typesupport_c.cpython-310-x86_64-linux-gnu.so
[1.105s] -- Up-to-date: /home/yony/Dev/ros2_ws/install/sim_sem_interfaces/local/lib/python3.10/dist-packages/sim_sem_interfaces/sim_sem_interfaces_s__rosidl_typesupport_introspection_c.cpython-310-x86_64-linux-gnu.so
[1.105s] -- Up-to-date: /home/yony/Dev/ros2_ws/install/sim_sem_interfaces/local/lib/python3.10/dist-packages/sim_sem_interfaces/__init__.py
[1.105s] -- Up-to-date: /home/yony/Dev/ros2_ws/install/sim_sem_interfaces/local/lib/python3.10/dist-packages/sim_sem_interfaces/_sim_sem_interfaces_s.ep.rosidl_typesupport_fastrtps_c.c
[1.106s] -- Up-to-date: /home/yony/Dev/ros2_ws/install/sim_sem_interfaces/local/lib/python3.10/dist-packages/sim_sem_interfaces/sim_sem_interfaces_s__rosidl_typesupport_fastrtps_c.cpython-310-x86_64-linux-gnu.so
[1.110s] Listing '/home/yony/Dev/ros2_ws/install/sim_sem_interfaces/local/lib/python3.10/dist-packages/sim_sem_interfaces'...
[1.111s] Listing '/home/yony/Dev/ros2_ws/install/sim_sem_interfaces/local/lib/python3.10/dist-packages/sim_sem_interfaces/msg'...
[1.115s] -- Up-to-date: /home/yony/Dev/ros2_ws/install/sim_sem_interfaces/local/lib/python3.10/dist-packages/sim_sem_interfaces/sim_sem_interfaces_s__rosidl_typesupport_fastrtps_c.cpython-310-x86_64-linux-gnu.so
[1.115s] -- Up-to-date: /home/yony/Dev/ros2_ws/install/sim_sem_interfaces/local/lib/python3.10/dist-packages/sim_sem_interfaces/sim_sem_interfaces_s__rosidl_typesupport_introspection_c.cpython-310-x86_64-linux-gnu.so
[1.116s] -- Up-to-date: /home/yony/Dev/ros2_ws/install/sim_sem_interfaces/local/lib/python3.10/dist-packages/sim_sem_interfaces/sim_sem_interfaces_s__rosidl_typesupport_c.cpython-310-x86_64-linux-gnu.so
[1.116s] -- Up-to-date: /home/yony/Dev/ros2_ws/install/sim_sem_interfaces/lib/libsim_sem_interfaces__rosidl_generator_py.so
[1.116s] -- Up-to-date: /home/yony/Dev/ros2_ws/install/sim_sem_interfaces/share/sim_sem_interfaces/msg/Emergency.idl
[1.116s] -- Up-to-date: /home/yony/Dev/ros2_ws/install/sim_sem_interfaces/share/sim_sem_interfaces/msg/EmergencyRequestStatus.idl
[1.117s] -- Up-to-date: /home/yony/Dev/ros2_ws/install/sim_sem_interfaces/share/sim_sem_interfaces/msg/Environment.idl
[1.117s] -- Up-to-date: /home/yony/Dev/ros2_ws/install/sim_sem_interfaces/share/sim_sem_interfaces/msg/FatigueAnalysis.idl
[1.117s] -- Up-to-date: /home/yony/Dev/ros2_ws/install/sim_sem_interfaces/share/sim_sem_interfaces/msg/HumanBehaviour.idl
[1.117s] -- Up-to-date: /home/yony/Dev/ros2_ws/install/sim_sem_interfaces/share/sim_sem_interfaces/msg/HumanGraspingStrategies.idl
[1.117s] -- Up-to-date: /home/yony/Dev/ros2_ws/install/sim_sem_interfaces/share/sim_sem_interfaces/msg/HumanHandGesture.idl
[1.117s] -- Up-to-date: /home/yony/Dev/ros2_ws/install/sim_sem_interfaces/share/sim_sem_interfaces/msg/HumanMotion.idl
[1.117s] -- Up-to-date: /home/yony/Dev/ros2_ws/install/sim_sem_interfaces/share/sim_sem_interfaces/msg/HumanParameterIntention.idl
[1.118s] -- Up-to-date: /home/yony/Dev/ros2_ws/install/sim_sem_interfaces/share/sim_sem_interfaces/msg/HumanSight.idl
[1.118s] -- Up-to-date: /home/yony/Dev/ros2_ws/install/sim_sem_interfaces/share/sim_sem_interfaces/msg/NeuromorphicSensing.idl
[1.118s] -- Up-to-date: /home/yony/Dev/ros2_ws/install/sim_sem_interfaces/share/sim_sem_interfaces/msg/PhysicalObject.idl
[1.118s] -- Up-to-date: /home/yony/Dev/ros2_ws/install/sim_sem_interfaces/share/sim_sem_interfaces/msg/RobotArm.idl
[1.118s] -- Up-to-date: /home/yony/Dev/ros2_ws/install/sim_sem_interfaces/share/sim_sem_interfaces/msg/RobotArmKinematic.idl
[1.118s] -- Up-to-date: /home/yony/Dev/ros2_ws/install/sim_sem_interfaces/share/sim_sem_interfaces/msg/RobotGraspingStrategies.idl
[1.118s] -- Up-to-date: /home/yony/Dev/ros2_ws/install/sim_sem_interfaces/share/sim_sem_interfaces/msg/RobotHand.idl
[1.118s] -- Up-to-date: /home/yony/Dev/ros2_ws/install/sim_sem_interfaces/share/sim_sem_interfaces/msg/RobotHandKinematic.idl
[1.119s] -- Up-to-date: /home/yony/Dev/ros2_ws/install/sim_sem_interfaces/share/sim_sem_interfaces/msg/RobotHighLatencyCorrections.idl
[1.119s] -- Up-to-date: /home/yony/Dev/ros2_ws/install/sim_sem_interfaces/share/sim_sem_interfaces/msg/RobotLowLatencyCorrections.idl
[1.119s] -- Up-to-date: /home/yony/Dev/ros2_ws/install/sim_sem_interfaces/share/sim_sem_interfaces/msg/Tactile.idl
[1.119s] -- Up-to-date: /home/yony/Dev/ros2_ws/install/sim_sem_interfaces/share/sim_sem_interfaces/msg/Emergency.msg
[1.119s] -- Up-to-date: /home/yony/Dev/ros2_ws/install/sim_sem_interfaces/share/sim_sem_interfaces/msg/EmergencyRequestStatus.msg
[1.119s] -- Up-to-date: /home/yony/Dev/ros2_ws/install/sim_sem_interfaces/share/sim_sem_interfaces/msg/Environment.msg
[1.119s] -- Up-to-date: /home/yony/Dev/ros2_ws/install/sim_sem_interfaces/share/sim_sem_interfaces/msg/FatigueAnalysis.msg
[1.120s] -- Up-to-date: /home/yony/Dev/ros2_ws/install/sim_sem_interfaces/share/sim_sem_interfaces/msg/HumanBehaviour.msg
[1.120s] -- Up-to-date: /home/yony/Dev/ros2_ws/install/sim_sem_interfaces/share/sim_sem_interfaces/msg/HumanGraspingStrategies.msg
[1.120s] -- Up-to-date: /home/yony/Dev/ros2_ws/install/sim_sem_interfaces/share/sim_sem_interfaces/msg/HumanHandGesture.msg
[1.120s] -- Up-to-date: /home/yony/Dev/ros2_ws/install/sim_sem_interfaces/share/sim_sem_interfaces/msg/HumanMotion.msg
[1.120s] -- Up-to-date: /home/yony/Dev/ros2_ws/install/sim_sem_interfaces/share/sim_sem_interfaces/msg/HumanParameterIntention.msg
[1.120s] -- Up-to-date: /home/yony/Dev/ros2_ws/install/sim_sem_interfaces/share/sim_sem_interfaces/msg/HumanSight.msg
[1.120s] -- Up-to-date: /home/yony/Dev/ros2_ws/install/sim_sem_interfaces/share/sim_sem_interfaces/msg/NeuromorphicSensing.msg
[1.120s] -- Up-to-date: /home/yony/Dev/ros2_ws/install/sim_sem_interfaces/share/sim_sem_interfaces/msg/PhysicalObject.msg
[1.120s] -- Up-to-date: /home/yony/Dev/ros2_ws/install/sim_sem_interfaces/share/sim_sem_interfaces/msg/RobotArm.msg
[1.121s] -- Up-to-date: /home/yony/Dev/ros2_ws/install/sim_sem_interfaces/share/sim_sem_interfaces/msg/RobotArmKinematic.msg
[1.121s] -- Up-to-date: /home/yony/Dev/ros2_ws/install/sim_sem_interfaces/share/sim_sem_interfaces/msg/RobotGraspingStrategies.msg
[1.121s] -- Up-to-date: /home/yony/Dev/ros2_ws/install/sim_sem_interfaces/share/sim_sem_interfaces/msg/RobotHand.msg
[1.121s] -- Up-to-date: /home/yony/Dev/ros2_ws/install/sim_sem_interfaces/share/sim_sem_interfaces/msg/RobotHandKinematic.msg
[1.121s] -- Up-to-date: /home/yony/Dev/ros2_ws/install/sim_sem_interfaces/share/sim_sem_interfaces/msg/RobotHighLatencyCorrections.msg
[1.121s] -- Up-to-date: /home/yony/Dev/ros2_ws/install/sim_sem_interfaces/share/sim_sem_interfaces/msg/RobotLowLatencyCorrections.msg
[1.121s] -- Up-to-date: /home/yony/Dev/ros2_ws/install/sim_sem_interfaces/share/sim_sem_interfaces/msg/Tactile.msg
[1.121s] -- Up-to-date: /home/yony/Dev/ros2_ws/install/sim_sem_interfaces/share/ament_index/resource_index/package_run_dependencies/sim_sem_interfaces
[1.121s] -- Up-to-date: /home/yony/Dev/ros2_ws/install/sim_sem_interfaces/share/ament_index/resource_index/parent_prefix_path/sim_sem_interfaces
[1.121s] -- Up-to-date: /home/yony/Dev/ros2_ws/install/sim_sem_interfaces/share/sim_sem_interfaces/environment/ament_prefix_path.sh
[1.122s] -- Up-to-date: /home/yony/Dev/ros2_ws/install/sim_sem_interfaces/share/sim_sem_interfaces/environment/ament_prefix_path.dsv
[1.122s] -- Up-to-date: /home/yony/Dev/ros2_ws/install/sim_sem_interfaces/share/sim_sem_interfaces/environment/path.sh
[1.122s] -- Up-to-date: /home/yony/Dev/ros2_ws/install/sim_sem_interfaces/share/sim_sem_interfaces/environment/path.dsv
[1.122s] -- Up-to-date: /home/yony/Dev/ros2_ws/install/sim_sem_interfaces/share/sim_sem_interfaces/local_setup.bash
[1.122s] -- Up-to-date: /home/yony/Dev/ros2_ws/install/sim_sem_interfaces/share/sim_sem_interfaces/local_setup.sh
[1.122s] -- Up-to-date: /home/yony/Dev/ros2_ws/install/sim_sem_interfaces/share/sim_sem_interfaces/local_setup.zsh
[1.122s] -- Up-to-date: /home/yony/Dev/ros2_ws/install/sim_sem_interfaces/share/sim_sem_interfaces/local_setup.dsv
[1.122s] -- Installing: /home/yony/Dev/ros2_ws/install/sim_sem_interfaces/share/sim_sem_interfaces/package.dsv
[1.122s] -- Up-to-date: /home/yony/Dev/ros2_ws/install/sim_sem_interfaces/share/ament_index/resource_index/packages/sim_sem_interfaces
[1.122s] -- Up-to-date: /home/yony/Dev/ros2_ws/install/sim_sem_interfaces/share/sim_sem_interfaces/cmake/export_sim_sem_interfaces__rosidl_generator_cExport.cmake
[1.122s] -- Up-to-date: /home/yony/Dev/ros2_ws/install/sim_sem_interfaces/share/sim_sem_interfaces/cmake/export_sim_sem_interfaces__rosidl_generator_cExport-noconfig.cmake
[1.123s] -- Up-to-date: /home/yony/Dev/ros2_ws/install/sim_sem_interfaces/share/sim_sem_interfaces/cmake/export_sim_sem_interfaces__rosidl_typesupport_fastrtps_cExport.cmake
[1.123s] -- Up-to-date: /home/yony/Dev/ros2_ws/install/sim_sem_interfaces/share/sim_sem_interfaces/cmake/export_sim_sem_interfaces__rosidl_typesupport_fastrtps_cExport-noconfig.cmake
[1.123s] -- Up-to-date: /home/yony/Dev/ros2_ws/install/sim_sem_interfaces/share/sim_sem_interfaces/cmake/sim_sem_interfaces__rosidl_typesupport_introspection_cExport.cmake
[1.123s] -- Up-to-date: /home/yony/Dev/ros2_ws/install/sim_sem_interfaces/share/sim_sem_interfaces/cmake/sim_sem_interfaces__rosidl_typesupport_introspection_cExport-noconfig.cmake
[1.123s] -- Up-to-date: /home/yony/Dev/ros2_ws/install/sim_sem_interfaces/share/sim_sem_interfaces/cmake/sim_sem_interfaces__rosidl_typesupport_cExport.cmake
[1.123s] -- Up-to-date: /home/yony/Dev/ros2_ws/install/sim_sem_interfaces/share/sim_sem_interfaces/cmake/sim_sem_interfaces__rosidl_typesupport_cExport-noconfig.cmake
[1.123s] -- Up-to-date: /home/yony/Dev/ros2_ws/install/sim_sem_interfaces/share/sim_sem_interfaces/cmake/export_sim_sem_interfaces__rosidl_generator_cppExport.cmake
[1.123s] -- Up-to-date: /home/yony/Dev/ros2_ws/install/sim_sem_interfaces/share/sim_sem_interfaces/cmake/export_sim_sem_interfaces__rosidl_typesupport_fastrtps_cppExport.cmake
[1.123s] -- Up-to-date: /home/yony/Dev/ros2_ws/install/sim_sem_interfaces/share/sim_sem_interfaces/cmake/export_sim_sem_interfaces__rosidl_typesupport_fastrtps_cppExport-noconfig.cmake
[1.123s] -- Up-to-date: /home/yony/Dev/ros2_ws/install/sim_sem_interfaces/share/sim_sem_interfaces/cmake/sim_sem_interfaces__rosidl_typesupport_introspection_cppExport.cmake
[1.123s] -- Up-to-date: /home/yony/Dev/ros2_ws/install/sim_sem_interfaces/share/sim_sem_interfaces/cmake/sim_sem_interfaces__rosidl_typesupport_introspection_cppExport-noconfig.cmake
[1.123s] -- Up-to-date: /home/yony/Dev/ros2_ws/install/sim_sem_interfaces/share/sim_sem_interfaces/cmake/sim_sem_interfaces__rosidl_typesupport_cppExport.cmake
[1.124s] -- Up-to-date: /home/yony/Dev/ros2_ws/install/sim_sem_interfaces/share/sim_sem_interfaces/cmake/sim_sem_interfaces__rosidl_typesupport_cppExport-noconfig.cmake
[1.124s] -- Up-to-date: /home/yony/Dev/ros2_ws/install/sim_sem_interfaces/share/sim_sem_interfaces/cmake/export_sim_sem_interfaces__rosidl_generator_pyExport.cmake
[1.124s] -- Up-to-date: /home/yony/Dev/ros2_ws/install/sim_sem_interfaces/share/sim_sem_interfaces/cmake/export_sim_sem_interfaces__rosidl_generator_pyExport-noconfig.cmake
[1.125s] -- Up-to-date: /home/yony/Dev/ros2_ws/install/sim_sem_interfaces/share/sim_sem_interfaces/cmake/rosidl_cmake-extras.cmake
[1.125s] -- Up-to-date: /home/yony/Dev/ros2_ws/install/sim_sem_interfaces/share/sim_sem_interfaces/cmake/ament_cmake_export_dependencies-extras.cmake
[1.126s] -- Up-to-date: /home/yony/Dev/ros2_ws/install/sim_sem_interfaces/share/sim_sem_interfaces/cmake/ament_cmake_export_include_directories-extras.cmake
[1.126s] -- Up-to-date: /home/yony/Dev/ros2_ws/install/sim_sem_interfaces/share/sim_sem_interfaces/cmake/ament_cmake_export_libraries-extras.cmake
[1.126s] -- Up-to-date: /home/yony/Dev/ros2_ws/install/sim_sem_interfaces/share/sim_sem_interfaces/cmake/ament_cmake_export_targets-extras.cmake
[1.126s] -- Up-to-date: /home/yony/Dev/ros2_ws/install/sim_sem_interfaces/share/sim_sem_interfaces/cmake/rosidl_cmake_export_typesupport_targets-extras.cmake
[1.126s] -- Up-to-date: /home/yony/Dev/ros2_ws/install/sim_sem_interfaces/share/sim_sem_interfaces/cmake/rosidl_cmake_export_typesupport_libraries-extras.cmake
[1.127s] -- Up-to-date: /home/yony/Dev/ros2_ws/install/sim_sem_interfaces/share/sim_sem_interfaces/cmake/sim_sem_interfacesConfig.cmake
[1.127s] -- Up-to-date: /home/yony/Dev/ros2_ws/install/sim_sem_interfaces/share/sim_sem_interfaces/cmake/sim_sem_interfacesConfig-version.cmake
[1.127s] -- Up-to-date: /home/yony/Dev/ros2_ws/install/sim_sem_interfaces/share/sim_sem_interfaces/package.xml
[1.127s] Invoked command in '/home/yony/Dev/ros2_ws/build/sim_sem_interfaces' returned '0': CMAKE_PREFIX_PATH=${CMAKE_PREFIX_PATH}:/home/yony/Dev/ros2_ws/src/install/temp:/home/yony/Dev/ros2_ws/src/install/sim:/home/yony/Dev/ros2_ws/src/install/april_ros2:/opt/ros/humble /usr/bin/cmake --install /home/yony/Dev/ros2_ws/build/sim_sem_interfaces
