[0.682s] Invoking command in '/home/yony/Dev/ros2_ws/src/april_ros2': PYTHONPATH=/home/yony/Dev/ros2_ws/install/april_ros2/lib/python3.8/site-packages:${PYTHONPATH} /usr/bin/python3 setup.py egg_info --egg-base ../../build/april_ros2 build --build-base /home/yony/Dev/ros2_ws/build/april_ros2/build install --prefix /home/yony/Dev/ros2_ws/install/april_ros2 --record /home/yony/Dev/ros2_ws/build/april_ros2/install.log --single-version-externally-managed
[0.908s] running egg_info
[0.908s] creating ../../build/april_ros2/april_ros2.egg-info
[0.908s] writing ../../build/april_ros2/april_ros2.egg-info/PKG-INFO
[0.908s] writing dependency_links to ../../build/april_ros2/april_ros2.egg-info/dependency_links.txt
[0.909s] writing entry points to ../../build/april_ros2/april_ros2.egg-info/entry_points.txt
[0.909s] writing requirements to ../../build/april_ros2/april_ros2.egg-info/requires.txt
[0.909s] writing top-level names to ../../build/april_ros2/april_ros2.egg-info/top_level.txt
[0.910s] writing manifest file '../../build/april_ros2/april_ros2.egg-info/SOURCES.txt'
[0.944s] reading manifest file '../../build/april_ros2/april_ros2.egg-info/SOURCES.txt'
[0.945s] writing manifest file '../../build/april_ros2/april_ros2.egg-info/SOURCES.txt'
[0.945s] running build
[0.946s] running build_py
[0.946s] creating /home/yony/Dev/ros2_ws/build/april_ros2/build
[0.946s] creating /home/yony/Dev/ros2_ws/build/april_ros2/build/lib
[0.946s] creating /home/yony/Dev/ros2_ws/build/april_ros2/build/lib/april_ros2
[0.946s] copying april_ros2/sem.py -> /home/yony/Dev/ros2_ws/build/april_ros2/build/lib/april_ros2
[0.947s] copying april_ros2/dummy.py -> /home/yony/Dev/ros2_ws/build/april_ros2/build/lib/april_ros2
[0.947s] copying april_ros2/__init__.py -> /home/yony/Dev/ros2_ws/build/april_ros2/build/lib/april_ros2
[0.947s] copying april_ros2/sim.py -> /home/yony/Dev/ros2_ws/build/april_ros2/build/lib/april_ros2
[0.947s] running install
[0.947s] running install_lib
[0.948s] creating /home/yony/Dev/ros2_ws/install/april_ros2/lib/python3.8/site-packages/april_ros2
[0.948s] copying /home/yony/Dev/ros2_ws/build/april_ros2/build/lib/april_ros2/sem.py -> /home/yony/Dev/ros2_ws/install/april_ros2/lib/python3.8/site-packages/april_ros2
[0.948s] copying /home/yony/Dev/ros2_ws/build/april_ros2/build/lib/april_ros2/dummy.py -> /home/yony/Dev/ros2_ws/install/april_ros2/lib/python3.8/site-packages/april_ros2
[0.948s] copying /home/yony/Dev/ros2_ws/build/april_ros2/build/lib/april_ros2/__init__.py -> /home/yony/Dev/ros2_ws/install/april_ros2/lib/python3.8/site-packages/april_ros2
[0.948s] copying /home/yony/Dev/ros2_ws/build/april_ros2/build/lib/april_ros2/sim.py -> /home/yony/Dev/ros2_ws/install/april_ros2/lib/python3.8/site-packages/april_ros2
[0.949s] byte-compiling /home/yony/Dev/ros2_ws/install/april_ros2/lib/python3.8/site-packages/april_ros2/sem.py to sem.cpython-38.pyc
[0.950s] byte-compiling /home/yony/Dev/ros2_ws/install/april_ros2/lib/python3.8/site-packages/april_ros2/dummy.py to dummy.cpython-38.pyc
[0.950s] byte-compiling /home/yony/Dev/ros2_ws/install/april_ros2/lib/python3.8/site-packages/april_ros2/__init__.py to __init__.cpython-38.pyc
[0.950s] byte-compiling /home/yony/Dev/ros2_ws/install/april_ros2/lib/python3.8/site-packages/april_ros2/sim.py to sim.cpython-38.pyc
[0.951s] running install_data
[0.951s] creating /home/yony/Dev/ros2_ws/install/april_ros2/share/ament_index
[0.951s] creating /home/yony/Dev/ros2_ws/install/april_ros2/share/ament_index/resource_index
[0.951s] creating /home/yony/Dev/ros2_ws/install/april_ros2/share/ament_index/resource_index/packages
[0.952s] copying resource/april_ros2 -> /home/yony/Dev/ros2_ws/install/april_ros2/share/ament_index/resource_index/packages
[0.952s] copying package.xml -> /home/yony/Dev/ros2_ws/install/april_ros2/share/april_ros2
[0.952s] running install_egg_info
[0.953s] Copying ../../build/april_ros2/april_ros2.egg-info to /home/yony/Dev/ros2_ws/install/april_ros2/lib/python3.8/site-packages/april_ros2-0.0.1-py3.8.egg-info
[0.954s] running install_scripts
[0.972s] Installing listener script to /home/yony/Dev/ros2_ws/install/april_ros2/lib/april_ros2
[0.972s] Installing talker script to /home/yony/Dev/ros2_ws/install/april_ros2/lib/april_ros2
[0.972s] writing list of installed files to '/home/yony/Dev/ros2_ws/build/april_ros2/install.log'
[0.996s] Invoked command in '/home/yony/Dev/ros2_ws/src/april_ros2' returned '0': PYTHONPATH=/home/yony/Dev/ros2_ws/install/april_ros2/lib/python3.8/site-packages:${PYTHONPATH} /usr/bin/python3 setup.py egg_info --egg-base ../../build/april_ros2 build --build-base /home/yony/Dev/ros2_ws/build/april_ros2/build install --prefix /home/yony/Dev/ros2_ws/install/april_ros2 --record /home/yony/Dev/ros2_ws/build/april_ros2/install.log --single-version-externally-managed
