[0.015s] Invoking command in '/home/yony/Dev/ros2_ws/build/sim_sem_interfaces': CMAKE_PREFIX_PATH=/opt/ros/humble /usr/bin/cmake --build /home/yony/Dev/ros2_ws/build/sim_sem_interfaces -- -j12 -l12
[0.047s] -- Found ament_cmake: 1.3.2 (/opt/ros/humble/share/ament_cmake/cmake)
[0.207s] -- Found rosidl_default_generators: 1.2.0 (/opt/ros/humble/share/rosidl_default_generators/cmake)
[0.211s] -- Using all available rosidl_typesupport_c: rosidl_typesupport_fastrtps_c;rosidl_typesupport_introspection_c
[0.219s] -- Found rosidl_adapter: 3.1.3 (/opt/ros/humble/share/rosidl_adapter/cmake)
[0.275s] -- Using all available rosidl_typesupport_cpp: rosidl_typesupport_fastrtps_cpp;rosidl_typesupport_introspection_cpp
[0.309s] -- Found std_msgs: 4.2.2 (/opt/ros/humble/share/std_msgs/cmake)
[0.378s] -- Found ament_lint_auto: 0.12.4 (/opt/ros/humble/share/ament_lint_auto/cmake)
[0.811s] -- Found ament_cmake_ros: 0.10.0 (/opt/ros/humble/share/ament_cmake_ros/cmake)
[1.124s] -- Using all available rosidl_typesupport_c: rosidl_typesupport_fastrtps_c;rosidl_typesupport_introspection_c
[1.556s] -- Using all available rosidl_typesupport_cpp: rosidl_typesupport_fastrtps_cpp;rosidl_typesupport_introspection_cpp
[1.584s] -- Found python_cmake_module: 0.10.0 (/opt/ros/humble/share/python_cmake_module/cmake)
[1.613s] -- Using PYTHON_EXECUTABLE: /usr/bin/python3
[1.613s] -- Using PYTHON_INCLUDE_DIRS: /usr/include/python3.10
[1.614s] -- Using PYTHON_LIBRARIES: /usr/lib/x86_64-linux-gnu/libpython3.10.so
[1.677s] -- Added test 'lint_cmake' to check CMake code style
[1.680s] -- Added test 'xmllint' to check XML markup files
[1.684s] -- Configuring done
[1.758s] -- Generating done
[1.762s] -- Build files have been written to: /home/yony/Dev/ros2_ws/build/sim_sem_interfaces
[1.793s] [  0%] [34m[1mGenerating C code for ROS interfaces[0m
[1.801s] [  0%] [34m[1mGenerating C++ code for ROS interfaces[0m
[1.809s] [  0%] Built target ament_cmake_python_copy_sim_sem_interfaces
[2.095s] running egg_info
[2.096s] writing sim_sem_interfaces.egg-info/PKG-INFO
[2.096s] writing dependency_links to sim_sem_interfaces.egg-info/dependency_links.txt
[2.096s] writing top-level names to sim_sem_interfaces.egg-info/top_level.txt
[2.100s] reading manifest file 'sim_sem_interfaces.egg-info/SOURCES.txt'
[2.100s] writing manifest file 'sim_sem_interfaces.egg-info/SOURCES.txt'
[2.124s] [  0%] Built target ament_cmake_python_build_sim_sem_interfaces_egg
[3.053s] [  0%] Built target sim_sem_interfaces__cpp
[3.061s] [  1%] [34m[1mGenerating C++ type support dispatch for ROS interfaces[0m
[3.061s] [  2%] [34m[1mGenerating C++ type support for eProsima Fast-RTPS[0m
[3.062s] [  2%] [34m[1mGenerating C++ introspection for ROS interfaces[0m
[3.244s] [35m[1mConsolidate compiler generated dependencies of target sim_sem_interfaces__rosidl_generator_c[0m
[3.264s] [  5%] [32mBuilding C object CMakeFiles/sim_sem_interfaces__rosidl_generator_c.dir/rosidl_generator_c/sim_sem_interfaces/msg/detail/emergency__functions.c.o[0m
[3.264s] [  5%] [32mBuilding C object CMakeFiles/sim_sem_interfaces__rosidl_generator_c.dir/rosidl_generator_c/sim_sem_interfaces/msg/detail/environment__functions.c.o[0m
[3.264s] [  5%] [32mBuilding C object CMakeFiles/sim_sem_interfaces__rosidl_generator_c.dir/rosidl_generator_c/sim_sem_interfaces/msg/detail/emergency_request_status__functions.c.o[0m
[3.264s] [  5%] [32mBuilding C object CMakeFiles/sim_sem_interfaces__rosidl_generator_c.dir/rosidl_generator_c/sim_sem_interfaces/msg/detail/fatigue_analysis__functions.c.o[0m
[3.265s] [  5%] [32mBuilding C object CMakeFiles/sim_sem_interfaces__rosidl_generator_c.dir/rosidl_generator_c/sim_sem_interfaces/msg/detail/human_behaviour__functions.c.o[0m
[3.265s] [  6%] [32mBuilding C object CMakeFiles/sim_sem_interfaces__rosidl_generator_c.dir/rosidl_generator_c/sim_sem_interfaces/msg/detail/human_grasping_strategies__functions.c.o[0m
[3.265s] [  6%] [32mBuilding C object CMakeFiles/sim_sem_interfaces__rosidl_generator_c.dir/rosidl_generator_c/sim_sem_interfaces/msg/detail/human_hand_gesture__functions.c.o[0m
[3.265s] [  6%] [32mBuilding C object CMakeFiles/sim_sem_interfaces__rosidl_generator_c.dir/rosidl_generator_c/sim_sem_interfaces/msg/detail/human_sight__functions.c.o[0m
[3.273s] [  7%] [32mBuilding C object CMakeFiles/sim_sem_interfaces__rosidl_generator_c.dir/rosidl_generator_c/sim_sem_interfaces/msg/detail/human_motion__functions.c.o[0m
[3.287s] In file included from [01m[K/home/yony/Dev/ros2_ws/build/sim_sem_interfaces/rosidl_generator_c/sim_sem_interfaces/msg/detail/environment__functions.h:19[m[K,
[3.287s]                  from [01m[K/home/yony/Dev/ros2_ws/build/sim_sem_interfaces/rosidl_generator_c/sim_sem_interfaces/msg/detail/environment__functions.c:4[m[K:
[3.287s] [01m[K/home/yony/Dev/ros2_ws/build/sim_sem_interfaces/rosidl_generator_c/sim_sem_interfaces/msg/detail/environment__struct.h:24:10:[m[K [01;31m[Kfatal error: [m[Kstd_msgs/msg/detail/physical_object__struct.h: No such file or directory
[3.287s]    24 | #include [01;31m[K"std_msgs/msg/detail/physical_object__struct.h"[m[K
[3.287s]       |          [01;31m[K^~~~~~~~~~~~~~~~~~~~~~~~~~~~~~~~~~~~~~~~~~~~~~~[m[K
[3.288s] compilation terminated.
[3.288s] gmake[2]: *** [CMakeFiles/sim_sem_interfaces__rosidl_generator_c.dir/build.make:453: CMakeFiles/sim_sem_interfaces__rosidl_generator_c.dir/rosidl_generator_c/sim_sem_interfaces/msg/detail/environment__functions.c.o] Error 1
[3.288s] gmake[2]: *** Waiting for unfinished jobs....
[3.289s] In file included from [01m[K/home/yony/Dev/ros2_ws/build/sim_sem_interfaces/rosidl_generator_c/sim_sem_interfaces/msg/detail/human_behaviour__functions.h:19[m[K,
[3.289s]                  from [01m[K/home/yony/Dev/ros2_ws/build/sim_sem_interfaces/rosidl_generator_c/sim_sem_interfaces/msg/detail/human_behaviour__functions.c:4[m[K:
[3.289s] [01m[K/home/yony/Dev/ros2_ws/build/sim_sem_interfaces/rosidl_generator_c/sim_sem_interfaces/msg/detail/human_behaviour__struct.h:24:10:[m[K [01;31m[Kfatal error: [m[Kstd_msgs/msg/detail/human_grasping_strategies__struct.h: No such file or directory
[3.289s]    24 | #include [01;31m[K"std_msgs/msg/detail/human_grasping_strategies__struct.h"[m[K
[3.290s]       |          [01;31m[K^~~~~~~~~~~~~~~~~~~~~~~~~~~~~~~~~~~~~~~~~~~~~~~~~~~~~~~~~[m[K
[3.290s] compilation terminated.
[3.290s] gmake[2]: *** [CMakeFiles/sim_sem_interfaces__rosidl_generator_c.dir/build.make:481: CMakeFiles/sim_sem_interfaces__rosidl_generator_c.dir/rosidl_generator_c/sim_sem_interfaces/msg/detail/human_behaviour__functions.c.o] Error 1
[3.327s] gmake[1]: *** [CMakeFiles/Makefile2:213: CMakeFiles/sim_sem_interfaces__rosidl_generator_c.dir/all] Error 2
[3.327s] gmake[1]: *** Waiting for unfinished jobs....
[3.881s] [35m[1mConsolidate compiler generated dependencies of target sim_sem_interfaces__rosidl_typesupport_cpp[0m
[3.907s] [  7%] [32mBuilding CXX object CMakeFiles/sim_sem_interfaces__rosidl_typesupport_cpp.dir/rosidl_typesupport_cpp/sim_sem_interfaces/msg/human_grasping_strategies__type_support.cpp.o[0m
[3.907s] [  7%] [32mBuilding CXX object CMakeFiles/sim_sem_interfaces__rosidl_typesupport_cpp.dir/rosidl_typesupport_cpp/sim_sem_interfaces/msg/fatigue_analysis__type_support.cpp.o[0m
[3.908s] [  8%] [32mBuilding CXX object CMakeFiles/sim_sem_interfaces__rosidl_typesupport_cpp.dir/rosidl_typesupport_cpp/sim_sem_interfaces/msg/emergency__type_support.cpp.o[0m
[3.908s] [  9%] [32mBuilding CXX object CMakeFiles/sim_sem_interfaces__rosidl_typesupport_cpp.dir/rosidl_typesupport_cpp/sim_sem_interfaces/msg/environment__type_support.cpp.o[0m
[3.908s] [  9%] [32mBuilding CXX object CMakeFiles/sim_sem_interfaces__rosidl_typesupport_cpp.dir/rosidl_typesupport_cpp/sim_sem_interfaces/msg/emergency_request_status__type_support.cpp.o[0m
[3.908s] [ 11%] [32mBuilding CXX object CMakeFiles/sim_sem_interfaces__rosidl_typesupport_cpp.dir/rosidl_typesupport_cpp/sim_sem_interfaces/msg/human_behaviour__type_support.cpp.o[0m
[3.909s] [ 11%] [32mBuilding CXX object CMakeFiles/sim_sem_interfaces__rosidl_typesupport_cpp.dir/rosidl_typesupport_cpp/sim_sem_interfaces/msg/human_motion__type_support.cpp.o[0m
[3.909s] [ 12%] [32mBuilding CXX object CMakeFiles/sim_sem_interfaces__rosidl_typesupport_cpp.dir/rosidl_typesupport_cpp/sim_sem_interfaces/msg/human_sight__type_support.cpp.o[0m
[3.910s] [ 12%] [32mBuilding CXX object CMakeFiles/sim_sem_interfaces__rosidl_typesupport_cpp.dir/rosidl_typesupport_cpp/sim_sem_interfaces/msg/human_hand_gesture__type_support.cpp.o[0m
[3.917s] [ 13%] [32mBuilding CXX object CMakeFiles/sim_sem_interfaces__rosidl_typesupport_cpp.dir/rosidl_typesupport_cpp/sim_sem_interfaces/msg/neuromorphic_sensing__type_support.cpp.o[0m
[3.997s] In file included from [01m[K/home/yony/Dev/ros2_ws/build/sim_sem_interfaces/rosidl_typesupport_cpp/sim_sem_interfaces/msg/environment__type_support.cpp:7[m[K:
[3.998s] [01m[K/home/yony/Dev/ros2_ws/build/sim_sem_interfaces/rosidl_generator_cpp/sim_sem_interfaces/msg/detail/environment__struct.hpp:20:10:[m[K [01;31m[Kfatal error: [m[Kstd_msgs/msg/detail/physical_object__struct.hpp: No such file or directory
[3.998s]    20 | #include [01;31m[K"std_msgs/msg/detail/physical_object__struct.hpp"[m[K
[3.998s]       |          [01;31m[K^~~~~~~~~~~~~~~~~~~~~~~~~~~~~~~~~~~~~~~~~~~~~~~~~[m[K
[3.998s] compilation terminated.
[3.999s] gmake[2]: *** [CMakeFiles/sim_sem_interfaces__rosidl_typesupport_cpp.dir/build.make:218: CMakeFiles/sim_sem_interfaces__rosidl_typesupport_cpp.dir/rosidl_typesupport_cpp/sim_sem_interfaces/msg/environment__type_support.cpp.o] Error 1
[3.999s] gmake[2]: *** Waiting for unfinished jobs....
[4.010s] In file included from [01m[K/home/yony/Dev/ros2_ws/build/sim_sem_interfaces/rosidl_typesupport_cpp/sim_sem_interfaces/msg/human_behaviour__type_support.cpp:7[m[K:
[4.011s] [01m[K/home/yony/Dev/ros2_ws/build/sim_sem_interfaces/rosidl_generator_cpp/sim_sem_interfaces/msg/detail/human_behaviour__struct.hpp:20:10:[m[K [01;31m[Kfatal error: [m[Kstd_msgs/msg/detail/human_grasping_strategies__struct.hpp: No such file or directory
[4.011s]    20 | #include [01;31m[K"std_msgs/msg/detail/human_grasping_strategies__struct.hpp"[m[K
[4.011s]       |          [01;31m[K^~~~~~~~~~~~~~~~~~~~~~~~~~~~~~~~~~~~~~~~~~~~~~~~~~~~~~~~~~~[m[K
[4.011s] compilation terminated.
[4.012s] gmake[2]: *** [CMakeFiles/sim_sem_interfaces__rosidl_typesupport_cpp.dir/build.make:246: CMakeFiles/sim_sem_interfaces__rosidl_typesupport_cpp.dir/rosidl_typesupport_cpp/sim_sem_interfaces/msg/human_behaviour__type_support.cpp.o] Error 1
[4.301s] [35m[1mConsolidate compiler generated dependencies of target sim_sem_interfaces__rosidl_typesupport_introspection_cpp[0m
[4.329s] [ 15%] [32mBuilding CXX object CMakeFiles/sim_sem_interfaces__rosidl_typesupport_introspection_cpp.dir/rosidl_typesupport_introspection_cpp/sim_sem_interfaces/msg/detail/emergency_request_status__type_support.cpp.o[0m
[4.329s] [ 15%] [32mBuilding CXX object CMakeFiles/sim_sem_interfaces__rosidl_typesupport_introspection_cpp.dir/rosidl_typesupport_introspection_cpp/sim_sem_interfaces/msg/detail/fatigue_analysis__type_support.cpp.o[0m
[4.329s] [ 15%] [32mBuilding CXX object CMakeFiles/sim_sem_interfaces__rosidl_typesupport_introspection_cpp.dir/rosidl_typesupport_introspection_cpp/sim_sem_interfaces/msg/detail/environment__type_support.cpp.o[0m
[4.330s] [ 15%] [32mBuilding CXX object CMakeFiles/sim_sem_interfaces__rosidl_typesupport_introspection_cpp.dir/rosidl_typesupport_introspection_cpp/sim_sem_interfaces/msg/detail/emergency__type_support.cpp.o[0m
[4.340s] [ 17%] [32mBuilding CXX object CMakeFiles/sim_sem_interfaces__rosidl_typesupport_introspection_cpp.dir/rosidl_typesupport_introspection_cpp/sim_sem_interfaces/msg/detail/human_behaviour__type_support.cpp.o[0m
[4.340s] [ 17%] [32mBuilding CXX object CMakeFiles/sim_sem_interfaces__rosidl_typesupport_introspection_cpp.dir/rosidl_typesupport_introspection_cpp/sim_sem_interfaces/msg/detail/human_grasping_strategies__type_support.cpp.o[0m
[4.355s] [ 17%] [32mBuilding CXX object CMakeFiles/sim_sem_interfaces__rosidl_typesupport_introspection_cpp.dir/rosidl_typesupport_introspection_cpp/sim_sem_interfaces/msg/detail/human_hand_gesture__type_support.cpp.o[0m
[4.361s] gmake[1]: *** [CMakeFiles/Makefile2:395: CMakeFiles/sim_sem_interfaces__rosidl_typesupport_cpp.dir/all] Error 2
[4.363s] [ 18%] [32mBuilding CXX object CMakeFiles/sim_sem_interfaces__rosidl_typesupport_introspection_cpp.dir/rosidl_typesupport_introspection_cpp/sim_sem_interfaces/msg/detail/human_motion__type_support.cpp.o[0m
[4.368s] [ 18%] [32mBuilding CXX object CMakeFiles/sim_sem_interfaces__rosidl_typesupport_introspection_cpp.dir/rosidl_typesupport_introspection_cpp/sim_sem_interfaces/msg/detail/human_sight__type_support.cpp.o[0m
[4.369s] [ 19%] [32mBuilding CXX object CMakeFiles/sim_sem_interfaces__rosidl_typesupport_introspection_cpp.dir/rosidl_typesupport_introspection_cpp/sim_sem_interfaces/msg/detail/neuromorphic_sensing__type_support.cpp.o[0m
[4.371s] [ 19%] [32mBuilding CXX object CMakeFiles/sim_sem_interfaces__rosidl_typesupport_introspection_cpp.dir/rosidl_typesupport_introspection_cpp/sim_sem_interfaces/msg/detail/physical_object__type_support.cpp.o[0m
[4.441s] In file included from [01m[K/home/yony/Dev/ros2_ws/build/sim_sem_interfaces/rosidl_typesupport_introspection_cpp/sim_sem_interfaces/msg/detail/environment__type_support.cpp:12[m[K:
[4.441s] [01m[K/home/yony/Dev/ros2_ws/build/sim_sem_interfaces/rosidl_generator_cpp/sim_sem_interfaces/msg/detail/environment__struct.hpp:20:10:[m[K [01;31m[Kfatal error: [m[Kstd_msgs/msg/detail/physical_object__struct.hpp: No such file or directory
[4.441s]    20 | #include [01;31m[K"std_msgs/msg/detail/physical_object__struct.hpp"[m[K
[4.441s]       |          [01;31m[K^~~~~~~~~~~~~~~~~~~~~~~~~~~~~~~~~~~~~~~~~~~~~~~~~[m[K
[4.442s] compilation terminated.
[4.443s] gmake[2]: *** [CMakeFiles/sim_sem_interfaces__rosidl_typesupport_introspection_cpp.dir/build.make:277: CMakeFiles/sim_sem_interfaces__rosidl_typesupport_introspection_cpp.dir/rosidl_typesupport_introspection_cpp/sim_sem_interfaces/msg/detail/environment__type_support.cpp.o] Error 1
[4.443s] gmake[2]: *** Waiting for unfinished jobs....
[4.445s] In file included from [01m[K/home/yony/Dev/ros2_ws/build/sim_sem_interfaces/rosidl_typesupport_introspection_cpp/sim_sem_interfaces/msg/detail/human_behaviour__type_support.cpp:12[m[K:
[4.446s] [01m[K/home/yony/Dev/ros2_ws/build/sim_sem_interfaces/rosidl_generator_cpp/sim_sem_interfaces/msg/detail/human_behaviour__struct.hpp:20:10:[m[K [01;31m[Kfatal error: [m[Kstd_msgs/msg/detail/human_grasping_strategies__struct.hpp: No such file or directory
[4.446s]    20 | #include [01;31m[K"std_msgs/msg/detail/human_grasping_strategies__struct.hpp"[m[K
[4.446s]       |          [01;31m[K^~~~~~~~~~~~~~~~~~~~~~~~~~~~~~~~~~~~~~~~~~~~~~~~~~~~~~~~~~~[m[K
[4.447s] compilation terminated.
[4.447s] gmake[2]: *** [CMakeFiles/sim_sem_interfaces__rosidl_typesupport_introspection_cpp.dir/build.make:305: CMakeFiles/sim_sem_interfaces__rosidl_typesupport_introspection_cpp.dir/rosidl_typesupport_introspection_cpp/sim_sem_interfaces/msg/detail/human_behaviour__type_support.cpp.o] Error 1
[4.579s] [35m[1mConsolidate compiler generated dependencies of target sim_sem_interfaces__rosidl_typesupport_fastrtps_cpp[0m
[4.607s] [ 20%] [32mBuilding CXX object CMakeFiles/sim_sem_interfaces__rosidl_typesupport_fastrtps_cpp.dir/rosidl_typesupport_fastrtps_cpp/sim_sem_interfaces/msg/detail/dds_fastrtps/emergency__type_support.cpp.o[0m
[4.609s] [ 20%] [32mBuilding CXX object CMakeFiles/sim_sem_interfaces__rosidl_typesupport_fastrtps_cpp.dir/rosidl_typesupport_fastrtps_cpp/sim_sem_interfaces/msg/detail/dds_fastrtps/emergency_request_status__type_support.cpp.o[0m
[4.617s] [ 21%] [32mBuilding CXX object CMakeFiles/sim_sem_interfaces__rosidl_typesupport_fastrtps_cpp.dir/rosidl_typesupport_fastrtps_cpp/sim_sem_interfaces/msg/detail/dds_fastrtps/environment__type_support.cpp.o[0m
[4.717s] In file included from [01m[K/home/yony/Dev/ros2_ws/build/sim_sem_interfaces/rosidl_typesupport_fastrtps_cpp/sim_sem_interfaces/msg/detail/environment__rosidl_typesupport_fastrtps_cpp.hpp:11[m[K,
[4.717s]                  from [01m[K/home/yony/Dev/ros2_ws/build/sim_sem_interfaces/rosidl_typesupport_fastrtps_cpp/sim_sem_interfaces/msg/detail/dds_fastrtps/environment__type_support.cpp:4[m[K:
[4.718s] [01m[K/home/yony/Dev/ros2_ws/build/sim_sem_interfaces/rosidl_generator_cpp/sim_sem_interfaces/msg/detail/environment__struct.hpp:20:10:[m[K [01;31m[Kfatal error: [m[Kstd_msgs/msg/detail/physical_object__struct.hpp: No such file or directory
[4.718s]    20 | #include [01;31m[K"std_msgs/msg/detail/physical_object__struct.hpp"[m[K
[4.718s]       |          [01;31m[K^~~~~~~~~~~~~~~~~~~~~~~~~~~~~~~~~~~~~~~~~~~~~~~~~[m[K
[4.718s] compilation terminated.
[4.719s] gmake[2]: *** [CMakeFiles/sim_sem_interfaces__rosidl_typesupport_fastrtps_cpp.dir/build.make:277: CMakeFiles/sim_sem_interfaces__rosidl_typesupport_fastrtps_cpp.dir/rosidl_typesupport_fastrtps_cpp/sim_sem_interfaces/msg/detail/dds_fastrtps/environment__type_support.cpp.o] Error 1
[4.719s] gmake[2]: *** Waiting for unfinished jobs....
[5.068s] gmake[1]: *** [CMakeFiles/Makefile2:369: CMakeFiles/sim_sem_interfaces__rosidl_typesupport_introspection_cpp.dir/all] Error 2
[5.178s] gmake[1]: *** [CMakeFiles/Makefile2:343: CMakeFiles/sim_sem_interfaces__rosidl_typesupport_fastrtps_cpp.dir/all] Error 2
[5.178s] gmake: *** [Makefile:146: all] Error 2
[5.180s] Invoked command in '/home/yony/Dev/ros2_ws/build/sim_sem_interfaces' returned '2': CMAKE_PREFIX_PATH=/opt/ros/humble /usr/bin/cmake --build /home/yony/Dev/ros2_ws/build/sim_sem_interfaces -- -j12 -l12
