[0.744s] Invoking command in '/home/yony/Dev/ros2_ws/src/sim': PYTHONPATH=/home/yony/Dev/ros2_ws/install/sim/lib/python3.10/site-packages:${PYTHONPATH} /usr/bin/python3 setup.py egg_info --egg-base ../../build/sim build --build-base /home/yony/Dev/ros2_ws/build/sim/build install --prefix /home/yony/Dev/ros2_ws/install/sim --record /home/yony/Dev/ros2_ws/build/sim/install.log --single-version-externally-managed
[1.018s] running egg_info
[1.018s] writing ../../build/sim/sim.egg-info/PKG-INFO
[1.018s] writing dependency_links to ../../build/sim/sim.egg-info/dependency_links.txt
[1.019s] writing entry points to ../../build/sim/sim.egg-info/entry_points.txt
[1.019s] writing requirements to ../../build/sim/sim.egg-info/requires.txt
[1.019s] writing top-level names to ../../build/sim/sim.egg-info/top_level.txt
[1.021s] reading manifest file '../../build/sim/sim.egg-info/SOURCES.txt'
[1.022s] writing manifest file '../../build/sim/sim.egg-info/SOURCES.txt'
[1.022s] running build
[1.023s] running build_py
[1.023s] copying sim/dummy_nc.py -> /home/yony/Dev/ros2_ws/build/sim/build/lib/sim
[1.023s] running install
[1.023s] running install_lib
[1.024s] copying /home/yony/Dev/ros2_ws/build/sim/build/lib/sim/dummy_nc.py -> /home/yony/Dev/ros2_ws/install/sim/lib/python3.10/site-packages/sim
[1.024s] byte-compiling /home/yony/Dev/ros2_ws/install/sim/lib/python3.10/site-packages/sim/dummy_nc.py to dummy_nc.cpython-310.pyc
[1.025s] running install_data
[1.026s] running install_egg_info
[1.027s] removing '/home/yony/Dev/ros2_ws/install/sim/lib/python3.10/site-packages/sim-0.0.1-py3.10.egg-info' (and everything under it)
[1.028s] Copying ../../build/sim/sim.egg-info to /home/yony/Dev/ros2_ws/install/sim/lib/python3.10/site-packages/sim-0.0.1-py3.10.egg-info
[1.028s] running install_scripts
[1.048s] Installing dummy_fa script to /home/yony/Dev/ros2_ws/install/sim/lib/sim
[1.048s] Installing dummy_grasp script to /home/yony/Dev/ros2_ws/install/sim/lib/sim
[1.049s] Installing dummy_hb script to /home/yony/Dev/ros2_ws/install/sim/lib/sim
[1.049s] Installing dummy_nc script to /home/yony/Dev/ros2_ws/install/sim/lib/sim
[1.049s] Installing dummy_nv script to /home/yony/Dev/ros2_ws/install/sim/lib/sim
[1.049s] Installing sim script to /home/yony/Dev/ros2_ws/install/sim/lib/sim
[1.049s] writing list of installed files to '/home/yony/Dev/ros2_ws/build/sim/install.log'
[1.071s] Invoked command in '/home/yony/Dev/ros2_ws/src/sim' returned '0': PYTHONPATH=/home/yony/Dev/ros2_ws/install/sim/lib/python3.10/site-packages:${PYTHONPATH} /usr/bin/python3 setup.py egg_info --egg-base ../../build/sim build --build-base /home/yony/Dev/ros2_ws/build/sim/build install --prefix /home/yony/Dev/ros2_ws/install/sim --record /home/yony/Dev/ros2_ws/build/sim/install.log --single-version-externally-managed
