-- The C compiler identification is GNU 9.4.0
-- The CXX compiler identification is GNU 9.4.0
-- Check for working C compiler: /usr/bin/cc
-- Check for working C compiler: /usr/bin/cc -- works
-- Detecting C compiler ABI info
-- Detecting C compiler ABI info - done
-- Detecting C compile features
-- Detecting C compile features - done
-- Check for working CXX compiler: /usr/bin/c++
-- Check for working CXX compiler: /usr/bin/c++ -- works
-- Detecting CXX compiler ABI info
-- Detecting CXX compiler ABI info - done
-- Detecting CXX compile features
-- Detecting CXX compile features - done
-- Found ament_cmake: 0.9.9 (/home/yony/ros2_galactic/ros2-linux/share/ament_cmake/cmake)
-- Found PythonInterp: /usr/bin/python3 (found suitable version "3.8.10", minimum required is "3") 
-- Using PYTHON_EXECUTABLE: /usr/bin/python3
-- Found rclcpp: 2.4.1 (/home/yony/ros2_galactic/ros2-linux/share/rclcpp/cmake)
-- Using all available rosidl_typesupport_c: rosidl_typesupport_connext_c;rosidl_typesupport_fastrtps_c;rosidl_typesupport_introspection_c
-- Found rosidl_adapter: 1.2.1 (/home/yony/ros2_galactic/ros2-linux/share/rosidl_adapter/cmake)
-- Could not find RTI Connext - skipping rosidl_typesupport_connext_c
-- Could not find RTI Connext - skipping rosidl_typesupport_connext_cpp
CMake Error at /usr/share/cmake-3.16/Modules/FindPackageHandleStandardArgs.cmake:146 (message):
  Could NOT find OpenSSL, try to set the path to OpenSSL root folder in the
  system variable OPENSSL_ROOT_DIR (missing: OPENSSL_CRYPTO_LIBRARY
  OPENSSL_INCLUDE_DIR)
Call Stack (most recent call first):
  /usr/share/cmake-3.16/Modules/FindPackageHandleStandardArgs.cmake:393 (_FPHSA_FAILURE_MESSAGE)
  /usr/share/cmake-3.16/Modules/FindOpenSSL.cmake:447 (find_package_handle_standard_args)
  /home/yony/ros2_galactic/ros2-linux/share/fastrtps/cmake/fastrtps-config.cmake:52 (find_package)
  /home/yony/ros2_galactic/ros2-linux/share/rosidl_typesupport_fastrtps_c/cmake/rosidl_typesupport_fastrtps_c-extras.cmake:6 (find_package)
  /home/yony/ros2_galactic/ros2-linux/share/rosidl_typesupport_fastrtps_c/cmake/rosidl_typesupport_fastrtps_cConfig.cmake:41 (include)
  /home/yony/ros2_galactic/ros2-linux/share/rosidl_typesupport_c/cmake/rosidl_typesupport_c-extras.cmake:13 (find_package)
  /home/yony/ros2_galactic/ros2-linux/share/rosidl_typesupport_c/cmake/rosidl_typesupport_cConfig.cmake:41 (include)
  /home/yony/ros2_galactic/ros2-linux/share/rosidl_default_runtime/cmake/rosidl_default_runtime-extras.cmake:12 (find_package)
  /home/yony/ros2_galactic/ros2-linux/share/rosidl_default_runtime/cmake/rosidl_default_runtimeConfig.cmake:41 (include)
  /home/yony/ros2_galactic/ros2-linux/share/builtin_interfaces/cmake/ament_cmake_export_dependencies-extras.cmake:21 (find_package)
  /home/yony/ros2_galactic/ros2-linux/share/builtin_interfaces/cmake/builtin_interfacesConfig.cmake:41 (include)
  /home/yony/ros2_galactic/ros2-linux/share/rcl_interfaces/cmake/ament_cmake_export_dependencies-extras.cmake:21 (find_package)
  /home/yony/ros2_galactic/ros2-linux/share/rcl_interfaces/cmake/rcl_interfacesConfig.cmake:41 (include)
  /home/yony/ros2_galactic/ros2-linux/share/rcl/cmake/ament_cmake_export_dependencies-extras.cmake:21 (find_package)
  /home/yony/ros2_galactic/ros2-linux/share/rcl/cmake/rclConfig.cmake:41 (include)
  /home/yony/ros2_galactic/ros2-linux/share/libstatistics_collector/cmake/ament_cmake_export_dependencies-extras.cmake:21 (find_package)
  /home/yony/ros2_galactic/ros2-linux/share/libstatistics_collector/cmake/libstatistics_collectorConfig.cmake:41 (include)
  /home/yony/ros2_galactic/ros2-linux/share/rclcpp/cmake/ament_cmake_export_dependencies-extras.cmake:21 (find_package)
  /home/yony/ros2_galactic/ros2-linux/share/rclcpp/cmake/rclcppConfig.cmake:41 (include)
  CMakeLists.txt:21 (find_package)


-- Configuring incomplete, errors occurred!
See also "/home/yony/Dev/ros2_ws/build/april_ros2/CMakeFiles/CMakeOutput.log".
