[0.019s] Invoking command in '/home/yony/Dev/ros2_ws/build/april_ros2': /usr/bin/cmake /home/yony/Dev/ros2_ws/src/april_ros2 -DCMAKE_INSTALL_PREFIX=/home/yony/Dev/ros2_ws/install/april_ros2
[0.199s] -- The C compiler identification is GNU 9.4.0
[0.353s] -- The CXX compiler identification is GNU 9.4.0
[0.365s] -- Check for working C compiler: /usr/bin/cc
[0.477s] -- Check for working C compiler: /usr/bin/cc -- works
[0.479s] -- Detecting C compiler ABI info
[0.598s] -- Detecting C compiler ABI info - done
[0.614s] -- Detecting C compile features
[0.614s] -- Detecting C compile features - done
[0.618s] -- Check for working CXX compiler: /usr/bin/c++
[0.738s] -- Check for working CXX compiler: /usr/bin/c++ -- works
[0.740s] -- Detecting CXX compiler ABI info
[0.866s] -- Detecting CXX compiler ABI info - done
[0.885s] -- Detecting CXX compile features
[0.885s] -- Detecting CXX compile features - done
[0.893s] -- Found ament_cmake: 0.9.9 (/home/yony/ros2_galactic/ros2-linux/share/ament_cmake/cmake)
[0.932s] -- Found PythonInterp: /usr/bin/python3 (found suitable version "3.8.10", minimum required is "3") 
[0.932s] -- Using PYTHON_EXECUTABLE: /usr/bin/python3
[1.179s] -- Found rclcpp: 2.4.1 (/home/yony/ros2_galactic/ros2-linux/share/rclcpp/cmake)
[1.234s] -- Using all available rosidl_typesupport_c: rosidl_typesupport_connext_c;rosidl_typesupport_fastrtps_c;rosidl_typesupport_introspection_c
[1.244s] -- Found rosidl_adapter: 1.2.1 (/home/yony/ros2_galactic/ros2-linux/share/rosidl_adapter/cmake)
[1.269s] -- Could not find RTI Connext - skipping rosidl_typesupport_connext_c
[1.286s] -- Could not find RTI Connext - skipping rosidl_typesupport_connext_cpp
[1.340s] CMake Error at /usr/share/cmake-3.16/Modules/FindPackageHandleStandardArgs.cmake:146 (message):
[1.340s]   Could NOT find OpenSSL, try to set the path to OpenSSL root folder in the
[1.340s]   system variable OPENSSL_ROOT_DIR (missing: OPENSSL_CRYPTO_LIBRARY
[1.341s]   OPENSSL_INCLUDE_DIR)
[1.341s] Call Stack (most recent call first):
[1.341s]   /usr/share/cmake-3.16/Modules/FindPackageHandleStandardArgs.cmake:393 (_FPHSA_FAILURE_MESSAGE)
[1.341s]   /usr/share/cmake-3.16/Modules/FindOpenSSL.cmake:447 (find_package_handle_standard_args)
[1.342s]   /home/yony/ros2_galactic/ros2-linux/share/fastrtps/cmake/fastrtps-config.cmake:52 (find_package)
[1.342s]   /home/yony/ros2_galactic/ros2-linux/share/rosidl_typesupport_fastrtps_c/cmake/rosidl_typesupport_fastrtps_c-extras.cmake:6 (find_package)
[1.342s]   /home/yony/ros2_galactic/ros2-linux/share/rosidl_typesupport_fastrtps_c/cmake/rosidl_typesupport_fastrtps_cConfig.cmake:41 (include)
[1.342s]   /home/yony/ros2_galactic/ros2-linux/share/rosidl_typesupport_c/cmake/rosidl_typesupport_c-extras.cmake:13 (find_package)
[1.342s]   /home/yony/ros2_galactic/ros2-linux/share/rosidl_typesupport_c/cmake/rosidl_typesupport_cConfig.cmake:41 (include)
[1.342s]   /home/yony/ros2_galactic/ros2-linux/share/rosidl_default_runtime/cmake/rosidl_default_runtime-extras.cmake:12 (find_package)
[1.342s]   /home/yony/ros2_galactic/ros2-linux/share/rosidl_default_runtime/cmake/rosidl_default_runtimeConfig.cmake:41 (include)
[1.343s]   /home/yony/ros2_galactic/ros2-linux/share/builtin_interfaces/cmake/ament_cmake_export_dependencies-extras.cmake:21 (find_package)
[1.343s]   /home/yony/ros2_galactic/ros2-linux/share/builtin_interfaces/cmake/builtin_interfacesConfig.cmake:41 (include)
[1.343s]   /home/yony/ros2_galactic/ros2-linux/share/rcl_interfaces/cmake/ament_cmake_export_dependencies-extras.cmake:21 (find_package)
[1.343s]   /home/yony/ros2_galactic/ros2-linux/share/rcl_interfaces/cmake/rcl_interfacesConfig.cmake:41 (include)
[1.343s]   /home/yony/ros2_galactic/ros2-linux/share/rcl/cmake/ament_cmake_export_dependencies-extras.cmake:21 (find_package)
[1.343s]   /home/yony/ros2_galactic/ros2-linux/share/rcl/cmake/rclConfig.cmake:41 (include)
[1.343s]   /home/yony/ros2_galactic/ros2-linux/share/libstatistics_collector/cmake/ament_cmake_export_dependencies-extras.cmake:21 (find_package)
[1.344s]   /home/yony/ros2_galactic/ros2-linux/share/libstatistics_collector/cmake/libstatistics_collectorConfig.cmake:41 (include)
[1.344s]   /home/yony/ros2_galactic/ros2-linux/share/rclcpp/cmake/ament_cmake_export_dependencies-extras.cmake:21 (find_package)
[1.344s]   /home/yony/ros2_galactic/ros2-linux/share/rclcpp/cmake/rclcppConfig.cmake:41 (include)
[1.344s]   CMakeLists.txt:21 (find_package)
[1.344s] 
[1.344s] 
[1.345s] -- Configuring incomplete, errors occurred!
[1.345s] See also "/home/yony/Dev/ros2_ws/build/april_ros2/CMakeFiles/CMakeOutput.log".
[1.349s] Invoked command in '/home/yony/Dev/ros2_ws/build/april_ros2' returned '1': /usr/bin/cmake /home/yony/Dev/ros2_ws/src/april_ros2 -DCMAKE_INSTALL_PREFIX=/home/yony/Dev/ros2_ws/install/april_ros2
