/home/yony/Dev/ros2_ws/src/install/sim/lib/python3.10/site-packages/sim/dummy_fa.py
/home/yony/Dev/ros2_ws/src/install/sim/lib/python3.10/site-packages/sim/sem.py
/home/yony/Dev/ros2_ws/src/install/sim/lib/python3.10/site-packages/sim/dummy_grasp.py
/home/yony/Dev/ros2_ws/src/install/sim/lib/python3.10/site-packages/sim/dummy_hb.py
/home/yony/Dev/ros2_ws/src/install/sim/lib/python3.10/site-packages/sim/dummy_nc.py
/home/yony/Dev/ros2_ws/src/install/sim/lib/python3.10/site-packages/sim/dummy.py
/home/yony/Dev/ros2_ws/src/install/sim/lib/python3.10/site-packages/sim/dummy_nv.py
/home/yony/Dev/ros2_ws/src/install/sim/lib/python3.10/site-packages/sim/__init__.py
/home/yony/Dev/ros2_ws/src/install/sim/lib/python3.10/site-packages/sim/sim.py
/home/yony/Dev/ros2_ws/src/install/sim/lib/python3.10/site-packages/sim/__pycache__/dummy_fa.cpython-310.pyc
/home/yony/Dev/ros2_ws/src/install/sim/lib/python3.10/site-packages/sim/__pycache__/sem.cpython-310.pyc
/home/yony/Dev/ros2_ws/src/install/sim/lib/python3.10/site-packages/sim/__pycache__/dummy_grasp.cpython-310.pyc
/home/yony/Dev/ros2_ws/src/install/sim/lib/python3.10/site-packages/sim/__pycache__/dummy_hb.cpython-310.pyc
/home/yony/Dev/ros2_ws/src/install/sim/lib/python3.10/site-packages/sim/__pycache__/dummy_nc.cpython-310.pyc
/home/yony/Dev/ros2_ws/src/install/sim/lib/python3.10/site-packages/sim/__pycache__/dummy.cpython-310.pyc
/home/yony/Dev/ros2_ws/src/install/sim/lib/python3.10/site-packages/sim/__pycache__/dummy_nv.cpython-310.pyc
/home/yony/Dev/ros2_ws/src/install/sim/lib/python3.10/site-packages/sim/__pycache__/__init__.cpython-310.pyc
/home/yony/Dev/ros2_ws/src/install/sim/lib/python3.10/site-packages/sim/__pycache__/sim.cpython-310.pyc
/home/yony/Dev/ros2_ws/src/install/sim/share/ament_index/resource_index/packages/sim
/home/yony/Dev/ros2_ws/src/install/sim/share/sim/package.xml
/home/yony/Dev/ros2_ws/src/install/sim/share/sim/sim.launch.py
/home/yony/Dev/ros2_ws/src/install/sim/lib/python3.10/site-packages/sim-0.0.1-py3.10.egg-info/dependency_links.txt
/home/yony/Dev/ros2_ws/src/install/sim/lib/python3.10/site-packages/sim-0.0.1-py3.10.egg-info/SOURCES.txt
/home/yony/Dev/ros2_ws/src/install/sim/lib/python3.10/site-packages/sim-0.0.1-py3.10.egg-info/requires.txt
/home/yony/Dev/ros2_ws/src/install/sim/lib/python3.10/site-packages/sim-0.0.1-py3.10.egg-info/zip-safe
/home/yony/Dev/ros2_ws/src/install/sim/lib/python3.10/site-packages/sim-0.0.1-py3.10.egg-info/PKG-INFO
/home/yony/Dev/ros2_ws/src/install/sim/lib/python3.10/site-packages/sim-0.0.1-py3.10.egg-info/top_level.txt
/home/yony/Dev/ros2_ws/src/install/sim/lib/python3.10/site-packages/sim-0.0.1-py3.10.egg-info/entry_points.txt
/home/yony/Dev/ros2_ws/src/install/sim/lib/sim/dummy_fa
/home/yony/Dev/ros2_ws/src/install/sim/lib/sim/dummy_grasp
/home/yony/Dev/ros2_ws/src/install/sim/lib/sim/dummy_hb
/home/yony/Dev/ros2_ws/src/install/sim/lib/sim/dummy_nc
/home/yony/Dev/ros2_ws/src/install/sim/lib/sim/dummy_nv
/home/yony/Dev/ros2_ws/src/install/sim/lib/sim/sim
