[0.023s] Invoking command in '/home/yony/Dev/ros2_ws/build/april_ros2': /usr/bin/cmake --build /home/yony/Dev/ros2_ws/build/april_ros2 -- -j12 -l12
[0.059s] -- Found ament_cmake: 0.9.9 (/home/yony/ros2_galactic/ros2-linux/share/ament_cmake/cmake)
[0.089s] -- Using PYTHON_EXECUTABLE: /usr/bin/python3
[0.295s] -- Found rclcpp: 2.4.1 (/home/yony/ros2_galactic/ros2-linux/share/rclcpp/cmake)
[0.326s] -- Using all available rosidl_typesupport_c: rosidl_typesupport_connext_c;rosidl_typesupport_fastrtps_c;rosidl_typesupport_introspection_c
[0.330s] -- Found rosidl_adapter: 1.2.1 (/home/yony/ros2_galactic/ros2-linux/share/rosidl_adapter/cmake)
[0.347s] -- Could not find RTI Connext - skipping rosidl_typesupport_connext_c
[0.358s] -- Could not find RTI Connext - skipping rosidl_typesupport_connext_cpp
[0.481s] -- Using all available rosidl_typesupport_cpp: rosidl_typesupport_connext_cpp;rosidl_typesupport_fastrtps_cpp;rosidl_typesupport_introspection_cpp
[0.537s] -- Found rmw_implementation_cmake: 1.0.3 (/home/yony/ros2_galactic/ros2-linux/share/rmw_implementation_cmake/cmake)
[0.539s] -- Using RMW implementation 'rmw_fastrtps_cpp' as default
[0.637s] -- Found rclpy: 1.0.8 (/home/yony/ros2_galactic/ros2-linux/share/rclpy/cmake)
[0.649s] -- Found std_msgs: 2.0.5 (/home/yony/ros2_galactic/ros2-linux/share/std_msgs/cmake)
[0.673s] -- Found ament_lint_auto: 0.9.6 (/home/yony/ros2_galactic/ros2-linux/share/ament_lint_auto/cmake)
[0.781s] -- Added test 'copyright' to check source files copyright and LICENSE
[0.789s] -- Added test 'cppcheck' to perform static code analysis on C / C++ code
[0.790s] -- Configured cppcheck include dirs: /home/yony/Dev/ros2_ws/src/april_ros2/include
[0.790s] -- Configured cppcheck exclude dirs and/or files: 
[0.798s] -- Added test 'cpplint' to check C / C++ code against the Google style
[0.798s] -- Configured cpplint exclude dirs and/or files: 
[0.799s] -- Added test 'flake8' to check Python code syntax and style conventions
[0.801s] -- Added test 'lint_cmake' to check CMake code style
[0.802s] -- Added test 'pep257' to check Python code against some of the style conventions in PEP 257
[0.810s] -- Added test 'uncrustify' to check C / C++ code style
[0.810s] -- Configured uncrustify additional arguments: 
[0.811s] -- Added test 'xmllint' to check XML markup files
[0.814s] -- Configuring done
[0.820s] -- Generating done
[0.822s] -- Build files have been written to: /home/yony/Dev/ros2_ws/build/april_ros2
[0.879s] [100%] Built target cpp_executable
[0.899s] Invoked command in '/home/yony/Dev/ros2_ws/build/april_ros2' returned '0': /usr/bin/cmake --build /home/yony/Dev/ros2_ws/build/april_ros2 -- -j12 -l12
[0.954s] Invoking command in '/home/yony/Dev/ros2_ws/build/april_ros2': /usr/bin/cmake --install /home/yony/Dev/ros2_ws/build/april_ros2
[0.964s] -- Install configuration: ""
[0.964s] -- Up-to-date: /home/yony/Dev/ros2_ws/install/april_ros2/lib/april_ros2/cpp_executable
[0.965s] -- Up-to-date: /home/yony/Dev/ros2_ws/install/april_ros2/share/april_ros2/environment/pythonpath.sh
[0.965s] -- Installing: /home/yony/Dev/ros2_ws/install/april_ros2/share/april_ros2/environment/pythonpath.dsv
[0.965s] -- Up-to-date: /home/yony/Dev/ros2_ws/install/april_ros2/lib/python3.8/site-packages/april_ros2
[0.965s] -- Up-to-date: /home/yony/Dev/ros2_ws/install/april_ros2/lib/python3.8/site-packages/april_ros2/msg
[0.966s] -- Up-to-date: /home/yony/Dev/ros2_ws/install/april_ros2/lib/python3.8/site-packages/april_ros2/msg/AddressBook.msg
[0.966s] -- Up-to-date: /home/yony/Dev/ros2_ws/install/april_ros2/lib/python3.8/site-packages/april_ros2/msg/Num.msg
[0.966s] -- Up-to-date: /home/yony/Dev/ros2_ws/install/april_ros2/lib/python3.8/site-packages/april_ros2/srv
[0.966s] -- Up-to-date: /home/yony/Dev/ros2_ws/install/april_ros2/lib/python3.8/site-packages/april_ros2/__init__.py
[1.003s] Listing '/home/yony/Dev/ros2_ws/install/april_ros2/lib/python3.8/site-packages/april_ros2'...
[1.003s] Listing '/home/yony/Dev/ros2_ws/install/april_ros2/lib/python3.8/site-packages/april_ros2/msg'...
[1.004s] Listing '/home/yony/Dev/ros2_ws/install/april_ros2/lib/python3.8/site-packages/april_ros2/srv'...
[1.007s] -- Up-to-date: /home/yony/Dev/ros2_ws/install/april_ros2/lib/april_ros2/sim.py
[1.007s] -- Installing: /home/yony/Dev/ros2_ws/install/april_ros2/lib/april_ros2/sem.py
[1.008s] -- Installing: /home/yony/Dev/ros2_ws/install/april_ros2/share/ament_index/resource_index/package_run_dependencies/april_ros2
[1.008s] -- Installing: /home/yony/Dev/ros2_ws/install/april_ros2/share/ament_index/resource_index/parent_prefix_path/april_ros2
[1.008s] -- Up-to-date: /home/yony/Dev/ros2_ws/install/april_ros2/share/april_ros2/environment/ament_prefix_path.sh
[1.009s] -- Installing: /home/yony/Dev/ros2_ws/install/april_ros2/share/april_ros2/environment/ament_prefix_path.dsv
[1.009s] -- Up-to-date: /home/yony/Dev/ros2_ws/install/april_ros2/share/april_ros2/environment/path.sh
[1.009s] -- Installing: /home/yony/Dev/ros2_ws/install/april_ros2/share/april_ros2/environment/path.dsv
[1.009s] -- Up-to-date: /home/yony/Dev/ros2_ws/install/april_ros2/share/april_ros2/local_setup.bash
[1.010s] -- Up-to-date: /home/yony/Dev/ros2_ws/install/april_ros2/share/april_ros2/local_setup.sh
[1.010s] -- Up-to-date: /home/yony/Dev/ros2_ws/install/april_ros2/share/april_ros2/local_setup.zsh
[1.010s] -- Installing: /home/yony/Dev/ros2_ws/install/april_ros2/share/april_ros2/local_setup.dsv
[1.010s] -- Installing: /home/yony/Dev/ros2_ws/install/april_ros2/share/april_ros2/package.dsv
[1.010s] -- Up-to-date: /home/yony/Dev/ros2_ws/install/april_ros2/share/ament_index/resource_index/packages/april_ros2
[1.011s] -- Up-to-date: /home/yony/Dev/ros2_ws/install/april_ros2/share/april_ros2/cmake/april_ros2Config.cmake
[1.011s] -- Up-to-date: /home/yony/Dev/ros2_ws/install/april_ros2/share/april_ros2/cmake/april_ros2Config-version.cmake
[1.011s] -- Installing: /home/yony/Dev/ros2_ws/install/april_ros2/share/april_ros2/package.xml
[1.016s] Invoked command in '/home/yony/Dev/ros2_ws/build/april_ros2' returned '0': /usr/bin/cmake --install /home/yony/Dev/ros2_ws/build/april_ros2
