/home/yony/Dev/ros2_ws/install/april_ros2/lib/python3.8/site-packages/april_ros2/sem.py
/home/yony/Dev/ros2_ws/install/april_ros2/lib/python3.8/site-packages/april_ros2/dummy.py
/home/yony/Dev/ros2_ws/install/april_ros2/lib/python3.8/site-packages/april_ros2/__init__.py
/home/yony/Dev/ros2_ws/install/april_ros2/lib/python3.8/site-packages/april_ros2/sim.py
/home/yony/Dev/ros2_ws/install/april_ros2/lib/python3.8/site-packages/april_ros2/__pycache__/sem.cpython-38.pyc
/home/yony/Dev/ros2_ws/install/april_ros2/lib/python3.8/site-packages/april_ros2/__pycache__/dummy.cpython-38.pyc
/home/yony/Dev/ros2_ws/install/april_ros2/lib/python3.8/site-packages/april_ros2/__pycache__/__init__.cpython-38.pyc
/home/yony/Dev/ros2_ws/install/april_ros2/lib/python3.8/site-packages/april_ros2/__pycache__/sim.cpython-38.pyc
/home/yony/Dev/ros2_ws/install/april_ros2/share/ament_index/resource_index/packages/april_ros2
/home/yony/Dev/ros2_ws/install/april_ros2/share/april_ros2/package.xml
/home/yony/Dev/ros2_ws/install/april_ros2/lib/python3.8/site-packages/april_ros2-0.0.1-py3.8.egg-info/dependency_links.txt
/home/yony/Dev/ros2_ws/install/april_ros2/lib/python3.8/site-packages/april_ros2-0.0.1-py3.8.egg-info/SOURCES.txt
/home/yony/Dev/ros2_ws/install/april_ros2/lib/python3.8/site-packages/april_ros2-0.0.1-py3.8.egg-info/requires.txt
/home/yony/Dev/ros2_ws/install/april_ros2/lib/python3.8/site-packages/april_ros2-0.0.1-py3.8.egg-info/zip-safe
/home/yony/Dev/ros2_ws/install/april_ros2/lib/python3.8/site-packages/april_ros2-0.0.1-py3.8.egg-info/PKG-INFO
/home/yony/Dev/ros2_ws/install/april_ros2/lib/python3.8/site-packages/april_ros2-0.0.1-py3.8.egg-info/top_level.txt
/home/yony/Dev/ros2_ws/install/april_ros2/lib/python3.8/site-packages/april_ros2-0.0.1-py3.8.egg-info/entry_points.txt
/home/yony/Dev/ros2_ws/install/april_ros2/lib/april_ros2/dummy
/home/yony/Dev/ros2_ws/install/april_ros2/lib/april_ros2/sem
/home/yony/Dev/ros2_ws/install/april_ros2/lib/april_ros2/sim
