[1.120s] Invoking command in '/home/yony/Dev/ros2_ws/src/temp': PYTHONPATH=/home/yony/Dev/ros2_ws/src/install/temp/lib/python3.10/site-packages:${PYTHONPATH} /usr/bin/python3 setup.py egg_info --egg-base ../build/temp build --build-base /home/yony/Dev/ros2_ws/src/build/temp/build install --prefix /home/yony/Dev/ros2_ws/src/install/temp --record /home/yony/Dev/ros2_ws/src/build/temp/install.log --single-version-externally-managed
[1.392s] running egg_info
[1.393s] writing ../build/temp/temp.egg-info/PKG-INFO
[1.393s] writing dependency_links to ../build/temp/temp.egg-info/dependency_links.txt
[1.394s] writing entry points to ../build/temp/temp.egg-info/entry_points.txt
[1.394s] writing requirements to ../build/temp/temp.egg-info/requires.txt
[1.394s] writing top-level names to ../build/temp/temp.egg-info/top_level.txt
[1.397s] reading manifest file '../build/temp/temp.egg-info/SOURCES.txt'
[1.398s] writing manifest file '../build/temp/temp.egg-info/SOURCES.txt'
[1.398s] running build
[1.398s] running build_py
[1.398s] running install
[1.399s] running install_lib
[1.400s] running install_data
[1.401s] running install_egg_info
[1.403s] removing '/home/yony/Dev/ros2_ws/src/install/temp/lib/python3.10/site-packages/temp-0.0.0-py3.10.egg-info' (and everything under it)
[1.404s] Copying ../build/temp/temp.egg-info to /home/yony/Dev/ros2_ws/src/install/temp/lib/python3.10/site-packages/temp-0.0.0-py3.10.egg-info
[1.405s] running install_scripts
[1.428s] writing list of installed files to '/home/yony/Dev/ros2_ws/src/build/temp/install.log'
[1.486s] Invoked command in '/home/yony/Dev/ros2_ws/src/temp' returned '0': PYTHONPATH=/home/yony/Dev/ros2_ws/src/install/temp/lib/python3.10/site-packages:${PYTHONPATH} /usr/bin/python3 setup.py egg_info --egg-base ../build/temp build --build-base /home/yony/Dev/ros2_ws/src/build/temp/build install --prefix /home/yony/Dev/ros2_ws/src/install/temp --record /home/yony/Dev/ros2_ws/src/build/temp/install.log --single-version-externally-managed
