[100%] Built target cpp_executable
-- Install configuration: ""
-- Up-to-date: /home/yony/Dev/ros2_ws/install/april_ros2/lib/april_ros2/cpp_executable
-- Up-to-date: /home/yony/Dev/ros2_ws/install/april_ros2/share/april_ros2/environment/pythonpath.sh
-- Up-to-date: /home/yony/Dev/ros2_ws/install/april_ros2/share/april_ros2/environment/pythonpath.dsv
-- Up-to-date: /home/yony/Dev/ros2_ws/install/april_ros2/lib/python3.8/site-packages/april_ros2
-- Up-to-date: /home/yony/Dev/ros2_ws/install/april_ros2/lib/python3.8/site-packages/april_ros2/msg
-- Up-to-date: /home/yony/Dev/ros2_ws/install/april_ros2/lib/python3.8/site-packages/april_ros2/msg/AddressBook.msg
-- Up-to-date: /home/yony/Dev/ros2_ws/install/april_ros2/lib/python3.8/site-packages/april_ros2/msg/Num.msg
-- Up-to-date: /home/yony/Dev/ros2_ws/install/april_ros2/lib/python3.8/site-packages/april_ros2/srv
-- Up-to-date: /home/yony/Dev/ros2_ws/install/april_ros2/lib/python3.8/site-packages/april_ros2/__init__.py
Listing '/home/yony/Dev/ros2_ws/install/april_ros2/lib/python3.8/site-packages/april_ros2'...
Listing '/home/yony/Dev/ros2_ws/install/april_ros2/lib/python3.8/site-packages/april_ros2/msg'...
Listing '/home/yony/Dev/ros2_ws/install/april_ros2/lib/python3.8/site-packages/april_ros2/srv'...
-- Up-to-date: /home/yony/Dev/ros2_ws/install/april_ros2/lib/april_ros2/sim.py
-- Installing: /home/yony/Dev/ros2_ws/install/april_ros2/lib/april_ros2/dummy_fa.py
-- Up-to-date: /home/yony/Dev/ros2_ws/install/april_ros2/lib/april_ros2/dummy_grasp.py
-- Up-to-date: /home/yony/Dev/ros2_ws/install/april_ros2/share/april_ros2//launch
-- Up-to-date: /home/yony/Dev/ros2_ws/install/april_ros2/share/april_ros2//launch/april.launchV1.py
-- Up-to-date: /home/yony/Dev/ros2_ws/install/april_ros2/share/april_ros2//launch/april.launch.py
-- Up-to-date: /home/yony/Dev/ros2_ws/install/april_ros2/share/ament_index/resource_index/package_run_dependencies/april_ros2
-- Up-to-date: /home/yony/Dev/ros2_ws/install/april_ros2/share/ament_index/resource_index/parent_prefix_path/april_ros2
-- Up-to-date: /home/yony/Dev/ros2_ws/install/april_ros2/share/april_ros2/environment/ament_prefix_path.sh
-- Up-to-date: /home/yony/Dev/ros2_ws/install/april_ros2/share/april_ros2/environment/ament_prefix_path.dsv
-- Up-to-date: /home/yony/Dev/ros2_ws/install/april_ros2/share/april_ros2/environment/path.sh
-- Up-to-date: /home/yony/Dev/ros2_ws/install/april_ros2/share/april_ros2/environment/path.dsv
-- Up-to-date: /home/yony/Dev/ros2_ws/install/april_ros2/share/april_ros2/local_setup.bash
-- Up-to-date: /home/yony/Dev/ros2_ws/install/april_ros2/share/april_ros2/local_setup.sh
-- Up-to-date: /home/yony/Dev/ros2_ws/install/april_ros2/share/april_ros2/local_setup.zsh
-- Up-to-date: /home/yony/Dev/ros2_ws/install/april_ros2/share/april_ros2/local_setup.dsv
-- Up-to-date: /home/yony/Dev/ros2_ws/install/april_ros2/share/april_ros2/package.dsv
-- Up-to-date: /home/yony/Dev/ros2_ws/install/april_ros2/share/ament_index/resource_index/packages/april_ros2
-- Up-to-date: /home/yony/Dev/ros2_ws/install/april_ros2/share/april_ros2/cmake/april_ros2Config.cmake
-- Up-to-date: /home/yony/Dev/ros2_ws/install/april_ros2/share/april_ros2/cmake/april_ros2Config-version.cmake
-- Up-to-date: /home/yony/Dev/ros2_ws/install/april_ros2/share/april_ros2/package.xml
