[0.029s] Invoking command in '/home/yony/Dev/ros2_ws/build/april_ros2': /usr/bin/cmake --build /home/yony/Dev/ros2_ws/build/april_ros2 -- -j12 -l12
[0.066s] -- Found ament_cmake: 0.9.9 (/home/yony/ros2_galactic/ros2-linux/share/ament_cmake/cmake)
[0.096s] -- Using PYTHON_EXECUTABLE: /usr/bin/python3
[0.309s] -- Found rclcpp: 2.4.1 (/home/yony/ros2_galactic/ros2-linux/share/rclcpp/cmake)
[0.343s] -- Using all available rosidl_typesupport_c: rosidl_typesupport_connext_c;rosidl_typesupport_fastrtps_c;rosidl_typesupport_introspection_c
[0.347s] -- Found rosidl_adapter: 1.2.1 (/home/yony/ros2_galactic/ros2-linux/share/rosidl_adapter/cmake)
[0.364s] -- Could not find RTI Connext - skipping rosidl_typesupport_connext_c
[0.374s] -- Could not find RTI Connext - skipping rosidl_typesupport_connext_cpp
[0.497s] -- Using all available rosidl_typesupport_cpp: rosidl_typesupport_connext_cpp;rosidl_typesupport_fastrtps_cpp;rosidl_typesupport_introspection_cpp
[0.552s] -- Found rmw_implementation_cmake: 1.0.3 (/home/yony/ros2_galactic/ros2-linux/share/rmw_implementation_cmake/cmake)
[0.554s] -- Using RMW implementation 'rmw_fastrtps_cpp' as default
[0.652s] -- Found rclpy: 1.0.8 (/home/yony/ros2_galactic/ros2-linux/share/rclpy/cmake)
[0.652s] -- Found std_msgs: 2.0.5 (/home/yony/ros2_galactic/ros2-linux/share/std_msgs/cmake)
[0.672s] -- Found ament_lint_auto: 0.9.6 (/home/yony/ros2_galactic/ros2-linux/share/ament_lint_auto/cmake)
[0.783s] -- Added test 'copyright' to check source files copyright and LICENSE
[0.791s] -- Added test 'cppcheck' to perform static code analysis on C / C++ code
[0.791s] -- Configured cppcheck include dirs: /home/yony/Dev/ros2_ws/src/april_ros2/include
[0.792s] -- Configured cppcheck exclude dirs and/or files: 
[0.799s] -- Added test 'cpplint' to check C / C++ code against the Google style
[0.799s] -- Configured cpplint exclude dirs and/or files: 
[0.800s] -- Added test 'flake8' to check Python code syntax and style conventions
[0.803s] -- Added test 'lint_cmake' to check CMake code style
[0.805s] -- Added test 'pep257' to check Python code against some of the style conventions in PEP 257
[0.813s] -- Added test 'uncrustify' to check C / C++ code style
[0.813s] -- Configured uncrustify additional arguments: 
[0.814s] -- Added test 'xmllint' to check XML markup files
[0.817s] -- Configuring done
[0.823s] -- Generating done
[0.825s] -- Build files have been written to: /home/yony/Dev/ros2_ws/build/april_ros2
[0.892s] [100%] Built target cpp_executable
[0.912s] Invoked command in '/home/yony/Dev/ros2_ws/build/april_ros2' returned '0': /usr/bin/cmake --build /home/yony/Dev/ros2_ws/build/april_ros2 -- -j12 -l12
[0.970s] Invoking command in '/home/yony/Dev/ros2_ws/build/april_ros2': /usr/bin/cmake --install /home/yony/Dev/ros2_ws/build/april_ros2
[0.984s] -- Install configuration: ""
[0.984s] -- Up-to-date: /home/yony/Dev/ros2_ws/install/april_ros2/lib/april_ros2/cpp_executable
[0.984s] -- Up-to-date: /home/yony/Dev/ros2_ws/install/april_ros2/share/april_ros2/environment/pythonpath.sh
[0.985s] -- Installing: /home/yony/Dev/ros2_ws/install/april_ros2/share/april_ros2/environment/pythonpath.dsv
[0.985s] -- Up-to-date: /home/yony/Dev/ros2_ws/install/april_ros2/lib/python3.8/site-packages/april_ros2
[0.985s] -- Up-to-date: /home/yony/Dev/ros2_ws/install/april_ros2/lib/python3.8/site-packages/april_ros2/msg
[0.985s] -- Up-to-date: /home/yony/Dev/ros2_ws/install/april_ros2/lib/python3.8/site-packages/april_ros2/msg/AddressBook.msg
[0.985s] -- Up-to-date: /home/yony/Dev/ros2_ws/install/april_ros2/lib/python3.8/site-packages/april_ros2/msg/Num.msg
[0.986s] -- Up-to-date: /home/yony/Dev/ros2_ws/install/april_ros2/lib/python3.8/site-packages/april_ros2/srv
[0.986s] -- Up-to-date: /home/yony/Dev/ros2_ws/install/april_ros2/lib/python3.8/site-packages/april_ros2/__init__.py
[1.028s] Listing '/home/yony/Dev/ros2_ws/install/april_ros2/lib/python3.8/site-packages/april_ros2'...
[1.028s] Listing '/home/yony/Dev/ros2_ws/install/april_ros2/lib/python3.8/site-packages/april_ros2/msg'...
[1.029s] Listing '/home/yony/Dev/ros2_ws/install/april_ros2/lib/python3.8/site-packages/april_ros2/srv'...
[1.033s] -- Up-to-date: /home/yony/Dev/ros2_ws/install/april_ros2/lib/april_ros2/sim.py
[1.034s] -- Up-to-date: /home/yony/Dev/ros2_ws/install/april_ros2/lib/april_ros2/sem.py
[1.034s] -- Installing: /home/yony/Dev/ros2_ws/install/april_ros2/lib/april_ros2/dummy_fa.py
[1.034s] -- Up-to-date: /home/yony/Dev/ros2_ws/install/april_ros2/share/ament_index/resource_index/package_run_dependencies/april_ros2
[1.034s] -- Up-to-date: /home/yony/Dev/ros2_ws/install/april_ros2/share/ament_index/resource_index/parent_prefix_path/april_ros2
[1.035s] -- Up-to-date: /home/yony/Dev/ros2_ws/install/april_ros2/share/april_ros2/environment/ament_prefix_path.sh
[1.035s] -- Installing: /home/yony/Dev/ros2_ws/install/april_ros2/share/april_ros2/environment/ament_prefix_path.dsv
[1.035s] -- Up-to-date: /home/yony/Dev/ros2_ws/install/april_ros2/share/april_ros2/environment/path.sh
[1.035s] -- Installing: /home/yony/Dev/ros2_ws/install/april_ros2/share/april_ros2/environment/path.dsv
[1.036s] -- Up-to-date: /home/yony/Dev/ros2_ws/install/april_ros2/share/april_ros2/local_setup.bash
[1.036s] -- Up-to-date: /home/yony/Dev/ros2_ws/install/april_ros2/share/april_ros2/local_setup.sh
[1.036s] -- Up-to-date: /home/yony/Dev/ros2_ws/install/april_ros2/share/april_ros2/local_setup.zsh
[1.036s] -- Installing: /home/yony/Dev/ros2_ws/install/april_ros2/share/april_ros2/local_setup.dsv
[1.037s] -- Installing: /home/yony/Dev/ros2_ws/install/april_ros2/share/april_ros2/package.dsv
[1.037s] -- Up-to-date: /home/yony/Dev/ros2_ws/install/april_ros2/share/ament_index/resource_index/packages/april_ros2
[1.037s] -- Up-to-date: /home/yony/Dev/ros2_ws/install/april_ros2/share/april_ros2/cmake/april_ros2Config.cmake
[1.037s] -- Up-to-date: /home/yony/Dev/ros2_ws/install/april_ros2/share/april_ros2/cmake/april_ros2Config-version.cmake
[1.037s] -- Up-to-date: /home/yony/Dev/ros2_ws/install/april_ros2/share/april_ros2/package.xml
[1.041s] Invoked command in '/home/yony/Dev/ros2_ws/build/april_ros2' returned '0': /usr/bin/cmake --install /home/yony/Dev/ros2_ws/build/april_ros2
