[1.118s] Invoking command in '/home/yony/Dev/ros2_ws/src/sim': PYTHONPATH=/home/yony/Dev/ros2_ws/install/sim/lib/python3.10/site-packages:${PYTHONPATH} /usr/bin/python3 setup.py egg_info --egg-base ../../build/sim build --build-base /home/yony/Dev/ros2_ws/build/sim/build install --prefix /home/yony/Dev/ros2_ws/install/sim --record /home/yony/Dev/ros2_ws/build/sim/install.log --single-version-externally-managed
[1.397s] running egg_info
[1.397s] writing ../../build/sim/sim.egg-info/PKG-INFO
[1.398s] writing dependency_links to ../../build/sim/sim.egg-info/dependency_links.txt
[1.398s] writing entry points to ../../build/sim/sim.egg-info/entry_points.txt
[1.398s] writing requirements to ../../build/sim/sim.egg-info/requires.txt
[1.398s] writing top-level names to ../../build/sim/sim.egg-info/top_level.txt
[1.401s] reading manifest file '../../build/sim/sim.egg-info/SOURCES.txt'
[1.402s] writing manifest file '../../build/sim/sim.egg-info/SOURCES.txt'
[1.402s] running build
[1.402s] running build_py
[1.403s] running install
[1.403s] running install_lib
[1.404s] running install_data
[1.405s] running install_egg_info
[1.406s] removing '/home/yony/Dev/ros2_ws/install/sim/lib/python3.10/site-packages/sim-0.0.1-py3.10.egg-info' (and everything under it)
[1.407s] Copying ../../build/sim/sim.egg-info to /home/yony/Dev/ros2_ws/install/sim/lib/python3.10/site-packages/sim-0.0.1-py3.10.egg-info
[1.408s] running install_scripts
[1.429s] Installing dummy_fa script to /home/yony/Dev/ros2_ws/install/sim/lib/sim
[1.429s] Installing dummy_grasp script to /home/yony/Dev/ros2_ws/install/sim/lib/sim
[1.430s] Installing dummy_hb script to /home/yony/Dev/ros2_ws/install/sim/lib/sim
[1.430s] Installing dummy_nc script to /home/yony/Dev/ros2_ws/install/sim/lib/sim
[1.430s] Installing dummy_nv script to /home/yony/Dev/ros2_ws/install/sim/lib/sim
[1.430s] Installing sim script to /home/yony/Dev/ros2_ws/install/sim/lib/sim
[1.430s] writing list of installed files to '/home/yony/Dev/ros2_ws/build/sim/install.log'
[1.461s] Invoked command in '/home/yony/Dev/ros2_ws/src/sim' returned '0': PYTHONPATH=/home/yony/Dev/ros2_ws/install/sim/lib/python3.10/site-packages:${PYTHONPATH} /usr/bin/python3 setup.py egg_info --egg-base ../../build/sim build --build-base /home/yony/Dev/ros2_ws/build/sim/build install --prefix /home/yony/Dev/ros2_ws/install/sim --record /home/yony/Dev/ros2_ws/build/sim/install.log --single-version-externally-managed
