[0.198s] DEBUG:colcon:Command line arguments: ['/usr/bin/colcon', 'build']
[0.198s] DEBUG:colcon:Parsed command line arguments: Namespace(log_base=None, log_level=None, verb_name='build', build_base='build', install_base='install', merge_install=False, symlink_install=False, test_result_base=None, continue_on_error=False, executor='parallel', parallel_workers=12, event_handlers=None, ignore_user_meta=False, metas=['./colcon.meta'], base_paths=['.'], packages_ignore=None, packages_ignore_regex=None, paths=None, packages_up_to=None, packages_up_to_regex=None, packages_above=None, packages_above_and_dependencies=None, packages_above_depth=None, packages_select_by_dep=None, packages_skip_by_dep=None, packages_skip_up_to=None, packages_select_build_failed=False, packages_skip_build_finished=False, packages_select_test_failures=False, packages_skip_test_passed=False, packages_select=None, packages_skip=None, packages_select_regex=None, packages_skip_regex=None, packages_start=None, packages_end=None, allow_overriding=[], cmake_args=None, cmake_target=None, cmake_target_skip_unavailable=False, cmake_clean_cache=False, cmake_clean_first=False, cmake_force_configure=False, ament_cmake_args=None, catkin_cmake_args=None, catkin_skip_building_tests=False, verb_parser=<colcon_defaults.argument_parser.defaults.DefaultArgumentsDecorator object at 0x7fac86416f80>, verb_extension=<colcon_core.verb.build.BuildVerb object at 0x7fac86417940>, main=<bound method BuildVerb.main of <colcon_core.verb.build.BuildVerb object at 0x7fac86417940>>)
[0.223s] Level 1:colcon.colcon_core.package_discovery:discover_packages(colcon_meta) check parameters
[0.223s] Level 1:colcon.colcon_core.package_discovery:discover_packages(recursive) check parameters
[0.223s] Level 1:colcon.colcon_core.package_discovery:discover_packages(ignore) check parameters
[0.223s] Level 1:colcon.colcon_core.package_discovery:discover_packages(path) check parameters
[0.223s] Level 1:colcon.colcon_core.package_discovery:discover_packages(colcon_meta) discover
[0.223s] Level 1:colcon.colcon_core.package_discovery:discover_packages(recursive) discover
[0.223s] INFO:colcon.colcon_core.package_discovery:Crawling recursively for packages in '/home/yony/Dev/ros2_ws'
[0.223s] Level 1:colcon.colcon_core.package_identification:_identify(.) by extensions ['ignore', 'ignore_ament_install']
[0.224s] Level 1:colcon.colcon_core.package_identification:_identify(.) by extension 'ignore'
[0.224s] Level 1:colcon.colcon_core.package_identification:_identify(.) by extension 'ignore_ament_install'
[0.224s] Level 1:colcon.colcon_core.package_identification:_identify(.) by extensions ['colcon_pkg']
[0.224s] Level 1:colcon.colcon_core.package_identification:_identify(.) by extension 'colcon_pkg'
[0.224s] Level 1:colcon.colcon_core.package_identification:_identify(.) by extensions ['colcon_meta']
[0.224s] Level 1:colcon.colcon_core.package_identification:_identify(.) by extension 'colcon_meta'
[0.224s] Level 1:colcon.colcon_core.package_identification:_identify(.) by extensions ['ros']
[0.224s] Level 1:colcon.colcon_core.package_identification:_identify(.) by extension 'ros'
[0.240s] Level 1:colcon.colcon_core.package_identification:_identify(.) by extensions ['cmake', 'python']
[0.241s] Level 1:colcon.colcon_core.package_identification:_identify(.) by extension 'cmake'
[0.241s] Level 1:colcon.colcon_core.package_identification:_identify(.) by extension 'python'
[0.241s] Level 1:colcon.colcon_core.package_identification:_identify(.) by extensions ['python_setup_py']
[0.241s] Level 1:colcon.colcon_core.package_identification:_identify(.) by extension 'python_setup_py'
[0.241s] Level 1:colcon.colcon_core.package_identification:_identify(build) by extensions ['ignore', 'ignore_ament_install']
[0.241s] Level 1:colcon.colcon_core.package_identification:_identify(build) by extension 'ignore'
[0.241s] Level 1:colcon.colcon_core.package_identification:_identify(build) ignored
[0.241s] Level 1:colcon.colcon_core.package_identification:_identify(install) by extensions ['ignore', 'ignore_ament_install']
[0.241s] Level 1:colcon.colcon_core.package_identification:_identify(install) by extension 'ignore'
[0.241s] Level 1:colcon.colcon_core.package_identification:_identify(install) ignored
[0.241s] Level 1:colcon.colcon_core.package_identification:_identify(log) by extensions ['ignore', 'ignore_ament_install']
[0.242s] Level 1:colcon.colcon_core.package_identification:_identify(log) by extension 'ignore'
[0.242s] Level 1:colcon.colcon_core.package_identification:_identify(log) ignored
[0.242s] Level 1:colcon.colcon_core.package_identification:_identify(src) by extensions ['ignore', 'ignore_ament_install']
[0.242s] Level 1:colcon.colcon_core.package_identification:_identify(src) by extension 'ignore'
[0.242s] Level 1:colcon.colcon_core.package_identification:_identify(src) by extension 'ignore_ament_install'
[0.242s] Level 1:colcon.colcon_core.package_identification:_identify(src) by extensions ['colcon_pkg']
[0.242s] Level 1:colcon.colcon_core.package_identification:_identify(src) by extension 'colcon_pkg'
[0.242s] Level 1:colcon.colcon_core.package_identification:_identify(src) by extensions ['colcon_meta']
[0.242s] Level 1:colcon.colcon_core.package_identification:_identify(src) by extension 'colcon_meta'
[0.242s] Level 1:colcon.colcon_core.package_identification:_identify(src) by extensions ['ros']
[0.242s] Level 1:colcon.colcon_core.package_identification:_identify(src) by extension 'ros'
[0.242s] Level 1:colcon.colcon_core.package_identification:_identify(src) by extensions ['cmake', 'python']
[0.242s] Level 1:colcon.colcon_core.package_identification:_identify(src) by extension 'cmake'
[0.242s] Level 1:colcon.colcon_core.package_identification:_identify(src) by extension 'python'
[0.242s] Level 1:colcon.colcon_core.package_identification:_identify(src) by extensions ['python_setup_py']
[0.242s] Level 1:colcon.colcon_core.package_identification:_identify(src) by extension 'python_setup_py'
[0.243s] Level 1:colcon.colcon_core.package_identification:_identify(src/build) by extensions ['ignore', 'ignore_ament_install']
[0.243s] Level 1:colcon.colcon_core.package_identification:_identify(src/build) by extension 'ignore'
[0.243s] Level 1:colcon.colcon_core.package_identification:_identify(src/build) ignored
[0.243s] Level 1:colcon.colcon_core.package_identification:_identify(src/install) by extensions ['ignore', 'ignore_ament_install']
[0.243s] Level 1:colcon.colcon_core.package_identification:_identify(src/install) by extension 'ignore'
[0.243s] Level 1:colcon.colcon_core.package_identification:_identify(src/install) ignored
[0.243s] Level 1:colcon.colcon_core.package_identification:_identify(src/log) by extensions ['ignore', 'ignore_ament_install']
[0.243s] Level 1:colcon.colcon_core.package_identification:_identify(src/log) by extension 'ignore'
[0.243s] Level 1:colcon.colcon_core.package_identification:_identify(src/log) ignored
[0.243s] Level 1:colcon.colcon_core.package_identification:_identify(src/sim) by extensions ['ignore', 'ignore_ament_install']
[0.243s] Level 1:colcon.colcon_core.package_identification:_identify(src/sim) by extension 'ignore'
[0.244s] Level 1:colcon.colcon_core.package_identification:_identify(src/sim) by extension 'ignore_ament_install'
[0.244s] Level 1:colcon.colcon_core.package_identification:_identify(src/sim) by extensions ['colcon_pkg']
[0.244s] Level 1:colcon.colcon_core.package_identification:_identify(src/sim) by extension 'colcon_pkg'
[0.244s] Level 1:colcon.colcon_core.package_identification:_identify(src/sim) by extensions ['colcon_meta']
[0.244s] Level 1:colcon.colcon_core.package_identification:_identify(src/sim) by extension 'colcon_meta'
[0.244s] Level 1:colcon.colcon_core.package_identification:_identify(src/sim) by extensions ['ros']
[0.244s] Level 1:colcon.colcon_core.package_identification:_identify(src/sim) by extension 'ros'
[0.247s] DEBUG:colcon.colcon_core.package_identification:Package 'src/sim' with type 'ros.ament_python' and name 'sim'
[0.247s] Level 1:colcon.colcon_core.package_identification:_identify(src/sim_sem_interfaces) by extensions ['ignore', 'ignore_ament_install']
[0.247s] Level 1:colcon.colcon_core.package_identification:_identify(src/sim_sem_interfaces) by extension 'ignore'
[0.247s] Level 1:colcon.colcon_core.package_identification:_identify(src/sim_sem_interfaces) by extension 'ignore_ament_install'
[0.247s] Level 1:colcon.colcon_core.package_identification:_identify(src/sim_sem_interfaces) by extensions ['colcon_pkg']
[0.247s] Level 1:colcon.colcon_core.package_identification:_identify(src/sim_sem_interfaces) by extension 'colcon_pkg'
[0.247s] Level 1:colcon.colcon_core.package_identification:_identify(src/sim_sem_interfaces) by extensions ['colcon_meta']
[0.247s] Level 1:colcon.colcon_core.package_identification:_identify(src/sim_sem_interfaces) by extension 'colcon_meta'
[0.247s] Level 1:colcon.colcon_core.package_identification:_identify(src/sim_sem_interfaces) by extensions ['ros']
[0.247s] Level 1:colcon.colcon_core.package_identification:_identify(src/sim_sem_interfaces) by extension 'ros'
[0.248s] DEBUG:colcon.colcon_core.package_identification:Package 'src/sim_sem_interfaces' with type 'ros.ament_cmake' and name 'sim_sem_interfaces'
[0.248s] Level 1:colcon.colcon_core.package_identification:_identify(src/temp) by extensions ['ignore', 'ignore_ament_install']
[0.248s] Level 1:colcon.colcon_core.package_identification:_identify(src/temp) by extension 'ignore'
[0.248s] Level 1:colcon.colcon_core.package_identification:_identify(src/temp) by extension 'ignore_ament_install'
[0.248s] Level 1:colcon.colcon_core.package_identification:_identify(src/temp) by extensions ['colcon_pkg']
[0.248s] Level 1:colcon.colcon_core.package_identification:_identify(src/temp) by extension 'colcon_pkg'
[0.248s] Level 1:colcon.colcon_core.package_identification:_identify(src/temp) by extensions ['colcon_meta']
[0.248s] Level 1:colcon.colcon_core.package_identification:_identify(src/temp) by extension 'colcon_meta'
[0.248s] Level 1:colcon.colcon_core.package_identification:_identify(src/temp) by extensions ['ros']
[0.248s] Level 1:colcon.colcon_core.package_identification:_identify(src/temp) by extension 'ros'
[0.249s] DEBUG:colcon.colcon_core.package_identification:Package 'src/temp' with type 'ros.ament_python' and name 'temp'
[0.249s] Level 1:colcon.colcon_core.package_discovery:discover_packages(recursive) using defaults
[0.249s] Level 1:colcon.colcon_core.package_discovery:discover_packages(ignore) discover
[0.249s] Level 1:colcon.colcon_core.package_discovery:discover_packages(ignore) using defaults
[0.249s] Level 1:colcon.colcon_core.package_discovery:discover_packages(path) discover
[0.249s] Level 1:colcon.colcon_core.package_discovery:discover_packages(path) using defaults
[0.281s] Level 1:colcon.colcon_core.package_discovery:discover_packages(prefix_path) check parameters
[0.281s] Level 1:colcon.colcon_core.package_discovery:discover_packages(prefix_path) discover
[0.283s] WARNING:colcon.colcon_ros.prefix_path.ament:The path '/home/yony/Dev/ros2_ws/install/april_ros2' in the environment variable AMENT_PREFIX_PATH doesn't exist
[0.284s] WARNING:colcon.colcon_ros.prefix_path.catkin:The path '/home/yony/Dev/ros2_ws/install/april_ros2' in the environment variable CMAKE_PREFIX_PATH doesn't exist
[0.285s] DEBUG:colcon.colcon_installed_package_information.package_discovery:Found 2 installed packages in /home/yony/Dev/ros2_ws/install
[0.286s] DEBUG:colcon.colcon_installed_package_information.package_discovery:Found 4 installed packages in /home/yony/Dev/ros2_ws/src/install
[0.287s] DEBUG:colcon.colcon_installed_package_information.package_discovery:Found 270 installed packages in /opt/ros/humble
[0.288s] Level 1:colcon.colcon_core.package_discovery:discover_packages(prefix_path) using defaults
[0.352s] Level 5:colcon.colcon_core.verb:set package 'sim' build argument 'cmake_args' from command line to 'None'
[0.352s] Level 5:colcon.colcon_core.verb:set package 'sim' build argument 'cmake_target' from command line to 'None'
[0.352s] Level 5:colcon.colcon_core.verb:set package 'sim' build argument 'cmake_target_skip_unavailable' from command line to 'False'
[0.352s] Level 5:colcon.colcon_core.verb:set package 'sim' build argument 'cmake_clean_cache' from command line to 'False'
[0.352s] Level 5:colcon.colcon_core.verb:set package 'sim' build argument 'cmake_clean_first' from command line to 'False'
[0.352s] Level 5:colcon.colcon_core.verb:set package 'sim' build argument 'cmake_force_configure' from command line to 'False'
[0.352s] Level 5:colcon.colcon_core.verb:set package 'sim' build argument 'ament_cmake_args' from command line to 'None'
[0.353s] Level 5:colcon.colcon_core.verb:set package 'sim' build argument 'catkin_cmake_args' from command line to 'None'
[0.353s] Level 5:colcon.colcon_core.verb:set package 'sim' build argument 'catkin_skip_building_tests' from command line to 'False'
[0.353s] DEBUG:colcon.colcon_core.verb:Building package 'sim' with the following arguments: {'ament_cmake_args': None, 'build_base': '/home/yony/Dev/ros2_ws/build/sim', 'catkin_cmake_args': None, 'catkin_skip_building_tests': False, 'cmake_args': None, 'cmake_clean_cache': False, 'cmake_clean_first': False, 'cmake_force_configure': False, 'cmake_target': None, 'cmake_target_skip_unavailable': False, 'install_base': '/home/yony/Dev/ros2_ws/install/sim', 'merge_install': False, 'path': '/home/yony/Dev/ros2_ws/src/sim', 'symlink_install': False, 'test_result_base': None}
[0.353s] Level 5:colcon.colcon_core.verb:set package 'sim_sem_interfaces' build argument 'cmake_args' from command line to 'None'
[0.353s] Level 5:colcon.colcon_core.verb:set package 'sim_sem_interfaces' build argument 'cmake_target' from command line to 'None'
[0.353s] Level 5:colcon.colcon_core.verb:set package 'sim_sem_interfaces' build argument 'cmake_target_skip_unavailable' from command line to 'False'
[0.353s] Level 5:colcon.colcon_core.verb:set package 'sim_sem_interfaces' build argument 'cmake_clean_cache' from command line to 'False'
[0.353s] Level 5:colcon.colcon_core.verb:set package 'sim_sem_interfaces' build argument 'cmake_clean_first' from command line to 'False'
[0.353s] Level 5:colcon.colcon_core.verb:set package 'sim_sem_interfaces' build argument 'cmake_force_configure' from command line to 'False'
[0.354s] Level 5:colcon.colcon_core.verb:set package 'sim_sem_interfaces' build argument 'ament_cmake_args' from command line to 'None'
[0.354s] Level 5:colcon.colcon_core.verb:set package 'sim_sem_interfaces' build argument 'catkin_cmake_args' from command line to 'None'
[0.354s] Level 5:colcon.colcon_core.verb:set package 'sim_sem_interfaces' build argument 'catkin_skip_building_tests' from command line to 'False'
[0.354s] DEBUG:colcon.colcon_core.verb:Building package 'sim_sem_interfaces' with the following arguments: {'ament_cmake_args': None, 'build_base': '/home/yony/Dev/ros2_ws/build/sim_sem_interfaces', 'catkin_cmake_args': None, 'catkin_skip_building_tests': False, 'cmake_args': None, 'cmake_clean_cache': False, 'cmake_clean_first': False, 'cmake_force_configure': False, 'cmake_target': None, 'cmake_target_skip_unavailable': False, 'install_base': '/home/yony/Dev/ros2_ws/install/sim_sem_interfaces', 'merge_install': False, 'path': '/home/yony/Dev/ros2_ws/src/sim_sem_interfaces', 'symlink_install': False, 'test_result_base': None}
[0.354s] Level 5:colcon.colcon_core.verb:set package 'temp' build argument 'cmake_args' from command line to 'None'
[0.354s] Level 5:colcon.colcon_core.verb:set package 'temp' build argument 'cmake_target' from command line to 'None'
[0.354s] Level 5:colcon.colcon_core.verb:set package 'temp' build argument 'cmake_target_skip_unavailable' from command line to 'False'
[0.354s] Level 5:colcon.colcon_core.verb:set package 'temp' build argument 'cmake_clean_cache' from command line to 'False'
[0.354s] Level 5:colcon.colcon_core.verb:set package 'temp' build argument 'cmake_clean_first' from command line to 'False'
[0.354s] Level 5:colcon.colcon_core.verb:set package 'temp' build argument 'cmake_force_configure' from command line to 'False'
[0.355s] Level 5:colcon.colcon_core.verb:set package 'temp' build argument 'ament_cmake_args' from command line to 'None'
[0.355s] Level 5:colcon.colcon_core.verb:set package 'temp' build argument 'catkin_cmake_args' from command line to 'None'
[0.355s] Level 5:colcon.colcon_core.verb:set package 'temp' build argument 'catkin_skip_building_tests' from command line to 'False'
[0.355s] DEBUG:colcon.colcon_core.verb:Building package 'temp' with the following arguments: {'ament_cmake_args': None, 'build_base': '/home/yony/Dev/ros2_ws/build/temp', 'catkin_cmake_args': None, 'catkin_skip_building_tests': False, 'cmake_args': None, 'cmake_clean_cache': False, 'cmake_clean_first': False, 'cmake_force_configure': False, 'cmake_target': None, 'cmake_target_skip_unavailable': False, 'install_base': '/home/yony/Dev/ros2_ws/install/temp', 'merge_install': False, 'path': '/home/yony/Dev/ros2_ws/src/temp', 'symlink_install': False, 'test_result_base': None}
[0.355s] INFO:colcon.colcon_core.executor:Executing jobs using 'parallel' executor
[0.357s] DEBUG:colcon.colcon_parallel_executor.executor.parallel:run_until_complete
[0.357s] INFO:colcon.colcon_ros.task.ament_python.build:Building ROS package in '/home/yony/Dev/ros2_ws/src/sim' with build type 'ament_python'
[0.358s] Level 1:colcon.colcon_core.shell:create_environment_hook('sim', 'ament_prefix_path')
[0.365s] INFO:colcon.colcon_core.plugin_system:Skipping extension 'colcon_core.shell.bat': Not used on non-Windows systems
[0.365s] INFO:colcon.colcon_core.shell:Creating environment hook '/home/yony/Dev/ros2_ws/install/sim/share/sim/hook/ament_prefix_path.ps1'
[0.365s] INFO:colcon.colcon_core.shell:Creating environment descriptor '/home/yony/Dev/ros2_ws/install/sim/share/sim/hook/ament_prefix_path.dsv'
[0.366s] INFO:colcon.colcon_core.shell:Creating environment hook '/home/yony/Dev/ros2_ws/install/sim/share/sim/hook/ament_prefix_path.sh'
[0.367s] INFO:colcon.colcon_core.shell:Skip shell extension 'powershell' for command environment: Not usable outside of PowerShell
[0.367s] DEBUG:colcon.colcon_core.shell:Skip shell extension 'dsv' for command environment
[0.371s] INFO:colcon.colcon_ros.task.ament_cmake.build:Building ROS package in '/home/yony/Dev/ros2_ws/src/sim_sem_interfaces' with build type 'ament_cmake'
[0.371s] INFO:colcon.colcon_cmake.task.cmake.build:Building CMake package in '/home/yony/Dev/ros2_ws/src/sim_sem_interfaces'
[0.372s] INFO:colcon.colcon_core.shell:Skip shell extension 'powershell' for command environment: Not usable outside of PowerShell
[0.372s] DEBUG:colcon.colcon_core.shell:Skip shell extension 'dsv' for command environment
[0.375s] INFO:colcon.colcon_ros.task.ament_python.build:Building ROS package in '/home/yony/Dev/ros2_ws/src/temp' with build type 'ament_python'
[0.375s] Level 1:colcon.colcon_core.shell:create_environment_hook('temp', 'ament_prefix_path')
[0.376s] INFO:colcon.colcon_core.shell:Creating environment hook '/home/yony/Dev/ros2_ws/install/temp/share/temp/hook/ament_prefix_path.ps1'
[0.377s] INFO:colcon.colcon_core.shell:Creating environment descriptor '/home/yony/Dev/ros2_ws/install/temp/share/temp/hook/ament_prefix_path.dsv'
[0.377s] INFO:colcon.colcon_core.shell:Creating environment hook '/home/yony/Dev/ros2_ws/install/temp/share/temp/hook/ament_prefix_path.sh'
[0.378s] INFO:colcon.colcon_core.shell:Skip shell extension 'powershell' for command environment: Not usable outside of PowerShell
[0.378s] DEBUG:colcon.colcon_core.shell:Skip shell extension 'dsv' for command environment
[0.689s] INFO:colcon.colcon_core.task.python.build:Building Python package in '/home/yony/Dev/ros2_ws/src/sim'
[0.691s] INFO:colcon.colcon_core.shell:Skip shell extension 'powershell' for command environment: Not usable outside of PowerShell
[0.691s] DEBUG:colcon.colcon_core.shell:Skip shell extension 'dsv' for command environment
[0.702s] DEBUG:colcon.colcon_core.event_handler.log_command:Invoking command in '/home/yony/Dev/ros2_ws/build/sim_sem_interfaces': CMAKE_PREFIX_PATH=${CMAKE_PREFIX_PATH}:/home/yony/Dev/ros2_ws/src/install/temp:/home/yony/Dev/ros2_ws/src/install/sim:/home/yony/Dev/ros2_ws/src/install/april_ros2:/opt/ros/humble /usr/bin/cmake --build /home/yony/Dev/ros2_ws/build/sim_sem_interfaces -- -j12 -l12
[1.040s] INFO:colcon.colcon_core.task.python.build:Building Python package in '/home/yony/Dev/ros2_ws/src/temp'
[1.041s] INFO:colcon.colcon_core.shell:Skip shell extension 'powershell' for command environment: Not usable outside of PowerShell
[1.041s] DEBUG:colcon.colcon_core.shell:Skip shell extension 'dsv' for command environment
[1.096s] DEBUG:colcon.colcon_core.event_handler.log_command:Invoked command in '/home/yony/Dev/ros2_ws/build/sim_sem_interfaces' returned '0': CMAKE_PREFIX_PATH=${CMAKE_PREFIX_PATH}:/home/yony/Dev/ros2_ws/src/install/temp:/home/yony/Dev/ros2_ws/src/install/sim:/home/yony/Dev/ros2_ws/src/install/april_ros2:/opt/ros/humble /usr/bin/cmake --build /home/yony/Dev/ros2_ws/build/sim_sem_interfaces -- -j12 -l12
[1.427s] DEBUG:colcon.colcon_core.event_handler.log_command:Invoking command in '/home/yony/Dev/ros2_ws/build/sim_sem_interfaces': CMAKE_PREFIX_PATH=${CMAKE_PREFIX_PATH}:/home/yony/Dev/ros2_ws/src/install/temp:/home/yony/Dev/ros2_ws/src/install/sim:/home/yony/Dev/ros2_ws/src/install/april_ros2:/opt/ros/humble /usr/bin/cmake --install /home/yony/Dev/ros2_ws/build/sim_sem_interfaces
[1.477s] DEBUG:colcon.colcon_core.event_handler.log_command:Invoking command in '/home/yony/Dev/ros2_ws/src/temp': PYTHONPATH=/home/yony/Dev/ros2_ws/install/temp/lib/python3.10/site-packages:${PYTHONPATH} /usr/bin/python3 setup.py egg_info --egg-base ../../build/temp build --build-base /home/yony/Dev/ros2_ws/build/temp/build install --prefix /home/yony/Dev/ros2_ws/install/temp --record /home/yony/Dev/ros2_ws/build/temp/install.log --single-version-externally-managed
[1.478s] DEBUG:colcon.colcon_core.event_handler.log_command:Invoking command in '/home/yony/Dev/ros2_ws/src/sim': PYTHONPATH=/home/yony/Dev/ros2_ws/install/sim/lib/python3.10/site-packages:${PYTHONPATH} /usr/bin/python3 setup.py egg_info --egg-base ../../build/sim build --build-base /home/yony/Dev/ros2_ws/build/sim/build install --prefix /home/yony/Dev/ros2_ws/install/sim --record /home/yony/Dev/ros2_ws/build/sim/install.log --single-version-externally-managed
[1.495s] Level 1:colcon.colcon_core.environment:create_environment_scripts_only(sim_sem_interfaces)
[1.498s] DEBUG:colcon.colcon_core.event_handler.log_command:Invoked command in '/home/yony/Dev/ros2_ws/build/sim_sem_interfaces' returned '0': CMAKE_PREFIX_PATH=${CMAKE_PREFIX_PATH}:/home/yony/Dev/ros2_ws/src/install/temp:/home/yony/Dev/ros2_ws/src/install/sim:/home/yony/Dev/ros2_ws/src/install/april_ros2:/opt/ros/humble /usr/bin/cmake --install /home/yony/Dev/ros2_ws/build/sim_sem_interfaces
[1.503s] Level 1:colcon.colcon_core.environment:checking '/home/yony/Dev/ros2_ws/install/sim_sem_interfaces' for CMake module files
[1.503s] Level 1:colcon.colcon_core.environment:checking '/home/yony/Dev/ros2_ws/install/sim_sem_interfaces' for CMake config files
[1.503s] Level 1:colcon.colcon_core.shell:create_environment_hook('sim_sem_interfaces', 'cmake_prefix_path')
[1.504s] INFO:colcon.colcon_core.shell:Creating environment hook '/home/yony/Dev/ros2_ws/install/sim_sem_interfaces/share/sim_sem_interfaces/hook/cmake_prefix_path.ps1'
[1.504s] INFO:colcon.colcon_core.shell:Creating environment descriptor '/home/yony/Dev/ros2_ws/install/sim_sem_interfaces/share/sim_sem_interfaces/hook/cmake_prefix_path.dsv'
[1.505s] INFO:colcon.colcon_core.shell:Creating environment hook '/home/yony/Dev/ros2_ws/install/sim_sem_interfaces/share/sim_sem_interfaces/hook/cmake_prefix_path.sh'
[1.506s] Level 1:colcon.colcon_core.environment:checking '/home/yony/Dev/ros2_ws/install/sim_sem_interfaces/lib'
[1.506s] Level 1:colcon.colcon_core.shell:create_environment_hook('sim_sem_interfaces', 'ld_library_path_lib')
[1.506s] INFO:colcon.colcon_core.shell:Creating environment hook '/home/yony/Dev/ros2_ws/install/sim_sem_interfaces/share/sim_sem_interfaces/hook/ld_library_path_lib.ps1'
[1.507s] INFO:colcon.colcon_core.shell:Creating environment descriptor '/home/yony/Dev/ros2_ws/install/sim_sem_interfaces/share/sim_sem_interfaces/hook/ld_library_path_lib.dsv'
[1.507s] INFO:colcon.colcon_core.shell:Creating environment hook '/home/yony/Dev/ros2_ws/install/sim_sem_interfaces/share/sim_sem_interfaces/hook/ld_library_path_lib.sh'
[1.507s] Level 1:colcon.colcon_core.environment:checking '/home/yony/Dev/ros2_ws/install/sim_sem_interfaces/bin'
[1.507s] Level 1:colcon.colcon_core.environment:checking '/home/yony/Dev/ros2_ws/install/sim_sem_interfaces/lib/pkgconfig/sim_sem_interfaces.pc'
[1.508s] Level 1:colcon.colcon_core.environment:checking '/home/yony/Dev/ros2_ws/install/sim_sem_interfaces/lib/python3.10/site-packages'
[1.508s] Level 1:colcon.colcon_core.environment:checking '/home/yony/Dev/ros2_ws/install/sim_sem_interfaces/bin'
[1.509s] INFO:colcon.colcon_core.shell:Creating package script '/home/yony/Dev/ros2_ws/install/sim_sem_interfaces/share/sim_sem_interfaces/package.ps1'
[1.509s] INFO:colcon.colcon_core.shell:Creating package descriptor '/home/yony/Dev/ros2_ws/install/sim_sem_interfaces/share/sim_sem_interfaces/package.dsv'
[1.510s] INFO:colcon.colcon_core.shell:Creating package script '/home/yony/Dev/ros2_ws/install/sim_sem_interfaces/share/sim_sem_interfaces/package.sh'
[1.511s] INFO:colcon.colcon_core.shell:Creating package script '/home/yony/Dev/ros2_ws/install/sim_sem_interfaces/share/sim_sem_interfaces/package.bash'
[1.511s] INFO:colcon.colcon_core.shell:Creating package script '/home/yony/Dev/ros2_ws/install/sim_sem_interfaces/share/sim_sem_interfaces/package.zsh'
[1.512s] Level 1:colcon.colcon_core.environment:create_file_with_runtime_dependencies(/home/yony/Dev/ros2_ws/install/sim_sem_interfaces/share/colcon-core/packages/sim_sem_interfaces)
[1.803s] Level 1:colcon.colcon_core.environment:checking '/home/yony/Dev/ros2_ws/install/temp' for CMake module files
[1.804s] DEBUG:colcon.colcon_core.event_handler.log_command:Invoked command in '/home/yony/Dev/ros2_ws/src/temp' returned '0': PYTHONPATH=/home/yony/Dev/ros2_ws/install/temp/lib/python3.10/site-packages:${PYTHONPATH} /usr/bin/python3 setup.py egg_info --egg-base ../../build/temp build --build-base /home/yony/Dev/ros2_ws/build/temp/build install --prefix /home/yony/Dev/ros2_ws/install/temp --record /home/yony/Dev/ros2_ws/build/temp/install.log --single-version-externally-managed
[1.804s] Level 1:colcon.colcon_core.environment:checking '/home/yony/Dev/ros2_ws/install/temp' for CMake config files
[1.805s] Level 1:colcon.colcon_core.environment:checking '/home/yony/Dev/ros2_ws/install/temp/lib'
[1.805s] Level 1:colcon.colcon_core.environment:checking '/home/yony/Dev/ros2_ws/install/temp/bin'
[1.805s] Level 1:colcon.colcon_core.environment:checking '/home/yony/Dev/ros2_ws/install/temp/lib/pkgconfig/temp.pc'
[1.806s] Level 1:colcon.colcon_core.environment:checking '/home/yony/Dev/ros2_ws/install/temp/lib/python3.10/site-packages'
[1.806s] Level 1:colcon.colcon_core.shell:create_environment_hook('temp', 'pythonpath')
[1.807s] INFO:colcon.colcon_core.shell:Creating environment hook '/home/yony/Dev/ros2_ws/install/temp/share/temp/hook/pythonpath.ps1'
[1.808s] INFO:colcon.colcon_core.shell:Creating environment descriptor '/home/yony/Dev/ros2_ws/install/temp/share/temp/hook/pythonpath.dsv'
[1.808s] INFO:colcon.colcon_core.shell:Creating environment hook '/home/yony/Dev/ros2_ws/install/temp/share/temp/hook/pythonpath.sh'
[1.809s] Level 1:colcon.colcon_core.environment:checking '/home/yony/Dev/ros2_ws/install/temp/bin'
[1.809s] Level 1:colcon.colcon_core.environment:create_environment_scripts_only(temp)
[1.810s] INFO:colcon.colcon_core.shell:Creating package script '/home/yony/Dev/ros2_ws/install/temp/share/temp/package.ps1'
[1.811s] INFO:colcon.colcon_core.shell:Creating package descriptor '/home/yony/Dev/ros2_ws/install/temp/share/temp/package.dsv'
[1.811s] INFO:colcon.colcon_core.shell:Creating package script '/home/yony/Dev/ros2_ws/install/temp/share/temp/package.sh'
[1.812s] INFO:colcon.colcon_core.shell:Creating package script '/home/yony/Dev/ros2_ws/install/temp/share/temp/package.bash'
[1.812s] INFO:colcon.colcon_core.shell:Creating package script '/home/yony/Dev/ros2_ws/install/temp/share/temp/package.zsh'
[1.813s] Level 1:colcon.colcon_core.environment:create_file_with_runtime_dependencies(/home/yony/Dev/ros2_ws/install/temp/share/colcon-core/packages/temp)
[1.820s] Level 1:colcon.colcon_core.environment:checking '/home/yony/Dev/ros2_ws/install/sim' for CMake module files
[1.821s] DEBUG:colcon.colcon_core.event_handler.log_command:Invoked command in '/home/yony/Dev/ros2_ws/src/sim' returned '0': PYTHONPATH=/home/yony/Dev/ros2_ws/install/sim/lib/python3.10/site-packages:${PYTHONPATH} /usr/bin/python3 setup.py egg_info --egg-base ../../build/sim build --build-base /home/yony/Dev/ros2_ws/build/sim/build install --prefix /home/yony/Dev/ros2_ws/install/sim --record /home/yony/Dev/ros2_ws/build/sim/install.log --single-version-externally-managed
[1.821s] Level 1:colcon.colcon_core.environment:checking '/home/yony/Dev/ros2_ws/install/sim' for CMake config files
[1.822s] Level 1:colcon.colcon_core.shell:create_environment_hook('sim', 'cmake_prefix_path')
[1.822s] INFO:colcon.colcon_core.shell:Creating environment hook '/home/yony/Dev/ros2_ws/install/sim/share/sim/hook/cmake_prefix_path.ps1'
[1.823s] INFO:colcon.colcon_core.shell:Creating environment descriptor '/home/yony/Dev/ros2_ws/install/sim/share/sim/hook/cmake_prefix_path.dsv'
[1.823s] INFO:colcon.colcon_core.shell:Creating environment hook '/home/yony/Dev/ros2_ws/install/sim/share/sim/hook/cmake_prefix_path.sh'
[1.824s] Level 1:colcon.colcon_core.environment:checking '/home/yony/Dev/ros2_ws/install/sim/lib'
[1.824s] Level 1:colcon.colcon_core.environment:checking '/home/yony/Dev/ros2_ws/install/sim/bin'
[1.824s] Level 1:colcon.colcon_core.environment:checking '/home/yony/Dev/ros2_ws/install/sim/lib/pkgconfig/sim.pc'
[1.824s] Level 1:colcon.colcon_core.environment:checking '/home/yony/Dev/ros2_ws/install/sim/lib/python3.10/site-packages'
[1.824s] Level 1:colcon.colcon_core.shell:create_environment_hook('sim', 'pythonpath')
[1.825s] INFO:colcon.colcon_core.shell:Creating environment hook '/home/yony/Dev/ros2_ws/install/sim/share/sim/hook/pythonpath.ps1'
[1.825s] INFO:colcon.colcon_core.shell:Creating environment descriptor '/home/yony/Dev/ros2_ws/install/sim/share/sim/hook/pythonpath.dsv'
[1.825s] INFO:colcon.colcon_core.shell:Creating environment hook '/home/yony/Dev/ros2_ws/install/sim/share/sim/hook/pythonpath.sh'
[1.826s] Level 1:colcon.colcon_core.environment:checking '/home/yony/Dev/ros2_ws/install/sim/bin'
[1.826s] Level 1:colcon.colcon_core.environment:create_environment_scripts_only(sim)
[1.826s] INFO:colcon.colcon_core.shell:Creating package script '/home/yony/Dev/ros2_ws/install/sim/share/sim/package.ps1'
[1.827s] INFO:colcon.colcon_core.shell:Creating package descriptor '/home/yony/Dev/ros2_ws/install/sim/share/sim/package.dsv'
[1.827s] INFO:colcon.colcon_core.shell:Creating package script '/home/yony/Dev/ros2_ws/install/sim/share/sim/package.sh'
[1.828s] INFO:colcon.colcon_core.shell:Creating package script '/home/yony/Dev/ros2_ws/install/sim/share/sim/package.bash'
[1.828s] INFO:colcon.colcon_core.shell:Creating package script '/home/yony/Dev/ros2_ws/install/sim/share/sim/package.zsh'
[1.829s] Level 1:colcon.colcon_core.environment:create_file_with_runtime_dependencies(/home/yony/Dev/ros2_ws/install/sim/share/colcon-core/packages/sim)
[1.830s] Level 1:colcon.colcon_core.environment:create_environment_scripts_only(sim_sem_interfaces)
[1.831s] Level 1:colcon.colcon_core.environment:checking '/home/yony/Dev/ros2_ws/install/sim_sem_interfaces' for CMake module files
[1.832s] Level 1:colcon.colcon_core.environment:checking '/home/yony/Dev/ros2_ws/install/sim_sem_interfaces' for CMake config files
[1.832s] Level 1:colcon.colcon_core.shell:create_environment_hook('sim_sem_interfaces', 'cmake_prefix_path')
[1.833s] INFO:colcon.colcon_core.shell:Creating environment hook '/home/yony/Dev/ros2_ws/install/sim_sem_interfaces/share/sim_sem_interfaces/hook/cmake_prefix_path.ps1'
[1.833s] INFO:colcon.colcon_core.shell:Creating environment descriptor '/home/yony/Dev/ros2_ws/install/sim_sem_interfaces/share/sim_sem_interfaces/hook/cmake_prefix_path.dsv'
[1.833s] INFO:colcon.colcon_core.shell:Creating environment hook '/home/yony/Dev/ros2_ws/install/sim_sem_interfaces/share/sim_sem_interfaces/hook/cmake_prefix_path.sh'
[1.834s] Level 1:colcon.colcon_core.environment:checking '/home/yony/Dev/ros2_ws/install/sim_sem_interfaces/lib'
[1.834s] Level 1:colcon.colcon_core.shell:create_environment_hook('sim_sem_interfaces', 'ld_library_path_lib')
[1.834s] INFO:colcon.colcon_core.shell:Creating environment hook '/home/yony/Dev/ros2_ws/install/sim_sem_interfaces/share/sim_sem_interfaces/hook/ld_library_path_lib.ps1'
[1.835s] INFO:colcon.colcon_core.shell:Creating environment descriptor '/home/yony/Dev/ros2_ws/install/sim_sem_interfaces/share/sim_sem_interfaces/hook/ld_library_path_lib.dsv'
[1.835s] INFO:colcon.colcon_core.shell:Creating environment hook '/home/yony/Dev/ros2_ws/install/sim_sem_interfaces/share/sim_sem_interfaces/hook/ld_library_path_lib.sh'
[1.835s] Level 1:colcon.colcon_core.environment:checking '/home/yony/Dev/ros2_ws/install/sim_sem_interfaces/bin'
[1.836s] Level 1:colcon.colcon_core.environment:checking '/home/yony/Dev/ros2_ws/install/sim_sem_interfaces/lib/pkgconfig/sim_sem_interfaces.pc'
[1.836s] Level 1:colcon.colcon_core.environment:checking '/home/yony/Dev/ros2_ws/install/sim_sem_interfaces/lib/python3.10/site-packages'
[1.836s] Level 1:colcon.colcon_core.environment:checking '/home/yony/Dev/ros2_ws/install/sim_sem_interfaces/bin'
[1.837s] INFO:colcon.colcon_core.shell:Creating package script '/home/yony/Dev/ros2_ws/install/sim_sem_interfaces/share/sim_sem_interfaces/package.ps1'
[1.837s] INFO:colcon.colcon_core.shell:Creating package descriptor '/home/yony/Dev/ros2_ws/install/sim_sem_interfaces/share/sim_sem_interfaces/package.dsv'
[1.838s] INFO:colcon.colcon_core.shell:Creating package script '/home/yony/Dev/ros2_ws/install/sim_sem_interfaces/share/sim_sem_interfaces/package.sh'
[1.838s] INFO:colcon.colcon_core.shell:Creating package script '/home/yony/Dev/ros2_ws/install/sim_sem_interfaces/share/sim_sem_interfaces/package.bash'
[1.838s] INFO:colcon.colcon_core.shell:Creating package script '/home/yony/Dev/ros2_ws/install/sim_sem_interfaces/share/sim_sem_interfaces/package.zsh'
[1.839s] Level 1:colcon.colcon_core.environment:create_file_with_runtime_dependencies(/home/yony/Dev/ros2_ws/install/sim_sem_interfaces/share/colcon-core/packages/sim_sem_interfaces)
[1.839s] DEBUG:colcon.colcon_parallel_executor.executor.parallel:closing loop
[1.839s] DEBUG:colcon.colcon_parallel_executor.executor.parallel:loop closed
[1.839s] DEBUG:colcon.colcon_parallel_executor.executor.parallel:run_until_complete finished with '0'
[1.840s] DEBUG:colcon.colcon_core.event_reactor:joining thread
[1.850s] INFO:colcon.colcon_core.plugin_system:Skipping extension 'colcon_notification.desktop_notification.terminal_notifier': Not used on non-Darwin systems
[1.850s] INFO:colcon.colcon_core.plugin_system:Skipping extension 'colcon_notification.desktop_notification.win32': Not used on non-Windows systems
[1.850s] INFO:colcon.colcon_notification.desktop_notification:Sending desktop notification using 'notify2'
[1.872s] DEBUG:colcon.colcon_core.event_reactor:joined thread
[1.873s] INFO:colcon.colcon_core.shell:Creating prefix script '/home/yony/Dev/ros2_ws/install/local_setup.ps1'
[1.874s] INFO:colcon.colcon_core.shell:Creating prefix util module '/home/yony/Dev/ros2_ws/install/_local_setup_util_ps1.py'
[1.875s] INFO:colcon.colcon_core.shell:Creating prefix chain script '/home/yony/Dev/ros2_ws/install/setup.ps1'
[1.876s] INFO:colcon.colcon_core.shell:Creating prefix script '/home/yony/Dev/ros2_ws/install/local_setup.sh'
[1.877s] INFO:colcon.colcon_core.shell:Creating prefix util module '/home/yony/Dev/ros2_ws/install/_local_setup_util_sh.py'
[1.877s] INFO:colcon.colcon_core.shell:Creating prefix chain script '/home/yony/Dev/ros2_ws/install/setup.sh'
[1.878s] INFO:colcon.colcon_core.shell:Creating prefix script '/home/yony/Dev/ros2_ws/install/local_setup.bash'
[1.879s] INFO:colcon.colcon_core.shell:Creating prefix chain script '/home/yony/Dev/ros2_ws/install/setup.bash'
[1.880s] INFO:colcon.colcon_core.shell:Creating prefix script '/home/yony/Dev/ros2_ws/install/local_setup.zsh'
[1.880s] INFO:colcon.colcon_core.shell:Creating prefix chain script '/home/yony/Dev/ros2_ws/install/setup.zsh'
