[0.368s] DEBUG:colcon:Command line arguments: ['/usr/bin/colcon', 'build', '--packages-select', 'sim']
[0.368s] DEBUG:colcon:Parsed command line arguments: Namespace(log_base=None, log_level=None, verb_name='build', build_base='build', install_base='install', merge_install=False, symlink_install=False, test_result_base=None, continue_on_error=False, executor='parallel', parallel_workers=12, event_handlers=None, ignore_user_meta=False, metas=['./colcon.meta'], base_paths=['.'], packages_ignore=None, packages_ignore_regex=None, paths=None, packages_up_to=None, packages_up_to_regex=None, packages_above=None, packages_above_and_dependencies=None, packages_above_depth=None, packages_select_by_dep=None, packages_skip_by_dep=None, packages_skip_up_to=None, packages_select_build_failed=False, packages_skip_build_finished=False, packages_select_test_failures=False, packages_skip_test_passed=False, packages_select=['sim'], packages_skip=None, packages_select_regex=None, packages_skip_regex=None, packages_start=None, packages_end=None, allow_overriding=[], cmake_args=None, cmake_target=None, cmake_target_skip_unavailable=False, cmake_clean_cache=False, cmake_clean_first=False, cmake_force_configure=False, ament_cmake_args=None, catkin_cmake_args=None, catkin_skip_building_tests=False, verb_parser=<colcon_defaults.argument_parser.defaults.DefaultArgumentsDecorator object at 0x7f4d261ce260>, verb_extension=<colcon_core.verb.build.BuildVerb object at 0x7f4d2630a860>, main=<bound method BuildVerb.main of <colcon_core.verb.build.BuildVerb object at 0x7f4d2630a860>>)
[0.404s] Level 1:colcon.colcon_core.package_discovery:discover_packages(colcon_meta) check parameters
[0.404s] Level 1:colcon.colcon_core.package_discovery:discover_packages(recursive) check parameters
[0.404s] Level 1:colcon.colcon_core.package_discovery:discover_packages(ignore) check parameters
[0.404s] Level 1:colcon.colcon_core.package_discovery:discover_packages(path) check parameters
[0.404s] Level 1:colcon.colcon_core.package_discovery:discover_packages(colcon_meta) discover
[0.404s] Level 1:colcon.colcon_core.package_discovery:discover_packages(recursive) discover
[0.404s] INFO:colcon.colcon_core.package_discovery:Crawling recursively for packages in '/home/yony/Dev/ros2_ws/src'
[0.405s] Level 1:colcon.colcon_core.package_identification:_identify(.) by extensions ['ignore', 'ignore_ament_install']
[0.405s] Level 1:colcon.colcon_core.package_identification:_identify(.) by extension 'ignore'
[0.405s] Level 1:colcon.colcon_core.package_identification:_identify(.) by extension 'ignore_ament_install'
[0.405s] Level 1:colcon.colcon_core.package_identification:_identify(.) by extensions ['colcon_pkg']
[0.405s] Level 1:colcon.colcon_core.package_identification:_identify(.) by extension 'colcon_pkg'
[0.405s] Level 1:colcon.colcon_core.package_identification:_identify(.) by extensions ['colcon_meta']
[0.405s] Level 1:colcon.colcon_core.package_identification:_identify(.) by extension 'colcon_meta'
[0.405s] Level 1:colcon.colcon_core.package_identification:_identify(.) by extensions ['ros']
[0.405s] Level 1:colcon.colcon_core.package_identification:_identify(.) by extension 'ros'
[0.420s] Level 1:colcon.colcon_core.package_identification:_identify(.) by extensions ['cmake', 'python']
[0.420s] Level 1:colcon.colcon_core.package_identification:_identify(.) by extension 'cmake'
[0.421s] Level 1:colcon.colcon_core.package_identification:_identify(.) by extension 'python'
[0.421s] Level 1:colcon.colcon_core.package_identification:_identify(.) by extensions ['python_setup_py']
[0.421s] Level 1:colcon.colcon_core.package_identification:_identify(.) by extension 'python_setup_py'
[0.421s] Level 1:colcon.colcon_core.package_identification:_identify(build) by extensions ['ignore', 'ignore_ament_install']
[0.421s] Level 1:colcon.colcon_core.package_identification:_identify(build) by extension 'ignore'
[0.421s] Level 1:colcon.colcon_core.package_identification:_identify(build) ignored
[0.421s] Level 1:colcon.colcon_core.package_identification:_identify(install) by extensions ['ignore', 'ignore_ament_install']
[0.421s] Level 1:colcon.colcon_core.package_identification:_identify(install) by extension 'ignore'
[0.421s] Level 1:colcon.colcon_core.package_identification:_identify(install) ignored
[0.421s] Level 1:colcon.colcon_core.package_identification:_identify(log) by extensions ['ignore', 'ignore_ament_install']
[0.422s] Level 1:colcon.colcon_core.package_identification:_identify(log) by extension 'ignore'
[0.422s] Level 1:colcon.colcon_core.package_identification:_identify(log) ignored
[0.422s] Level 1:colcon.colcon_core.package_identification:_identify(sim) by extensions ['ignore', 'ignore_ament_install']
[0.422s] Level 1:colcon.colcon_core.package_identification:_identify(sim) by extension 'ignore'
[0.422s] Level 1:colcon.colcon_core.package_identification:_identify(sim) by extension 'ignore_ament_install'
[0.422s] Level 1:colcon.colcon_core.package_identification:_identify(sim) by extensions ['colcon_pkg']
[0.422s] Level 1:colcon.colcon_core.package_identification:_identify(sim) by extension 'colcon_pkg'
[0.422s] Level 1:colcon.colcon_core.package_identification:_identify(sim) by extensions ['colcon_meta']
[0.422s] Level 1:colcon.colcon_core.package_identification:_identify(sim) by extension 'colcon_meta'
[0.422s] Level 1:colcon.colcon_core.package_identification:_identify(sim) by extensions ['ros']
[0.422s] Level 1:colcon.colcon_core.package_identification:_identify(sim) by extension 'ros'
[0.426s] DEBUG:colcon.colcon_core.package_identification:Package 'sim' with type 'ros.ament_python' and name 'sim'
[0.426s] Level 1:colcon.colcon_core.package_identification:_identify(sim_sem_interfaces) by extensions ['ignore', 'ignore_ament_install']
[0.426s] Level 1:colcon.colcon_core.package_identification:_identify(sim_sem_interfaces) by extension 'ignore'
[0.426s] Level 1:colcon.colcon_core.package_identification:_identify(sim_sem_interfaces) by extension 'ignore_ament_install'
[0.426s] Level 1:colcon.colcon_core.package_identification:_identify(sim_sem_interfaces) by extensions ['colcon_pkg']
[0.426s] Level 1:colcon.colcon_core.package_identification:_identify(sim_sem_interfaces) by extension 'colcon_pkg'
[0.426s] Level 1:colcon.colcon_core.package_identification:_identify(sim_sem_interfaces) by extensions ['colcon_meta']
[0.426s] Level 1:colcon.colcon_core.package_identification:_identify(sim_sem_interfaces) by extension 'colcon_meta'
[0.426s] Level 1:colcon.colcon_core.package_identification:_identify(sim_sem_interfaces) by extensions ['ros']
[0.426s] Level 1:colcon.colcon_core.package_identification:_identify(sim_sem_interfaces) by extension 'ros'
[0.427s] DEBUG:colcon.colcon_core.package_identification:Package 'sim_sem_interfaces' with type 'ros.ament_cmake' and name 'sim_sem_interfaces'
[0.427s] Level 1:colcon.colcon_core.package_identification:_identify(temp) by extensions ['ignore', 'ignore_ament_install']
[0.427s] Level 1:colcon.colcon_core.package_identification:_identify(temp) by extension 'ignore'
[0.427s] Level 1:colcon.colcon_core.package_identification:_identify(temp) by extension 'ignore_ament_install'
[0.427s] Level 1:colcon.colcon_core.package_identification:_identify(temp) by extensions ['colcon_pkg']
[0.427s] Level 1:colcon.colcon_core.package_identification:_identify(temp) by extension 'colcon_pkg'
[0.428s] Level 1:colcon.colcon_core.package_identification:_identify(temp) by extensions ['colcon_meta']
[0.428s] Level 1:colcon.colcon_core.package_identification:_identify(temp) by extension 'colcon_meta'
[0.428s] Level 1:colcon.colcon_core.package_identification:_identify(temp) by extensions ['ros']
[0.428s] Level 1:colcon.colcon_core.package_identification:_identify(temp) by extension 'ros'
[0.428s] DEBUG:colcon.colcon_core.package_identification:Package 'temp' with type 'ros.ament_python' and name 'temp'
[0.428s] Level 1:colcon.colcon_core.package_discovery:discover_packages(recursive) using defaults
[0.428s] Level 1:colcon.colcon_core.package_discovery:discover_packages(ignore) discover
[0.428s] Level 1:colcon.colcon_core.package_discovery:discover_packages(ignore) using defaults
[0.428s] Level 1:colcon.colcon_core.package_discovery:discover_packages(path) discover
[0.428s] Level 1:colcon.colcon_core.package_discovery:discover_packages(path) using defaults
[0.458s] INFO:colcon.colcon_core.package_selection:Skipping not selected package 'sim_sem_interfaces' in 'sim_sem_interfaces'
[0.458s] INFO:colcon.colcon_core.package_selection:Skipping not selected package 'temp' in 'temp'
[0.459s] Level 1:colcon.colcon_core.package_discovery:discover_packages(prefix_path) check parameters
[0.459s] Level 1:colcon.colcon_core.package_discovery:discover_packages(prefix_path) discover
[0.462s] DEBUG:colcon.colcon_installed_package_information.package_discovery:Found 3 installed packages in /home/yony/Dev/ros2_ws/install
[0.463s] DEBUG:colcon.colcon_installed_package_information.package_discovery:Found 270 installed packages in /opt/ros/humble
[0.465s] Level 1:colcon.colcon_core.package_discovery:discover_packages(prefix_path) using defaults
[0.526s] Level 5:colcon.colcon_core.verb:set package 'sim' build argument 'cmake_args' from command line to 'None'
[0.526s] Level 5:colcon.colcon_core.verb:set package 'sim' build argument 'cmake_target' from command line to 'None'
[0.527s] Level 5:colcon.colcon_core.verb:set package 'sim' build argument 'cmake_target_skip_unavailable' from command line to 'False'
[0.527s] Level 5:colcon.colcon_core.verb:set package 'sim' build argument 'cmake_clean_cache' from command line to 'False'
[0.527s] Level 5:colcon.colcon_core.verb:set package 'sim' build argument 'cmake_clean_first' from command line to 'False'
[0.527s] Level 5:colcon.colcon_core.verb:set package 'sim' build argument 'cmake_force_configure' from command line to 'False'
[0.527s] Level 5:colcon.colcon_core.verb:set package 'sim' build argument 'ament_cmake_args' from command line to 'None'
[0.527s] Level 5:colcon.colcon_core.verb:set package 'sim' build argument 'catkin_cmake_args' from command line to 'None'
[0.527s] Level 5:colcon.colcon_core.verb:set package 'sim' build argument 'catkin_skip_building_tests' from command line to 'False'
[0.527s] DEBUG:colcon.colcon_core.verb:Building package 'sim' with the following arguments: {'ament_cmake_args': None, 'build_base': '/home/yony/Dev/ros2_ws/src/build/sim', 'catkin_cmake_args': None, 'catkin_skip_building_tests': False, 'cmake_args': None, 'cmake_clean_cache': False, 'cmake_clean_first': False, 'cmake_force_configure': False, 'cmake_target': None, 'cmake_target_skip_unavailable': False, 'install_base': '/home/yony/Dev/ros2_ws/src/install/sim', 'merge_install': False, 'path': '/home/yony/Dev/ros2_ws/src/sim', 'symlink_install': False, 'test_result_base': None}
[0.527s] INFO:colcon.colcon_core.executor:Executing jobs using 'parallel' executor
[0.530s] DEBUG:colcon.colcon_parallel_executor.executor.parallel:run_until_complete
[0.530s] INFO:colcon.colcon_ros.task.ament_python.build:Building ROS package in '/home/yony/Dev/ros2_ws/src/sim' with build type 'ament_python'
[0.530s] Level 1:colcon.colcon_core.shell:create_environment_hook('sim', 'ament_prefix_path')
[0.536s] INFO:colcon.colcon_core.plugin_system:Skipping extension 'colcon_core.shell.bat': Not used on non-Windows systems
[0.536s] INFO:colcon.colcon_core.shell:Creating environment hook '/home/yony/Dev/ros2_ws/src/install/sim/share/sim/hook/ament_prefix_path.ps1'
[0.537s] INFO:colcon.colcon_core.shell:Creating environment descriptor '/home/yony/Dev/ros2_ws/src/install/sim/share/sim/hook/ament_prefix_path.dsv'
[0.537s] INFO:colcon.colcon_core.shell:Creating environment hook '/home/yony/Dev/ros2_ws/src/install/sim/share/sim/hook/ament_prefix_path.sh'
[0.538s] INFO:colcon.colcon_core.shell:Skip shell extension 'powershell' for command environment: Not usable outside of PowerShell
[0.538s] DEBUG:colcon.colcon_core.shell:Skip shell extension 'dsv' for command environment
[0.824s] INFO:colcon.colcon_core.task.python.build:Building Python package in '/home/yony/Dev/ros2_ws/src/sim'
[0.825s] INFO:colcon.colcon_core.shell:Skip shell extension 'powershell' for command environment: Not usable outside of PowerShell
[0.825s] DEBUG:colcon.colcon_core.shell:Skip shell extension 'dsv' for command environment
[1.255s] DEBUG:colcon.colcon_core.event_handler.log_command:Invoking command in '/home/yony/Dev/ros2_ws/src/sim': PYTHONPATH=/home/yony/Dev/ros2_ws/src/install/sim/lib/python3.10/site-packages:${PYTHONPATH} /usr/bin/python3 setup.py egg_info --egg-base ../build/sim build --build-base /home/yony/Dev/ros2_ws/src/build/sim/build install --prefix /home/yony/Dev/ros2_ws/src/install/sim --record /home/yony/Dev/ros2_ws/src/build/sim/install.log --single-version-externally-managed
[1.553s] DEBUG:colcon.colcon_core.event_handler.log_command:Invoked command in '/home/yony/Dev/ros2_ws/src/sim' returned '0': PYTHONPATH=/home/yony/Dev/ros2_ws/src/install/sim/lib/python3.10/site-packages:${PYTHONPATH} /usr/bin/python3 setup.py egg_info --egg-base ../build/sim build --build-base /home/yony/Dev/ros2_ws/src/build/sim/build install --prefix /home/yony/Dev/ros2_ws/src/install/sim --record /home/yony/Dev/ros2_ws/src/build/sim/install.log --single-version-externally-managed
[1.567s] Level 1:colcon.colcon_core.environment:checking '/home/yony/Dev/ros2_ws/src/install/sim' for CMake module files
[1.568s] Level 1:colcon.colcon_core.environment:checking '/home/yony/Dev/ros2_ws/src/install/sim' for CMake config files
[1.569s] Level 1:colcon.colcon_core.environment:checking '/home/yony/Dev/ros2_ws/src/install/sim/lib'
[1.570s] Level 1:colcon.colcon_core.environment:checking '/home/yony/Dev/ros2_ws/src/install/sim/bin'
[1.570s] Level 1:colcon.colcon_core.environment:checking '/home/yony/Dev/ros2_ws/src/install/sim/lib/pkgconfig/sim.pc'
[1.571s] Level 1:colcon.colcon_core.environment:checking '/home/yony/Dev/ros2_ws/src/install/sim/lib/python3.10/site-packages'
[1.571s] Level 1:colcon.colcon_core.shell:create_environment_hook('sim', 'pythonpath')
[1.572s] INFO:colcon.colcon_core.shell:Creating environment hook '/home/yony/Dev/ros2_ws/src/install/sim/share/sim/hook/pythonpath.ps1'
[1.573s] INFO:colcon.colcon_core.shell:Creating environment descriptor '/home/yony/Dev/ros2_ws/src/install/sim/share/sim/hook/pythonpath.dsv'
[1.574s] INFO:colcon.colcon_core.shell:Creating environment hook '/home/yony/Dev/ros2_ws/src/install/sim/share/sim/hook/pythonpath.sh'
[1.575s] Level 1:colcon.colcon_core.environment:checking '/home/yony/Dev/ros2_ws/src/install/sim/bin'
[1.575s] Level 1:colcon.colcon_core.environment:create_environment_scripts_only(sim)
[1.577s] INFO:colcon.colcon_core.shell:Creating package script '/home/yony/Dev/ros2_ws/src/install/sim/share/sim/package.ps1'
[1.579s] INFO:colcon.colcon_core.shell:Creating package descriptor '/home/yony/Dev/ros2_ws/src/install/sim/share/sim/package.dsv'
[1.580s] INFO:colcon.colcon_core.shell:Creating package script '/home/yony/Dev/ros2_ws/src/install/sim/share/sim/package.sh'
[1.582s] INFO:colcon.colcon_core.shell:Creating package script '/home/yony/Dev/ros2_ws/src/install/sim/share/sim/package.bash'
[1.584s] INFO:colcon.colcon_core.shell:Creating package script '/home/yony/Dev/ros2_ws/src/install/sim/share/sim/package.zsh'
[1.585s] Level 1:colcon.colcon_core.environment:create_file_with_runtime_dependencies(/home/yony/Dev/ros2_ws/src/install/sim/share/colcon-core/packages/sim)
[1.586s] DEBUG:colcon.colcon_parallel_executor.executor.parallel:closing loop
[1.587s] DEBUG:colcon.colcon_parallel_executor.executor.parallel:loop closed
[1.587s] DEBUG:colcon.colcon_parallel_executor.executor.parallel:run_until_complete finished with '0'
[1.587s] DEBUG:colcon.colcon_core.event_reactor:joining thread
[1.596s] INFO:colcon.colcon_core.plugin_system:Skipping extension 'colcon_notification.desktop_notification.terminal_notifier': Not used on non-Darwin systems
[1.596s] INFO:colcon.colcon_core.plugin_system:Skipping extension 'colcon_notification.desktop_notification.win32': Not used on non-Windows systems
[1.596s] INFO:colcon.colcon_notification.desktop_notification:Sending desktop notification using 'notify2'
[1.624s] DEBUG:colcon.colcon_core.event_reactor:joined thread
[1.625s] INFO:colcon.colcon_core.shell:Creating prefix script '/home/yony/Dev/ros2_ws/src/install/local_setup.ps1'
[1.626s] INFO:colcon.colcon_core.shell:Creating prefix util module '/home/yony/Dev/ros2_ws/src/install/_local_setup_util_ps1.py'
[1.628s] INFO:colcon.colcon_core.shell:Creating prefix chain script '/home/yony/Dev/ros2_ws/src/install/setup.ps1'
[1.629s] INFO:colcon.colcon_core.shell:Creating prefix script '/home/yony/Dev/ros2_ws/src/install/local_setup.sh'
[1.630s] INFO:colcon.colcon_core.shell:Creating prefix util module '/home/yony/Dev/ros2_ws/src/install/_local_setup_util_sh.py'
[1.631s] INFO:colcon.colcon_core.shell:Creating prefix chain script '/home/yony/Dev/ros2_ws/src/install/setup.sh'
[1.632s] INFO:colcon.colcon_core.shell:Creating prefix script '/home/yony/Dev/ros2_ws/src/install/local_setup.bash'
[1.633s] INFO:colcon.colcon_core.shell:Creating prefix chain script '/home/yony/Dev/ros2_ws/src/install/setup.bash'
[1.634s] INFO:colcon.colcon_core.shell:Creating prefix script '/home/yony/Dev/ros2_ws/src/install/local_setup.zsh'
[1.635s] INFO:colcon.colcon_core.shell:Creating prefix chain script '/home/yony/Dev/ros2_ws/src/install/setup.zsh'
