/home/yony/Dev/ros2_ws/src/install/april_ros2/lib/python3.8/site-packages/april_ros2/dummy_fa.py
/home/yony/Dev/ros2_ws/src/install/april_ros2/lib/python3.8/site-packages/april_ros2/sem.py
/home/yony/Dev/ros2_ws/src/install/april_ros2/lib/python3.8/site-packages/april_ros2/dummy_grasp.py
/home/yony/Dev/ros2_ws/src/install/april_ros2/lib/python3.8/site-packages/april_ros2/dummy_hb.py
/home/yony/Dev/ros2_ws/src/install/april_ros2/lib/python3.8/site-packages/april_ros2/dummy_nc.py
/home/yony/Dev/ros2_ws/src/install/april_ros2/lib/python3.8/site-packages/april_ros2/dummy.py
/home/yony/Dev/ros2_ws/src/install/april_ros2/lib/python3.8/site-packages/april_ros2/dummy_nv.py
/home/yony/Dev/ros2_ws/src/install/april_ros2/lib/python3.8/site-packages/april_ros2/__init__.py
/home/yony/Dev/ros2_ws/src/install/april_ros2/lib/python3.8/site-packages/april_ros2/sim.py
/home/yony/Dev/ros2_ws/src/install/april_ros2/lib/python3.8/site-packages/april_ros2/__pycache__/dummy_fa.cpython-38.pyc
/home/yony/Dev/ros2_ws/src/install/april_ros2/lib/python3.8/site-packages/april_ros2/__pycache__/sem.cpython-38.pyc
/home/yony/Dev/ros2_ws/src/install/april_ros2/lib/python3.8/site-packages/april_ros2/__pycache__/dummy_grasp.cpython-38.pyc
/home/yony/Dev/ros2_ws/src/install/april_ros2/lib/python3.8/site-packages/april_ros2/__pycache__/dummy_hb.cpython-38.pyc
/home/yony/Dev/ros2_ws/src/install/april_ros2/lib/python3.8/site-packages/april_ros2/__pycache__/dummy_nc.cpython-38.pyc
/home/yony/Dev/ros2_ws/src/install/april_ros2/lib/python3.8/site-packages/april_ros2/__pycache__/dummy.cpython-38.pyc
/home/yony/Dev/ros2_ws/src/install/april_ros2/lib/python3.8/site-packages/april_ros2/__pycache__/dummy_nv.cpython-38.pyc
/home/yony/Dev/ros2_ws/src/install/april_ros2/lib/python3.8/site-packages/april_ros2/__pycache__/__init__.cpython-38.pyc
/home/yony/Dev/ros2_ws/src/install/april_ros2/lib/python3.8/site-packages/april_ros2/__pycache__/sim.cpython-38.pyc
/home/yony/Dev/ros2_ws/src/install/april_ros2/share/ament_index/resource_index/packages/april_ros2
/home/yony/Dev/ros2_ws/src/install/april_ros2/share/april_ros2/package.xml
/home/yony/Dev/ros2_ws/src/install/april_ros2/share/april_ros2/april.launch.py
/home/yony/Dev/ros2_ws/src/install/april_ros2/lib/python3.8/site-packages/april_ros2-0.0.1-py3.8.egg-info/dependency_links.txt
/home/yony/Dev/ros2_ws/src/install/april_ros2/lib/python3.8/site-packages/april_ros2-0.0.1-py3.8.egg-info/SOURCES.txt
/home/yony/Dev/ros2_ws/src/install/april_ros2/lib/python3.8/site-packages/april_ros2-0.0.1-py3.8.egg-info/requires.txt
/home/yony/Dev/ros2_ws/src/install/april_ros2/lib/python3.8/site-packages/april_ros2-0.0.1-py3.8.egg-info/zip-safe
/home/yony/Dev/ros2_ws/src/install/april_ros2/lib/python3.8/site-packages/april_ros2-0.0.1-py3.8.egg-info/PKG-INFO
/home/yony/Dev/ros2_ws/src/install/april_ros2/lib/python3.8/site-packages/april_ros2-0.0.1-py3.8.egg-info/top_level.txt
/home/yony/Dev/ros2_ws/src/install/april_ros2/lib/python3.8/site-packages/april_ros2-0.0.1-py3.8.egg-info/entry_points.txt
/home/yony/Dev/ros2_ws/src/install/april_ros2/lib/april_ros2/dummy_fa
/home/yony/Dev/ros2_ws/src/install/april_ros2/lib/april_ros2/dummy_grasp
/home/yony/Dev/ros2_ws/src/install/april_ros2/lib/april_ros2/dummy_hb
/home/yony/Dev/ros2_ws/src/install/april_ros2/lib/april_ros2/dummy_nc
/home/yony/Dev/ros2_ws/src/install/april_ros2/lib/april_ros2/dummy_nv
/home/yony/Dev/ros2_ws/src/install/april_ros2/lib/april_ros2/sem
/home/yony/Dev/ros2_ws/src/install/april_ros2/lib/april_ros2/sim
