[0.204s] DEBUG:colcon:Command line arguments: ['/usr/bin/colcon', 'build']
[0.204s] DEBUG:colcon:Parsed command line arguments: Namespace(log_base=None, log_level=None, verb_name='build', build_base='build', install_base='install', merge_install=False, symlink_install=False, test_result_base=None, continue_on_error=False, executor='parallel', parallel_workers=12, event_handlers=None, ignore_user_meta=False, metas=['./colcon.meta'], base_paths=['.'], packages_ignore=None, packages_ignore_regex=None, paths=None, packages_up_to=None, packages_up_to_regex=None, packages_above=None, packages_above_and_dependencies=None, packages_above_depth=None, packages_select_by_dep=None, packages_skip_by_dep=None, packages_skip_up_to=None, packages_select_build_failed=False, packages_skip_build_finished=False, packages_select_test_failures=False, packages_skip_test_passed=False, packages_select=None, packages_skip=None, packages_select_regex=None, packages_skip_regex=None, packages_start=None, packages_end=None, allow_overriding=[], cmake_args=None, cmake_target=None, cmake_target_skip_unavailable=False, cmake_clean_cache=False, cmake_clean_first=False, cmake_force_configure=False, ament_cmake_args=None, catkin_cmake_args=None, catkin_skip_building_tests=False, verb_parser=<colcon_defaults.argument_parser.defaults.DefaultArgumentsDecorator object at 0x7ff00a262f80>, verb_extension=<colcon_core.verb.build.BuildVerb object at 0x7ff00a2638e0>, main=<bound method BuildVerb.main of <colcon_core.verb.build.BuildVerb object at 0x7ff00a2638e0>>)
[0.228s] Level 1:colcon.colcon_core.package_discovery:discover_packages(colcon_meta) check parameters
[0.228s] Level 1:colcon.colcon_core.package_discovery:discover_packages(recursive) check parameters
[0.229s] Level 1:colcon.colcon_core.package_discovery:discover_packages(ignore) check parameters
[0.229s] Level 1:colcon.colcon_core.package_discovery:discover_packages(path) check parameters
[0.229s] Level 1:colcon.colcon_core.package_discovery:discover_packages(colcon_meta) discover
[0.229s] Level 1:colcon.colcon_core.package_discovery:discover_packages(recursive) discover
[0.229s] INFO:colcon.colcon_core.package_discovery:Crawling recursively for packages in '/home/yony/Dev/ros2_ws/src'
[0.229s] Level 1:colcon.colcon_core.package_identification:_identify(.) by extensions ['ignore', 'ignore_ament_install']
[0.229s] Level 1:colcon.colcon_core.package_identification:_identify(.) by extension 'ignore'
[0.229s] Level 1:colcon.colcon_core.package_identification:_identify(.) by extension 'ignore_ament_install'
[0.229s] Level 1:colcon.colcon_core.package_identification:_identify(.) by extensions ['colcon_pkg']
[0.229s] Level 1:colcon.colcon_core.package_identification:_identify(.) by extension 'colcon_pkg'
[0.229s] Level 1:colcon.colcon_core.package_identification:_identify(.) by extensions ['colcon_meta']
[0.229s] Level 1:colcon.colcon_core.package_identification:_identify(.) by extension 'colcon_meta'
[0.229s] Level 1:colcon.colcon_core.package_identification:_identify(.) by extensions ['ros']
[0.229s] Level 1:colcon.colcon_core.package_identification:_identify(.) by extension 'ros'
[0.245s] Level 1:colcon.colcon_core.package_identification:_identify(.) by extensions ['cmake', 'python']
[0.246s] Level 1:colcon.colcon_core.package_identification:_identify(.) by extension 'cmake'
[0.246s] Level 1:colcon.colcon_core.package_identification:_identify(.) by extension 'python'
[0.246s] Level 1:colcon.colcon_core.package_identification:_identify(.) by extensions ['python_setup_py']
[0.246s] Level 1:colcon.colcon_core.package_identification:_identify(.) by extension 'python_setup_py'
[0.246s] Level 1:colcon.colcon_core.package_identification:_identify(build) by extensions ['ignore', 'ignore_ament_install']
[0.246s] Level 1:colcon.colcon_core.package_identification:_identify(build) by extension 'ignore'
[0.246s] Level 1:colcon.colcon_core.package_identification:_identify(build) ignored
[0.246s] Level 1:colcon.colcon_core.package_identification:_identify(install) by extensions ['ignore', 'ignore_ament_install']
[0.246s] Level 1:colcon.colcon_core.package_identification:_identify(install) by extension 'ignore'
[0.246s] Level 1:colcon.colcon_core.package_identification:_identify(install) ignored
[0.246s] Level 1:colcon.colcon_core.package_identification:_identify(log) by extensions ['ignore', 'ignore_ament_install']
[0.247s] Level 1:colcon.colcon_core.package_identification:_identify(log) by extension 'ignore'
[0.247s] Level 1:colcon.colcon_core.package_identification:_identify(log) ignored
[0.247s] Level 1:colcon.colcon_core.package_identification:_identify(sim) by extensions ['ignore', 'ignore_ament_install']
[0.247s] Level 1:colcon.colcon_core.package_identification:_identify(sim) by extension 'ignore'
[0.247s] Level 1:colcon.colcon_core.package_identification:_identify(sim) by extension 'ignore_ament_install'
[0.247s] Level 1:colcon.colcon_core.package_identification:_identify(sim) by extensions ['colcon_pkg']
[0.247s] Level 1:colcon.colcon_core.package_identification:_identify(sim) by extension 'colcon_pkg'
[0.247s] Level 1:colcon.colcon_core.package_identification:_identify(sim) by extensions ['colcon_meta']
[0.247s] Level 1:colcon.colcon_core.package_identification:_identify(sim) by extension 'colcon_meta'
[0.247s] Level 1:colcon.colcon_core.package_identification:_identify(sim) by extensions ['ros']
[0.247s] Level 1:colcon.colcon_core.package_identification:_identify(sim) by extension 'ros'
[0.250s] DEBUG:colcon.colcon_core.package_identification:Package 'sim' with type 'ros.ament_python' and name 'sim'
[0.250s] Level 1:colcon.colcon_core.package_identification:_identify(sim_sem_interfaces) by extensions ['ignore', 'ignore_ament_install']
[0.250s] Level 1:colcon.colcon_core.package_identification:_identify(sim_sem_interfaces) by extension 'ignore'
[0.250s] Level 1:colcon.colcon_core.package_identification:_identify(sim_sem_interfaces) by extension 'ignore_ament_install'
[0.250s] Level 1:colcon.colcon_core.package_identification:_identify(sim_sem_interfaces) by extensions ['colcon_pkg']
[0.250s] Level 1:colcon.colcon_core.package_identification:_identify(sim_sem_interfaces) by extension 'colcon_pkg'
[0.250s] Level 1:colcon.colcon_core.package_identification:_identify(sim_sem_interfaces) by extensions ['colcon_meta']
[0.250s] Level 1:colcon.colcon_core.package_identification:_identify(sim_sem_interfaces) by extension 'colcon_meta'
[0.251s] Level 1:colcon.colcon_core.package_identification:_identify(sim_sem_interfaces) by extensions ['ros']
[0.251s] Level 1:colcon.colcon_core.package_identification:_identify(sim_sem_interfaces) by extension 'ros'
[0.251s] DEBUG:colcon.colcon_core.package_identification:Package 'sim_sem_interfaces' with type 'ros.ament_cmake' and name 'sim_sem_interfaces'
[0.251s] Level 1:colcon.colcon_core.package_identification:_identify(temp) by extensions ['ignore', 'ignore_ament_install']
[0.251s] Level 1:colcon.colcon_core.package_identification:_identify(temp) by extension 'ignore'
[0.251s] Level 1:colcon.colcon_core.package_identification:_identify(temp) by extension 'ignore_ament_install'
[0.252s] Level 1:colcon.colcon_core.package_identification:_identify(temp) by extensions ['colcon_pkg']
[0.252s] Level 1:colcon.colcon_core.package_identification:_identify(temp) by extension 'colcon_pkg'
[0.252s] Level 1:colcon.colcon_core.package_identification:_identify(temp) by extensions ['colcon_meta']
[0.252s] Level 1:colcon.colcon_core.package_identification:_identify(temp) by extension 'colcon_meta'
[0.252s] Level 1:colcon.colcon_core.package_identification:_identify(temp) by extensions ['ros']
[0.252s] Level 1:colcon.colcon_core.package_identification:_identify(temp) by extension 'ros'
[0.252s] DEBUG:colcon.colcon_core.package_identification:Package 'temp' with type 'ros.ament_python' and name 'temp'
[0.252s] Level 1:colcon.colcon_core.package_discovery:discover_packages(recursive) using defaults
[0.252s] Level 1:colcon.colcon_core.package_discovery:discover_packages(ignore) discover
[0.252s] Level 1:colcon.colcon_core.package_discovery:discover_packages(ignore) using defaults
[0.252s] Level 1:colcon.colcon_core.package_discovery:discover_packages(path) discover
[0.252s] Level 1:colcon.colcon_core.package_discovery:discover_packages(path) using defaults
[0.283s] Level 1:colcon.colcon_core.package_discovery:discover_packages(prefix_path) check parameters
[0.283s] Level 1:colcon.colcon_core.package_discovery:discover_packages(prefix_path) discover
[0.286s] WARNING:colcon.colcon_ros.prefix_path.ament:The path '/home/yony/Dev/ros2_ws/install/april_ros2' in the environment variable AMENT_PREFIX_PATH doesn't exist
[0.286s] WARNING:colcon.colcon_ros.prefix_path.catkin:The path '/home/yony/Dev/ros2_ws/install/april_ros2' in the environment variable CMAKE_PREFIX_PATH doesn't exist
[0.287s] DEBUG:colcon.colcon_installed_package_information.package_discovery:Found 3 installed packages in /home/yony/Dev/ros2_ws/src/install
[0.288s] DEBUG:colcon.colcon_installed_package_information.package_discovery:Found 2 installed packages in /home/yony/Dev/ros2_ws/install
[0.289s] DEBUG:colcon.colcon_installed_package_information.package_discovery:Found 270 installed packages in /opt/ros/humble
[0.291s] Level 1:colcon.colcon_core.package_discovery:discover_packages(prefix_path) using defaults
[0.356s] Level 5:colcon.colcon_core.verb:set package 'sim' build argument 'cmake_args' from command line to 'None'
[0.356s] Level 5:colcon.colcon_core.verb:set package 'sim' build argument 'cmake_target' from command line to 'None'
[0.356s] Level 5:colcon.colcon_core.verb:set package 'sim' build argument 'cmake_target_skip_unavailable' from command line to 'False'
[0.356s] Level 5:colcon.colcon_core.verb:set package 'sim' build argument 'cmake_clean_cache' from command line to 'False'
[0.356s] Level 5:colcon.colcon_core.verb:set package 'sim' build argument 'cmake_clean_first' from command line to 'False'
[0.356s] Level 5:colcon.colcon_core.verb:set package 'sim' build argument 'cmake_force_configure' from command line to 'False'
[0.356s] Level 5:colcon.colcon_core.verb:set package 'sim' build argument 'ament_cmake_args' from command line to 'None'
[0.357s] Level 5:colcon.colcon_core.verb:set package 'sim' build argument 'catkin_cmake_args' from command line to 'None'
[0.357s] Level 5:colcon.colcon_core.verb:set package 'sim' build argument 'catkin_skip_building_tests' from command line to 'False'
[0.357s] DEBUG:colcon.colcon_core.verb:Building package 'sim' with the following arguments: {'ament_cmake_args': None, 'build_base': '/home/yony/Dev/ros2_ws/src/build/sim', 'catkin_cmake_args': None, 'catkin_skip_building_tests': False, 'cmake_args': None, 'cmake_clean_cache': False, 'cmake_clean_first': False, 'cmake_force_configure': False, 'cmake_target': None, 'cmake_target_skip_unavailable': False, 'install_base': '/home/yony/Dev/ros2_ws/src/install/sim', 'merge_install': False, 'path': '/home/yony/Dev/ros2_ws/src/sim', 'symlink_install': False, 'test_result_base': None}
[0.357s] Level 5:colcon.colcon_core.verb:set package 'sim_sem_interfaces' build argument 'cmake_args' from command line to 'None'
[0.357s] Level 5:colcon.colcon_core.verb:set package 'sim_sem_interfaces' build argument 'cmake_target' from command line to 'None'
[0.357s] Level 5:colcon.colcon_core.verb:set package 'sim_sem_interfaces' build argument 'cmake_target_skip_unavailable' from command line to 'False'
[0.357s] Level 5:colcon.colcon_core.verb:set package 'sim_sem_interfaces' build argument 'cmake_clean_cache' from command line to 'False'
[0.357s] Level 5:colcon.colcon_core.verb:set package 'sim_sem_interfaces' build argument 'cmake_clean_first' from command line to 'False'
[0.358s] Level 5:colcon.colcon_core.verb:set package 'sim_sem_interfaces' build argument 'cmake_force_configure' from command line to 'False'
[0.358s] Level 5:colcon.colcon_core.verb:set package 'sim_sem_interfaces' build argument 'ament_cmake_args' from command line to 'None'
[0.358s] Level 5:colcon.colcon_core.verb:set package 'sim_sem_interfaces' build argument 'catkin_cmake_args' from command line to 'None'
[0.358s] Level 5:colcon.colcon_core.verb:set package 'sim_sem_interfaces' build argument 'catkin_skip_building_tests' from command line to 'False'
[0.358s] DEBUG:colcon.colcon_core.verb:Building package 'sim_sem_interfaces' with the following arguments: {'ament_cmake_args': None, 'build_base': '/home/yony/Dev/ros2_ws/src/build/sim_sem_interfaces', 'catkin_cmake_args': None, 'catkin_skip_building_tests': False, 'cmake_args': None, 'cmake_clean_cache': False, 'cmake_clean_first': False, 'cmake_force_configure': False, 'cmake_target': None, 'cmake_target_skip_unavailable': False, 'install_base': '/home/yony/Dev/ros2_ws/src/install/sim_sem_interfaces', 'merge_install': False, 'path': '/home/yony/Dev/ros2_ws/src/sim_sem_interfaces', 'symlink_install': False, 'test_result_base': None}
[0.358s] Level 5:colcon.colcon_core.verb:set package 'temp' build argument 'cmake_args' from command line to 'None'
[0.358s] Level 5:colcon.colcon_core.verb:set package 'temp' build argument 'cmake_target' from command line to 'None'
[0.358s] Level 5:colcon.colcon_core.verb:set package 'temp' build argument 'cmake_target_skip_unavailable' from command line to 'False'
[0.358s] Level 5:colcon.colcon_core.verb:set package 'temp' build argument 'cmake_clean_cache' from command line to 'False'
[0.359s] Level 5:colcon.colcon_core.verb:set package 'temp' build argument 'cmake_clean_first' from command line to 'False'
[0.359s] Level 5:colcon.colcon_core.verb:set package 'temp' build argument 'cmake_force_configure' from command line to 'False'
[0.359s] Level 5:colcon.colcon_core.verb:set package 'temp' build argument 'ament_cmake_args' from command line to 'None'
[0.359s] Level 5:colcon.colcon_core.verb:set package 'temp' build argument 'catkin_cmake_args' from command line to 'None'
[0.359s] Level 5:colcon.colcon_core.verb:set package 'temp' build argument 'catkin_skip_building_tests' from command line to 'False'
[0.359s] DEBUG:colcon.colcon_core.verb:Building package 'temp' with the following arguments: {'ament_cmake_args': None, 'build_base': '/home/yony/Dev/ros2_ws/src/build/temp', 'catkin_cmake_args': None, 'catkin_skip_building_tests': False, 'cmake_args': None, 'cmake_clean_cache': False, 'cmake_clean_first': False, 'cmake_force_configure': False, 'cmake_target': None, 'cmake_target_skip_unavailable': False, 'install_base': '/home/yony/Dev/ros2_ws/src/install/temp', 'merge_install': False, 'path': '/home/yony/Dev/ros2_ws/src/temp', 'symlink_install': False, 'test_result_base': None}
[0.359s] INFO:colcon.colcon_core.executor:Executing jobs using 'parallel' executor
[0.361s] DEBUG:colcon.colcon_parallel_executor.executor.parallel:run_until_complete
[0.361s] INFO:colcon.colcon_ros.task.ament_python.build:Building ROS package in '/home/yony/Dev/ros2_ws/src/sim' with build type 'ament_python'
[0.362s] Level 1:colcon.colcon_core.shell:create_environment_hook('sim', 'ament_prefix_path')
[0.368s] INFO:colcon.colcon_core.plugin_system:Skipping extension 'colcon_core.shell.bat': Not used on non-Windows systems
[0.368s] INFO:colcon.colcon_core.shell:Creating environment hook '/home/yony/Dev/ros2_ws/src/install/sim/share/sim/hook/ament_prefix_path.ps1'
[0.369s] INFO:colcon.colcon_core.shell:Creating environment descriptor '/home/yony/Dev/ros2_ws/src/install/sim/share/sim/hook/ament_prefix_path.dsv'
[0.369s] INFO:colcon.colcon_core.shell:Creating environment hook '/home/yony/Dev/ros2_ws/src/install/sim/share/sim/hook/ament_prefix_path.sh'
[0.370s] INFO:colcon.colcon_core.shell:Skip shell extension 'powershell' for command environment: Not usable outside of PowerShell
[0.370s] DEBUG:colcon.colcon_core.shell:Skip shell extension 'dsv' for command environment
[0.374s] INFO:colcon.colcon_ros.task.ament_cmake.build:Building ROS package in '/home/yony/Dev/ros2_ws/src/sim_sem_interfaces' with build type 'ament_cmake'
[0.374s] INFO:colcon.colcon_cmake.task.cmake.build:Building CMake package in '/home/yony/Dev/ros2_ws/src/sim_sem_interfaces'
[0.375s] INFO:colcon.colcon_core.shell:Skip shell extension 'powershell' for command environment: Not usable outside of PowerShell
[0.375s] DEBUG:colcon.colcon_core.shell:Skip shell extension 'dsv' for command environment
[0.379s] INFO:colcon.colcon_ros.task.ament_python.build:Building ROS package in '/home/yony/Dev/ros2_ws/src/temp' with build type 'ament_python'
[0.379s] Level 1:colcon.colcon_core.shell:create_environment_hook('temp', 'ament_prefix_path')
[0.380s] INFO:colcon.colcon_core.shell:Creating environment hook '/home/yony/Dev/ros2_ws/src/install/temp/share/temp/hook/ament_prefix_path.ps1'
[0.380s] INFO:colcon.colcon_core.shell:Creating environment descriptor '/home/yony/Dev/ros2_ws/src/install/temp/share/temp/hook/ament_prefix_path.dsv'
[0.380s] INFO:colcon.colcon_core.shell:Creating environment hook '/home/yony/Dev/ros2_ws/src/install/temp/share/temp/hook/ament_prefix_path.sh'
[0.381s] INFO:colcon.colcon_core.shell:Skip shell extension 'powershell' for command environment: Not usable outside of PowerShell
[0.381s] DEBUG:colcon.colcon_core.shell:Skip shell extension 'dsv' for command environment
[0.691s] INFO:colcon.colcon_core.task.python.build:Building Python package in '/home/yony/Dev/ros2_ws/src/sim'
[0.693s] INFO:colcon.colcon_core.shell:Skip shell extension 'powershell' for command environment: Not usable outside of PowerShell
[0.693s] DEBUG:colcon.colcon_core.shell:Skip shell extension 'dsv' for command environment
[0.702s] DEBUG:colcon.colcon_core.event_handler.log_command:Invoking command in '/home/yony/Dev/ros2_ws/src/build/sim_sem_interfaces': CMAKE_PREFIX_PATH=${CMAKE_PREFIX_PATH}:/home/yony/Dev/ros2_ws/src/install/temp:/home/yony/Dev/ros2_ws/src/install/sim:/home/yony/Dev/ros2_ws/src/install/april_ros2:/opt/ros/humble /usr/bin/cmake /home/yony/Dev/ros2_ws/src/sim_sem_interfaces -DCMAKE_INSTALL_PREFIX=/home/yony/Dev/ros2_ws/src/install/sim_sem_interfaces
[1.058s] INFO:colcon.colcon_core.task.python.build:Building Python package in '/home/yony/Dev/ros2_ws/src/temp'
[1.059s] INFO:colcon.colcon_core.shell:Skip shell extension 'powershell' for command environment: Not usable outside of PowerShell
[1.059s] DEBUG:colcon.colcon_core.shell:Skip shell extension 'dsv' for command environment
[1.458s] DEBUG:colcon.colcon_core.event_handler.log_command:Invoking command in '/home/yony/Dev/ros2_ws/src/sim': PYTHONPATH=/home/yony/Dev/ros2_ws/src/install/sim/lib/python3.10/site-packages:${PYTHONPATH} /usr/bin/python3 setup.py egg_info --egg-base ../build/sim build --build-base /home/yony/Dev/ros2_ws/src/build/sim/build install --prefix /home/yony/Dev/ros2_ws/src/install/sim --record /home/yony/Dev/ros2_ws/src/build/sim/install.log --single-version-externally-managed
[1.499s] DEBUG:colcon.colcon_core.event_handler.log_command:Invoking command in '/home/yony/Dev/ros2_ws/src/temp': PYTHONPATH=/home/yony/Dev/ros2_ws/src/install/temp/lib/python3.10/site-packages:${PYTHONPATH} /usr/bin/python3 setup.py egg_info --egg-base ../build/temp build --build-base /home/yony/Dev/ros2_ws/src/build/temp/build install --prefix /home/yony/Dev/ros2_ws/src/install/temp --record /home/yony/Dev/ros2_ws/src/build/temp/install.log --single-version-externally-managed
[1.824s] DEBUG:colcon.colcon_core.event_handler.log_command:Invoked command in '/home/yony/Dev/ros2_ws/src/sim' returned '0': PYTHONPATH=/home/yony/Dev/ros2_ws/src/install/sim/lib/python3.10/site-packages:${PYTHONPATH} /usr/bin/python3 setup.py egg_info --egg-base ../build/sim build --build-base /home/yony/Dev/ros2_ws/src/build/sim/build install --prefix /home/yony/Dev/ros2_ws/src/install/sim --record /home/yony/Dev/ros2_ws/src/build/sim/install.log --single-version-externally-managed
[1.839s] Level 1:colcon.colcon_core.environment:checking '/home/yony/Dev/ros2_ws/src/install/sim' for CMake module files
[1.840s] Level 1:colcon.colcon_core.environment:checking '/home/yony/Dev/ros2_ws/src/install/sim' for CMake config files
[1.842s] Level 1:colcon.colcon_core.environment:checking '/home/yony/Dev/ros2_ws/src/install/sim/lib'
[1.843s] Level 1:colcon.colcon_core.environment:checking '/home/yony/Dev/ros2_ws/src/install/sim/bin'
[1.843s] Level 1:colcon.colcon_core.environment:checking '/home/yony/Dev/ros2_ws/src/install/sim/lib/pkgconfig/sim.pc'
[1.843s] Level 1:colcon.colcon_core.environment:checking '/home/yony/Dev/ros2_ws/src/install/sim/lib/python3.10/site-packages'
[1.844s] Level 1:colcon.colcon_core.shell:create_environment_hook('sim', 'pythonpath')
[1.845s] INFO:colcon.colcon_core.shell:Creating environment hook '/home/yony/Dev/ros2_ws/src/install/sim/share/sim/hook/pythonpath.ps1'
[1.846s] INFO:colcon.colcon_core.shell:Creating environment descriptor '/home/yony/Dev/ros2_ws/src/install/sim/share/sim/hook/pythonpath.dsv'
[1.847s] INFO:colcon.colcon_core.shell:Creating environment hook '/home/yony/Dev/ros2_ws/src/install/sim/share/sim/hook/pythonpath.sh'
[1.848s] Level 1:colcon.colcon_core.environment:checking '/home/yony/Dev/ros2_ws/src/install/sim/bin'
[1.849s] Level 1:colcon.colcon_core.environment:create_environment_scripts_only(sim)
[1.851s] INFO:colcon.colcon_core.shell:Creating package script '/home/yony/Dev/ros2_ws/src/install/sim/share/sim/package.ps1'
[1.853s] INFO:colcon.colcon_core.shell:Creating package descriptor '/home/yony/Dev/ros2_ws/src/install/sim/share/sim/package.dsv'
[1.854s] INFO:colcon.colcon_core.shell:Creating package script '/home/yony/Dev/ros2_ws/src/install/sim/share/sim/package.sh'
[1.856s] INFO:colcon.colcon_core.shell:Creating package script '/home/yony/Dev/ros2_ws/src/install/sim/share/sim/package.bash'
[1.858s] INFO:colcon.colcon_core.shell:Creating package script '/home/yony/Dev/ros2_ws/src/install/sim/share/sim/package.zsh'
[1.860s] Level 1:colcon.colcon_core.environment:create_file_with_runtime_dependencies(/home/yony/Dev/ros2_ws/src/install/sim/share/colcon-core/packages/sim)
[1.864s] Level 1:colcon.colcon_core.environment:checking '/home/yony/Dev/ros2_ws/src/install/temp' for CMake module files
[1.865s] DEBUG:colcon.colcon_core.event_handler.log_command:Invoked command in '/home/yony/Dev/ros2_ws/src/temp' returned '0': PYTHONPATH=/home/yony/Dev/ros2_ws/src/install/temp/lib/python3.10/site-packages:${PYTHONPATH} /usr/bin/python3 setup.py egg_info --egg-base ../build/temp build --build-base /home/yony/Dev/ros2_ws/src/build/temp/build install --prefix /home/yony/Dev/ros2_ws/src/install/temp --record /home/yony/Dev/ros2_ws/src/build/temp/install.log --single-version-externally-managed
[1.866s] Level 1:colcon.colcon_core.environment:checking '/home/yony/Dev/ros2_ws/src/install/temp' for CMake config files
[1.867s] Level 1:colcon.colcon_core.environment:checking '/home/yony/Dev/ros2_ws/src/install/temp/lib'
[1.868s] Level 1:colcon.colcon_core.environment:checking '/home/yony/Dev/ros2_ws/src/install/temp/bin'
[1.868s] Level 1:colcon.colcon_core.environment:checking '/home/yony/Dev/ros2_ws/src/install/temp/lib/pkgconfig/temp.pc'
[1.868s] Level 1:colcon.colcon_core.environment:checking '/home/yony/Dev/ros2_ws/src/install/temp/lib/python3.10/site-packages'
[1.869s] Level 1:colcon.colcon_core.shell:create_environment_hook('temp', 'pythonpath')
[1.870s] INFO:colcon.colcon_core.shell:Creating environment hook '/home/yony/Dev/ros2_ws/src/install/temp/share/temp/hook/pythonpath.ps1'
[1.871s] INFO:colcon.colcon_core.shell:Creating environment descriptor '/home/yony/Dev/ros2_ws/src/install/temp/share/temp/hook/pythonpath.dsv'
[1.872s] INFO:colcon.colcon_core.shell:Creating environment hook '/home/yony/Dev/ros2_ws/src/install/temp/share/temp/hook/pythonpath.sh'
[1.873s] Level 1:colcon.colcon_core.environment:checking '/home/yony/Dev/ros2_ws/src/install/temp/bin'
[1.873s] Level 1:colcon.colcon_core.environment:create_environment_scripts_only(temp)
[1.875s] INFO:colcon.colcon_core.shell:Creating package script '/home/yony/Dev/ros2_ws/src/install/temp/share/temp/package.ps1'
[1.876s] INFO:colcon.colcon_core.shell:Creating package descriptor '/home/yony/Dev/ros2_ws/src/install/temp/share/temp/package.dsv'
[1.877s] INFO:colcon.colcon_core.shell:Creating package script '/home/yony/Dev/ros2_ws/src/install/temp/share/temp/package.sh'
[1.878s] INFO:colcon.colcon_core.shell:Creating package script '/home/yony/Dev/ros2_ws/src/install/temp/share/temp/package.bash'
[1.879s] INFO:colcon.colcon_core.shell:Creating package script '/home/yony/Dev/ros2_ws/src/install/temp/share/temp/package.zsh'
[1.879s] Level 1:colcon.colcon_core.environment:create_file_with_runtime_dependencies(/home/yony/Dev/ros2_ws/src/install/temp/share/colcon-core/packages/temp)
[2.963s] DEBUG:colcon.colcon_core.event_handler.log_command:Invoked command in '/home/yony/Dev/ros2_ws/src/build/sim_sem_interfaces' returned '0': CMAKE_PREFIX_PATH=${CMAKE_PREFIX_PATH}:/home/yony/Dev/ros2_ws/src/install/temp:/home/yony/Dev/ros2_ws/src/install/sim:/home/yony/Dev/ros2_ws/src/install/april_ros2:/opt/ros/humble /usr/bin/cmake /home/yony/Dev/ros2_ws/src/sim_sem_interfaces -DCMAKE_INSTALL_PREFIX=/home/yony/Dev/ros2_ws/src/install/sim_sem_interfaces
[2.967s] DEBUG:colcon.colcon_core.event_handler.log_command:Invoking command in '/home/yony/Dev/ros2_ws/src/build/sim_sem_interfaces': CMAKE_PREFIX_PATH=${CMAKE_PREFIX_PATH}:/home/yony/Dev/ros2_ws/src/install/temp:/home/yony/Dev/ros2_ws/src/install/sim:/home/yony/Dev/ros2_ws/src/install/april_ros2:/opt/ros/humble /usr/bin/cmake --build /home/yony/Dev/ros2_ws/src/build/sim_sem_interfaces -- -j12 -l12
[14.162s] DEBUG:colcon.colcon_core.event_handler.log_command:Invoked command in '/home/yony/Dev/ros2_ws/src/build/sim_sem_interfaces' returned '0': CMAKE_PREFIX_PATH=${CMAKE_PREFIX_PATH}:/home/yony/Dev/ros2_ws/src/install/temp:/home/yony/Dev/ros2_ws/src/install/sim:/home/yony/Dev/ros2_ws/src/install/april_ros2:/opt/ros/humble /usr/bin/cmake --build /home/yony/Dev/ros2_ws/src/build/sim_sem_interfaces -- -j12 -l12
[14.488s] DEBUG:colcon.colcon_core.event_handler.log_command:Invoking command in '/home/yony/Dev/ros2_ws/src/build/sim_sem_interfaces': CMAKE_PREFIX_PATH=${CMAKE_PREFIX_PATH}:/home/yony/Dev/ros2_ws/src/install/temp:/home/yony/Dev/ros2_ws/src/install/sim:/home/yony/Dev/ros2_ws/src/install/april_ros2:/opt/ros/humble /usr/bin/cmake --install /home/yony/Dev/ros2_ws/src/build/sim_sem_interfaces
[14.626s] Level 1:colcon.colcon_core.environment:create_environment_scripts_only(sim_sem_interfaces)
[14.628s] Level 1:colcon.colcon_core.environment:checking '/home/yony/Dev/ros2_ws/src/install/sim_sem_interfaces' for CMake module files
[14.630s] DEBUG:colcon.colcon_core.event_handler.log_command:Invoked command in '/home/yony/Dev/ros2_ws/src/build/sim_sem_interfaces' returned '0': CMAKE_PREFIX_PATH=${CMAKE_PREFIX_PATH}:/home/yony/Dev/ros2_ws/src/install/temp:/home/yony/Dev/ros2_ws/src/install/sim:/home/yony/Dev/ros2_ws/src/install/april_ros2:/opt/ros/humble /usr/bin/cmake --install /home/yony/Dev/ros2_ws/src/build/sim_sem_interfaces
[14.631s] Level 1:colcon.colcon_core.environment:checking '/home/yony/Dev/ros2_ws/src/install/sim_sem_interfaces' for CMake config files
[14.632s] Level 1:colcon.colcon_core.shell:create_environment_hook('sim_sem_interfaces', 'cmake_prefix_path')
[14.633s] INFO:colcon.colcon_core.shell:Creating environment hook '/home/yony/Dev/ros2_ws/src/install/sim_sem_interfaces/share/sim_sem_interfaces/hook/cmake_prefix_path.ps1'
[14.634s] INFO:colcon.colcon_core.shell:Creating environment descriptor '/home/yony/Dev/ros2_ws/src/install/sim_sem_interfaces/share/sim_sem_interfaces/hook/cmake_prefix_path.dsv'
[14.635s] INFO:colcon.colcon_core.shell:Creating environment hook '/home/yony/Dev/ros2_ws/src/install/sim_sem_interfaces/share/sim_sem_interfaces/hook/cmake_prefix_path.sh'
[14.636s] Level 1:colcon.colcon_core.environment:checking '/home/yony/Dev/ros2_ws/src/install/sim_sem_interfaces/lib'
[14.636s] Level 1:colcon.colcon_core.shell:create_environment_hook('sim_sem_interfaces', 'ld_library_path_lib')
[14.638s] INFO:colcon.colcon_core.shell:Creating environment hook '/home/yony/Dev/ros2_ws/src/install/sim_sem_interfaces/share/sim_sem_interfaces/hook/ld_library_path_lib.ps1'
[14.638s] INFO:colcon.colcon_core.shell:Creating environment descriptor '/home/yony/Dev/ros2_ws/src/install/sim_sem_interfaces/share/sim_sem_interfaces/hook/ld_library_path_lib.dsv'
[14.639s] INFO:colcon.colcon_core.shell:Creating environment hook '/home/yony/Dev/ros2_ws/src/install/sim_sem_interfaces/share/sim_sem_interfaces/hook/ld_library_path_lib.sh'
[14.640s] Level 1:colcon.colcon_core.environment:checking '/home/yony/Dev/ros2_ws/src/install/sim_sem_interfaces/bin'
[14.640s] Level 1:colcon.colcon_core.environment:checking '/home/yony/Dev/ros2_ws/src/install/sim_sem_interfaces/lib/pkgconfig/sim_sem_interfaces.pc'
[14.641s] Level 1:colcon.colcon_core.environment:checking '/home/yony/Dev/ros2_ws/src/install/sim_sem_interfaces/lib/python3.10/site-packages'
[14.641s] Level 1:colcon.colcon_core.environment:checking '/home/yony/Dev/ros2_ws/src/install/sim_sem_interfaces/bin'
[14.643s] INFO:colcon.colcon_core.shell:Creating package script '/home/yony/Dev/ros2_ws/src/install/sim_sem_interfaces/share/sim_sem_interfaces/package.ps1'
[14.644s] INFO:colcon.colcon_core.shell:Creating package descriptor '/home/yony/Dev/ros2_ws/src/install/sim_sem_interfaces/share/sim_sem_interfaces/package.dsv'
[14.645s] INFO:colcon.colcon_core.shell:Creating package script '/home/yony/Dev/ros2_ws/src/install/sim_sem_interfaces/share/sim_sem_interfaces/package.sh'
[14.646s] INFO:colcon.colcon_core.shell:Creating package script '/home/yony/Dev/ros2_ws/src/install/sim_sem_interfaces/share/sim_sem_interfaces/package.bash'
[14.647s] INFO:colcon.colcon_core.shell:Creating package script '/home/yony/Dev/ros2_ws/src/install/sim_sem_interfaces/share/sim_sem_interfaces/package.zsh'
[14.648s] Level 1:colcon.colcon_core.environment:create_file_with_runtime_dependencies(/home/yony/Dev/ros2_ws/src/install/sim_sem_interfaces/share/colcon-core/packages/sim_sem_interfaces)
[14.969s] Level 1:colcon.colcon_core.environment:create_environment_scripts_only(sim_sem_interfaces)
[14.970s] Level 1:colcon.colcon_core.environment:checking '/home/yony/Dev/ros2_ws/src/install/sim_sem_interfaces' for CMake module files
[14.971s] Level 1:colcon.colcon_core.environment:checking '/home/yony/Dev/ros2_ws/src/install/sim_sem_interfaces' for CMake config files
[14.971s] Level 1:colcon.colcon_core.shell:create_environment_hook('sim_sem_interfaces', 'cmake_prefix_path')
[14.972s] INFO:colcon.colcon_core.shell:Creating environment hook '/home/yony/Dev/ros2_ws/src/install/sim_sem_interfaces/share/sim_sem_interfaces/hook/cmake_prefix_path.ps1'
[14.972s] INFO:colcon.colcon_core.shell:Creating environment descriptor '/home/yony/Dev/ros2_ws/src/install/sim_sem_interfaces/share/sim_sem_interfaces/hook/cmake_prefix_path.dsv'
[14.973s] INFO:colcon.colcon_core.shell:Creating environment hook '/home/yony/Dev/ros2_ws/src/install/sim_sem_interfaces/share/sim_sem_interfaces/hook/cmake_prefix_path.sh'
[14.973s] Level 1:colcon.colcon_core.environment:checking '/home/yony/Dev/ros2_ws/src/install/sim_sem_interfaces/lib'
[14.973s] Level 1:colcon.colcon_core.shell:create_environment_hook('sim_sem_interfaces', 'ld_library_path_lib')
[14.974s] INFO:colcon.colcon_core.shell:Creating environment hook '/home/yony/Dev/ros2_ws/src/install/sim_sem_interfaces/share/sim_sem_interfaces/hook/ld_library_path_lib.ps1'
[14.974s] INFO:colcon.colcon_core.shell:Creating environment descriptor '/home/yony/Dev/ros2_ws/src/install/sim_sem_interfaces/share/sim_sem_interfaces/hook/ld_library_path_lib.dsv'
[14.975s] INFO:colcon.colcon_core.shell:Creating environment hook '/home/yony/Dev/ros2_ws/src/install/sim_sem_interfaces/share/sim_sem_interfaces/hook/ld_library_path_lib.sh'
[14.975s] Level 1:colcon.colcon_core.environment:checking '/home/yony/Dev/ros2_ws/src/install/sim_sem_interfaces/bin'
[14.975s] Level 1:colcon.colcon_core.environment:checking '/home/yony/Dev/ros2_ws/src/install/sim_sem_interfaces/lib/pkgconfig/sim_sem_interfaces.pc'
[14.975s] Level 1:colcon.colcon_core.environment:checking '/home/yony/Dev/ros2_ws/src/install/sim_sem_interfaces/lib/python3.10/site-packages'
[14.976s] Level 1:colcon.colcon_core.environment:checking '/home/yony/Dev/ros2_ws/src/install/sim_sem_interfaces/bin'
[14.976s] INFO:colcon.colcon_core.shell:Creating package script '/home/yony/Dev/ros2_ws/src/install/sim_sem_interfaces/share/sim_sem_interfaces/package.ps1'
[14.977s] INFO:colcon.colcon_core.shell:Creating package descriptor '/home/yony/Dev/ros2_ws/src/install/sim_sem_interfaces/share/sim_sem_interfaces/package.dsv'
[14.977s] INFO:colcon.colcon_core.shell:Creating package script '/home/yony/Dev/ros2_ws/src/install/sim_sem_interfaces/share/sim_sem_interfaces/package.sh'
[14.978s] INFO:colcon.colcon_core.shell:Creating package script '/home/yony/Dev/ros2_ws/src/install/sim_sem_interfaces/share/sim_sem_interfaces/package.bash'
[14.978s] INFO:colcon.colcon_core.shell:Creating package script '/home/yony/Dev/ros2_ws/src/install/sim_sem_interfaces/share/sim_sem_interfaces/package.zsh'
[14.978s] Level 1:colcon.colcon_core.environment:create_file_with_runtime_dependencies(/home/yony/Dev/ros2_ws/src/install/sim_sem_interfaces/share/colcon-core/packages/sim_sem_interfaces)
[14.979s] DEBUG:colcon.colcon_parallel_executor.executor.parallel:closing loop
[14.979s] DEBUG:colcon.colcon_parallel_executor.executor.parallel:loop closed
[14.979s] DEBUG:colcon.colcon_parallel_executor.executor.parallel:run_until_complete finished with '0'
[14.979s] DEBUG:colcon.colcon_core.event_reactor:joining thread
[14.988s] INFO:colcon.colcon_core.plugin_system:Skipping extension 'colcon_notification.desktop_notification.terminal_notifier': Not used on non-Darwin systems
[14.988s] INFO:colcon.colcon_core.plugin_system:Skipping extension 'colcon_notification.desktop_notification.win32': Not used on non-Windows systems
[14.988s] INFO:colcon.colcon_notification.desktop_notification:Sending desktop notification using 'notify2'
[15.017s] DEBUG:colcon.colcon_core.event_reactor:joined thread
[15.018s] INFO:colcon.colcon_core.shell:Creating prefix script '/home/yony/Dev/ros2_ws/src/install/local_setup.ps1'
[15.019s] INFO:colcon.colcon_core.shell:Creating prefix util module '/home/yony/Dev/ros2_ws/src/install/_local_setup_util_ps1.py'
[15.020s] INFO:colcon.colcon_core.shell:Creating prefix chain script '/home/yony/Dev/ros2_ws/src/install/setup.ps1'
[15.022s] INFO:colcon.colcon_core.shell:Creating prefix script '/home/yony/Dev/ros2_ws/src/install/local_setup.sh'
[15.022s] INFO:colcon.colcon_core.shell:Creating prefix util module '/home/yony/Dev/ros2_ws/src/install/_local_setup_util_sh.py'
[15.023s] INFO:colcon.colcon_core.shell:Creating prefix chain script '/home/yony/Dev/ros2_ws/src/install/setup.sh'
[15.024s] INFO:colcon.colcon_core.shell:Creating prefix script '/home/yony/Dev/ros2_ws/src/install/local_setup.bash'
[15.025s] INFO:colcon.colcon_core.shell:Creating prefix chain script '/home/yony/Dev/ros2_ws/src/install/setup.bash'
[15.026s] INFO:colcon.colcon_core.shell:Creating prefix script '/home/yony/Dev/ros2_ws/src/install/local_setup.zsh'
[15.027s] INFO:colcon.colcon_core.shell:Creating prefix chain script '/home/yony/Dev/ros2_ws/src/install/setup.zsh'
