running egg_info
writing ../build/april_ros2/april_ros2.egg-info/PKG-INFO
writing dependency_links to ../build/april_ros2/april_ros2.egg-info/dependency_links.txt
writing entry points to ../build/april_ros2/april_ros2.egg-info/entry_points.txt
writing requirements to ../build/april_ros2/april_ros2.egg-info/requires.txt
writing top-level names to ../build/april_ros2/april_ros2.egg-info/top_level.txt
reading manifest file '../build/april_ros2/april_ros2.egg-info/SOURCES.txt'
writing manifest file '../build/april_ros2/april_ros2.egg-info/SOURCES.txt'
running build
running build_py
copying april_ros2/dummy_fa.py -> /home/yony/Dev/ros2_ws/src/build/april_ros2/build/lib/april_ros2
copying april_ros2/dummy_grasp.py -> /home/yony/Dev/ros2_ws/src/build/april_ros2/build/lib/april_ros2
copying april_ros2/dummy_hb.py -> /home/yony/Dev/ros2_ws/src/build/april_ros2/build/lib/april_ros2
copying april_ros2/dummy_nc.py -> /home/yony/Dev/ros2_ws/src/build/april_ros2/build/lib/april_ros2
copying april_ros2/dummy_nv.py -> /home/yony/Dev/ros2_ws/src/build/april_ros2/build/lib/april_ros2
running install
running install_lib
copying /home/yony/Dev/ros2_ws/src/build/april_ros2/build/lib/april_ros2/dummy_fa.py -> /home/yony/Dev/ros2_ws/src/install/april_ros2/lib/python3.8/site-packages/april_ros2
copying /home/yony/Dev/ros2_ws/src/build/april_ros2/build/lib/april_ros2/dummy_grasp.py -> /home/yony/Dev/ros2_ws/src/install/april_ros2/lib/python3.8/site-packages/april_ros2
copying /home/yony/Dev/ros2_ws/src/build/april_ros2/build/lib/april_ros2/dummy_hb.py -> /home/yony/Dev/ros2_ws/src/install/april_ros2/lib/python3.8/site-packages/april_ros2
copying /home/yony/Dev/ros2_ws/src/build/april_ros2/build/lib/april_ros2/dummy_nc.py -> /home/yony/Dev/ros2_ws/src/install/april_ros2/lib/python3.8/site-packages/april_ros2
copying /home/yony/Dev/ros2_ws/src/build/april_ros2/build/lib/april_ros2/dummy_nv.py -> /home/yony/Dev/ros2_ws/src/install/april_ros2/lib/python3.8/site-packages/april_ros2
byte-compiling /home/yony/Dev/ros2_ws/src/install/april_ros2/lib/python3.8/site-packages/april_ros2/dummy_fa.py to dummy_fa.cpython-38.pyc
byte-compiling /home/yony/Dev/ros2_ws/src/install/april_ros2/lib/python3.8/site-packages/april_ros2/dummy_grasp.py to dummy_grasp.cpython-38.pyc
byte-compiling /home/yony/Dev/ros2_ws/src/install/april_ros2/lib/python3.8/site-packages/april_ros2/dummy_hb.py to dummy_hb.cpython-38.pyc
byte-compiling /home/yony/Dev/ros2_ws/src/install/april_ros2/lib/python3.8/site-packages/april_ros2/dummy_nc.py to dummy_nc.cpython-38.pyc
byte-compiling /home/yony/Dev/ros2_ws/src/install/april_ros2/lib/python3.8/site-packages/april_ros2/dummy_nv.py to dummy_nv.cpython-38.pyc
running install_data
copying launch/april.launch.py -> /home/yony/Dev/ros2_ws/src/install/april_ros2/share/april_ros2
running install_egg_info
removing '/home/yony/Dev/ros2_ws/src/install/april_ros2/lib/python3.8/site-packages/april_ros2-0.0.1-py3.8.egg-info' (and everything under it)
Copying ../build/april_ros2/april_ros2.egg-info to /home/yony/Dev/ros2_ws/src/install/april_ros2/lib/python3.8/site-packages/april_ros2-0.0.1-py3.8.egg-info
running install_scripts
Installing dummy_fa script to /home/yony/Dev/ros2_ws/src/install/april_ros2/lib/april_ros2
Installing dummy_grasp script to /home/yony/Dev/ros2_ws/src/install/april_ros2/lib/april_ros2
Installing dummy_hb script to /home/yony/Dev/ros2_ws/src/install/april_ros2/lib/april_ros2
Installing dummy_nc script to /home/yony/Dev/ros2_ws/src/install/april_ros2/lib/april_ros2
Installing dummy_nv script to /home/yony/Dev/ros2_ws/src/install/april_ros2/lib/april_ros2
Installing sem script to /home/yony/Dev/ros2_ws/src/install/april_ros2/lib/april_ros2
Installing sim script to /home/yony/Dev/ros2_ws/src/install/april_ros2/lib/april_ros2
writing list of installed files to '/home/yony/Dev/ros2_ws/src/build/april_ros2/install.log'
