[0.694s] Invoking command in '/home/yony/Dev/ros2_ws/src/april_ros2': PYTHONPATH=/home/yony/Dev/ros2_ws/src/install/april_ros2/lib/python3.8/site-packages:${PYTHONPATH} /usr/bin/python3 setup.py egg_info --egg-base ../build/april_ros2 build --build-base /home/yony/Dev/ros2_ws/src/build/april_ros2/build install --prefix /home/yony/Dev/ros2_ws/src/install/april_ros2 --record /home/yony/Dev/ros2_ws/src/build/april_ros2/install.log --single-version-externally-managed
[0.938s] running egg_info
[0.938s] writing ../build/april_ros2/april_ros2.egg-info/PKG-INFO
[0.938s] writing dependency_links to ../build/april_ros2/april_ros2.egg-info/dependency_links.txt
[0.938s] writing entry points to ../build/april_ros2/april_ros2.egg-info/entry_points.txt
[0.939s] writing requirements to ../build/april_ros2/april_ros2.egg-info/requires.txt
[0.939s] writing top-level names to ../build/april_ros2/april_ros2.egg-info/top_level.txt
[0.974s] reading manifest file '../build/april_ros2/april_ros2.egg-info/SOURCES.txt'
[0.975s] writing manifest file '../build/april_ros2/april_ros2.egg-info/SOURCES.txt'
[0.976s] running build
[0.976s] running build_py
[0.976s] copying april_ros2/dummy_fa.py -> /home/yony/Dev/ros2_ws/src/build/april_ros2/build/lib/april_ros2
[0.976s] copying april_ros2/dummy_grasp.py -> /home/yony/Dev/ros2_ws/src/build/april_ros2/build/lib/april_ros2
[0.977s] copying april_ros2/dummy_hb.py -> /home/yony/Dev/ros2_ws/src/build/april_ros2/build/lib/april_ros2
[0.977s] copying april_ros2/dummy_nc.py -> /home/yony/Dev/ros2_ws/src/build/april_ros2/build/lib/april_ros2
[0.977s] copying april_ros2/dummy_nv.py -> /home/yony/Dev/ros2_ws/src/build/april_ros2/build/lib/april_ros2
[0.977s] running install
[0.977s] running install_lib
[0.978s] copying /home/yony/Dev/ros2_ws/src/build/april_ros2/build/lib/april_ros2/dummy_fa.py -> /home/yony/Dev/ros2_ws/src/install/april_ros2/lib/python3.8/site-packages/april_ros2
[0.978s] copying /home/yony/Dev/ros2_ws/src/build/april_ros2/build/lib/april_ros2/dummy_grasp.py -> /home/yony/Dev/ros2_ws/src/install/april_ros2/lib/python3.8/site-packages/april_ros2
[0.979s] copying /home/yony/Dev/ros2_ws/src/build/april_ros2/build/lib/april_ros2/dummy_hb.py -> /home/yony/Dev/ros2_ws/src/install/april_ros2/lib/python3.8/site-packages/april_ros2
[0.979s] copying /home/yony/Dev/ros2_ws/src/build/april_ros2/build/lib/april_ros2/dummy_nc.py -> /home/yony/Dev/ros2_ws/src/install/april_ros2/lib/python3.8/site-packages/april_ros2
[0.979s] copying /home/yony/Dev/ros2_ws/src/build/april_ros2/build/lib/april_ros2/dummy_nv.py -> /home/yony/Dev/ros2_ws/src/install/april_ros2/lib/python3.8/site-packages/april_ros2
[0.979s] byte-compiling /home/yony/Dev/ros2_ws/src/install/april_ros2/lib/python3.8/site-packages/april_ros2/dummy_fa.py to dummy_fa.cpython-38.pyc
[0.980s] byte-compiling /home/yony/Dev/ros2_ws/src/install/april_ros2/lib/python3.8/site-packages/april_ros2/dummy_grasp.py to dummy_grasp.cpython-38.pyc
[0.981s] byte-compiling /home/yony/Dev/ros2_ws/src/install/april_ros2/lib/python3.8/site-packages/april_ros2/dummy_hb.py to dummy_hb.cpython-38.pyc
[0.981s] byte-compiling /home/yony/Dev/ros2_ws/src/install/april_ros2/lib/python3.8/site-packages/april_ros2/dummy_nc.py to dummy_nc.cpython-38.pyc
[0.982s] byte-compiling /home/yony/Dev/ros2_ws/src/install/april_ros2/lib/python3.8/site-packages/april_ros2/dummy_nv.py to dummy_nv.cpython-38.pyc
[0.982s] running install_data
[0.983s] copying launch/april.launch.py -> /home/yony/Dev/ros2_ws/src/install/april_ros2/share/april_ros2
[0.983s] running install_egg_info
[0.984s] removing '/home/yony/Dev/ros2_ws/src/install/april_ros2/lib/python3.8/site-packages/april_ros2-0.0.1-py3.8.egg-info' (and everything under it)
[0.984s] Copying ../build/april_ros2/april_ros2.egg-info to /home/yony/Dev/ros2_ws/src/install/april_ros2/lib/python3.8/site-packages/april_ros2-0.0.1-py3.8.egg-info
[0.985s] running install_scripts
[1.003s] Installing dummy_fa script to /home/yony/Dev/ros2_ws/src/install/april_ros2/lib/april_ros2
[1.004s] Installing dummy_grasp script to /home/yony/Dev/ros2_ws/src/install/april_ros2/lib/april_ros2
[1.004s] Installing dummy_hb script to /home/yony/Dev/ros2_ws/src/install/april_ros2/lib/april_ros2
[1.004s] Installing dummy_nc script to /home/yony/Dev/ros2_ws/src/install/april_ros2/lib/april_ros2
[1.004s] Installing dummy_nv script to /home/yony/Dev/ros2_ws/src/install/april_ros2/lib/april_ros2
[1.005s] Installing sem script to /home/yony/Dev/ros2_ws/src/install/april_ros2/lib/april_ros2
[1.005s] Installing sim script to /home/yony/Dev/ros2_ws/src/install/april_ros2/lib/april_ros2
[1.005s] writing list of installed files to '/home/yony/Dev/ros2_ws/src/build/april_ros2/install.log'
[1.026s] Invoked command in '/home/yony/Dev/ros2_ws/src/april_ros2' returned '0': PYTHONPATH=/home/yony/Dev/ros2_ws/src/install/april_ros2/lib/python3.8/site-packages:${PYTHONPATH} /usr/bin/python3 setup.py egg_info --egg-base ../build/april_ros2 build --build-base /home/yony/Dev/ros2_ws/src/build/april_ros2/build install --prefix /home/yony/Dev/ros2_ws/src/install/april_ros2 --record /home/yony/Dev/ros2_ws/src/build/april_ros2/install.log --single-version-externally-managed
