[0.014s] Invoking command in '/home/yony/Dev/ros2_ws/build/sim_sem_interfaces': CMAKE_PREFIX_PATH=/opt/ros/humble /usr/bin/cmake /home/yony/Dev/ros2_ws/src/sim_sem_interfaces -DCMAKE_INSTALL_PREFIX=/home/yony/Dev/ros2_ws/install/sim_sem_interfaces
[0.028s] -- Found ament_cmake: 1.3.2 (/opt/ros/humble/share/ament_cmake/cmake)
[0.179s] -- Found rosidl_default_generators: 1.2.0 (/opt/ros/humble/share/rosidl_default_generators/cmake)
[0.184s] -- Using all available rosidl_typesupport_c: rosidl_typesupport_fastrtps_c;rosidl_typesupport_introspection_c
[0.191s] -- Found rosidl_adapter: 3.1.3 (/opt/ros/humble/share/rosidl_adapter/cmake)
[0.247s] -- Using all available rosidl_typesupport_cpp: rosidl_typesupport_fastrtps_cpp;rosidl_typesupport_introspection_cpp
[0.279s] -- Found ament_lint_auto: 0.12.4 (/opt/ros/humble/share/ament_lint_auto/cmake)
[0.638s] -- Found ament_cmake_ros: 0.10.0 (/opt/ros/humble/share/ament_cmake_ros/cmake)
[0.863s] -- Using all available rosidl_typesupport_c: rosidl_typesupport_fastrtps_c;rosidl_typesupport_introspection_c
[1.123s] -- Using all available rosidl_typesupport_cpp: rosidl_typesupport_fastrtps_cpp;rosidl_typesupport_introspection_cpp
[1.146s] -- Found PythonInterp: /usr/bin/python3 (found suitable version "3.10.4", minimum required is "3.6") 
[1.148s] -- Found python_cmake_module: 0.10.0 (/opt/ros/humble/share/python_cmake_module/cmake)
[1.178s] -- Found PythonLibs: /usr/lib/x86_64-linux-gnu/libpython3.10.so (found suitable version "3.10.4", minimum required is "3.5") 
[1.178s] -- Using PYTHON_EXECUTABLE: /usr/bin/python3
[1.178s] -- Using PYTHON_INCLUDE_DIRS: /usr/include/python3.10
[1.179s] -- Using PYTHON_LIBRARIES: /usr/lib/x86_64-linux-gnu/libpython3.10.so
[1.198s] -- Found PythonExtra: .so  
[1.235s] -- Added test 'lint_cmake' to check CMake code style
[1.237s] -- Added test 'xmllint' to check XML markup files
[1.242s] -- Configuring done
[1.304s] -- Generating done
[1.306s] -- Build files have been written to: /home/yony/Dev/ros2_ws/build/sim_sem_interfaces
[1.313s] Invoked command in '/home/yony/Dev/ros2_ws/build/sim_sem_interfaces' returned '0': CMAKE_PREFIX_PATH=/opt/ros/humble /usr/bin/cmake /home/yony/Dev/ros2_ws/src/sim_sem_interfaces -DCMAKE_INSTALL_PREFIX=/home/yony/Dev/ros2_ws/install/sim_sem_interfaces
[1.318s] Invoking command in '/home/yony/Dev/ros2_ws/build/sim_sem_interfaces': CMAKE_PREFIX_PATH=/opt/ros/humble /usr/bin/cmake --build /home/yony/Dev/ros2_ws/build/sim_sem_interfaces -- -j12 -l12
[1.368s] [  0%] [34m[1mGenerating C code for ROS interfaces[0m
[1.377s] [  0%] [34m[1mGenerating C++ code for ROS interfaces[0m
[1.381s] [  0%] Built target ament_cmake_python_copy_sim_sem_interfaces
[1.652s] running egg_info
[1.653s] creating sim_sem_interfaces.egg-info
[1.653s] writing sim_sem_interfaces.egg-info/PKG-INFO
[1.654s] writing dependency_links to sim_sem_interfaces.egg-info/dependency_links.txt
[1.654s] writing top-level names to sim_sem_interfaces.egg-info/top_level.txt
[1.656s] writing manifest file 'sim_sem_interfaces.egg-info/SOURCES.txt'
[1.660s] reading manifest file 'sim_sem_interfaces.egg-info/SOURCES.txt'
[1.660s] writing manifest file 'sim_sem_interfaces.egg-info/SOURCES.txt'
[1.686s] [  0%] Built target ament_cmake_python_build_sim_sem_interfaces_egg
[2.496s] [  0%] Built target sim_sem_interfaces__cpp
[2.505s] [  2%] [34m[1mGenerating C++ type support for eProsima Fast-RTPS[0m
[2.505s] [  2%] [34m[1mGenerating C++ type support dispatch for ROS interfaces[0m
[2.506s] [  2%] [34m[1mGenerating C++ introspection for ROS interfaces[0m
[2.653s] [  3%] [32mBuilding C object CMakeFiles/sim_sem_interfaces__rosidl_generator_c.dir/rosidl_generator_c/sim_sem_interfaces/msg/detail/emergency__functions.c.o[0m
[2.655s] [  4%] [32mBuilding C object CMakeFiles/sim_sem_interfaces__rosidl_generator_c.dir/rosidl_generator_c/sim_sem_interfaces/msg/detail/fatigue_analysis__functions.c.o[0m
[2.655s] [  4%] [32mBuilding C object CMakeFiles/sim_sem_interfaces__rosidl_generator_c.dir/rosidl_generator_c/sim_sem_interfaces/msg/detail/emergency_request_status__functions.c.o[0m
[2.655s] [  4%] [32mBuilding C object CMakeFiles/sim_sem_interfaces__rosidl_generator_c.dir/rosidl_generator_c/sim_sem_interfaces/msg/detail/human_behaviour__functions.c.o[0m
[2.656s] [  5%] [32mBuilding C object CMakeFiles/sim_sem_interfaces__rosidl_generator_c.dir/rosidl_generator_c/sim_sem_interfaces/msg/detail/human_grasping_strategies__functions.c.o[0m
[2.656s] [  5%] [32mBuilding C object CMakeFiles/sim_sem_interfaces__rosidl_generator_c.dir/rosidl_generator_c/sim_sem_interfaces/msg/detail/human_hand_gesture__functions.c.o[0m
[2.657s] [  6%] [32mBuilding C object CMakeFiles/sim_sem_interfaces__rosidl_generator_c.dir/rosidl_generator_c/sim_sem_interfaces/msg/detail/environment__functions.c.o[0m
[2.657s] [  6%] [32mBuilding C object CMakeFiles/sim_sem_interfaces__rosidl_generator_c.dir/rosidl_generator_c/sim_sem_interfaces/msg/detail/human_sight__functions.c.o[0m
[2.661s] [  7%] [32mBuilding C object CMakeFiles/sim_sem_interfaces__rosidl_generator_c.dir/rosidl_generator_c/sim_sem_interfaces/msg/detail/human_motion__functions.c.o[0m
[2.694s] In file included from [01m[K/home/yony/Dev/ros2_ws/build/sim_sem_interfaces/rosidl_generator_c/sim_sem_interfaces/msg/detail/human_behaviour__functions.h:19[m[K,
[2.694s]                  from [01m[K/home/yony/Dev/ros2_ws/build/sim_sem_interfaces/rosidl_generator_c/sim_sem_interfaces/msg/detail/human_behaviour__functions.c:4[m[K:
[2.694s] [01m[K/home/yony/Dev/ros2_ws/build/sim_sem_interfaces/rosidl_generator_c/sim_sem_interfaces/msg/detail/human_behaviour__struct.h:22:10:[m[K [01;31m[Kfatal error: [m[Kstd_msgs/msg/detail/header__struct.h: No such file or directory
[2.694s]    22 | #include [01;31m[K"std_msgs/msg/detail/header__struct.h"[m[K
[2.695s]       |          [01;31m[K^~~~~~~~~~~~~~~~~~~~~~~~~~~~~~~~~~~~~~[m[K
[2.695s] In file included from [01m[K/home/yony/Dev/ros2_ws/build/sim_sem_interfaces/rosidl_generator_c/sim_sem_interfaces/msg/detail/environment__functions.h:19[m[K,
[2.695s]                  from [01m[K/home/yony/Dev/ros2_ws/build/sim_sem_interfaces/rosidl_generator_c/sim_sem_interfaces/msg/detail/environment__functions.c:4[m[K:
[2.695s] [01m[K/home/yony/Dev/ros2_ws/build/sim_sem_interfaces/rosidl_generator_c/sim_sem_interfaces/msg/detail/environment__struct.h:22:10:[m[K [01;31m[Kfatal error: [m[Kstd_msgs/msg/detail/header__struct.h: No such file or directory
[2.695s]    22 | #include [01;31m[K"std_msgs/msg/detail/header__struct.h"[m[K
[2.695s]       |          [01;31m[K^~~~~~~~~~~~~~~~~~~~~~~~~~~~~~~~~~~~~~[m[K
[2.696s] compilation terminated.
[2.696s] compilation terminated.
[2.696s] gmake[2]: *** [CMakeFiles/sim_sem_interfaces__rosidl_generator_c.dir/build.make:449: CMakeFiles/sim_sem_interfaces__rosidl_generator_c.dir/rosidl_generator_c/sim_sem_interfaces/msg/detail/human_behaviour__functions.c.o] Error 1
[2.696s] gmake[2]: *** Waiting for unfinished jobs....
[2.696s] gmake[2]: *** [CMakeFiles/sim_sem_interfaces__rosidl_generator_c.dir/build.make:421: CMakeFiles/sim_sem_interfaces__rosidl_generator_c.dir/rosidl_generator_c/sim_sem_interfaces/msg/detail/environment__functions.c.o] Error 1
[2.739s] gmake[1]: *** [CMakeFiles/Makefile2:213: CMakeFiles/sim_sem_interfaces__rosidl_generator_c.dir/all] Error 2
[2.739s] gmake[1]: *** Waiting for unfinished jobs....
[3.174s] [  8%] [32mBuilding CXX object CMakeFiles/sim_sem_interfaces__rosidl_typesupport_cpp.dir/rosidl_typesupport_cpp/sim_sem_interfaces/msg/emergency_request_status__type_support.cpp.o[0m
[3.175s] [  8%] [32mBuilding CXX object CMakeFiles/sim_sem_interfaces__rosidl_typesupport_cpp.dir/rosidl_typesupport_cpp/sim_sem_interfaces/msg/emergency__type_support.cpp.o[0m
[3.175s] [  9%] [32mBuilding CXX object CMakeFiles/sim_sem_interfaces__rosidl_typesupport_cpp.dir/rosidl_typesupport_cpp/sim_sem_interfaces/msg/environment__type_support.cpp.o[0m
[3.176s] [  9%] [32mBuilding CXX object CMakeFiles/sim_sem_interfaces__rosidl_typesupport_cpp.dir/rosidl_typesupport_cpp/sim_sem_interfaces/msg/fatigue_analysis__type_support.cpp.o[0m
[3.176s] [ 10%] [32mBuilding CXX object CMakeFiles/sim_sem_interfaces__rosidl_typesupport_cpp.dir/rosidl_typesupport_cpp/sim_sem_interfaces/msg/human_behaviour__type_support.cpp.o[0m
[3.177s] [ 11%] [32mBuilding CXX object CMakeFiles/sim_sem_interfaces__rosidl_typesupport_cpp.dir/rosidl_typesupport_cpp/sim_sem_interfaces/msg/human_hand_gesture__type_support.cpp.o[0m
[3.177s] [ 11%] [32mBuilding CXX object CMakeFiles/sim_sem_interfaces__rosidl_typesupport_cpp.dir/rosidl_typesupport_cpp/sim_sem_interfaces/msg/human_motion__type_support.cpp.o[0m
[3.177s] [ 12%] [32mBuilding CXX object CMakeFiles/sim_sem_interfaces__rosidl_typesupport_cpp.dir/rosidl_typesupport_cpp/sim_sem_interfaces/msg/human_sight__type_support.cpp.o[0m
[3.178s] [ 12%] [32mBuilding CXX object CMakeFiles/sim_sem_interfaces__rosidl_typesupport_cpp.dir/rosidl_typesupport_cpp/sim_sem_interfaces/msg/human_grasping_strategies__type_support.cpp.o[0m
[3.183s] [ 13%] [32mBuilding CXX object CMakeFiles/sim_sem_interfaces__rosidl_typesupport_cpp.dir/rosidl_typesupport_cpp/sim_sem_interfaces/msg/neuromorphic_sensing__type_support.cpp.o[0m
[3.285s] In file included from [01m[K/home/yony/Dev/ros2_ws/build/sim_sem_interfaces/rosidl_typesupport_cpp/sim_sem_interfaces/msg/environment__type_support.cpp:7[m[K:
[3.286s] [01m[K/home/yony/Dev/ros2_ws/build/sim_sem_interfaces/rosidl_generator_cpp/sim_sem_interfaces/msg/detail/environment__struct.hpp:20:10:[m[K [01;31m[Kfatal error: [m[Kstd_msgs/msg/detail/header__struct.hpp: No such file or directory
[3.286s]    20 | #include [01;31m[K"std_msgs/msg/detail/header__struct.hpp"[m[K
[3.286s]       |          [01;31m[K^~~~~~~~~~~~~~~~~~~~~~~~~~~~~~~~~~~~~~~~[m[K
[3.286s] compilation terminated.
[3.286s] In file included from [01m[K/home/yony/Dev/ros2_ws/build/sim_sem_interfaces/rosidl_typesupport_cpp/sim_sem_interfaces/msg/human_behaviour__type_support.cpp:7[m[K:
[3.286s] [01m[K/home/yony/Dev/ros2_ws/build/sim_sem_interfaces/rosidl_generator_cpp/sim_sem_interfaces/msg/detail/human_behaviour__struct.hpp:20:10:[m[K [01;31m[Kfatal error: [m[Kstd_msgs/msg/detail/header__struct.hpp: No such file or directory
[3.286s]    20 | #include [01;31m[K"std_msgs/msg/detail/header__struct.hpp"[m[K
[3.287s]       |          [01;31m[K^~~~~~~~~~~~~~~~~~~~~~~~~~~~~~~~~~~~~~~~[m[K
[3.287s] compilation terminated.
[3.287s] gmake[2]: *** [CMakeFiles/sim_sem_interfaces__rosidl_typesupport_cpp.dir/build.make:186: CMakeFiles/sim_sem_interfaces__rosidl_typesupport_cpp.dir/rosidl_typesupport_cpp/sim_sem_interfaces/msg/environment__type_support.cpp.o] Error 1
[3.288s] gmake[2]: *** Waiting for unfinished jobs....
[3.288s] gmake[2]: *** [CMakeFiles/sim_sem_interfaces__rosidl_typesupport_cpp.dir/build.make:214: CMakeFiles/sim_sem_interfaces__rosidl_typesupport_cpp.dir/rosidl_typesupport_cpp/sim_sem_interfaces/msg/human_behaviour__type_support.cpp.o] Error 1
[3.549s] [ 15%] [32mBuilding CXX object CMakeFiles/sim_sem_interfaces__rosidl_typesupport_introspection_cpp.dir/rosidl_typesupport_introspection_cpp/sim_sem_interfaces/msg/detail/environment__type_support.cpp.o[0m
[3.549s] [ 15%] [32mBuilding CXX object CMakeFiles/sim_sem_interfaces__rosidl_typesupport_introspection_cpp.dir/rosidl_typesupport_introspection_cpp/sim_sem_interfaces/msg/detail/emergency_request_status__type_support.cpp.o[0m
[3.550s] [ 15%] [32mBuilding CXX object CMakeFiles/sim_sem_interfaces__rosidl_typesupport_introspection_cpp.dir/rosidl_typesupport_introspection_cpp/sim_sem_interfaces/msg/detail/emergency__type_support.cpp.o[0m
[3.641s] gmake[1]: *** [CMakeFiles/Makefile2:395: CMakeFiles/sim_sem_interfaces__rosidl_typesupport_cpp.dir/all] Error 2
[3.642s] [ 15%] [32mBuilding CXX object CMakeFiles/sim_sem_interfaces__rosidl_typesupport_introspection_cpp.dir/rosidl_typesupport_introspection_cpp/sim_sem_interfaces/msg/detail/fatigue_analysis__type_support.cpp.o[0m
[3.643s] [ 15%] [32mBuilding CXX object CMakeFiles/sim_sem_interfaces__rosidl_typesupport_introspection_cpp.dir/rosidl_typesupport_introspection_cpp/sim_sem_interfaces/msg/detail/human_hand_gesture__type_support.cpp.o[0m
[3.643s] [ 16%] [32mBuilding CXX object CMakeFiles/sim_sem_interfaces__rosidl_typesupport_introspection_cpp.dir/rosidl_typesupport_introspection_cpp/sim_sem_interfaces/msg/detail/human_grasping_strategies__type_support.cpp.o[0m
[3.643s] [ 17%] [32mBuilding CXX object CMakeFiles/sim_sem_interfaces__rosidl_typesupport_introspection_cpp.dir/rosidl_typesupport_introspection_cpp/sim_sem_interfaces/msg/detail/human_behaviour__type_support.cpp.o[0m
[3.644s] [ 18%] [32mBuilding CXX object CMakeFiles/sim_sem_interfaces__rosidl_typesupport_introspection_cpp.dir/rosidl_typesupport_introspection_cpp/sim_sem_interfaces/msg/detail/human_motion__type_support.cpp.o[0m
[3.645s] [ 18%] [32mBuilding CXX object CMakeFiles/sim_sem_interfaces__rosidl_typesupport_introspection_cpp.dir/rosidl_typesupport_introspection_cpp/sim_sem_interfaces/msg/detail/human_sight__type_support.cpp.o[0m
[3.651s] [ 19%] [32mBuilding CXX object CMakeFiles/sim_sem_interfaces__rosidl_typesupport_introspection_cpp.dir/rosidl_typesupport_introspection_cpp/sim_sem_interfaces/msg/detail/neuromorphic_sensing__type_support.cpp.o[0m
[3.654s] [ 19%] [32mBuilding CXX object CMakeFiles/sim_sem_interfaces__rosidl_typesupport_introspection_cpp.dir/rosidl_typesupport_introspection_cpp/sim_sem_interfaces/msg/detail/physical_object__type_support.cpp.o[0m
[3.656s] In file included from [01m[K/home/yony/Dev/ros2_ws/build/sim_sem_interfaces/rosidl_typesupport_introspection_cpp/sim_sem_interfaces/msg/detail/environment__type_support.cpp:12[m[K:
[3.656s] [01m[K/home/yony/Dev/ros2_ws/build/sim_sem_interfaces/rosidl_generator_cpp/sim_sem_interfaces/msg/detail/environment__struct.hpp:20:10:[m[K [01;31m[Kfatal error: [m[Kstd_msgs/msg/detail/header__struct.hpp: No such file or directory
[3.656s]    20 | #include [01;31m[K"std_msgs/msg/detail/header__struct.hpp"[m[K
[3.656s]       |          [01;31m[K^~~~~~~~~~~~~~~~~~~~~~~~~~~~~~~~~~~~~~~~[m[K
[3.656s] compilation terminated.
[3.658s] gmake[2]: *** [CMakeFiles/sim_sem_interfaces__rosidl_typesupport_introspection_cpp.dir/build.make:245: CMakeFiles/sim_sem_interfaces__rosidl_typesupport_introspection_cpp.dir/rosidl_typesupport_introspection_cpp/sim_sem_interfaces/msg/detail/environment__type_support.cpp.o] Error 1
[3.658s] gmake[2]: *** Waiting for unfinished jobs....
[3.748s] In file included from [01m[K/home/yony/Dev/ros2_ws/build/sim_sem_interfaces/rosidl_typesupport_introspection_cpp/sim_sem_interfaces/msg/detail/human_behaviour__type_support.cpp:12[m[K:
[3.749s] [01m[K/home/yony/Dev/ros2_ws/build/sim_sem_interfaces/rosidl_generator_cpp/sim_sem_interfaces/msg/detail/human_behaviour__struct.hpp:20:10:[m[K [01;31m[Kfatal error: [m[Kstd_msgs/msg/detail/header__struct.hpp: No such file or directory
[3.749s]    20 | #include [01;31m[K"std_msgs/msg/detail/header__struct.hpp"[m[K
[3.749s]       |          [01;31m[K^~~~~~~~~~~~~~~~~~~~~~~~~~~~~~~~~~~~~~~~[m[K
[3.749s] compilation terminated.
[3.750s] gmake[2]: *** [CMakeFiles/sim_sem_interfaces__rosidl_typesupport_introspection_cpp.dir/build.make:273: CMakeFiles/sim_sem_interfaces__rosidl_typesupport_introspection_cpp.dir/rosidl_typesupport_introspection_cpp/sim_sem_interfaces/msg/detail/human_behaviour__type_support.cpp.o] Error 1
[3.835s] [ 20%] [32mBuilding CXX object CMakeFiles/sim_sem_interfaces__rosidl_typesupport_fastrtps_cpp.dir/rosidl_typesupport_fastrtps_cpp/sim_sem_interfaces/msg/detail/dds_fastrtps/environment__type_support.cpp.o[0m
[3.835s] [ 20%] [32mBuilding CXX object CMakeFiles/sim_sem_interfaces__rosidl_typesupport_fastrtps_cpp.dir/rosidl_typesupport_fastrtps_cpp/sim_sem_interfaces/msg/detail/dds_fastrtps/emergency_request_status__type_support.cpp.o[0m
[3.836s] [ 21%] [32mBuilding CXX object CMakeFiles/sim_sem_interfaces__rosidl_typesupport_fastrtps_cpp.dir/rosidl_typesupport_fastrtps_cpp/sim_sem_interfaces/msg/detail/dds_fastrtps/emergency__type_support.cpp.o[0m
[3.930s] In file included from [01m[K/home/yony/Dev/ros2_ws/build/sim_sem_interfaces/rosidl_typesupport_fastrtps_cpp/sim_sem_interfaces/msg/detail/environment__rosidl_typesupport_fastrtps_cpp.hpp:11[m[K,
[3.931s]                  from [01m[K/home/yony/Dev/ros2_ws/build/sim_sem_interfaces/rosidl_typesupport_fastrtps_cpp/sim_sem_interfaces/msg/detail/dds_fastrtps/environment__type_support.cpp:4[m[K:
[3.931s] [01m[K/home/yony/Dev/ros2_ws/build/sim_sem_interfaces/rosidl_generator_cpp/sim_sem_interfaces/msg/detail/environment__struct.hpp:20:10:[m[K [01;31m[Kfatal error: [m[Kstd_msgs/msg/detail/header__struct.hpp: No such file or directory
[3.931s]    20 | #include [01;31m[K"std_msgs/msg/detail/header__struct.hpp"[m[K
[3.932s]       |          [01;31m[K^~~~~~~~~~~~~~~~~~~~~~~~~~~~~~~~~~~~~~~~[m[K
[3.932s] compilation terminated.
[3.932s] gmake[2]: *** [CMakeFiles/sim_sem_interfaces__rosidl_typesupport_fastrtps_cpp.dir/build.make:245: CMakeFiles/sim_sem_interfaces__rosidl_typesupport_fastrtps_cpp.dir/rosidl_typesupport_fastrtps_cpp/sim_sem_interfaces/msg/detail/dds_fastrtps/environment__type_support.cpp.o] Error 1
[3.932s] gmake[2]: *** Waiting for unfinished jobs....
[4.356s] gmake[1]: *** [CMakeFiles/Makefile2:369: CMakeFiles/sim_sem_interfaces__rosidl_typesupport_introspection_cpp.dir/all] Error 2
[4.417s] gmake[1]: *** [CMakeFiles/Makefile2:343: CMakeFiles/sim_sem_interfaces__rosidl_typesupport_fastrtps_cpp.dir/all] Error 2
[4.417s] gmake: *** [Makefile:146: all] Error 2
[4.420s] Invoked command in '/home/yony/Dev/ros2_ws/build/sim_sem_interfaces' returned '2': CMAKE_PREFIX_PATH=/opt/ros/humble /usr/bin/cmake --build /home/yony/Dev/ros2_ws/build/sim_sem_interfaces -- -j12 -l12
