running egg_info
writing ../build/sim/sim.egg-info/PKG-INFO
writing dependency_links to ../build/sim/sim.egg-info/dependency_links.txt
writing entry points to ../build/sim/sim.egg-info/entry_points.txt
writing requirements to ../build/sim/sim.egg-info/requires.txt
writing top-level names to ../build/sim/sim.egg-info/top_level.txt
reading manifest file '../build/sim/sim.egg-info/SOURCES.txt'
writing manifest file '../build/sim/sim.egg-info/SOURCES.txt'
running build
running build_py
running install
running install_lib
running install_data
copying launch/sim.launch.py -> /home/yony/Dev/ros2_ws/src/install/sim/share/sim
running install_egg_info
removing '/home/yony/Dev/ros2_ws/src/install/sim/lib/python3.10/site-packages/sim-0.0.1-py3.10.egg-info' (and everything under it)
Copying ../build/sim/sim.egg-info to /home/yony/Dev/ros2_ws/src/install/sim/lib/python3.10/site-packages/sim-0.0.1-py3.10.egg-info
running install_scripts
Installing dummy_fa script to /home/yony/Dev/ros2_ws/src/install/sim/lib/sim
Installing dummy_grasp script to /home/yony/Dev/ros2_ws/src/install/sim/lib/sim
Installing dummy_hb script to /home/yony/Dev/ros2_ws/src/install/sim/lib/sim
Installing dummy_nc script to /home/yony/Dev/ros2_ws/src/install/sim/lib/sim
Installing dummy_nv script to /home/yony/Dev/ros2_ws/src/install/sim/lib/sim
Installing sim script to /home/yony/Dev/ros2_ws/src/install/sim/lib/sim
writing list of installed files to '/home/yony/Dev/ros2_ws/src/build/sim/install.log'
