[0.664s] Invoking command in '/home/yony/Dev/ros2_ws/src/sim': PYTHONPATH=/home/yony/Dev/ros2_ws/src/install/sim/lib/python3.10/site-packages:${PYTHONPATH} /usr/bin/python3 setup.py egg_info --egg-base ../build/sim build --build-base /home/yony/Dev/ros2_ws/src/build/sim/build install --prefix /home/yony/Dev/ros2_ws/src/install/sim --record /home/yony/Dev/ros2_ws/src/build/sim/install.log --single-version-externally-managed
[0.903s] running egg_info
[0.904s] writing ../build/sim/sim.egg-info/PKG-INFO
[0.904s] writing dependency_links to ../build/sim/sim.egg-info/dependency_links.txt
[0.904s] writing entry points to ../build/sim/sim.egg-info/entry_points.txt
[0.905s] writing requirements to ../build/sim/sim.egg-info/requires.txt
[0.905s] writing top-level names to ../build/sim/sim.egg-info/top_level.txt
[0.907s] reading manifest file '../build/sim/sim.egg-info/SOURCES.txt'
[0.908s] writing manifest file '../build/sim/sim.egg-info/SOURCES.txt'
[0.908s] running build
[0.909s] running build_py
[0.909s] running install
[0.909s] /usr/lib/python3/dist-packages/setuptools/command/install.py:34: SetuptoolsDeprecationWarning: setup.py install is deprecated. Use build and pip and other standards-based tools.
[0.910s]   warnings.warn(
[0.910s] running install_lib
[0.910s] running install_data
[0.911s] copying launch/sim.launch.py -> /home/yony/Dev/ros2_ws/src/install/sim/share/sim
[0.911s] running install_egg_info
[0.912s] removing '/home/yony/Dev/ros2_ws/src/install/sim/lib/python3.10/site-packages/sim-0.0.1-py3.10.egg-info' (and everything under it)
[0.913s] Copying ../build/sim/sim.egg-info to /home/yony/Dev/ros2_ws/src/install/sim/lib/python3.10/site-packages/sim-0.0.1-py3.10.egg-info
[0.913s] running install_scripts
[0.933s] Installing dummy_fa script to /home/yony/Dev/ros2_ws/src/install/sim/lib/sim
[0.934s] Installing dummy_grasp script to /home/yony/Dev/ros2_ws/src/install/sim/lib/sim
[0.934s] Installing dummy_hb script to /home/yony/Dev/ros2_ws/src/install/sim/lib/sim
[0.934s] Installing dummy_nc script to /home/yony/Dev/ros2_ws/src/install/sim/lib/sim
[0.934s] Installing dummy_nv script to /home/yony/Dev/ros2_ws/src/install/sim/lib/sim
[0.935s] Installing sim script to /home/yony/Dev/ros2_ws/src/install/sim/lib/sim
[0.935s] writing list of installed files to '/home/yony/Dev/ros2_ws/src/build/sim/install.log'
[0.956s] Invoked command in '/home/yony/Dev/ros2_ws/src/sim' returned '0': PYTHONPATH=/home/yony/Dev/ros2_ws/src/install/sim/lib/python3.10/site-packages:${PYTHONPATH} /usr/bin/python3 setup.py egg_info --egg-base ../build/sim build --build-base /home/yony/Dev/ros2_ws/src/build/sim/build install --prefix /home/yony/Dev/ros2_ws/src/install/sim --record /home/yony/Dev/ros2_ws/src/build/sim/install.log --single-version-externally-managed
