running egg_info
writing ../build/temp/temp.egg-info/PKG-INFO
writing dependency_links to ../build/temp/temp.egg-info/dependency_links.txt
writing entry points to ../build/temp/temp.egg-info/entry_points.txt
writing requirements to ../build/temp/temp.egg-info/requires.txt
writing top-level names to ../build/temp/temp.egg-info/top_level.txt
reading manifest file '../build/temp/temp.egg-info/SOURCES.txt'
writing manifest file '../build/temp/temp.egg-info/SOURCES.txt'
running build
running build_py
running install
/usr/lib/python3/dist-packages/setuptools/command/install.py:34: SetuptoolsDeprecationWarning: setup.py install is deprecated. Use build and pip and other standards-based tools.
  warnings.warn(
running install_lib
running install_data
running install_egg_info
removing '/home/yony/Dev/ros2_ws/src/install/temp/lib/python3.10/site-packages/temp-0.0.0-py3.10.egg-info' (and everything under it)
Copying ../build/temp/temp.egg-info to /home/yony/Dev/ros2_ws/src/install/temp/lib/python3.10/site-packages/temp-0.0.0-py3.10.egg-info
running install_scripts
writing list of installed files to '/home/yony/Dev/ros2_ws/src/build/temp/install.log'
