[0.685s] Invoking command in '/home/yony/Dev/ros2_ws/src/temp': PYTHONPATH=/home/yony/Dev/ros2_ws/src/install/temp/lib/python3.10/site-packages:${PYTHONPATH} /usr/bin/python3 setup.py egg_info --egg-base ../build/temp build --build-base /home/yony/Dev/ros2_ws/src/build/temp/build install --prefix /home/yony/Dev/ros2_ws/src/install/temp --record /home/yony/Dev/ros2_ws/src/build/temp/install.log --single-version-externally-managed
[0.944s] running egg_info
[0.944s] writing ../build/temp/temp.egg-info/PKG-INFO
[0.945s] writing dependency_links to ../build/temp/temp.egg-info/dependency_links.txt
[0.945s] writing entry points to ../build/temp/temp.egg-info/entry_points.txt
[0.945s] writing requirements to ../build/temp/temp.egg-info/requires.txt
[0.945s] writing top-level names to ../build/temp/temp.egg-info/top_level.txt
[0.948s] reading manifest file '../build/temp/temp.egg-info/SOURCES.txt'
[0.948s] writing manifest file '../build/temp/temp.egg-info/SOURCES.txt'
[0.949s] running build
[0.949s] running build_py
[0.949s] running install
[0.949s] /usr/lib/python3/dist-packages/setuptools/command/install.py:34: SetuptoolsDeprecationWarning: setup.py install is deprecated. Use build and pip and other standards-based tools.
[0.950s]   warnings.warn(
[0.950s] running install_lib
[0.950s] running install_data
[0.951s] running install_egg_info
[0.952s] removing '/home/yony/Dev/ros2_ws/src/install/temp/lib/python3.10/site-packages/temp-0.0.0-py3.10.egg-info' (and everything under it)
[0.952s] Copying ../build/temp/temp.egg-info to /home/yony/Dev/ros2_ws/src/install/temp/lib/python3.10/site-packages/temp-0.0.0-py3.10.egg-info
[0.953s] running install_scripts
[0.974s] writing list of installed files to '/home/yony/Dev/ros2_ws/src/build/temp/install.log'
[0.995s] Invoked command in '/home/yony/Dev/ros2_ws/src/temp' returned '0': PYTHONPATH=/home/yony/Dev/ros2_ws/src/install/temp/lib/python3.10/site-packages:${PYTHONPATH} /usr/bin/python3 setup.py egg_info --egg-base ../build/temp build --build-base /home/yony/Dev/ros2_ws/src/build/temp/build install --prefix /home/yony/Dev/ros2_ws/src/install/temp --record /home/yony/Dev/ros2_ws/src/build/temp/install.log --single-version-externally-managed
