[0.753s] Invoking command in '/home/yony/Dev/ros2_ws/src/sim': PYTHONPATH=/home/yony/Dev/ros2_ws/install/sim/lib/python3.10/site-packages:${PYTHONPATH} /usr/bin/python3 setup.py egg_info --egg-base ../../build/sim build --build-base /home/yony/Dev/ros2_ws/build/sim/build install --prefix /home/yony/Dev/ros2_ws/install/sim --record /home/yony/Dev/ros2_ws/build/sim/install.log --single-version-externally-managed
[1.042s] running egg_info
[1.043s] writing ../../build/sim/sim.egg-info/PKG-INFO
[1.043s] writing dependency_links to ../../build/sim/sim.egg-info/dependency_links.txt
[1.043s] writing entry points to ../../build/sim/sim.egg-info/entry_points.txt
[1.044s] writing requirements to ../../build/sim/sim.egg-info/requires.txt
[1.044s] writing top-level names to ../../build/sim/sim.egg-info/top_level.txt
[1.046s] reading manifest file '../../build/sim/sim.egg-info/SOURCES.txt'
[1.047s] writing manifest file '../../build/sim/sim.egg-info/SOURCES.txt'
[1.047s] running build
[1.047s] running build_py
[1.048s] running install
[1.048s] running install_lib
[1.049s] running install_data
[1.050s] running install_egg_info
[1.052s] removing '/home/yony/Dev/ros2_ws/install/sim/lib/python3.10/site-packages/sim-0.0.1-py3.10.egg-info' (and everything under it)
[1.052s] Copying ../../build/sim/sim.egg-info to /home/yony/Dev/ros2_ws/install/sim/lib/python3.10/site-packages/sim-0.0.1-py3.10.egg-info
[1.052s] running install_scripts
[1.073s] Installing dummy_fa script to /home/yony/Dev/ros2_ws/install/sim/lib/sim
[1.073s] Installing dummy_grasp script to /home/yony/Dev/ros2_ws/install/sim/lib/sim
[1.073s] Installing dummy_hb script to /home/yony/Dev/ros2_ws/install/sim/lib/sim
[1.074s] Installing dummy_nc script to /home/yony/Dev/ros2_ws/install/sim/lib/sim
[1.074s] Installing dummy_nv script to /home/yony/Dev/ros2_ws/install/sim/lib/sim
[1.074s] Installing sim script to /home/yony/Dev/ros2_ws/install/sim/lib/sim
[1.074s] writing list of installed files to '/home/yony/Dev/ros2_ws/build/sim/install.log'
[1.099s] Invoked command in '/home/yony/Dev/ros2_ws/src/sim' returned '0': PYTHONPATH=/home/yony/Dev/ros2_ws/install/sim/lib/python3.10/site-packages:${PYTHONPATH} /usr/bin/python3 setup.py egg_info --egg-base ../../build/sim build --build-base /home/yony/Dev/ros2_ws/build/sim/build install --prefix /home/yony/Dev/ros2_ws/install/sim --record /home/yony/Dev/ros2_ws/build/sim/install.log --single-version-externally-managed
