[0.754s] Invoking command in '/home/yony/Dev/ros2_ws/src/sim': PYTHONPATH=/home/yony/Dev/ros2_ws/src/install/sim/lib/python3.10/site-packages:${PYTHONPATH} /usr/bin/python3 setup.py egg_info --egg-base ../build/sim build --build-base /home/yony/Dev/ros2_ws/src/build/sim/build install --prefix /home/yony/Dev/ros2_ws/src/install/sim --record /home/yony/Dev/ros2_ws/src/build/sim/install.log --single-version-externally-managed
[1.049s] running egg_info
[1.049s] writing ../build/sim/sim.egg-info/PKG-INFO
[1.050s] writing dependency_links to ../build/sim/sim.egg-info/dependency_links.txt
[1.050s] writing entry points to ../build/sim/sim.egg-info/entry_points.txt
[1.050s] writing requirements to ../build/sim/sim.egg-info/requires.txt
[1.050s] writing top-level names to ../build/sim/sim.egg-info/top_level.txt
[1.053s] reading manifest file '../build/sim/sim.egg-info/SOURCES.txt'
[1.054s] writing manifest file '../build/sim/sim.egg-info/SOURCES.txt'
[1.054s] running build
[1.054s] running build_py
[1.054s] running install
[1.055s] running install_lib
[1.056s] running install_data
[1.057s] running install_egg_info
[1.058s] removing '/home/yony/Dev/ros2_ws/src/install/sim/lib/python3.10/site-packages/sim-0.0.1-py3.10.egg-info' (and everything under it)
[1.059s] Copying ../build/sim/sim.egg-info to /home/yony/Dev/ros2_ws/src/install/sim/lib/python3.10/site-packages/sim-0.0.1-py3.10.egg-info
[1.059s] running install_scripts
[1.080s] Installing dummy_fa script to /home/yony/Dev/ros2_ws/src/install/sim/lib/sim
[1.080s] Installing dummy_grasp script to /home/yony/Dev/ros2_ws/src/install/sim/lib/sim
[1.080s] Installing dummy_hb script to /home/yony/Dev/ros2_ws/src/install/sim/lib/sim
[1.081s] Installing dummy_nc script to /home/yony/Dev/ros2_ws/src/install/sim/lib/sim
[1.081s] Installing dummy_nv script to /home/yony/Dev/ros2_ws/src/install/sim/lib/sim
[1.081s] Installing sim script to /home/yony/Dev/ros2_ws/src/install/sim/lib/sim
[1.081s] writing list of installed files to '/home/yony/Dev/ros2_ws/src/build/sim/install.log'
[1.105s] Invoked command in '/home/yony/Dev/ros2_ws/src/sim' returned '0': PYTHONPATH=/home/yony/Dev/ros2_ws/src/install/sim/lib/python3.10/site-packages:${PYTHONPATH} /usr/bin/python3 setup.py egg_info --egg-base ../build/sim build --build-base /home/yony/Dev/ros2_ws/src/build/sim/build install --prefix /home/yony/Dev/ros2_ws/src/install/sim --record /home/yony/Dev/ros2_ws/src/build/sim/install.log --single-version-externally-managed
