[0.015s] Invoking command in '/home/yony/Dev/ros2_ws/build/sim_sem_interfaces': CMAKE_PREFIX_PATH=/opt/ros/humble /usr/bin/cmake --build /home/yony/Dev/ros2_ws/build/sim_sem_interfaces -- -j12 -l12
[0.064s] [35m[1mConsolidate compiler generated dependencies of target sim_sem_interfaces__rosidl_generator_c[0m
[0.065s] [  0%] Built target sim_sem_interfaces__cpp
[0.077s] [  0%] Built target ament_cmake_python_copy_sim_sem_interfaces
[0.081s] [ 12%] Built target sim_sem_interfaces__rosidl_generator_c
[0.081s] [35m[1mConsolidate compiler generated dependencies of target sim_sem_interfaces__rosidl_typesupport_cpp[0m
[0.082s] [35m[1mConsolidate compiler generated dependencies of target sim_sem_interfaces__rosidl_typesupport_fastrtps_cpp[0m
[0.083s] [35m[1mConsolidate compiler generated dependencies of target sim_sem_interfaces__rosidl_typesupport_introspection_cpp[0m
[0.095s] [35m[1mConsolidate compiler generated dependencies of target sim_sem_interfaces__rosidl_typesupport_c[0m
[0.097s] [35m[1mConsolidate compiler generated dependencies of target sim_sem_interfaces__rosidl_typesupport_introspection_c[0m
[0.101s] [35m[1mConsolidate compiler generated dependencies of target sim_sem_interfaces__rosidl_typesupport_fastrtps_c[0m
[0.114s] [ 26%] Built target sim_sem_interfaces__rosidl_typesupport_c
[0.114s] [ 37%] Built target sim_sem_interfaces__rosidl_typesupport_introspection_cpp
[0.117s] [ 49%] Built target sim_sem_interfaces__rosidl_typesupport_introspection_c
[0.118s] [ 61%] Built target sim_sem_interfaces__rosidl_typesupport_fastrtps_cpp
[0.119s] [ 73%] Built target sim_sem_interfaces__rosidl_typesupport_cpp
[0.135s] [ 85%] Built target sim_sem_interfaces__rosidl_typesupport_fastrtps_c
[0.152s] [ 85%] Built target sim_sem_interfaces
[0.170s] [ 86%] Built target sim_sem_interfaces__py
[0.183s] [35m[1mConsolidate compiler generated dependencies of target sim_sem_interfaces__rosidl_generator_py[0m
[0.212s] [ 97%] Built target sim_sem_interfaces__rosidl_generator_py
[0.220s] [35m[1mConsolidate compiler generated dependencies of target sim_sem_interfaces__rosidl_typesupport_fastrtps_c__pyext[0m
[0.221s] [35m[1mConsolidate compiler generated dependencies of target sim_sem_interfaces__rosidl_typesupport_c__pyext[0m
[0.221s] [35m[1mConsolidate compiler generated dependencies of target sim_sem_interfaces__rosidl_typesupport_introspection_c__pyext[0m
[0.233s] [100%] Built target sim_sem_interfaces__rosidl_typesupport_fastrtps_c__pyext
[0.233s] [100%] Built target sim_sem_interfaces__rosidl_typesupport_c__pyext
[0.233s] [100%] Built target sim_sem_interfaces__rosidl_typesupport_introspection_c__pyext
[0.361s] running egg_info
[0.362s] writing sim_sem_interfaces.egg-info/PKG-INFO
[0.362s] writing dependency_links to sim_sem_interfaces.egg-info/dependency_links.txt
[0.363s] writing top-level names to sim_sem_interfaces.egg-info/top_level.txt
[0.366s] reading manifest file 'sim_sem_interfaces.egg-info/SOURCES.txt'
[0.367s] writing manifest file 'sim_sem_interfaces.egg-info/SOURCES.txt'
[0.394s] [100%] Built target ament_cmake_python_build_sim_sem_interfaces_egg
[0.410s] Invoked command in '/home/yony/Dev/ros2_ws/build/sim_sem_interfaces' returned '0': CMAKE_PREFIX_PATH=/opt/ros/humble /usr/bin/cmake --build /home/yony/Dev/ros2_ws/build/sim_sem_interfaces -- -j12 -l12
[0.815s] Invoking command in '/home/yony/Dev/ros2_ws/build/sim_sem_interfaces': CMAKE_PREFIX_PATH=/opt/ros/humble /usr/bin/cmake --install /home/yony/Dev/ros2_ws/build/sim_sem_interfaces
[0.823s] -- Install configuration: ""
[0.823s] -- Up-to-date: /home/yony/Dev/ros2_ws/install/sim_sem_interfaces/share/ament_index/resource_index/rosidl_interfaces/sim_sem_interfaces
[0.824s] -- Up-to-date: /home/yony/Dev/ros2_ws/install/sim_sem_interfaces/include/sim_sem_interfaces/sim_sem_interfaces
[0.824s] -- Up-to-date: /home/yony/Dev/ros2_ws/install/sim_sem_interfaces/include/sim_sem_interfaces/sim_sem_interfaces/msg
[0.825s] -- Up-to-date: /home/yony/Dev/ros2_ws/install/sim_sem_interfaces/include/sim_sem_interfaces/sim_sem_interfaces/msg/detail
[0.825s] -- Up-to-date: /home/yony/Dev/ros2_ws/install/sim_sem_interfaces/include/sim_sem_interfaces/sim_sem_interfaces/msg/detail/emergency_request_status__type_support.h
[0.826s] -- Up-to-date: /home/yony/Dev/ros2_ws/install/sim_sem_interfaces/include/sim_sem_interfaces/sim_sem_interfaces/msg/detail/human_motion__struct.h
[0.827s] -- Up-to-date: /home/yony/Dev/ros2_ws/install/sim_sem_interfaces/include/sim_sem_interfaces/sim_sem_interfaces/msg/detail/robot_hand__functions.h
[0.827s] -- Up-to-date: /home/yony/Dev/ros2_ws/install/sim_sem_interfaces/include/sim_sem_interfaces/sim_sem_interfaces/msg/detail/robot_grasping_strategies__functions.c
[0.827s] -- Up-to-date: /home/yony/Dev/ros2_ws/install/sim_sem_interfaces/include/sim_sem_interfaces/sim_sem_interfaces/msg/detail/robot_high_latency_corrections__functions.c
[0.828s] -- Up-to-date: /home/yony/Dev/ros2_ws/install/sim_sem_interfaces/include/sim_sem_interfaces/sim_sem_interfaces/msg/detail/human_behaviour__functions.h
[0.828s] -- Up-to-date: /home/yony/Dev/ros2_ws/install/sim_sem_interfaces/include/sim_sem_interfaces/sim_sem_interfaces/msg/detail/human_hand_gesture__type_support.h
[0.828s] -- Up-to-date: /home/yony/Dev/ros2_ws/install/sim_sem_interfaces/include/sim_sem_interfaces/sim_sem_interfaces/msg/detail/emergency__type_support.h
[0.829s] -- Up-to-date: /home/yony/Dev/ros2_ws/install/sim_sem_interfaces/include/sim_sem_interfaces/sim_sem_interfaces/msg/detail/robot_hand__type_support.h
[0.829s] -- Up-to-date: /home/yony/Dev/ros2_ws/install/sim_sem_interfaces/include/sim_sem_interfaces/sim_sem_interfaces/msg/detail/tactile__functions.h
[0.829s] -- Up-to-date: /home/yony/Dev/ros2_ws/install/sim_sem_interfaces/include/sim_sem_interfaces/sim_sem_interfaces/msg/detail/human_sight__functions.h
[0.829s] -- Up-to-date: /home/yony/Dev/ros2_ws/install/sim_sem_interfaces/include/sim_sem_interfaces/sim_sem_interfaces/msg/detail/human_grasping_strategies__functions.h
[0.830s] -- Up-to-date: /home/yony/Dev/ros2_ws/install/sim_sem_interfaces/include/sim_sem_interfaces/sim_sem_interfaces/msg/detail/environment__functions.c
[0.830s] -- Up-to-date: /home/yony/Dev/ros2_ws/install/sim_sem_interfaces/include/sim_sem_interfaces/sim_sem_interfaces/msg/detail/emergency_request_status__struct.h
[0.830s] -- Up-to-date: /home/yony/Dev/ros2_ws/install/sim_sem_interfaces/include/sim_sem_interfaces/sim_sem_interfaces/msg/detail/robot_arm_kinematic__functions.h
[0.830s] -- Up-to-date: /home/yony/Dev/ros2_ws/install/sim_sem_interfaces/include/sim_sem_interfaces/sim_sem_interfaces/msg/detail/human_hand_gesture__functions.c
[0.831s] -- Up-to-date: /home/yony/Dev/ros2_ws/install/sim_sem_interfaces/include/sim_sem_interfaces/sim_sem_interfaces/msg/detail/neuromorphic_sensing__struct.h
[0.831s] -- Up-to-date: /home/yony/Dev/ros2_ws/install/sim_sem_interfaces/include/sim_sem_interfaces/sim_sem_interfaces/msg/detail/robot_hand_kinematic__functions.c
[0.831s] -- Up-to-date: /home/yony/Dev/ros2_ws/install/sim_sem_interfaces/include/sim_sem_interfaces/sim_sem_interfaces/msg/detail/fatigue_analysis__struct.h
[0.831s] -- Up-to-date: /home/yony/Dev/ros2_ws/install/sim_sem_interfaces/include/sim_sem_interfaces/sim_sem_interfaces/msg/detail/robot_arm_kinematic__type_support.h
[0.832s] -- Up-to-date: /home/yony/Dev/ros2_ws/install/sim_sem_interfaces/include/sim_sem_interfaces/sim_sem_interfaces/msg/detail/neuromorphic_sensing__functions.h
[0.832s] -- Up-to-date: /home/yony/Dev/ros2_ws/install/sim_sem_interfaces/include/sim_sem_interfaces/sim_sem_interfaces/msg/detail/human_grasping_strategies__type_support.h
[0.832s] -- Up-to-date: /home/yony/Dev/ros2_ws/install/sim_sem_interfaces/include/sim_sem_interfaces/sim_sem_interfaces/msg/detail/fatigue_analysis__functions.c
[0.832s] -- Up-to-date: /home/yony/Dev/ros2_ws/install/sim_sem_interfaces/include/sim_sem_interfaces/sim_sem_interfaces/msg/detail/neuromorphic_sensing__functions.c
[0.833s] -- Up-to-date: /home/yony/Dev/ros2_ws/install/sim_sem_interfaces/include/sim_sem_interfaces/sim_sem_interfaces/msg/detail/robot_grasping_strategies__struct.h
[0.833s] -- Up-to-date: /home/yony/Dev/ros2_ws/install/sim_sem_interfaces/include/sim_sem_interfaces/sim_sem_interfaces/msg/detail/robot_arm__functions.h
[0.833s] -- Up-to-date: /home/yony/Dev/ros2_ws/install/sim_sem_interfaces/include/sim_sem_interfaces/sim_sem_interfaces/msg/detail/human_behaviour__struct.h
[0.833s] -- Up-to-date: /home/yony/Dev/ros2_ws/install/sim_sem_interfaces/include/sim_sem_interfaces/sim_sem_interfaces/msg/detail/human_sight__type_support.h
[0.834s] -- Up-to-date: /home/yony/Dev/ros2_ws/install/sim_sem_interfaces/include/sim_sem_interfaces/sim_sem_interfaces/msg/detail/emergency_request_status__functions.h
[0.834s] -- Up-to-date: /home/yony/Dev/ros2_ws/install/sim_sem_interfaces/include/sim_sem_interfaces/sim_sem_interfaces/msg/detail/robot_arm__functions.c
[0.834s] -- Up-to-date: /home/yony/Dev/ros2_ws/install/sim_sem_interfaces/include/sim_sem_interfaces/sim_sem_interfaces/msg/detail/human_parameter_intention__type_support.h
[0.834s] -- Up-to-date: /home/yony/Dev/ros2_ws/install/sim_sem_interfaces/include/sim_sem_interfaces/sim_sem_interfaces/msg/detail/human_parameter_intention__functions.h
[0.834s] -- Up-to-date: /home/yony/Dev/ros2_ws/install/sim_sem_interfaces/include/sim_sem_interfaces/sim_sem_interfaces/msg/detail/tactile__functions.c
[0.835s] -- Up-to-date: /home/yony/Dev/ros2_ws/install/sim_sem_interfaces/include/sim_sem_interfaces/sim_sem_interfaces/msg/detail/robot_hand_kinematic__struct.h
[0.835s] -- Up-to-date: /home/yony/Dev/ros2_ws/install/sim_sem_interfaces/include/sim_sem_interfaces/sim_sem_interfaces/msg/detail/human_sight__functions.c
[0.835s] -- Up-to-date: /home/yony/Dev/ros2_ws/install/sim_sem_interfaces/include/sim_sem_interfaces/sim_sem_interfaces/msg/detail/robot_low_latency_corrections__functions.c
[0.836s] -- Up-to-date: /home/yony/Dev/ros2_ws/install/sim_sem_interfaces/include/sim_sem_interfaces/sim_sem_interfaces/msg/detail/robot_hand__struct.h
[0.836s] -- Up-to-date: /home/yony/Dev/ros2_ws/install/sim_sem_interfaces/include/sim_sem_interfaces/sim_sem_interfaces/msg/detail/robot_hand_kinematic__type_support.h
[0.837s] -- Up-to-date: /home/yony/Dev/ros2_ws/install/sim_sem_interfaces/include/sim_sem_interfaces/sim_sem_interfaces/msg/detail/robot_high_latency_corrections__type_support.h
[0.837s] -- Up-to-date: /home/yony/Dev/ros2_ws/install/sim_sem_interfaces/include/sim_sem_interfaces/sim_sem_interfaces/msg/detail/robot_low_latency_corrections__struct.h
[0.837s] -- Up-to-date: /home/yony/Dev/ros2_ws/install/sim_sem_interfaces/include/sim_sem_interfaces/sim_sem_interfaces/msg/detail/physical_object__struct.h
[0.837s] -- Up-to-date: /home/yony/Dev/ros2_ws/install/sim_sem_interfaces/include/sim_sem_interfaces/sim_sem_interfaces/msg/detail/emergency__functions.c
[0.837s] -- Up-to-date: /home/yony/Dev/ros2_ws/install/sim_sem_interfaces/include/sim_sem_interfaces/sim_sem_interfaces/msg/detail/robot_arm_kinematic__functions.c
[0.837s] -- Up-to-date: /home/yony/Dev/ros2_ws/install/sim_sem_interfaces/include/sim_sem_interfaces/sim_sem_interfaces/msg/detail/robot_arm__type_support.h
[0.838s] -- Up-to-date: /home/yony/Dev/ros2_ws/install/sim_sem_interfaces/include/sim_sem_interfaces/sim_sem_interfaces/msg/detail/human_motion__functions.c
[0.838s] -- Up-to-date: /home/yony/Dev/ros2_ws/install/sim_sem_interfaces/include/sim_sem_interfaces/sim_sem_interfaces/msg/detail/human_hand_gesture__functions.h
[0.838s] -- Up-to-date: /home/yony/Dev/ros2_ws/install/sim_sem_interfaces/include/sim_sem_interfaces/sim_sem_interfaces/msg/detail/human_grasping_strategies__functions.c
[0.838s] -- Up-to-date: /home/yony/Dev/ros2_ws/install/sim_sem_interfaces/include/sim_sem_interfaces/sim_sem_interfaces/msg/detail/robot_arm_kinematic__struct.h
[0.838s] -- Up-to-date: /home/yony/Dev/ros2_ws/install/sim_sem_interfaces/include/sim_sem_interfaces/sim_sem_interfaces/msg/detail/robot_arm__struct.h
[0.839s] -- Up-to-date: /home/yony/Dev/ros2_ws/install/sim_sem_interfaces/include/sim_sem_interfaces/sim_sem_interfaces/msg/detail/human_motion__type_support.h
[0.839s] -- Up-to-date: /home/yony/Dev/ros2_ws/install/sim_sem_interfaces/include/sim_sem_interfaces/sim_sem_interfaces/msg/detail/fatigue_analysis__functions.h
[0.839s] -- Up-to-date: /home/yony/Dev/ros2_ws/install/sim_sem_interfaces/include/sim_sem_interfaces/sim_sem_interfaces/msg/detail/human_hand_gesture__struct.h
[0.839s] -- Up-to-date: /home/yony/Dev/ros2_ws/install/sim_sem_interfaces/include/sim_sem_interfaces/sim_sem_interfaces/msg/detail/environment__type_support.h
[0.839s] -- Up-to-date: /home/yony/Dev/ros2_ws/install/sim_sem_interfaces/include/sim_sem_interfaces/sim_sem_interfaces/msg/detail/human_motion__functions.h
[0.840s] -- Up-to-date: /home/yony/Dev/ros2_ws/install/sim_sem_interfaces/include/sim_sem_interfaces/sim_sem_interfaces/msg/detail/tactile__struct.h
[0.840s] -- Up-to-date: /home/yony/Dev/ros2_ws/install/sim_sem_interfaces/include/sim_sem_interfaces/sim_sem_interfaces/msg/detail/robot_high_latency_corrections__functions.h
[0.840s] -- Up-to-date: /home/yony/Dev/ros2_ws/install/sim_sem_interfaces/include/sim_sem_interfaces/sim_sem_interfaces/msg/detail/human_behaviour__type_support.h
[0.840s] -- Up-to-date: /home/yony/Dev/ros2_ws/install/sim_sem_interfaces/include/sim_sem_interfaces/sim_sem_interfaces/msg/detail/emergency__functions.h
[0.840s] -- Up-to-date: /home/yony/Dev/ros2_ws/install/sim_sem_interfaces/include/sim_sem_interfaces/sim_sem_interfaces/msg/detail/tactile__type_support.h
[0.841s] -- Up-to-date: /home/yony/Dev/ros2_ws/install/sim_sem_interfaces/include/sim_sem_interfaces/sim_sem_interfaces/msg/detail/physical_object__functions.h
[0.841s] -- Up-to-date: /home/yony/Dev/ros2_ws/install/sim_sem_interfaces/include/sim_sem_interfaces/sim_sem_interfaces/msg/detail/human_parameter_intention__functions.c
[0.841s] -- Up-to-date: /home/yony/Dev/ros2_ws/install/sim_sem_interfaces/include/sim_sem_interfaces/sim_sem_interfaces/msg/detail/neuromorphic_sensing__type_support.h
[0.841s] -- Up-to-date: /home/yony/Dev/ros2_ws/install/sim_sem_interfaces/include/sim_sem_interfaces/sim_sem_interfaces/msg/detail/human_grasping_strategies__struct.h
[0.841s] -- Up-to-date: /home/yony/Dev/ros2_ws/install/sim_sem_interfaces/include/sim_sem_interfaces/sim_sem_interfaces/msg/detail/emergency_request_status__functions.c
[0.841s] -- Up-to-date: /home/yony/Dev/ros2_ws/install/sim_sem_interfaces/include/sim_sem_interfaces/sim_sem_interfaces/msg/detail/environment__struct.h
[0.842s] -- Up-to-date: /home/yony/Dev/ros2_ws/install/sim_sem_interfaces/include/sim_sem_interfaces/sim_sem_interfaces/msg/detail/physical_object__functions.c
[0.842s] -- Up-to-date: /home/yony/Dev/ros2_ws/install/sim_sem_interfaces/include/sim_sem_interfaces/sim_sem_interfaces/msg/detail/human_behaviour__functions.c
[0.842s] -- Up-to-date: /home/yony/Dev/ros2_ws/install/sim_sem_interfaces/include/sim_sem_interfaces/sim_sem_interfaces/msg/detail/robot_high_latency_corrections__struct.h
[0.842s] -- Up-to-date: /home/yony/Dev/ros2_ws/install/sim_sem_interfaces/include/sim_sem_interfaces/sim_sem_interfaces/msg/detail/environment__functions.h
[0.842s] -- Up-to-date: /home/yony/Dev/ros2_ws/install/sim_sem_interfaces/include/sim_sem_interfaces/sim_sem_interfaces/msg/detail/robot_hand_kinematic__functions.h
[0.843s] -- Up-to-date: /home/yony/Dev/ros2_ws/install/sim_sem_interfaces/include/sim_sem_interfaces/sim_sem_interfaces/msg/detail/robot_grasping_strategies__functions.h
[0.843s] -- Up-to-date: /home/yony/Dev/ros2_ws/install/sim_sem_interfaces/include/sim_sem_interfaces/sim_sem_interfaces/msg/detail/human_sight__struct.h
[0.843s] -- Up-to-date: /home/yony/Dev/ros2_ws/install/sim_sem_interfaces/include/sim_sem_interfaces/sim_sem_interfaces/msg/detail/emergency__struct.h
[0.843s] -- Up-to-date: /home/yony/Dev/ros2_ws/install/sim_sem_interfaces/include/sim_sem_interfaces/sim_sem_interfaces/msg/detail/robot_hand__functions.c
[0.843s] -- Up-to-date: /home/yony/Dev/ros2_ws/install/sim_sem_interfaces/include/sim_sem_interfaces/sim_sem_interfaces/msg/detail/human_parameter_intention__struct.h
[0.844s] -- Up-to-date: /home/yony/Dev/ros2_ws/install/sim_sem_interfaces/include/sim_sem_interfaces/sim_sem_interfaces/msg/detail/robot_low_latency_corrections__functions.h
[0.844s] -- Up-to-date: /home/yony/Dev/ros2_ws/install/sim_sem_interfaces/include/sim_sem_interfaces/sim_sem_interfaces/msg/detail/physical_object__type_support.h
[0.844s] -- Up-to-date: /home/yony/Dev/ros2_ws/install/sim_sem_interfaces/include/sim_sem_interfaces/sim_sem_interfaces/msg/detail/fatigue_analysis__type_support.h
[0.844s] -- Up-to-date: /home/yony/Dev/ros2_ws/install/sim_sem_interfaces/include/sim_sem_interfaces/sim_sem_interfaces/msg/detail/robot_grasping_strategies__type_support.h
[0.844s] -- Up-to-date: /home/yony/Dev/ros2_ws/install/sim_sem_interfaces/include/sim_sem_interfaces/sim_sem_interfaces/msg/detail/robot_low_latency_corrections__type_support.h
[0.844s] -- Up-to-date: /home/yony/Dev/ros2_ws/install/sim_sem_interfaces/include/sim_sem_interfaces/sim_sem_interfaces/msg/human_sight.h
[0.845s] -- Up-to-date: /home/yony/Dev/ros2_ws/install/sim_sem_interfaces/include/sim_sem_interfaces/sim_sem_interfaces/msg/human_grasping_strategies.h
[0.845s] -- Up-to-date: /home/yony/Dev/ros2_ws/install/sim_sem_interfaces/include/sim_sem_interfaces/sim_sem_interfaces/msg/neuromorphic_sensing.h
[0.845s] -- Up-to-date: /home/yony/Dev/ros2_ws/install/sim_sem_interfaces/include/sim_sem_interfaces/sim_sem_interfaces/msg/human_hand_gesture.h
[0.845s] -- Up-to-date: /home/yony/Dev/ros2_ws/install/sim_sem_interfaces/include/sim_sem_interfaces/sim_sem_interfaces/msg/robot_high_latency_corrections.h
[0.845s] -- Up-to-date: /home/yony/Dev/ros2_ws/install/sim_sem_interfaces/include/sim_sem_interfaces/sim_sem_interfaces/msg/emergency_request_status.h
[0.846s] -- Up-to-date: /home/yony/Dev/ros2_ws/install/sim_sem_interfaces/include/sim_sem_interfaces/sim_sem_interfaces/msg/robot_arm.h
[0.846s] -- Up-to-date: /home/yony/Dev/ros2_ws/install/sim_sem_interfaces/include/sim_sem_interfaces/sim_sem_interfaces/msg/physical_object.h
[0.846s] -- Up-to-date: /home/yony/Dev/ros2_ws/install/sim_sem_interfaces/include/sim_sem_interfaces/sim_sem_interfaces/msg/robot_arm_kinematic.h
[0.846s] -- Up-to-date: /home/yony/Dev/ros2_ws/install/sim_sem_interfaces/include/sim_sem_interfaces/sim_sem_interfaces/msg/rosidl_generator_c__visibility_control.h
[0.846s] -- Up-to-date: /home/yony/Dev/ros2_ws/install/sim_sem_interfaces/include/sim_sem_interfaces/sim_sem_interfaces/msg/fatigue_analysis.h
[0.847s] -- Up-to-date: /home/yony/Dev/ros2_ws/install/sim_sem_interfaces/include/sim_sem_interfaces/sim_sem_interfaces/msg/emergency.h
[0.847s] -- Up-to-date: /home/yony/Dev/ros2_ws/install/sim_sem_interfaces/include/sim_sem_interfaces/sim_sem_interfaces/msg/human_parameter_intention.h
[0.847s] -- Up-to-date: /home/yony/Dev/ros2_ws/install/sim_sem_interfaces/include/sim_sem_interfaces/sim_sem_interfaces/msg/human_motion.h
[0.847s] -- Up-to-date: /home/yony/Dev/ros2_ws/install/sim_sem_interfaces/include/sim_sem_interfaces/sim_sem_interfaces/msg/robot_low_latency_corrections.h
[0.847s] -- Up-to-date: /home/yony/Dev/ros2_ws/install/sim_sem_interfaces/include/sim_sem_interfaces/sim_sem_interfaces/msg/robot_grasping_strategies.h
[0.847s] -- Up-to-date: /home/yony/Dev/ros2_ws/install/sim_sem_interfaces/include/sim_sem_interfaces/sim_sem_interfaces/msg/robot_hand_kinematic.h
[0.848s] -- Up-to-date: /home/yony/Dev/ros2_ws/install/sim_sem_interfaces/include/sim_sem_interfaces/sim_sem_interfaces/msg/environment.h
[0.848s] -- Up-to-date: /home/yony/Dev/ros2_ws/install/sim_sem_interfaces/include/sim_sem_interfaces/sim_sem_interfaces/msg/robot_hand.h
[0.848s] -- Up-to-date: /home/yony/Dev/ros2_ws/install/sim_sem_interfaces/include/sim_sem_interfaces/sim_sem_interfaces/msg/tactile.h
[0.848s] -- Up-to-date: /home/yony/Dev/ros2_ws/install/sim_sem_interfaces/include/sim_sem_interfaces/sim_sem_interfaces/msg/human_behaviour.h
[0.848s] -- Up-to-date: /home/yony/Dev/ros2_ws/install/sim_sem_interfaces/share/sim_sem_interfaces/environment/library_path.sh
[0.849s] -- Up-to-date: /home/yony/Dev/ros2_ws/install/sim_sem_interfaces/share/sim_sem_interfaces/environment/library_path.dsv
[0.849s] -- Up-to-date: /home/yony/Dev/ros2_ws/install/sim_sem_interfaces/lib/libsim_sem_interfaces__rosidl_generator_c.so
[0.849s] -- Up-to-date: /home/yony/Dev/ros2_ws/install/sim_sem_interfaces/include/sim_sem_interfaces/sim_sem_interfaces
[0.849s] -- Up-to-date: /home/yony/Dev/ros2_ws/install/sim_sem_interfaces/include/sim_sem_interfaces/sim_sem_interfaces/msg
[0.849s] -- Up-to-date: /home/yony/Dev/ros2_ws/install/sim_sem_interfaces/include/sim_sem_interfaces/sim_sem_interfaces/msg/detail
[0.850s] -- Up-to-date: /home/yony/Dev/ros2_ws/install/sim_sem_interfaces/include/sim_sem_interfaces/sim_sem_interfaces/msg/detail/robot_hand_kinematic__rosidl_typesupport_fastrtps_c.h
[0.850s] -- Up-to-date: /home/yony/Dev/ros2_ws/install/sim_sem_interfaces/include/sim_sem_interfaces/sim_sem_interfaces/msg/detail/fatigue_analysis__rosidl_typesupport_fastrtps_c.h
[0.850s] -- Up-to-date: /home/yony/Dev/ros2_ws/install/sim_sem_interfaces/include/sim_sem_interfaces/sim_sem_interfaces/msg/detail/robot_hand__rosidl_typesupport_fastrtps_c.h
[0.850s] -- Up-to-date: /home/yony/Dev/ros2_ws/install/sim_sem_interfaces/include/sim_sem_interfaces/sim_sem_interfaces/msg/detail/robot_arm_kinematic__rosidl_typesupport_fastrtps_c.h
[0.850s] -- Up-to-date: /home/yony/Dev/ros2_ws/install/sim_sem_interfaces/include/sim_sem_interfaces/sim_sem_interfaces/msg/detail/physical_object__rosidl_typesupport_fastrtps_c.h
[0.850s] -- Up-to-date: /home/yony/Dev/ros2_ws/install/sim_sem_interfaces/include/sim_sem_interfaces/sim_sem_interfaces/msg/detail/human_motion__rosidl_typesupport_fastrtps_c.h
[0.851s] -- Up-to-date: /home/yony/Dev/ros2_ws/install/sim_sem_interfaces/include/sim_sem_interfaces/sim_sem_interfaces/msg/detail/neuromorphic_sensing__rosidl_typesupport_fastrtps_c.h
[0.851s] -- Up-to-date: /home/yony/Dev/ros2_ws/install/sim_sem_interfaces/include/sim_sem_interfaces/sim_sem_interfaces/msg/detail/robot_low_latency_corrections__rosidl_typesupport_fastrtps_c.h
[0.851s] -- Up-to-date: /home/yony/Dev/ros2_ws/install/sim_sem_interfaces/include/sim_sem_interfaces/sim_sem_interfaces/msg/detail/human_grasping_strategies__rosidl_typesupport_fastrtps_c.h
[0.851s] -- Up-to-date: /home/yony/Dev/ros2_ws/install/sim_sem_interfaces/include/sim_sem_interfaces/sim_sem_interfaces/msg/detail/robot_grasping_strategies__rosidl_typesupport_fastrtps_c.h
[0.851s] -- Up-to-date: /home/yony/Dev/ros2_ws/install/sim_sem_interfaces/include/sim_sem_interfaces/sim_sem_interfaces/msg/detail/environment__rosidl_typesupport_fastrtps_c.h
[0.852s] -- Up-to-date: /home/yony/Dev/ros2_ws/install/sim_sem_interfaces/include/sim_sem_interfaces/sim_sem_interfaces/msg/detail/emergency__rosidl_typesupport_fastrtps_c.h
[0.852s] -- Up-to-date: /home/yony/Dev/ros2_ws/install/sim_sem_interfaces/include/sim_sem_interfaces/sim_sem_interfaces/msg/detail/robot_arm__rosidl_typesupport_fastrtps_c.h
[0.852s] -- Up-to-date: /home/yony/Dev/ros2_ws/install/sim_sem_interfaces/include/sim_sem_interfaces/sim_sem_interfaces/msg/detail/robot_high_latency_corrections__rosidl_typesupport_fastrtps_c.h
[0.852s] -- Up-to-date: /home/yony/Dev/ros2_ws/install/sim_sem_interfaces/include/sim_sem_interfaces/sim_sem_interfaces/msg/detail/tactile__rosidl_typesupport_fastrtps_c.h
[0.852s] -- Up-to-date: /home/yony/Dev/ros2_ws/install/sim_sem_interfaces/include/sim_sem_interfaces/sim_sem_interfaces/msg/detail/human_behaviour__rosidl_typesupport_fastrtps_c.h
[0.853s] -- Up-to-date: /home/yony/Dev/ros2_ws/install/sim_sem_interfaces/include/sim_sem_interfaces/sim_sem_interfaces/msg/detail/human_sight__rosidl_typesupport_fastrtps_c.h
[0.853s] -- Up-to-date: /home/yony/Dev/ros2_ws/install/sim_sem_interfaces/include/sim_sem_interfaces/sim_sem_interfaces/msg/detail/human_hand_gesture__rosidl_typesupport_fastrtps_c.h
[0.853s] -- Up-to-date: /home/yony/Dev/ros2_ws/install/sim_sem_interfaces/include/sim_sem_interfaces/sim_sem_interfaces/msg/detail/human_parameter_intention__rosidl_typesupport_fastrtps_c.h
[0.853s] -- Up-to-date: /home/yony/Dev/ros2_ws/install/sim_sem_interfaces/include/sim_sem_interfaces/sim_sem_interfaces/msg/detail/emergency_request_status__rosidl_typesupport_fastrtps_c.h
[0.853s] -- Up-to-date: /home/yony/Dev/ros2_ws/install/sim_sem_interfaces/include/sim_sem_interfaces/sim_sem_interfaces/msg/rosidl_typesupport_fastrtps_c__visibility_control.h
[0.853s] -- Up-to-date: /home/yony/Dev/ros2_ws/install/sim_sem_interfaces/lib/libsim_sem_interfaces__rosidl_typesupport_fastrtps_c.so
[0.854s] -- Up-to-date: /home/yony/Dev/ros2_ws/install/sim_sem_interfaces/include/sim_sem_interfaces/sim_sem_interfaces
[0.854s] -- Up-to-date: /home/yony/Dev/ros2_ws/install/sim_sem_interfaces/include/sim_sem_interfaces/sim_sem_interfaces/msg
[0.854s] -- Up-to-date: /home/yony/Dev/ros2_ws/install/sim_sem_interfaces/include/sim_sem_interfaces/sim_sem_interfaces/msg/detail
[0.854s] -- Up-to-date: /home/yony/Dev/ros2_ws/install/sim_sem_interfaces/include/sim_sem_interfaces/sim_sem_interfaces/msg/detail/neuromorphic_sensing__rosidl_typesupport_introspection_c.h
[0.854s] -- Up-to-date: /home/yony/Dev/ros2_ws/install/sim_sem_interfaces/include/sim_sem_interfaces/sim_sem_interfaces/msg/detail/human_hand_gesture__rosidl_typesupport_introspection_c.h
[0.855s] -- Up-to-date: /home/yony/Dev/ros2_ws/install/sim_sem_interfaces/include/sim_sem_interfaces/sim_sem_interfaces/msg/detail/human_hand_gesture__type_support.c
[0.855s] -- Up-to-date: /home/yony/Dev/ros2_ws/install/sim_sem_interfaces/include/sim_sem_interfaces/sim_sem_interfaces/msg/detail/robot_grasping_strategies__rosidl_typesupport_introspection_c.h
[0.855s] -- Up-to-date: /home/yony/Dev/ros2_ws/install/sim_sem_interfaces/include/sim_sem_interfaces/sim_sem_interfaces/msg/detail/physical_object__type_support.c
[0.855s] -- Up-to-date: /home/yony/Dev/ros2_ws/install/sim_sem_interfaces/include/sim_sem_interfaces/sim_sem_interfaces/msg/detail/robot_grasping_strategies__type_support.c
[0.855s] -- Up-to-date: /home/yony/Dev/ros2_ws/install/sim_sem_interfaces/include/sim_sem_interfaces/sim_sem_interfaces/msg/detail/environment__rosidl_typesupport_introspection_c.h
[0.855s] -- Up-to-date: /home/yony/Dev/ros2_ws/install/sim_sem_interfaces/include/sim_sem_interfaces/sim_sem_interfaces/msg/detail/robot_high_latency_corrections__type_support.c
[0.856s] -- Up-to-date: /home/yony/Dev/ros2_ws/install/sim_sem_interfaces/include/sim_sem_interfaces/sim_sem_interfaces/msg/detail/robot_low_latency_corrections__type_support.c
[0.856s] -- Up-to-date: /home/yony/Dev/ros2_ws/install/sim_sem_interfaces/include/sim_sem_interfaces/sim_sem_interfaces/msg/detail/human_behaviour__rosidl_typesupport_introspection_c.h
[0.856s] -- Up-to-date: /home/yony/Dev/ros2_ws/install/sim_sem_interfaces/include/sim_sem_interfaces/sim_sem_interfaces/msg/detail/fatigue_analysis__rosidl_typesupport_introspection_c.h
[0.856s] -- Up-to-date: /home/yony/Dev/ros2_ws/install/sim_sem_interfaces/include/sim_sem_interfaces/sim_sem_interfaces/msg/detail/human_grasping_strategies__type_support.c
[0.857s] -- Up-to-date: /home/yony/Dev/ros2_ws/install/sim_sem_interfaces/include/sim_sem_interfaces/sim_sem_interfaces/msg/detail/neuromorphic_sensing__type_support.c
[0.857s] -- Up-to-date: /home/yony/Dev/ros2_ws/install/sim_sem_interfaces/include/sim_sem_interfaces/sim_sem_interfaces/msg/detail/robot_hand__type_support.c
[0.857s] -- Up-to-date: /home/yony/Dev/ros2_ws/install/sim_sem_interfaces/include/sim_sem_interfaces/sim_sem_interfaces/msg/detail/physical_object__rosidl_typesupport_introspection_c.h
[0.857s] -- Up-to-date: /home/yony/Dev/ros2_ws/install/sim_sem_interfaces/include/sim_sem_interfaces/sim_sem_interfaces/msg/detail/robot_low_latency_corrections__rosidl_typesupport_introspection_c.h
[0.857s] -- Up-to-date: /home/yony/Dev/ros2_ws/install/sim_sem_interfaces/include/sim_sem_interfaces/sim_sem_interfaces/msg/detail/robot_hand_kinematic__type_support.c
[0.857s] -- Up-to-date: /home/yony/Dev/ros2_ws/install/sim_sem_interfaces/include/sim_sem_interfaces/sim_sem_interfaces/msg/detail/human_motion__type_support.c
[0.858s] -- Up-to-date: /home/yony/Dev/ros2_ws/install/sim_sem_interfaces/include/sim_sem_interfaces/sim_sem_interfaces/msg/detail/fatigue_analysis__type_support.c
[0.858s] -- Up-to-date: /home/yony/Dev/ros2_ws/install/sim_sem_interfaces/include/sim_sem_interfaces/sim_sem_interfaces/msg/detail/robot_arm_kinematic__rosidl_typesupport_introspection_c.h
[0.858s] -- Up-to-date: /home/yony/Dev/ros2_ws/install/sim_sem_interfaces/include/sim_sem_interfaces/sim_sem_interfaces/msg/detail/emergency__type_support.c
[0.858s] -- Up-to-date: /home/yony/Dev/ros2_ws/install/sim_sem_interfaces/include/sim_sem_interfaces/sim_sem_interfaces/msg/detail/emergency__rosidl_typesupport_introspection_c.h
[0.858s] -- Up-to-date: /home/yony/Dev/ros2_ws/install/sim_sem_interfaces/include/sim_sem_interfaces/sim_sem_interfaces/msg/detail/human_motion__rosidl_typesupport_introspection_c.h
[0.859s] -- Up-to-date: /home/yony/Dev/ros2_ws/install/sim_sem_interfaces/include/sim_sem_interfaces/sim_sem_interfaces/msg/detail/robot_hand_kinematic__rosidl_typesupport_introspection_c.h
[0.859s] -- Up-to-date: /home/yony/Dev/ros2_ws/install/sim_sem_interfaces/include/sim_sem_interfaces/sim_sem_interfaces/msg/detail/human_parameter_intention__type_support.c
[0.859s] -- Up-to-date: /home/yony/Dev/ros2_ws/install/sim_sem_interfaces/include/sim_sem_interfaces/sim_sem_interfaces/msg/detail/robot_arm__type_support.c
[0.859s] -- Up-to-date: /home/yony/Dev/ros2_ws/install/sim_sem_interfaces/include/sim_sem_interfaces/sim_sem_interfaces/msg/detail/human_parameter_intention__rosidl_typesupport_introspection_c.h
[0.859s] -- Up-to-date: /home/yony/Dev/ros2_ws/install/sim_sem_interfaces/include/sim_sem_interfaces/sim_sem_interfaces/msg/detail/human_grasping_strategies__rosidl_typesupport_introspection_c.h
[0.859s] -- Up-to-date: /home/yony/Dev/ros2_ws/install/sim_sem_interfaces/include/sim_sem_interfaces/sim_sem_interfaces/msg/detail/human_sight__type_support.c
[0.860s] -- Up-to-date: /home/yony/Dev/ros2_ws/install/sim_sem_interfaces/include/sim_sem_interfaces/sim_sem_interfaces/msg/detail/robot_arm__rosidl_typesupport_introspection_c.h
[0.860s] -- Up-to-date: /home/yony/Dev/ros2_ws/install/sim_sem_interfaces/include/sim_sem_interfaces/sim_sem_interfaces/msg/detail/robot_high_latency_corrections__rosidl_typesupport_introspection_c.h
[0.860s] -- Up-to-date: /home/yony/Dev/ros2_ws/install/sim_sem_interfaces/include/sim_sem_interfaces/sim_sem_interfaces/msg/detail/emergency_request_status__type_support.c
[0.860s] -- Up-to-date: /home/yony/Dev/ros2_ws/install/sim_sem_interfaces/include/sim_sem_interfaces/sim_sem_interfaces/msg/detail/emergency_request_status__rosidl_typesupport_introspection_c.h
[0.860s] -- Up-to-date: /home/yony/Dev/ros2_ws/install/sim_sem_interfaces/include/sim_sem_interfaces/sim_sem_interfaces/msg/detail/human_behaviour__type_support.c
[0.861s] -- Up-to-date: /home/yony/Dev/ros2_ws/install/sim_sem_interfaces/include/sim_sem_interfaces/sim_sem_interfaces/msg/detail/robot_hand__rosidl_typesupport_introspection_c.h
[0.861s] -- Up-to-date: /home/yony/Dev/ros2_ws/install/sim_sem_interfaces/include/sim_sem_interfaces/sim_sem_interfaces/msg/detail/environment__type_support.c
[0.861s] -- Up-to-date: /home/yony/Dev/ros2_ws/install/sim_sem_interfaces/include/sim_sem_interfaces/sim_sem_interfaces/msg/detail/tactile__type_support.c
[0.861s] -- Up-to-date: /home/yony/Dev/ros2_ws/install/sim_sem_interfaces/include/sim_sem_interfaces/sim_sem_interfaces/msg/detail/human_sight__rosidl_typesupport_introspection_c.h
[0.861s] -- Up-to-date: /home/yony/Dev/ros2_ws/install/sim_sem_interfaces/include/sim_sem_interfaces/sim_sem_interfaces/msg/detail/tactile__rosidl_typesupport_introspection_c.h
[0.862s] -- Up-to-date: /home/yony/Dev/ros2_ws/install/sim_sem_interfaces/include/sim_sem_interfaces/sim_sem_interfaces/msg/detail/robot_arm_kinematic__type_support.c
[0.862s] -- Up-to-date: /home/yony/Dev/ros2_ws/install/sim_sem_interfaces/include/sim_sem_interfaces/sim_sem_interfaces/msg/rosidl_typesupport_introspection_c__visibility_control.h
[0.862s] -- Up-to-date: /home/yony/Dev/ros2_ws/install/sim_sem_interfaces/lib/libsim_sem_interfaces__rosidl_typesupport_introspection_c.so
[0.862s] -- Up-to-date: /home/yony/Dev/ros2_ws/install/sim_sem_interfaces/lib/libsim_sem_interfaces__rosidl_typesupport_c.so
[0.862s] -- Up-to-date: /home/yony/Dev/ros2_ws/install/sim_sem_interfaces/include/sim_sem_interfaces/sim_sem_interfaces
[0.863s] -- Up-to-date: /home/yony/Dev/ros2_ws/install/sim_sem_interfaces/include/sim_sem_interfaces/sim_sem_interfaces/msg
[0.863s] -- Up-to-date: /home/yony/Dev/ros2_ws/install/sim_sem_interfaces/include/sim_sem_interfaces/sim_sem_interfaces/msg/detail
[0.863s] -- Up-to-date: /home/yony/Dev/ros2_ws/install/sim_sem_interfaces/include/sim_sem_interfaces/sim_sem_interfaces/msg/detail/emergency_request_status__traits.hpp
[0.863s] -- Up-to-date: /home/yony/Dev/ros2_ws/install/sim_sem_interfaces/include/sim_sem_interfaces/sim_sem_interfaces/msg/detail/neuromorphic_sensing__traits.hpp
[0.863s] -- Up-to-date: /home/yony/Dev/ros2_ws/install/sim_sem_interfaces/include/sim_sem_interfaces/sim_sem_interfaces/msg/detail/robot_low_latency_corrections__struct.hpp
[0.863s] -- Up-to-date: /home/yony/Dev/ros2_ws/install/sim_sem_interfaces/include/sim_sem_interfaces/sim_sem_interfaces/msg/detail/robot_arm__traits.hpp
[0.864s] -- Up-to-date: /home/yony/Dev/ros2_ws/install/sim_sem_interfaces/include/sim_sem_interfaces/sim_sem_interfaces/msg/detail/human_parameter_intention__struct.hpp
[0.864s] -- Up-to-date: /home/yony/Dev/ros2_ws/install/sim_sem_interfaces/include/sim_sem_interfaces/sim_sem_interfaces/msg/detail/emergency__builder.hpp
[0.864s] -- Up-to-date: /home/yony/Dev/ros2_ws/install/sim_sem_interfaces/include/sim_sem_interfaces/sim_sem_interfaces/msg/detail/robot_high_latency_corrections__builder.hpp
[0.864s] -- Up-to-date: /home/yony/Dev/ros2_ws/install/sim_sem_interfaces/include/sim_sem_interfaces/sim_sem_interfaces/msg/detail/human_hand_gesture__traits.hpp
[0.864s] -- Up-to-date: /home/yony/Dev/ros2_ws/install/sim_sem_interfaces/include/sim_sem_interfaces/sim_sem_interfaces/msg/detail/human_behaviour__struct.hpp
[0.865s] -- Up-to-date: /home/yony/Dev/ros2_ws/install/sim_sem_interfaces/include/sim_sem_interfaces/sim_sem_interfaces/msg/detail/emergency__traits.hpp
[0.865s] -- Up-to-date: /home/yony/Dev/ros2_ws/install/sim_sem_interfaces/include/sim_sem_interfaces/sim_sem_interfaces/msg/detail/robot_hand_kinematic__struct.hpp
[0.865s] -- Up-to-date: /home/yony/Dev/ros2_ws/install/sim_sem_interfaces/include/sim_sem_interfaces/sim_sem_interfaces/msg/detail/human_hand_gesture__builder.hpp
[0.865s] -- Up-to-date: /home/yony/Dev/ros2_ws/install/sim_sem_interfaces/include/sim_sem_interfaces/sim_sem_interfaces/msg/detail/emergency_request_status__builder.hpp
[0.865s] -- Up-to-date: /home/yony/Dev/ros2_ws/install/sim_sem_interfaces/include/sim_sem_interfaces/sim_sem_interfaces/msg/detail/robot_grasping_strategies__builder.hpp
[0.866s] -- Up-to-date: /home/yony/Dev/ros2_ws/install/sim_sem_interfaces/include/sim_sem_interfaces/sim_sem_interfaces/msg/detail/fatigue_analysis__struct.hpp
[0.866s] -- Up-to-date: /home/yony/Dev/ros2_ws/install/sim_sem_interfaces/include/sim_sem_interfaces/sim_sem_interfaces/msg/detail/neuromorphic_sensing__struct.hpp
[0.866s] -- Up-to-date: /home/yony/Dev/ros2_ws/install/sim_sem_interfaces/include/sim_sem_interfaces/sim_sem_interfaces/msg/detail/physical_object__struct.hpp
[0.866s] -- Up-to-date: /home/yony/Dev/ros2_ws/install/sim_sem_interfaces/include/sim_sem_interfaces/sim_sem_interfaces/msg/detail/human_grasping_strategies__struct.hpp
[0.866s] -- Up-to-date: /home/yony/Dev/ros2_ws/install/sim_sem_interfaces/include/sim_sem_interfaces/sim_sem_interfaces/msg/detail/robot_high_latency_corrections__traits.hpp
[0.866s] -- Up-to-date: /home/yony/Dev/ros2_ws/install/sim_sem_interfaces/include/sim_sem_interfaces/sim_sem_interfaces/msg/detail/robot_arm__struct.hpp
[0.867s] -- Up-to-date: /home/yony/Dev/ros2_ws/install/sim_sem_interfaces/include/sim_sem_interfaces/sim_sem_interfaces/msg/detail/neuromorphic_sensing__builder.hpp
[0.867s] -- Up-to-date: /home/yony/Dev/ros2_ws/install/sim_sem_interfaces/include/sim_sem_interfaces/sim_sem_interfaces/msg/detail/human_parameter_intention__traits.hpp
[0.867s] -- Up-to-date: /home/yony/Dev/ros2_ws/install/sim_sem_interfaces/include/sim_sem_interfaces/sim_sem_interfaces/msg/detail/physical_object__traits.hpp
[0.867s] -- Up-to-date: /home/yony/Dev/ros2_ws/install/sim_sem_interfaces/include/sim_sem_interfaces/sim_sem_interfaces/msg/detail/robot_hand_kinematic__builder.hpp
[0.867s] -- Up-to-date: /home/yony/Dev/ros2_ws/install/sim_sem_interfaces/include/sim_sem_interfaces/sim_sem_interfaces/msg/detail/human_behaviour__traits.hpp
[0.868s] -- Up-to-date: /home/yony/Dev/ros2_ws/install/sim_sem_interfaces/include/sim_sem_interfaces/sim_sem_interfaces/msg/detail/robot_hand_kinematic__traits.hpp
[0.868s] -- Up-to-date: /home/yony/Dev/ros2_ws/install/sim_sem_interfaces/include/sim_sem_interfaces/sim_sem_interfaces/msg/detail/tactile__builder.hpp
[0.868s] -- Up-to-date: /home/yony/Dev/ros2_ws/install/sim_sem_interfaces/include/sim_sem_interfaces/sim_sem_interfaces/msg/detail/human_motion__builder.hpp
[0.868s] -- Up-to-date: /home/yony/Dev/ros2_ws/install/sim_sem_interfaces/include/sim_sem_interfaces/sim_sem_interfaces/msg/detail/human_sight__builder.hpp
[0.868s] -- Up-to-date: /home/yony/Dev/ros2_ws/install/sim_sem_interfaces/include/sim_sem_interfaces/sim_sem_interfaces/msg/detail/robot_low_latency_corrections__traits.hpp
[0.869s] -- Up-to-date: /home/yony/Dev/ros2_ws/install/sim_sem_interfaces/include/sim_sem_interfaces/sim_sem_interfaces/msg/detail/tactile__traits.hpp
[0.869s] -- Up-to-date: /home/yony/Dev/ros2_ws/install/sim_sem_interfaces/include/sim_sem_interfaces/sim_sem_interfaces/msg/detail/environment__builder.hpp
[0.869s] -- Up-to-date: /home/yony/Dev/ros2_ws/install/sim_sem_interfaces/include/sim_sem_interfaces/sim_sem_interfaces/msg/detail/human_grasping_strategies__builder.hpp
[0.869s] -- Up-to-date: /home/yony/Dev/ros2_ws/install/sim_sem_interfaces/include/sim_sem_interfaces/sim_sem_interfaces/msg/detail/robot_arm_kinematic__traits.hpp
[0.869s] -- Up-to-date: /home/yony/Dev/ros2_ws/install/sim_sem_interfaces/include/sim_sem_interfaces/sim_sem_interfaces/msg/detail/robot_arm_kinematic__builder.hpp
[0.869s] -- Up-to-date: /home/yony/Dev/ros2_ws/install/sim_sem_interfaces/include/sim_sem_interfaces/sim_sem_interfaces/msg/detail/human_motion__struct.hpp
[0.870s] -- Up-to-date: /home/yony/Dev/ros2_ws/install/sim_sem_interfaces/include/sim_sem_interfaces/sim_sem_interfaces/msg/detail/robot_grasping_strategies__struct.hpp
[0.870s] -- Up-to-date: /home/yony/Dev/ros2_ws/install/sim_sem_interfaces/include/sim_sem_interfaces/sim_sem_interfaces/msg/detail/environment__traits.hpp
[0.870s] -- Up-to-date: /home/yony/Dev/ros2_ws/install/sim_sem_interfaces/include/sim_sem_interfaces/sim_sem_interfaces/msg/detail/robot_hand__traits.hpp
[0.870s] -- Up-to-date: /home/yony/Dev/ros2_ws/install/sim_sem_interfaces/include/sim_sem_interfaces/sim_sem_interfaces/msg/detail/human_parameter_intention__builder.hpp
[0.870s] -- Up-to-date: /home/yony/Dev/ros2_ws/install/sim_sem_interfaces/include/sim_sem_interfaces/sim_sem_interfaces/msg/detail/fatigue_analysis__builder.hpp
[0.871s] -- Up-to-date: /home/yony/Dev/ros2_ws/install/sim_sem_interfaces/include/sim_sem_interfaces/sim_sem_interfaces/msg/detail/human_grasping_strategies__traits.hpp
[0.871s] -- Up-to-date: /home/yony/Dev/ros2_ws/install/sim_sem_interfaces/include/sim_sem_interfaces/sim_sem_interfaces/msg/detail/human_behaviour__builder.hpp
[0.871s] -- Up-to-date: /home/yony/Dev/ros2_ws/install/sim_sem_interfaces/include/sim_sem_interfaces/sim_sem_interfaces/msg/detail/human_sight__struct.hpp
[0.871s] -- Up-to-date: /home/yony/Dev/ros2_ws/install/sim_sem_interfaces/include/sim_sem_interfaces/sim_sem_interfaces/msg/detail/human_motion__traits.hpp
[0.871s] -- Up-to-date: /home/yony/Dev/ros2_ws/install/sim_sem_interfaces/include/sim_sem_interfaces/sim_sem_interfaces/msg/detail/tactile__struct.hpp
[0.871s] -- Up-to-date: /home/yony/Dev/ros2_ws/install/sim_sem_interfaces/include/sim_sem_interfaces/sim_sem_interfaces/msg/detail/robot_grasping_strategies__traits.hpp
[0.872s] -- Up-to-date: /home/yony/Dev/ros2_ws/install/sim_sem_interfaces/include/sim_sem_interfaces/sim_sem_interfaces/msg/detail/physical_object__builder.hpp
[0.872s] -- Up-to-date: /home/yony/Dev/ros2_ws/install/sim_sem_interfaces/include/sim_sem_interfaces/sim_sem_interfaces/msg/detail/fatigue_analysis__traits.hpp
[0.872s] -- Up-to-date: /home/yony/Dev/ros2_ws/install/sim_sem_interfaces/include/sim_sem_interfaces/sim_sem_interfaces/msg/detail/human_hand_gesture__struct.hpp
[0.872s] -- Up-to-date: /home/yony/Dev/ros2_ws/install/sim_sem_interfaces/include/sim_sem_interfaces/sim_sem_interfaces/msg/detail/robot_low_latency_corrections__builder.hpp
[0.872s] -- Up-to-date: /home/yony/Dev/ros2_ws/install/sim_sem_interfaces/include/sim_sem_interfaces/sim_sem_interfaces/msg/detail/emergency_request_status__struct.hpp
[0.873s] -- Up-to-date: /home/yony/Dev/ros2_ws/install/sim_sem_interfaces/include/sim_sem_interfaces/sim_sem_interfaces/msg/detail/emergency__struct.hpp
[0.873s] -- Up-to-date: /home/yony/Dev/ros2_ws/install/sim_sem_interfaces/include/sim_sem_interfaces/sim_sem_interfaces/msg/detail/robot_hand__struct.hpp
[0.873s] -- Up-to-date: /home/yony/Dev/ros2_ws/install/sim_sem_interfaces/include/sim_sem_interfaces/sim_sem_interfaces/msg/detail/robot_high_latency_corrections__struct.hpp
[0.873s] -- Up-to-date: /home/yony/Dev/ros2_ws/install/sim_sem_interfaces/include/sim_sem_interfaces/sim_sem_interfaces/msg/detail/environment__struct.hpp
[0.873s] -- Up-to-date: /home/yony/Dev/ros2_ws/install/sim_sem_interfaces/include/sim_sem_interfaces/sim_sem_interfaces/msg/detail/robot_arm__builder.hpp
[0.873s] -- Up-to-date: /home/yony/Dev/ros2_ws/install/sim_sem_interfaces/include/sim_sem_interfaces/sim_sem_interfaces/msg/detail/robot_arm_kinematic__struct.hpp
[0.874s] -- Up-to-date: /home/yony/Dev/ros2_ws/install/sim_sem_interfaces/include/sim_sem_interfaces/sim_sem_interfaces/msg/detail/human_sight__traits.hpp
[0.874s] -- Up-to-date: /home/yony/Dev/ros2_ws/install/sim_sem_interfaces/include/sim_sem_interfaces/sim_sem_interfaces/msg/detail/robot_hand__builder.hpp
[0.874s] -- Up-to-date: /home/yony/Dev/ros2_ws/install/sim_sem_interfaces/include/sim_sem_interfaces/sim_sem_interfaces/msg/fatigue_analysis.hpp
[0.874s] -- Up-to-date: /home/yony/Dev/ros2_ws/install/sim_sem_interfaces/include/sim_sem_interfaces/sim_sem_interfaces/msg/human_parameter_intention.hpp
[0.874s] -- Up-to-date: /home/yony/Dev/ros2_ws/install/sim_sem_interfaces/include/sim_sem_interfaces/sim_sem_interfaces/msg/emergency.hpp
[0.874s] -- Up-to-date: /home/yony/Dev/ros2_ws/install/sim_sem_interfaces/include/sim_sem_interfaces/sim_sem_interfaces/msg/human_grasping_strategies.hpp
[0.875s] -- Up-to-date: /home/yony/Dev/ros2_ws/install/sim_sem_interfaces/include/sim_sem_interfaces/sim_sem_interfaces/msg/physical_object.hpp
[0.875s] -- Up-to-date: /home/yony/Dev/ros2_ws/install/sim_sem_interfaces/include/sim_sem_interfaces/sim_sem_interfaces/msg/emergency_request_status.hpp
[0.875s] -- Up-to-date: /home/yony/Dev/ros2_ws/install/sim_sem_interfaces/include/sim_sem_interfaces/sim_sem_interfaces/msg/human_motion.hpp
[0.875s] -- Up-to-date: /home/yony/Dev/ros2_ws/install/sim_sem_interfaces/include/sim_sem_interfaces/sim_sem_interfaces/msg/robot_high_latency_corrections.hpp
[0.875s] -- Up-to-date: /home/yony/Dev/ros2_ws/install/sim_sem_interfaces/include/sim_sem_interfaces/sim_sem_interfaces/msg/human_hand_gesture.hpp
[0.875s] -- Up-to-date: /home/yony/Dev/ros2_ws/install/sim_sem_interfaces/include/sim_sem_interfaces/sim_sem_interfaces/msg/tactile.hpp
[0.876s] -- Up-to-date: /home/yony/Dev/ros2_ws/install/sim_sem_interfaces/include/sim_sem_interfaces/sim_sem_interfaces/msg/robot_grasping_strategies.hpp
[0.876s] -- Up-to-date: /home/yony/Dev/ros2_ws/install/sim_sem_interfaces/include/sim_sem_interfaces/sim_sem_interfaces/msg/human_behaviour.hpp
[0.876s] -- Up-to-date: /home/yony/Dev/ros2_ws/install/sim_sem_interfaces/include/sim_sem_interfaces/sim_sem_interfaces/msg/neuromorphic_sensing.hpp
[0.876s] -- Up-to-date: /home/yony/Dev/ros2_ws/install/sim_sem_interfaces/include/sim_sem_interfaces/sim_sem_interfaces/msg/robot_hand.hpp
[0.876s] -- Up-to-date: /home/yony/Dev/ros2_ws/install/sim_sem_interfaces/include/sim_sem_interfaces/sim_sem_interfaces/msg/robot_arm.hpp
[0.876s] -- Up-to-date: /home/yony/Dev/ros2_ws/install/sim_sem_interfaces/include/sim_sem_interfaces/sim_sem_interfaces/msg/robot_hand_kinematic.hpp
[0.877s] -- Up-to-date: /home/yony/Dev/ros2_ws/install/sim_sem_interfaces/include/sim_sem_interfaces/sim_sem_interfaces/msg/robot_arm_kinematic.hpp
[0.877s] -- Up-to-date: /home/yony/Dev/ros2_ws/install/sim_sem_interfaces/include/sim_sem_interfaces/sim_sem_interfaces/msg/environment.hpp
[0.877s] -- Up-to-date: /home/yony/Dev/ros2_ws/install/sim_sem_interfaces/include/sim_sem_interfaces/sim_sem_interfaces/msg/robot_low_latency_corrections.hpp
[0.877s] -- Up-to-date: /home/yony/Dev/ros2_ws/install/sim_sem_interfaces/include/sim_sem_interfaces/sim_sem_interfaces/msg/human_sight.hpp
[0.877s] -- Up-to-date: /home/yony/Dev/ros2_ws/install/sim_sem_interfaces/include/sim_sem_interfaces/sim_sem_interfaces
[0.877s] -- Up-to-date: /home/yony/Dev/ros2_ws/install/sim_sem_interfaces/include/sim_sem_interfaces/sim_sem_interfaces/msg
[0.878s] -- Up-to-date: /home/yony/Dev/ros2_ws/install/sim_sem_interfaces/include/sim_sem_interfaces/sim_sem_interfaces/msg/detail
[0.878s] -- Up-to-date: /home/yony/Dev/ros2_ws/install/sim_sem_interfaces/include/sim_sem_interfaces/sim_sem_interfaces/msg/detail/robot_hand__rosidl_typesupport_fastrtps_cpp.hpp
[0.878s] -- Up-to-date: /home/yony/Dev/ros2_ws/install/sim_sem_interfaces/include/sim_sem_interfaces/sim_sem_interfaces/msg/detail/robot_hand_kinematic__rosidl_typesupport_fastrtps_cpp.hpp
[0.878s] -- Up-to-date: /home/yony/Dev/ros2_ws/install/sim_sem_interfaces/include/sim_sem_interfaces/sim_sem_interfaces/msg/detail/human_sight__rosidl_typesupport_fastrtps_cpp.hpp
[0.878s] -- Up-to-date: /home/yony/Dev/ros2_ws/install/sim_sem_interfaces/include/sim_sem_interfaces/sim_sem_interfaces/msg/detail/robot_arm_kinematic__rosidl_typesupport_fastrtps_cpp.hpp
[0.878s] -- Up-to-date: /home/yony/Dev/ros2_ws/install/sim_sem_interfaces/include/sim_sem_interfaces/sim_sem_interfaces/msg/detail/human_hand_gesture__rosidl_typesupport_fastrtps_cpp.hpp
[0.879s] -- Up-to-date: /home/yony/Dev/ros2_ws/install/sim_sem_interfaces/include/sim_sem_interfaces/sim_sem_interfaces/msg/detail/tactile__rosidl_typesupport_fastrtps_cpp.hpp
[0.879s] -- Up-to-date: /home/yony/Dev/ros2_ws/install/sim_sem_interfaces/include/sim_sem_interfaces/sim_sem_interfaces/msg/detail/physical_object__rosidl_typesupport_fastrtps_cpp.hpp
[0.879s] -- Up-to-date: /home/yony/Dev/ros2_ws/install/sim_sem_interfaces/include/sim_sem_interfaces/sim_sem_interfaces/msg/detail/neuromorphic_sensing__rosidl_typesupport_fastrtps_cpp.hpp
[0.879s] -- Up-to-date: /home/yony/Dev/ros2_ws/install/sim_sem_interfaces/include/sim_sem_interfaces/sim_sem_interfaces/msg/detail/human_motion__rosidl_typesupport_fastrtps_cpp.hpp
[0.879s] -- Up-to-date: /home/yony/Dev/ros2_ws/install/sim_sem_interfaces/include/sim_sem_interfaces/sim_sem_interfaces/msg/detail/robot_low_latency_corrections__rosidl_typesupport_fastrtps_cpp.hpp
[0.879s] -- Up-to-date: /home/yony/Dev/ros2_ws/install/sim_sem_interfaces/include/sim_sem_interfaces/sim_sem_interfaces/msg/detail/robot_high_latency_corrections__rosidl_typesupport_fastrtps_cpp.hpp
[0.880s] -- Up-to-date: /home/yony/Dev/ros2_ws/install/sim_sem_interfaces/include/sim_sem_interfaces/sim_sem_interfaces/msg/detail/dds_fastrtps
[0.880s] -- Up-to-date: /home/yony/Dev/ros2_ws/install/sim_sem_interfaces/include/sim_sem_interfaces/sim_sem_interfaces/msg/detail/robot_grasping_strategies__rosidl_typesupport_fastrtps_cpp.hpp
[0.880s] -- Up-to-date: /home/yony/Dev/ros2_ws/install/sim_sem_interfaces/include/sim_sem_interfaces/sim_sem_interfaces/msg/detail/emergency__rosidl_typesupport_fastrtps_cpp.hpp
[0.880s] -- Up-to-date: /home/yony/Dev/ros2_ws/install/sim_sem_interfaces/include/sim_sem_interfaces/sim_sem_interfaces/msg/detail/human_parameter_intention__rosidl_typesupport_fastrtps_cpp.hpp
[0.881s] -- Up-to-date: /home/yony/Dev/ros2_ws/install/sim_sem_interfaces/include/sim_sem_interfaces/sim_sem_interfaces/msg/detail/robot_arm__rosidl_typesupport_fastrtps_cpp.hpp
[0.881s] -- Up-to-date: /home/yony/Dev/ros2_ws/install/sim_sem_interfaces/include/sim_sem_interfaces/sim_sem_interfaces/msg/detail/emergency_request_status__rosidl_typesupport_fastrtps_cpp.hpp
[0.881s] -- Up-to-date: /home/yony/Dev/ros2_ws/install/sim_sem_interfaces/include/sim_sem_interfaces/sim_sem_interfaces/msg/detail/human_grasping_strategies__rosidl_typesupport_fastrtps_cpp.hpp
[0.882s] -- Up-to-date: /home/yony/Dev/ros2_ws/install/sim_sem_interfaces/include/sim_sem_interfaces/sim_sem_interfaces/msg/detail/human_behaviour__rosidl_typesupport_fastrtps_cpp.hpp
[0.882s] -- Up-to-date: /home/yony/Dev/ros2_ws/install/sim_sem_interfaces/include/sim_sem_interfaces/sim_sem_interfaces/msg/detail/environment__rosidl_typesupport_fastrtps_cpp.hpp
[0.882s] -- Up-to-date: /home/yony/Dev/ros2_ws/install/sim_sem_interfaces/include/sim_sem_interfaces/sim_sem_interfaces/msg/detail/fatigue_analysis__rosidl_typesupport_fastrtps_cpp.hpp
[0.882s] -- Up-to-date: /home/yony/Dev/ros2_ws/install/sim_sem_interfaces/include/sim_sem_interfaces/sim_sem_interfaces/msg/rosidl_typesupport_fastrtps_cpp__visibility_control.h
[0.883s] -- Up-to-date: /home/yony/Dev/ros2_ws/install/sim_sem_interfaces/lib/libsim_sem_interfaces__rosidl_typesupport_fastrtps_cpp.so
[0.883s] -- Up-to-date: /home/yony/Dev/ros2_ws/install/sim_sem_interfaces/include/sim_sem_interfaces/sim_sem_interfaces
[0.883s] -- Up-to-date: /home/yony/Dev/ros2_ws/install/sim_sem_interfaces/include/sim_sem_interfaces/sim_sem_interfaces/msg
[0.883s] -- Up-to-date: /home/yony/Dev/ros2_ws/install/sim_sem_interfaces/include/sim_sem_interfaces/sim_sem_interfaces/msg/detail
[0.883s] -- Up-to-date: /home/yony/Dev/ros2_ws/install/sim_sem_interfaces/include/sim_sem_interfaces/sim_sem_interfaces/msg/detail/robot_hand_kinematic__type_support.cpp
[0.884s] -- Up-to-date: /home/yony/Dev/ros2_ws/install/sim_sem_interfaces/include/sim_sem_interfaces/sim_sem_interfaces/msg/detail/human_sight__type_support.cpp
[0.884s] -- Up-to-date: /home/yony/Dev/ros2_ws/install/sim_sem_interfaces/include/sim_sem_interfaces/sim_sem_interfaces/msg/detail/emergency_request_status__type_support.cpp
[0.884s] -- Up-to-date: /home/yony/Dev/ros2_ws/install/sim_sem_interfaces/include/sim_sem_interfaces/sim_sem_interfaces/msg/detail/neuromorphic_sensing__rosidl_typesupport_introspection_cpp.hpp
[0.884s] -- Up-to-date: /home/yony/Dev/ros2_ws/install/sim_sem_interfaces/include/sim_sem_interfaces/sim_sem_interfaces/msg/detail/human_grasping_strategies__rosidl_typesupport_introspection_cpp.hpp
[0.884s] -- Up-to-date: /home/yony/Dev/ros2_ws/install/sim_sem_interfaces/include/sim_sem_interfaces/sim_sem_interfaces/msg/detail/robot_hand__type_support.cpp
[0.884s] -- Up-to-date: /home/yony/Dev/ros2_ws/install/sim_sem_interfaces/include/sim_sem_interfaces/sim_sem_interfaces/msg/detail/tactile__type_support.cpp
[0.885s] -- Up-to-date: /home/yony/Dev/ros2_ws/install/sim_sem_interfaces/include/sim_sem_interfaces/sim_sem_interfaces/msg/detail/tactile__rosidl_typesupport_introspection_cpp.hpp
[0.885s] -- Up-to-date: /home/yony/Dev/ros2_ws/install/sim_sem_interfaces/include/sim_sem_interfaces/sim_sem_interfaces/msg/detail/human_sight__rosidl_typesupport_introspection_cpp.hpp
[0.885s] -- Up-to-date: /home/yony/Dev/ros2_ws/install/sim_sem_interfaces/include/sim_sem_interfaces/sim_sem_interfaces/msg/detail/neuromorphic_sensing__type_support.cpp
[0.885s] -- Up-to-date: /home/yony/Dev/ros2_ws/install/sim_sem_interfaces/include/sim_sem_interfaces/sim_sem_interfaces/msg/detail/human_behaviour__type_support.cpp
[0.885s] -- Up-to-date: /home/yony/Dev/ros2_ws/install/sim_sem_interfaces/include/sim_sem_interfaces/sim_sem_interfaces/msg/detail/human_motion__type_support.cpp
[0.886s] -- Up-to-date: /home/yony/Dev/ros2_ws/install/sim_sem_interfaces/include/sim_sem_interfaces/sim_sem_interfaces/msg/detail/human_motion__rosidl_typesupport_introspection_cpp.hpp
[0.886s] -- Up-to-date: /home/yony/Dev/ros2_ws/install/sim_sem_interfaces/include/sim_sem_interfaces/sim_sem_interfaces/msg/detail/human_grasping_strategies__type_support.cpp
[0.886s] -- Up-to-date: /home/yony/Dev/ros2_ws/install/sim_sem_interfaces/include/sim_sem_interfaces/sim_sem_interfaces/msg/detail/emergency__type_support.cpp
[0.886s] -- Up-to-date: /home/yony/Dev/ros2_ws/install/sim_sem_interfaces/include/sim_sem_interfaces/sim_sem_interfaces/msg/detail/robot_arm__type_support.cpp
[0.886s] -- Up-to-date: /home/yony/Dev/ros2_ws/install/sim_sem_interfaces/include/sim_sem_interfaces/sim_sem_interfaces/msg/detail/robot_high_latency_corrections__rosidl_typesupport_introspection_cpp.hpp
[0.886s] -- Up-to-date: /home/yony/Dev/ros2_ws/install/sim_sem_interfaces/include/sim_sem_interfaces/sim_sem_interfaces/msg/detail/robot_low_latency_corrections__rosidl_typesupport_introspection_cpp.hpp
[0.887s] -- Up-to-date: /home/yony/Dev/ros2_ws/install/sim_sem_interfaces/include/sim_sem_interfaces/sim_sem_interfaces/msg/detail/fatigue_analysis__type_support.cpp
[0.887s] -- Up-to-date: /home/yony/Dev/ros2_ws/install/sim_sem_interfaces/include/sim_sem_interfaces/sim_sem_interfaces/msg/detail/robot_high_latency_corrections__type_support.cpp
[0.887s] -- Up-to-date: /home/yony/Dev/ros2_ws/install/sim_sem_interfaces/include/sim_sem_interfaces/sim_sem_interfaces/msg/detail/robot_hand_kinematic__rosidl_typesupport_introspection_cpp.hpp
[0.887s] -- Up-to-date: /home/yony/Dev/ros2_ws/install/sim_sem_interfaces/include/sim_sem_interfaces/sim_sem_interfaces/msg/detail/fatigue_analysis__rosidl_typesupport_introspection_cpp.hpp
[0.887s] -- Up-to-date: /home/yony/Dev/ros2_ws/install/sim_sem_interfaces/include/sim_sem_interfaces/sim_sem_interfaces/msg/detail/physical_object__type_support.cpp
[0.888s] -- Up-to-date: /home/yony/Dev/ros2_ws/install/sim_sem_interfaces/include/sim_sem_interfaces/sim_sem_interfaces/msg/detail/emergency_request_status__rosidl_typesupport_introspection_cpp.hpp
[0.888s] -- Up-to-date: /home/yony/Dev/ros2_ws/install/sim_sem_interfaces/include/sim_sem_interfaces/sim_sem_interfaces/msg/detail/robot_arm_kinematic__rosidl_typesupport_introspection_cpp.hpp
[0.889s] -- Up-to-date: /home/yony/Dev/ros2_ws/install/sim_sem_interfaces/include/sim_sem_interfaces/sim_sem_interfaces/msg/detail/human_behaviour__rosidl_typesupport_introspection_cpp.hpp
[0.890s] -- Up-to-date: /home/yony/Dev/ros2_ws/install/sim_sem_interfaces/include/sim_sem_interfaces/sim_sem_interfaces/msg/detail/human_hand_gesture__rosidl_typesupport_introspection_cpp.hpp
[0.890s] -- Up-to-date: /home/yony/Dev/ros2_ws/install/sim_sem_interfaces/include/sim_sem_interfaces/sim_sem_interfaces/msg/detail/robot_arm__rosidl_typesupport_introspection_cpp.hpp
[0.891s] -- Up-to-date: /home/yony/Dev/ros2_ws/install/sim_sem_interfaces/include/sim_sem_interfaces/sim_sem_interfaces/msg/detail/robot_grasping_strategies__type_support.cpp
[0.892s] -- Up-to-date: /home/yony/Dev/ros2_ws/install/sim_sem_interfaces/include/sim_sem_interfaces/sim_sem_interfaces/msg/detail/robot_arm_kinematic__type_support.cpp
[0.893s] -- Up-to-date: /home/yony/Dev/ros2_ws/install/sim_sem_interfaces/include/sim_sem_interfaces/sim_sem_interfaces/msg/detail/human_hand_gesture__type_support.cpp
[0.893s] -- Up-to-date: /home/yony/Dev/ros2_ws/install/sim_sem_interfaces/include/sim_sem_interfaces/sim_sem_interfaces/msg/detail/robot_grasping_strategies__rosidl_typesupport_introspection_cpp.hpp
[0.894s] -- Up-to-date: /home/yony/Dev/ros2_ws/install/sim_sem_interfaces/include/sim_sem_interfaces/sim_sem_interfaces/msg/detail/robot_low_latency_corrections__type_support.cpp
[0.894s] -- Up-to-date: /home/yony/Dev/ros2_ws/install/sim_sem_interfaces/include/sim_sem_interfaces/sim_sem_interfaces/msg/detail/human_parameter_intention__type_support.cpp
[0.894s] -- Up-to-date: /home/yony/Dev/ros2_ws/install/sim_sem_interfaces/include/sim_sem_interfaces/sim_sem_interfaces/msg/detail/environment__rosidl_typesupport_introspection_cpp.hpp
[0.895s] -- Up-to-date: /home/yony/Dev/ros2_ws/install/sim_sem_interfaces/include/sim_sem_interfaces/sim_sem_interfaces/msg/detail/physical_object__rosidl_typesupport_introspection_cpp.hpp
[0.895s] -- Up-to-date: /home/yony/Dev/ros2_ws/install/sim_sem_interfaces/include/sim_sem_interfaces/sim_sem_interfaces/msg/detail/emergency__rosidl_typesupport_introspection_cpp.hpp
[0.896s] -- Up-to-date: /home/yony/Dev/ros2_ws/install/sim_sem_interfaces/include/sim_sem_interfaces/sim_sem_interfaces/msg/detail/robot_hand__rosidl_typesupport_introspection_cpp.hpp
[0.897s] -- Up-to-date: /home/yony/Dev/ros2_ws/install/sim_sem_interfaces/include/sim_sem_interfaces/sim_sem_interfaces/msg/detail/environment__type_support.cpp
[0.897s] -- Up-to-date: /home/yony/Dev/ros2_ws/install/sim_sem_interfaces/include/sim_sem_interfaces/sim_sem_interfaces/msg/detail/human_parameter_intention__rosidl_typesupport_introspection_cpp.hpp
[0.898s] -- Up-to-date: /home/yony/Dev/ros2_ws/install/sim_sem_interfaces/lib/libsim_sem_interfaces__rosidl_typesupport_introspection_cpp.so
[0.898s] -- Up-to-date: /home/yony/Dev/ros2_ws/install/sim_sem_interfaces/lib/libsim_sem_interfaces__rosidl_typesupport_cpp.so
[0.899s] -- Up-to-date: /home/yony/Dev/ros2_ws/install/sim_sem_interfaces/share/sim_sem_interfaces/environment/pythonpath.sh
[0.899s] -- Up-to-date: /home/yony/Dev/ros2_ws/install/sim_sem_interfaces/share/sim_sem_interfaces/environment/pythonpath.dsv
[0.900s] -- Up-to-date: /home/yony/Dev/ros2_ws/install/sim_sem_interfaces/local/lib/python3.10/dist-packages/sim_sem_interfaces-0.0.1-py3.10.egg-info
[0.900s] -- Installing: /home/yony/Dev/ros2_ws/install/sim_sem_interfaces/local/lib/python3.10/dist-packages/sim_sem_interfaces-0.0.1-py3.10.egg-info/dependency_links.txt
[0.900s] -- Installing: /home/yony/Dev/ros2_ws/install/sim_sem_interfaces/local/lib/python3.10/dist-packages/sim_sem_interfaces-0.0.1-py3.10.egg-info/SOURCES.txt
[0.900s] -- Installing: /home/yony/Dev/ros2_ws/install/sim_sem_interfaces/local/lib/python3.10/dist-packages/sim_sem_interfaces-0.0.1-py3.10.egg-info/PKG-INFO
[0.901s] -- Installing: /home/yony/Dev/ros2_ws/install/sim_sem_interfaces/local/lib/python3.10/dist-packages/sim_sem_interfaces-0.0.1-py3.10.egg-info/top_level.txt
[0.901s] -- Up-to-date: /home/yony/Dev/ros2_ws/install/sim_sem_interfaces/local/lib/python3.10/dist-packages/sim_sem_interfaces
[0.901s] -- Up-to-date: /home/yony/Dev/ros2_ws/install/sim_sem_interfaces/local/lib/python3.10/dist-packages/sim_sem_interfaces/_sim_sem_interfaces_s.ep.rosidl_typesupport_c.c
[0.901s] -- Up-to-date: /home/yony/Dev/ros2_ws/install/sim_sem_interfaces/local/lib/python3.10/dist-packages/sim_sem_interfaces/msg
[0.901s] -- Up-to-date: /home/yony/Dev/ros2_ws/install/sim_sem_interfaces/local/lib/python3.10/dist-packages/sim_sem_interfaces/msg/_fatigue_analysis.py
[0.902s] -- Up-to-date: /home/yony/Dev/ros2_ws/install/sim_sem_interfaces/local/lib/python3.10/dist-packages/sim_sem_interfaces/msg/_robot_arm_kinematic_s.c
[0.903s] -- Up-to-date: /home/yony/Dev/ros2_ws/install/sim_sem_interfaces/local/lib/python3.10/dist-packages/sim_sem_interfaces/msg/_environment_s.c
[0.903s] -- Up-to-date: /home/yony/Dev/ros2_ws/install/sim_sem_interfaces/local/lib/python3.10/dist-packages/sim_sem_interfaces/msg/_robot_hand_kinematic.py
[0.904s] -- Up-to-date: /home/yony/Dev/ros2_ws/install/sim_sem_interfaces/local/lib/python3.10/dist-packages/sim_sem_interfaces/msg/_human_behaviour.py
[0.904s] -- Up-to-date: /home/yony/Dev/ros2_ws/install/sim_sem_interfaces/local/lib/python3.10/dist-packages/sim_sem_interfaces/msg/_human_grasping_strategies.py
[0.905s] -- Up-to-date: /home/yony/Dev/ros2_ws/install/sim_sem_interfaces/local/lib/python3.10/dist-packages/sim_sem_interfaces/msg/_robot_grasping_strategies_s.c
[0.906s] -- Up-to-date: /home/yony/Dev/ros2_ws/install/sim_sem_interfaces/local/lib/python3.10/dist-packages/sim_sem_interfaces/msg/_tactile.py
[0.906s] -- Up-to-date: /home/yony/Dev/ros2_ws/install/sim_sem_interfaces/local/lib/python3.10/dist-packages/sim_sem_interfaces/msg/_neuromorphic_sensing.py
[0.907s] -- Up-to-date: /home/yony/Dev/ros2_ws/install/sim_sem_interfaces/local/lib/python3.10/dist-packages/sim_sem_interfaces/msg/_environment.py
[0.907s] -- Up-to-date: /home/yony/Dev/ros2_ws/install/sim_sem_interfaces/local/lib/python3.10/dist-packages/sim_sem_interfaces/msg/_tactile_s.c
[0.908s] -- Up-to-date: /home/yony/Dev/ros2_ws/install/sim_sem_interfaces/local/lib/python3.10/dist-packages/sim_sem_interfaces/msg/_robot_arm_kinematic.py
[0.908s] -- Up-to-date: /home/yony/Dev/ros2_ws/install/sim_sem_interfaces/local/lib/python3.10/dist-packages/sim_sem_interfaces/msg/_physical_object_s.c
[0.908s] -- Up-to-date: /home/yony/Dev/ros2_ws/install/sim_sem_interfaces/local/lib/python3.10/dist-packages/sim_sem_interfaces/msg/_human_motion_s.c
[0.909s] -- Up-to-date: /home/yony/Dev/ros2_ws/install/sim_sem_interfaces/local/lib/python3.10/dist-packages/sim_sem_interfaces/msg/_human_motion.py
[0.910s] -- Up-to-date: /home/yony/Dev/ros2_ws/install/sim_sem_interfaces/local/lib/python3.10/dist-packages/sim_sem_interfaces/msg/_fatigue_analysis_s.c
[0.911s] -- Up-to-date: /home/yony/Dev/ros2_ws/install/sim_sem_interfaces/local/lib/python3.10/dist-packages/sim_sem_interfaces/msg/_emergency.py
[0.911s] -- Up-to-date: /home/yony/Dev/ros2_ws/install/sim_sem_interfaces/local/lib/python3.10/dist-packages/sim_sem_interfaces/msg/_neuromorphic_sensing_s.c
[0.911s] -- Up-to-date: /home/yony/Dev/ros2_ws/install/sim_sem_interfaces/local/lib/python3.10/dist-packages/sim_sem_interfaces/msg/_robot_grasping_strategies.py
[0.912s] -- Up-to-date: /home/yony/Dev/ros2_ws/install/sim_sem_interfaces/local/lib/python3.10/dist-packages/sim_sem_interfaces/msg/_emergency_request_status.py
[0.912s] -- Up-to-date: /home/yony/Dev/ros2_ws/install/sim_sem_interfaces/local/lib/python3.10/dist-packages/sim_sem_interfaces/msg/_robot_hand_s.c
[0.913s] -- Up-to-date: /home/yony/Dev/ros2_ws/install/sim_sem_interfaces/local/lib/python3.10/dist-packages/sim_sem_interfaces/msg/_robot_high_latency_corrections_s.c
[0.913s] -- Up-to-date: /home/yony/Dev/ros2_ws/install/sim_sem_interfaces/local/lib/python3.10/dist-packages/sim_sem_interfaces/msg/_human_grasping_strategies_s.c
[0.914s] -- Up-to-date: /home/yony/Dev/ros2_ws/install/sim_sem_interfaces/local/lib/python3.10/dist-packages/sim_sem_interfaces/msg/_emergency_s.c
[0.914s] -- Up-to-date: /home/yony/Dev/ros2_ws/install/sim_sem_interfaces/local/lib/python3.10/dist-packages/sim_sem_interfaces/msg/_robot_high_latency_corrections.py
[0.915s] -- Up-to-date: /home/yony/Dev/ros2_ws/install/sim_sem_interfaces/local/lib/python3.10/dist-packages/sim_sem_interfaces/msg/_human_behaviour_s.c
[0.915s] -- Up-to-date: /home/yony/Dev/ros2_ws/install/sim_sem_interfaces/local/lib/python3.10/dist-packages/sim_sem_interfaces/msg/_human_sight_s.c
[0.916s] -- Up-to-date: /home/yony/Dev/ros2_ws/install/sim_sem_interfaces/local/lib/python3.10/dist-packages/sim_sem_interfaces/msg/_robot_arm_s.c
[0.916s] -- Up-to-date: /home/yony/Dev/ros2_ws/install/sim_sem_interfaces/local/lib/python3.10/dist-packages/sim_sem_interfaces/msg/__init__.py
[0.916s] -- Up-to-date: /home/yony/Dev/ros2_ws/install/sim_sem_interfaces/local/lib/python3.10/dist-packages/sim_sem_interfaces/msg/_robot_low_latency_corrections.py
[0.917s] -- Up-to-date: /home/yony/Dev/ros2_ws/install/sim_sem_interfaces/local/lib/python3.10/dist-packages/sim_sem_interfaces/msg/_human_sight.py
[0.917s] -- Up-to-date: /home/yony/Dev/ros2_ws/install/sim_sem_interfaces/local/lib/python3.10/dist-packages/sim_sem_interfaces/msg/_human_hand_gesture.py
[0.918s] -- Up-to-date: /home/yony/Dev/ros2_ws/install/sim_sem_interfaces/local/lib/python3.10/dist-packages/sim_sem_interfaces/msg/_human_parameter_intention_s.c
[0.918s] -- Up-to-date: /home/yony/Dev/ros2_ws/install/sim_sem_interfaces/local/lib/python3.10/dist-packages/sim_sem_interfaces/msg/_human_hand_gesture_s.c
[0.918s] -- Up-to-date: /home/yony/Dev/ros2_ws/install/sim_sem_interfaces/local/lib/python3.10/dist-packages/sim_sem_interfaces/msg/_human_parameter_intention.py
[0.918s] -- Up-to-date: /home/yony/Dev/ros2_ws/install/sim_sem_interfaces/local/lib/python3.10/dist-packages/sim_sem_interfaces/msg/_robot_low_latency_corrections_s.c
[0.918s] -- Up-to-date: /home/yony/Dev/ros2_ws/install/sim_sem_interfaces/local/lib/python3.10/dist-packages/sim_sem_interfaces/msg/_physical_object.py
[0.918s] -- Up-to-date: /home/yony/Dev/ros2_ws/install/sim_sem_interfaces/local/lib/python3.10/dist-packages/sim_sem_interfaces/msg/_robot_arm.py
[0.919s] -- Up-to-date: /home/yony/Dev/ros2_ws/install/sim_sem_interfaces/local/lib/python3.10/dist-packages/sim_sem_interfaces/msg/_robot_hand_kinematic_s.c
[0.919s] -- Up-to-date: /home/yony/Dev/ros2_ws/install/sim_sem_interfaces/local/lib/python3.10/dist-packages/sim_sem_interfaces/msg/_emergency_request_status_s.c
[0.919s] -- Up-to-date: /home/yony/Dev/ros2_ws/install/sim_sem_interfaces/local/lib/python3.10/dist-packages/sim_sem_interfaces/msg/_robot_hand.py
[0.919s] -- Up-to-date: /home/yony/Dev/ros2_ws/install/sim_sem_interfaces/local/lib/python3.10/dist-packages/sim_sem_interfaces/_sim_sem_interfaces_s.ep.rosidl_typesupport_introspection_c.c
[0.919s] -- Up-to-date: /home/yony/Dev/ros2_ws/install/sim_sem_interfaces/local/lib/python3.10/dist-packages/sim_sem_interfaces/libsim_sem_interfaces__rosidl_generator_py.so
[0.919s] -- Up-to-date: /home/yony/Dev/ros2_ws/install/sim_sem_interfaces/local/lib/python3.10/dist-packages/sim_sem_interfaces/sim_sem_interfaces_s__rosidl_typesupport_c.cpython-310-x86_64-linux-gnu.so
[0.920s] -- Up-to-date: /home/yony/Dev/ros2_ws/install/sim_sem_interfaces/local/lib/python3.10/dist-packages/sim_sem_interfaces/sim_sem_interfaces_s__rosidl_typesupport_introspection_c.cpython-310-x86_64-linux-gnu.so
[0.920s] -- Up-to-date: /home/yony/Dev/ros2_ws/install/sim_sem_interfaces/local/lib/python3.10/dist-packages/sim_sem_interfaces/__init__.py
[0.920s] -- Up-to-date: /home/yony/Dev/ros2_ws/install/sim_sem_interfaces/local/lib/python3.10/dist-packages/sim_sem_interfaces/_sim_sem_interfaces_s.ep.rosidl_typesupport_fastrtps_c.c
[0.920s] -- Up-to-date: /home/yony/Dev/ros2_ws/install/sim_sem_interfaces/local/lib/python3.10/dist-packages/sim_sem_interfaces/sim_sem_interfaces_s__rosidl_typesupport_fastrtps_c.cpython-310-x86_64-linux-gnu.so
[0.920s] Listing '/home/yony/Dev/ros2_ws/install/sim_sem_interfaces/local/lib/python3.10/dist-packages/sim_sem_interfaces'...
[0.920s] Listing '/home/yony/Dev/ros2_ws/install/sim_sem_interfaces/local/lib/python3.10/dist-packages/sim_sem_interfaces/msg'...
[0.921s] -- Up-to-date: /home/yony/Dev/ros2_ws/install/sim_sem_interfaces/local/lib/python3.10/dist-packages/sim_sem_interfaces/sim_sem_interfaces_s__rosidl_typesupport_fastrtps_c.cpython-310-x86_64-linux-gnu.so
[0.921s] -- Up-to-date: /home/yony/Dev/ros2_ws/install/sim_sem_interfaces/local/lib/python3.10/dist-packages/sim_sem_interfaces/sim_sem_interfaces_s__rosidl_typesupport_introspection_c.cpython-310-x86_64-linux-gnu.so
[0.921s] -- Up-to-date: /home/yony/Dev/ros2_ws/install/sim_sem_interfaces/local/lib/python3.10/dist-packages/sim_sem_interfaces/sim_sem_interfaces_s__rosidl_typesupport_c.cpython-310-x86_64-linux-gnu.so
[0.921s] -- Up-to-date: /home/yony/Dev/ros2_ws/install/sim_sem_interfaces/lib/libsim_sem_interfaces__rosidl_generator_py.so
[0.921s] -- Up-to-date: /home/yony/Dev/ros2_ws/install/sim_sem_interfaces/share/sim_sem_interfaces/msg/Emergency.idl
[0.922s] -- Up-to-date: /home/yony/Dev/ros2_ws/install/sim_sem_interfaces/share/sim_sem_interfaces/msg/EmergencyRequestStatus.idl
[0.922s] -- Up-to-date: /home/yony/Dev/ros2_ws/install/sim_sem_interfaces/share/sim_sem_interfaces/msg/Environment.idl
[0.922s] -- Up-to-date: /home/yony/Dev/ros2_ws/install/sim_sem_interfaces/share/sim_sem_interfaces/msg/FatigueAnalysis.idl
[0.922s] -- Up-to-date: /home/yony/Dev/ros2_ws/install/sim_sem_interfaces/share/sim_sem_interfaces/msg/HumanBehaviour.idl
[0.922s] -- Up-to-date: /home/yony/Dev/ros2_ws/install/sim_sem_interfaces/share/sim_sem_interfaces/msg/HumanGraspingStrategies.idl
[0.922s] -- Up-to-date: /home/yony/Dev/ros2_ws/install/sim_sem_interfaces/share/sim_sem_interfaces/msg/HumanHandGesture.idl
[0.923s] -- Up-to-date: /home/yony/Dev/ros2_ws/install/sim_sem_interfaces/share/sim_sem_interfaces/msg/HumanMotion.idl
[0.923s] -- Up-to-date: /home/yony/Dev/ros2_ws/install/sim_sem_interfaces/share/sim_sem_interfaces/msg/HumanParameterIntention.idl
[0.923s] -- Up-to-date: /home/yony/Dev/ros2_ws/install/sim_sem_interfaces/share/sim_sem_interfaces/msg/HumanSight.idl
[0.923s] -- Up-to-date: /home/yony/Dev/ros2_ws/install/sim_sem_interfaces/share/sim_sem_interfaces/msg/NeuromorphicSensing.idl
[0.923s] -- Up-to-date: /home/yony/Dev/ros2_ws/install/sim_sem_interfaces/share/sim_sem_interfaces/msg/PhysicalObject.idl
[0.923s] -- Up-to-date: /home/yony/Dev/ros2_ws/install/sim_sem_interfaces/share/sim_sem_interfaces/msg/RobotArm.idl
[0.924s] -- Up-to-date: /home/yony/Dev/ros2_ws/install/sim_sem_interfaces/share/sim_sem_interfaces/msg/RobotArmKinematic.idl
[0.924s] -- Up-to-date: /home/yony/Dev/ros2_ws/install/sim_sem_interfaces/share/sim_sem_interfaces/msg/RobotGraspingStrategies.idl
[0.924s] -- Up-to-date: /home/yony/Dev/ros2_ws/install/sim_sem_interfaces/share/sim_sem_interfaces/msg/RobotHand.idl
[0.924s] -- Up-to-date: /home/yony/Dev/ros2_ws/install/sim_sem_interfaces/share/sim_sem_interfaces/msg/RobotHandKinematic.idl
[0.924s] -- Up-to-date: /home/yony/Dev/ros2_ws/install/sim_sem_interfaces/share/sim_sem_interfaces/msg/RobotHighLatencyCorrections.idl
[0.924s] -- Up-to-date: /home/yony/Dev/ros2_ws/install/sim_sem_interfaces/share/sim_sem_interfaces/msg/RobotLowLatencyCorrections.idl
[0.925s] -- Up-to-date: /home/yony/Dev/ros2_ws/install/sim_sem_interfaces/share/sim_sem_interfaces/msg/Tactile.idl
[0.925s] -- Up-to-date: /home/yony/Dev/ros2_ws/install/sim_sem_interfaces/share/sim_sem_interfaces/msg/Emergency.msg
[0.925s] -- Up-to-date: /home/yony/Dev/ros2_ws/install/sim_sem_interfaces/share/sim_sem_interfaces/msg/EmergencyRequestStatus.msg
[0.926s] -- Up-to-date: /home/yony/Dev/ros2_ws/install/sim_sem_interfaces/share/sim_sem_interfaces/msg/Environment.msg
[0.926s] -- Up-to-date: /home/yony/Dev/ros2_ws/install/sim_sem_interfaces/share/sim_sem_interfaces/msg/FatigueAnalysis.msg
[0.926s] -- Up-to-date: /home/yony/Dev/ros2_ws/install/sim_sem_interfaces/share/sim_sem_interfaces/msg/HumanBehaviour.msg
[0.926s] -- Up-to-date: /home/yony/Dev/ros2_ws/install/sim_sem_interfaces/share/sim_sem_interfaces/msg/HumanGraspingStrategies.msg
[0.927s] -- Up-to-date: /home/yony/Dev/ros2_ws/install/sim_sem_interfaces/share/sim_sem_interfaces/msg/HumanHandGesture.msg
[0.927s] -- Up-to-date: /home/yony/Dev/ros2_ws/install/sim_sem_interfaces/share/sim_sem_interfaces/msg/HumanMotion.msg
[0.927s] -- Up-to-date: /home/yony/Dev/ros2_ws/install/sim_sem_interfaces/share/sim_sem_interfaces/msg/HumanParameterIntention.msg
[0.927s] -- Up-to-date: /home/yony/Dev/ros2_ws/install/sim_sem_interfaces/share/sim_sem_interfaces/msg/HumanSight.msg
[0.927s] -- Up-to-date: /home/yony/Dev/ros2_ws/install/sim_sem_interfaces/share/sim_sem_interfaces/msg/NeuromorphicSensing.msg
[0.928s] -- Up-to-date: /home/yony/Dev/ros2_ws/install/sim_sem_interfaces/share/sim_sem_interfaces/msg/PhysicalObject.msg
[0.928s] -- Up-to-date: /home/yony/Dev/ros2_ws/install/sim_sem_interfaces/share/sim_sem_interfaces/msg/RobotArm.msg
[0.928s] -- Up-to-date: /home/yony/Dev/ros2_ws/install/sim_sem_interfaces/share/sim_sem_interfaces/msg/RobotArmKinematic.msg
[0.928s] -- Up-to-date: /home/yony/Dev/ros2_ws/install/sim_sem_interfaces/share/sim_sem_interfaces/msg/RobotGraspingStrategies.msg
[0.928s] -- Up-to-date: /home/yony/Dev/ros2_ws/install/sim_sem_interfaces/share/sim_sem_interfaces/msg/RobotHand.msg
[0.928s] -- Up-to-date: /home/yony/Dev/ros2_ws/install/sim_sem_interfaces/share/sim_sem_interfaces/msg/RobotHandKinematic.msg
[0.929s] -- Up-to-date: /home/yony/Dev/ros2_ws/install/sim_sem_interfaces/share/sim_sem_interfaces/msg/RobotHighLatencyCorrections.msg
[0.929s] -- Up-to-date: /home/yony/Dev/ros2_ws/install/sim_sem_interfaces/share/sim_sem_interfaces/msg/RobotLowLatencyCorrections.msg
[0.929s] -- Up-to-date: /home/yony/Dev/ros2_ws/install/sim_sem_interfaces/share/sim_sem_interfaces/msg/Tactile.msg
[0.929s] -- Up-to-date: /home/yony/Dev/ros2_ws/install/sim_sem_interfaces/share/ament_index/resource_index/package_run_dependencies/sim_sem_interfaces
[0.929s] -- Up-to-date: /home/yony/Dev/ros2_ws/install/sim_sem_interfaces/share/ament_index/resource_index/parent_prefix_path/sim_sem_interfaces
[0.929s] -- Up-to-date: /home/yony/Dev/ros2_ws/install/sim_sem_interfaces/share/sim_sem_interfaces/environment/ament_prefix_path.sh
[0.930s] -- Up-to-date: /home/yony/Dev/ros2_ws/install/sim_sem_interfaces/share/sim_sem_interfaces/environment/ament_prefix_path.dsv
[0.930s] -- Up-to-date: /home/yony/Dev/ros2_ws/install/sim_sem_interfaces/share/sim_sem_interfaces/environment/path.sh
[0.930s] -- Up-to-date: /home/yony/Dev/ros2_ws/install/sim_sem_interfaces/share/sim_sem_interfaces/environment/path.dsv
[0.930s] -- Up-to-date: /home/yony/Dev/ros2_ws/install/sim_sem_interfaces/share/sim_sem_interfaces/local_setup.bash
[0.930s] -- Up-to-date: /home/yony/Dev/ros2_ws/install/sim_sem_interfaces/share/sim_sem_interfaces/local_setup.sh
[0.930s] -- Up-to-date: /home/yony/Dev/ros2_ws/install/sim_sem_interfaces/share/sim_sem_interfaces/local_setup.zsh
[0.931s] -- Up-to-date: /home/yony/Dev/ros2_ws/install/sim_sem_interfaces/share/sim_sem_interfaces/local_setup.dsv
[0.931s] -- Installing: /home/yony/Dev/ros2_ws/install/sim_sem_interfaces/share/sim_sem_interfaces/package.dsv
[0.931s] -- Up-to-date: /home/yony/Dev/ros2_ws/install/sim_sem_interfaces/share/ament_index/resource_index/packages/sim_sem_interfaces
[0.931s] -- Up-to-date: /home/yony/Dev/ros2_ws/install/sim_sem_interfaces/share/sim_sem_interfaces/cmake/export_sim_sem_interfaces__rosidl_generator_cExport.cmake
[0.931s] -- Up-to-date: /home/yony/Dev/ros2_ws/install/sim_sem_interfaces/share/sim_sem_interfaces/cmake/export_sim_sem_interfaces__rosidl_generator_cExport-noconfig.cmake
[0.931s] -- Up-to-date: /home/yony/Dev/ros2_ws/install/sim_sem_interfaces/share/sim_sem_interfaces/cmake/export_sim_sem_interfaces__rosidl_typesupport_fastrtps_cExport.cmake
[0.932s] -- Up-to-date: /home/yony/Dev/ros2_ws/install/sim_sem_interfaces/share/sim_sem_interfaces/cmake/export_sim_sem_interfaces__rosidl_typesupport_fastrtps_cExport-noconfig.cmake
[0.932s] -- Up-to-date: /home/yony/Dev/ros2_ws/install/sim_sem_interfaces/share/sim_sem_interfaces/cmake/sim_sem_interfaces__rosidl_typesupport_introspection_cExport.cmake
[0.932s] -- Up-to-date: /home/yony/Dev/ros2_ws/install/sim_sem_interfaces/share/sim_sem_interfaces/cmake/sim_sem_interfaces__rosidl_typesupport_introspection_cExport-noconfig.cmake
[0.932s] -- Up-to-date: /home/yony/Dev/ros2_ws/install/sim_sem_interfaces/share/sim_sem_interfaces/cmake/sim_sem_interfaces__rosidl_typesupport_cExport.cmake
[0.932s] -- Up-to-date: /home/yony/Dev/ros2_ws/install/sim_sem_interfaces/share/sim_sem_interfaces/cmake/sim_sem_interfaces__rosidl_typesupport_cExport-noconfig.cmake
[0.932s] -- Up-to-date: /home/yony/Dev/ros2_ws/install/sim_sem_interfaces/share/sim_sem_interfaces/cmake/export_sim_sem_interfaces__rosidl_generator_cppExport.cmake
[0.932s] -- Up-to-date: /home/yony/Dev/ros2_ws/install/sim_sem_interfaces/share/sim_sem_interfaces/cmake/export_sim_sem_interfaces__rosidl_typesupport_fastrtps_cppExport.cmake
[0.933s] -- Up-to-date: /home/yony/Dev/ros2_ws/install/sim_sem_interfaces/share/sim_sem_interfaces/cmake/export_sim_sem_interfaces__rosidl_typesupport_fastrtps_cppExport-noconfig.cmake
[0.933s] -- Up-to-date: /home/yony/Dev/ros2_ws/install/sim_sem_interfaces/share/sim_sem_interfaces/cmake/sim_sem_interfaces__rosidl_typesupport_introspection_cppExport.cmake
[0.933s] -- Up-to-date: /home/yony/Dev/ros2_ws/install/sim_sem_interfaces/share/sim_sem_interfaces/cmake/sim_sem_interfaces__rosidl_typesupport_introspection_cppExport-noconfig.cmake
[0.933s] -- Up-to-date: /home/yony/Dev/ros2_ws/install/sim_sem_interfaces/share/sim_sem_interfaces/cmake/sim_sem_interfaces__rosidl_typesupport_cppExport.cmake
[0.933s] -- Up-to-date: /home/yony/Dev/ros2_ws/install/sim_sem_interfaces/share/sim_sem_interfaces/cmake/sim_sem_interfaces__rosidl_typesupport_cppExport-noconfig.cmake
[0.933s] -- Up-to-date: /home/yony/Dev/ros2_ws/install/sim_sem_interfaces/share/sim_sem_interfaces/cmake/export_sim_sem_interfaces__rosidl_generator_pyExport.cmake
[0.934s] -- Up-to-date: /home/yony/Dev/ros2_ws/install/sim_sem_interfaces/share/sim_sem_interfaces/cmake/export_sim_sem_interfaces__rosidl_generator_pyExport-noconfig.cmake
[0.934s] -- Up-to-date: /home/yony/Dev/ros2_ws/install/sim_sem_interfaces/share/sim_sem_interfaces/cmake/rosidl_cmake-extras.cmake
[0.934s] -- Up-to-date: /home/yony/Dev/ros2_ws/install/sim_sem_interfaces/share/sim_sem_interfaces/cmake/ament_cmake_export_dependencies-extras.cmake
[0.934s] -- Up-to-date: /home/yony/Dev/ros2_ws/install/sim_sem_interfaces/share/sim_sem_interfaces/cmake/ament_cmake_export_include_directories-extras.cmake
[0.934s] -- Up-to-date: /home/yony/Dev/ros2_ws/install/sim_sem_interfaces/share/sim_sem_interfaces/cmake/ament_cmake_export_libraries-extras.cmake
[0.934s] -- Up-to-date: /home/yony/Dev/ros2_ws/install/sim_sem_interfaces/share/sim_sem_interfaces/cmake/ament_cmake_export_targets-extras.cmake
[0.934s] -- Up-to-date: /home/yony/Dev/ros2_ws/install/sim_sem_interfaces/share/sim_sem_interfaces/cmake/rosidl_cmake_export_typesupport_targets-extras.cmake
[0.935s] -- Up-to-date: /home/yony/Dev/ros2_ws/install/sim_sem_interfaces/share/sim_sem_interfaces/cmake/rosidl_cmake_export_typesupport_libraries-extras.cmake
[0.935s] -- Up-to-date: /home/yony/Dev/ros2_ws/install/sim_sem_interfaces/share/sim_sem_interfaces/cmake/sim_sem_interfacesConfig.cmake
[0.935s] -- Up-to-date: /home/yony/Dev/ros2_ws/install/sim_sem_interfaces/share/sim_sem_interfaces/cmake/sim_sem_interfacesConfig-version.cmake
[0.935s] -- Up-to-date: /home/yony/Dev/ros2_ws/install/sim_sem_interfaces/share/sim_sem_interfaces/package.xml
[0.936s] Invoked command in '/home/yony/Dev/ros2_ws/build/sim_sem_interfaces' returned '0': CMAKE_PREFIX_PATH=/opt/ros/humble /usr/bin/cmake --install /home/yony/Dev/ros2_ws/build/sim_sem_interfaces
