[0.015s] Invoking command in '/home/yony/Dev/ros2_ws/build/sim': CMAKE_PREFIX_PATH=/opt/ros/humble /usr/bin/cmake /home/yony/Dev/ros2_ws/src/sim -DCMAKE_INSTALL_PREFIX=/home/yony/Dev/ros2_ws/install/sim
[0.081s] -- The C compiler identification is GNU 11.2.0
[0.136s] -- The CXX compiler identification is GNU 11.2.0
[0.143s] -- Detecting C compiler ABI info
[0.214s] -- Detecting C compiler ABI info - done
[0.222s] -- Check for working C compiler: /usr/bin/cc - skipped
[0.222s] -- Detecting C compile features
[0.223s] -- Detecting C compile features - done
[0.226s] -- Detecting CXX compiler ABI info
[0.305s] -- Detecting CXX compiler ABI info - done
[0.313s] -- Check for working CXX compiler: /usr/bin/c++ - skipped
[0.313s] -- Detecting CXX compile features
[0.314s] -- Detecting CXX compile features - done
[0.316s] -- Found ament_cmake: 1.3.2 (/opt/ros/humble/share/ament_cmake/cmake)
[0.504s] -- Found Python3: /usr/bin/python3.10 (found version "3.10.4") found components: Interpreter 
[0.631s] -- Found rclcpp: 16.0.1 (/opt/ros/humble/share/rclcpp/cmake)
[0.707s] -- Found rosidl_generator_c: 3.1.3 (/opt/ros/humble/share/rosidl_generator_c/cmake)
[0.711s] -- Found rosidl_adapter: 3.1.3 (/opt/ros/humble/share/rosidl_adapter/cmake)
[0.720s] -- Found rosidl_generator_cpp: 3.1.3 (/opt/ros/humble/share/rosidl_generator_cpp/cmake)
[0.734s] -- Using all available rosidl_typesupport_c: rosidl_typesupport_fastrtps_c;rosidl_typesupport_introspection_c
[0.754s] -- Using all available rosidl_typesupport_cpp: rosidl_typesupport_fastrtps_cpp;rosidl_typesupport_introspection_cpp
[0.823s] -- Found rmw_implementation_cmake: 6.1.0 (/opt/ros/humble/share/rmw_implementation_cmake/cmake)
[0.825s] -- Found rmw_fastrtps_cpp: 6.2.1 (/opt/ros/humble/share/rmw_fastrtps_cpp/cmake)
[0.928s] -- Found OpenSSL: /usr/lib/x86_64-linux-gnu/libcrypto.so (found version "3.0.2")  
[0.951s] -- Found FastRTPS: /opt/ros/humble/include  
[0.993s] -- Using RMW implementation 'rmw_fastrtps_cpp' as default
[1.160s] -- Found rclpy: 3.3.4 (/opt/ros/humble/share/rclpy/cmake)
[1.255s] [31mCMake Error at /opt/ros/humble/share/ament_cmake_core/cmake/core/ament_package_xml.cmake:53 (message):
[1.255s]   ament_package_xml() package name 'sim' in '/package.xml' does not match
[1.255s]   current PROJECT_NAME 'april_ros2'.  You must call project() with the same
[1.255s]   package name before.
[1.256s] Call Stack (most recent call first):
[1.256s]   /opt/ros/humble/share/ament_cmake_python/cmake/ament_python_install_package.cmake:60 (ament_package_xml)
[1.256s]   /opt/ros/humble/share/ament_cmake_python/cmake/ament_python_install_package.cmake:39 (_ament_cmake_python_install_package)
[1.256s]   CMakeLists.txt:43 (ament_python_install_package)
[1.256s] 
[1.256s] [0m
[1.257s] -- Configuring incomplete, errors occurred!
[1.257s] See also "/home/yony/Dev/ros2_ws/build/sim/CMakeFiles/CMakeOutput.log".
[1.265s] Invoked command in '/home/yony/Dev/ros2_ws/build/sim' returned '1': CMAKE_PREFIX_PATH=/opt/ros/humble /usr/bin/cmake /home/yony/Dev/ros2_ws/src/sim -DCMAKE_INSTALL_PREFIX=/home/yony/Dev/ros2_ws/install/sim
