[0.681s] Invoking command in '/home/yony/Dev/ros2_ws/src/sim': PYTHONPATH=/home/yony/Dev/ros2_ws/src/install/sim/lib/python3.10/site-packages:${PYTHONPATH} /usr/bin/python3 setup.py egg_info --egg-base ../build/sim build --build-base /home/yony/Dev/ros2_ws/src/build/sim/build install --prefix /home/yony/Dev/ros2_ws/src/install/sim --record /home/yony/Dev/ros2_ws/src/build/sim/install.log --single-version-externally-managed
[0.924s] running egg_info
[0.924s] writing ../build/sim/sim.egg-info/PKG-INFO
[0.925s] writing dependency_links to ../build/sim/sim.egg-info/dependency_links.txt
[0.925s] writing entry points to ../build/sim/sim.egg-info/entry_points.txt
[0.925s] writing requirements to ../build/sim/sim.egg-info/requires.txt
[0.926s] writing top-level names to ../build/sim/sim.egg-info/top_level.txt
[0.927s] reading manifest file '../build/sim/sim.egg-info/SOURCES.txt'
[0.928s] writing manifest file '../build/sim/sim.egg-info/SOURCES.txt'
[0.929s] running build
[0.929s] running build_py
[0.930s] copying sim/dummy_nc.py -> /home/yony/Dev/ros2_ws/src/build/sim/build/lib/sim
[0.930s] running install
[0.930s] /usr/lib/python3/dist-packages/setuptools/command/install.py:34: SetuptoolsDeprecationWarning: setup.py install is deprecated. Use build and pip and other standards-based tools.
[0.931s]   warnings.warn(
[0.931s] running install_lib
[0.931s] copying /home/yony/Dev/ros2_ws/src/build/sim/build/lib/sim/dummy_nc.py -> /home/yony/Dev/ros2_ws/src/install/sim/lib/python3.10/site-packages/sim
[0.931s] byte-compiling /home/yony/Dev/ros2_ws/src/install/sim/lib/python3.10/site-packages/sim/dummy_nc.py to dummy_nc.cpython-310.pyc
[0.932s] running install_data
[0.932s] running install_egg_info
[0.934s] removing '/home/yony/Dev/ros2_ws/src/install/sim/lib/python3.10/site-packages/sim-0.0.1-py3.10.egg-info' (and everything under it)
[0.934s] Copying ../build/sim/sim.egg-info to /home/yony/Dev/ros2_ws/src/install/sim/lib/python3.10/site-packages/sim-0.0.1-py3.10.egg-info
[0.935s] running install_scripts
[0.954s] Installing dummy_fa script to /home/yony/Dev/ros2_ws/src/install/sim/lib/sim
[0.955s] Installing dummy_grasp script to /home/yony/Dev/ros2_ws/src/install/sim/lib/sim
[0.955s] Installing dummy_hb script to /home/yony/Dev/ros2_ws/src/install/sim/lib/sim
[0.955s] Installing dummy_nc script to /home/yony/Dev/ros2_ws/src/install/sim/lib/sim
[0.956s] Installing dummy_nv script to /home/yony/Dev/ros2_ws/src/install/sim/lib/sim
[0.956s] Installing sim script to /home/yony/Dev/ros2_ws/src/install/sim/lib/sim
[0.956s] writing list of installed files to '/home/yony/Dev/ros2_ws/src/build/sim/install.log'
[0.976s] Invoked command in '/home/yony/Dev/ros2_ws/src/sim' returned '0': PYTHONPATH=/home/yony/Dev/ros2_ws/src/install/sim/lib/python3.10/site-packages:${PYTHONPATH} /usr/bin/python3 setup.py egg_info --egg-base ../build/sim build --build-base /home/yony/Dev/ros2_ws/src/build/sim/build install --prefix /home/yony/Dev/ros2_ws/src/install/sim --record /home/yony/Dev/ros2_ws/src/build/sim/install.log --single-version-externally-managed
